# -------------------------------------
#  Lineage individuals gene statistics 
# -------------------------------------
# 
#  1. Generation
#  2. Number of coding RNAs (at least one gene on RNA)
#  3. Number of non-coding RNAs
#  4. Average size of coding RNAs (at least one gene on RNA)
#  5. Average size of non-coding RNAs
#  6. Number of functional genes
#  7. Nb of non functional genes
#  8. Average size of functional genes
#  9. Average size of non functional genes (WARNING : bias towards 0)
# 
0 1 19 102.000000 29.736842 1 0 45.000000 0.000000 
1 2 18 94.500000 28.888889 2 0 33.000000 0.000000 
2 2 18 94.500000 28.888889 2 0 33.000000 0.000000 
3 2 18 94.500000 28.888889 2 0 33.000000 0.000000 
4 4 28 94.500000 29.821429 4 0 33.000000 0.000000 
5 4 28 94.500000 29.821429 4 0 33.000000 0.000000 
6 4 28 94.500000 29.821429 4 0 33.000000 0.000000 
7 4 28 94.500000 29.821429 4 0 33.000000 0.000000 
8 4 28 94.500000 29.821429 4 0 33.000000 0.000000 
9 4 28 94.500000 29.821429 4 0 33.000000 0.000000 
10 4 28 94.500000 29.821429 4 0 33.000000 0.000000 
11 6 36 94.500000 30.611111 6 0 33.000000 0.000000 
12 6 36 94.500000 30.611111 6 0 33.000000 0.000000 
13 6 36 94.500000 32.027778 6 0 33.000000 0.000000 
14 6 36 94.500000 32.027778 6 0 33.000000 0.000000 
15 7 37 92.000000 31.594595 7 0 32.571429 0.000000 
16 7 37 92.000000 31.594595 7 0 32.571429 0.000000 
17 7 37 92.000000 31.594595 7 0 32.571429 0.000000 
18 7 37 92.000000 31.594595 7 0 32.571429 0.000000 
19 7 37 92.000000 31.594595 7 0 32.571429 0.000000 
20 7 37 92.000000 31.594595 7 0 32.571429 0.000000 
21 7 37 92.000000 31.594595 7 0 32.571429 0.000000 
22 7 36 94.428571 30.611111 7 0 31.714286 0.000000 
23 7 36 94.428571 30.611111 7 0 31.714286 0.000000 
24 7 36 94.428571 30.611111 7 0 31.714286 0.000000 
25 7 36 94.428571 30.611111 7 0 31.714286 0.000000 
26 7 34 94.428571 28.558824 7 0 31.714286 0.000000 
27 7 34 94.428571 28.558824 7 0 31.714286 0.000000 
28 7 34 94.428571 28.558824 7 0 31.714286 0.000000 
29 7 34 94.428571 28.558824 7 0 31.714286 0.000000 
30 7 34 94.428571 28.558824 7 0 31.714286 0.000000 
31 7 34 94.428571 28.441176 7 0 31.714286 0.000000 
32 7 34 94.428571 28.441176 7 0 31.714286 0.000000 
33 7 35 95.285714 27.971429 7 0 32.571429 0.000000 
34 7 35 95.285714 27.971429 7 0 32.571429 0.000000 
35 12 57 97.500000 27.596491 12 0 33.750000 0.000000 
36 12 57 97.500000 27.596491 12 0 33.750000 0.000000 
37 11 58 97.090909 27.206897 11 0 32.727273 0.000000 
38 11 58 97.090909 27.206897 11 0 32.727273 0.000000 
39 10 58 98.100000 26.965517 10 0 33.900000 0.000000 
40 9 49 92.444444 27.897959 9 0 32.666667 0.000000 
41 9 49 92.444444 27.897959 9 0 32.666667 0.000000 
42 9 49 92.444444 27.897959 9 0 32.666667 0.000000 
43 9 49 92.444444 27.897959 9 0 32.666667 0.000000 
44 9 49 86.000000 27.897959 9 0 30.333333 0.000000 
45 9 51 86.000000 27.627451 9 0 30.333333 0.000000 
46 9 51 86.000000 27.627451 9 0 30.333333 0.000000 
47 9 51 86.000000 27.627451 9 0 30.333333 0.000000 
48 9 51 85.444444 27.627451 9 0 30.333333 0.000000 
49 9 51 85.444444 27.627451 9 0 30.333333 0.000000 
50 9 51 85.444444 27.627451 9 0 30.333333 0.000000 
51 9 51 85.444444 27.627451 9 0 30.333333 0.000000 
52 9 50 85.444444 27.860000 9 0 30.333333 0.000000 
53 9 50 85.444444 27.860000 9 0 30.333333 0.000000 
54 9 50 85.444444 27.860000 9 0 30.333333 0.000000 
55 9 50 85.444444 27.860000 9 0 30.333333 0.000000 
56 9 49 85.444444 27.734694 9 0 30.333333 0.000000 
57 9 49 85.444444 27.734694 9 0 30.333333 0.000000 
58 9 49 85.444444 27.734694 9 0 30.333333 0.000000 
59 9 51 84.222222 28.686275 9 0 29.666667 0.000000 
60 9 51 84.222222 28.686275 9 0 29.666667 0.000000 
61 9 51 84.222222 28.686275 9 0 29.666667 0.000000 
62 9 51 84.222222 28.686275 9 0 29.666667 0.000000 
63 9 51 84.222222 28.666667 9 0 29.666667 0.000000 
64 9 51 84.222222 28.666667 9 0 29.666667 0.000000 
65 9 51 84.222222 28.666667 9 0 29.666667 0.000000 
66 9 51 84.222222 28.666667 9 0 29.666667 0.000000 
67 9 51 84.222222 28.666667 9 0 29.666667 0.000000 
68 9 51 84.222222 28.666667 9 0 29.666667 0.000000 
69 9 51 84.222222 28.666667 9 0 29.666667 0.000000 
70 9 51 84.222222 28.666667 9 0 29.666667 0.000000 
71 9 51 84.222222 28.666667 9 0 29.666667 0.000000 
72 9 51 84.222222 28.666667 9 0 29.666667 0.000000 
73 9 51 84.222222 28.666667 9 0 29.666667 0.000000 
74 9 50 87.444444 28.620000 9 0 30.000000 0.000000 
75 9 50 87.444444 28.620000 9 0 30.000000 0.000000 
76 9 50 87.444444 28.620000 9 0 30.000000 0.000000 
77 9 50 87.444444 28.620000 9 0 30.000000 0.000000 
78 9 50 87.444444 28.620000 9 0 30.000000 0.000000 
79 11 59 87.090909 28.644068 11 0 28.363636 0.000000 
80 11 59 87.090909 28.644068 11 0 28.363636 0.000000 
81 10 61 87.100000 29.229508 10 0 29.100000 0.000000 
82 10 61 87.100000 29.229508 10 0 29.100000 0.000000 
83 10 61 87.100000 29.229508 10 0 29.100000 0.000000 
84 10 61 87.100000 29.622951 10 0 29.100000 0.000000 
85 11 72 89.818182 30.847222 11 0 29.181818 0.000000 
86 11 72 89.818182 30.847222 11 0 29.181818 0.000000 
87 11 73 89.818182 30.575342 11 0 29.181818 0.000000 
88 11 73 89.818182 30.575342 11 0 29.181818 0.000000 
89 11 73 89.818182 30.575342 11 0 29.181818 0.000000 
90 11 73 89.818182 30.575342 11 0 29.181818 0.000000 
91 11 73 89.818182 30.575342 11 0 29.181818 0.000000 
92 11 73 89.818182 30.575342 11 0 29.181818 0.000000 
93 11 73 89.818182 30.575342 11 0 29.181818 0.000000 
94 11 73 89.818182 30.575342 11 0 29.181818 0.000000 
95 11 73 89.818182 30.575342 11 0 29.181818 0.000000 
96 11 72 89.818182 30.777778 11 0 29.181818 0.000000 
97 11 72 89.818182 30.777778 11 0 29.181818 0.000000 
98 11 72 89.818182 30.777778 11 0 29.181818 0.000000 
99 11 72 89.818182 30.777778 11 0 29.181818 0.000000 
100 11 72 89.818182 30.777778 11 0 29.181818 0.000000 
101 14 95 92.928571 31.000000 14 0 30.000000 0.000000 
102 14 95 92.928571 31.431579 14 0 30.000000 0.000000 
103 14 95 92.928571 31.431579 14 0 30.000000 0.000000 
104 14 95 92.928571 31.431579 14 0 30.000000 0.000000 
105 14 95 92.928571 31.431579 14 0 30.000000 0.000000 
106 14 95 92.928571 31.526316 14 0 30.000000 0.000000 
107 14 95 92.928571 31.526316 14 0 30.000000 0.000000 
108 14 95 93.428571 31.526316 14 0 30.642857 0.000000 
109 14 95 93.428571 31.526316 14 0 30.642857 0.000000 
110 13 97 96.923077 32.577320 14 0 34.071429 0.000000 
111 11 67 96.727273 33.567164 12 0 34.000000 0.000000 
112 11 67 96.727273 33.567164 12 0 34.000000 0.000000 
113 11 67 96.727273 33.567164 12 0 34.000000 0.000000 
114 11 67 96.727273 33.567164 12 0 34.000000 0.000000 
115 11 67 96.727273 33.567164 12 0 34.000000 0.000000 
116 11 67 96.727273 33.567164 12 0 34.000000 0.000000 
117 11 67 96.727273 33.567164 12 0 34.000000 0.000000 
118 11 67 96.727273 33.567164 12 0 34.000000 0.000000 
119 11 67 96.727273 33.567164 12 0 34.000000 0.000000 
120 11 67 96.727273 33.567164 12 0 34.000000 0.000000 
121 11 67 96.727273 33.567164 12 0 34.000000 0.000000 
122 11 67 96.727273 33.567164 12 0 34.000000 0.000000 
123 12 66 98.750000 34.015152 12 0 34.000000 0.000000 
124 12 66 98.750000 34.015152 12 0 34.000000 0.000000 
125 12 66 98.750000 34.015152 12 0 34.000000 0.000000 
126 12 66 98.750000 34.015152 12 0 34.000000 0.000000 
127 12 66 98.750000 34.015152 12 0 34.000000 0.000000 
128 12 66 98.750000 34.015152 12 0 34.000000 0.000000 
129 12 66 98.750000 34.015152 12 0 34.000000 0.000000 
130 12 66 98.750000 34.015152 12 0 34.000000 0.000000 
131 12 66 98.750000 34.015152 12 0 34.000000 0.000000 
132 12 66 98.750000 34.015152 12 0 34.000000 0.000000 
133 12 66 98.750000 34.015152 12 0 34.000000 0.000000 
134 12 66 98.750000 34.015152 12 0 34.000000 0.000000 
135 12 68 100.500000 34.970588 12 0 35.500000 0.000000 
136 12 68 100.500000 34.970588 12 0 35.500000 0.000000 
137 12 68 100.500000 34.970588 12 0 35.500000 0.000000 
138 12 69 100.500000 35.188406 12 0 35.500000 0.000000 
139 12 69 100.500000 35.188406 12 0 35.500000 0.000000 
140 12 69 100.500000 35.188406 12 0 35.500000 0.000000 
141 12 69 100.500000 35.188406 12 0 35.500000 0.000000 
142 12 69 100.500000 35.188406 12 0 35.500000 0.000000 
143 12 69 100.500000 35.188406 12 0 35.500000 0.000000 
144 12 69 100.500000 35.376812 12 0 35.500000 0.000000 
145 12 69 100.500000 35.376812 12 0 35.500000 0.000000 
146 12 69 100.500000 35.173913 12 0 35.500000 0.000000 
147 12 69 100.500000 35.173913 12 0 35.500000 0.000000 
148 12 69 100.500000 35.173913 12 0 35.500000 0.000000 
149 12 69 100.500000 35.173913 12 0 35.500000 0.000000 
150 12 69 100.500000 35.173913 12 0 35.500000 0.000000 
151 12 69 100.500000 35.173913 12 0 35.500000 0.000000 
152 12 69 100.500000 35.173913 12 0 35.500000 0.000000 
153 12 70 100.500000 34.314286 12 0 35.500000 0.000000 
154 12 70 100.500000 34.314286 12 0 35.500000 0.000000 
155 12 69 100.500000 34.318841 12 0 35.500000 0.000000 
156 12 69 98.083333 34.318841 12 0 35.250000 0.000000 
157 12 69 98.083333 34.275362 12 0 35.250000 0.000000 
158 12 69 98.083333 34.275362 12 0 35.250000 0.000000 
159 12 69 98.083333 34.275362 12 0 35.250000 0.000000 
160 12 69 98.083333 34.275362 12 0 35.250000 0.000000 
161 12 69 98.083333 34.275362 12 0 35.250000 0.000000 
162 12 69 98.083333 34.275362 12 0 35.250000 0.000000 
163 12 69 98.083333 34.275362 12 0 35.250000 0.000000 
164 12 69 98.083333 34.275362 12 0 35.250000 0.000000 
165 12 69 98.083333 34.275362 12 0 35.250000 0.000000 
166 12 69 98.083333 34.275362 12 0 35.250000 0.000000 
167 12 70 127.416667 34.171429 12 0 36.250000 0.000000 
168 12 70 127.416667 34.171429 12 0 36.250000 0.000000 
169 12 70 127.416667 34.171429 12 0 36.250000 0.000000 
170 12 70 127.416667 34.171429 12 0 36.250000 0.000000 
171 12 70 127.416667 34.171429 12 0 36.250000 0.000000 
172 12 71 127.416667 33.873239 12 0 36.250000 0.000000 
173 12 72 127.416667 33.291667 12 0 36.250000 0.000000 
174 12 72 127.416667 33.291667 12 0 36.250000 0.000000 
175 12 72 127.416667 33.291667 12 0 36.250000 0.000000 
176 12 72 127.416667 33.291667 12 0 36.250000 0.000000 
177 12 72 127.416667 33.291667 12 0 36.250000 0.000000 
178 12 71 127.416667 33.591549 12 0 36.250000 0.000000 
179 12 71 127.416667 33.591549 12 0 36.250000 0.000000 
180 12 72 125.583333 33.250000 12 0 35.250000 0.000000 
181 12 72 125.583333 33.013889 12 0 35.250000 0.000000 
182 12 73 125.583333 32.493151 12 0 35.250000 0.000000 
183 12 73 125.583333 32.493151 12 0 35.250000 0.000000 
184 12 73 125.583333 32.493151 12 0 35.250000 0.000000 
185 12 73 125.583333 32.493151 12 0 35.250000 0.000000 
186 12 74 125.583333 32.378378 12 0 35.250000 0.000000 
187 12 77 125.583333 31.935065 12 0 35.250000 0.000000 
188 12 77 125.583333 31.935065 12 0 35.250000 0.000000 
189 12 77 125.583333 31.935065 12 0 35.250000 0.000000 
190 12 86 125.583333 33.651163 12 0 35.250000 0.000000 
191 12 86 125.583333 33.651163 12 0 35.250000 0.000000 
192 12 86 125.583333 33.651163 12 0 35.250000 0.000000 
193 12 86 125.583333 33.651163 12 0 35.250000 0.000000 
194 12 85 125.583333 33.858824 12 0 35.250000 0.000000 
195 12 84 125.583333 33.690476 12 0 35.250000 0.000000 
196 12 84 125.583333 33.690476 12 0 35.250000 0.000000 
197 12 84 125.583333 33.690476 12 0 35.250000 0.000000 
198 12 84 125.583333 33.690476 12 0 35.250000 0.000000 
199 12 84 125.583333 33.690476 12 0 35.250000 0.000000 
200 12 84 125.583333 33.690476 12 0 35.250000 0.000000 
201 12 84 125.583333 33.690476 12 0 35.250000 0.000000 
202 12 84 125.583333 33.690476 12 0 35.250000 0.000000 
203 12 84 125.583333 33.690476 12 0 35.250000 0.000000 
204 12 84 125.583333 33.690476 12 0 35.250000 0.000000 
205 12 84 125.583333 33.690476 12 0 35.250000 0.000000 
206 12 84 125.583333 33.690476 12 0 35.250000 0.000000 
207 12 84 125.583333 33.321429 12 0 35.250000 0.000000 
208 12 84 125.583333 33.321429 12 0 35.250000 0.000000 
209 12 84 125.583333 33.321429 12 0 35.250000 0.000000 
210 12 84 125.583333 33.321429 12 0 35.250000 0.000000 
211 12 84 125.583333 33.321429 12 0 35.250000 0.000000 
212 12 83 125.583333 33.578313 12 0 35.250000 0.000000 
213 12 83 125.583333 33.578313 12 0 35.250000 0.000000 
214 12 83 125.583333 33.578313 12 0 35.250000 0.000000 
215 12 83 125.583333 33.578313 12 0 35.250000 0.000000 
216 12 83 125.583333 33.578313 12 0 35.250000 0.000000 
217 12 83 125.583333 33.578313 12 0 35.250000 0.000000 
218 12 83 125.583333 33.578313 12 0 35.250000 0.000000 
219 12 83 125.583333 33.578313 12 0 35.250000 0.000000 
220 12 83 125.583333 33.578313 12 0 35.250000 0.000000 
221 12 83 125.583333 33.578313 12 0 35.250000 0.000000 
222 12 83 125.583333 33.578313 12 0 35.250000 0.000000 
223 12 84 125.416667 34.988095 12 0 35.250000 0.000000 
224 12 84 125.416667 34.988095 12 0 35.250000 0.000000 
225 12 82 125.416667 35.719512 12 0 35.250000 0.000000 
226 12 82 125.416667 35.719512 12 0 35.250000 0.000000 
227 12 82 125.416667 35.719512 12 0 35.250000 0.000000 
228 12 82 125.416667 35.719512 12 0 35.250000 0.000000 
229 13 81 125.615385 34.851852 13 0 37.153846 0.000000 
230 13 81 125.615385 34.851852 13 0 37.153846 0.000000 
231 13 82 125.615385 34.804878 13 0 37.153846 0.000000 
232 13 82 125.615385 34.804878 13 0 37.153846 0.000000 
233 13 82 125.615385 34.804878 13 0 37.153846 0.000000 
234 13 82 125.615385 34.804878 13 0 37.153846 0.000000 
235 13 82 125.615385 34.804878 13 0 37.153846 0.000000 
236 13 82 125.615385 34.743902 13 0 37.153846 0.000000 
237 13 82 125.615385 34.743902 13 0 37.153846 0.000000 
238 13 82 125.615385 34.743902 13 0 37.153846 0.000000 
239 13 82 125.615385 34.743902 13 0 37.153846 0.000000 
240 13 82 125.615385 34.743902 13 0 37.153846 0.000000 
241 13 83 125.615385 35.192771 13 0 37.153846 0.000000 
242 13 83 125.615385 35.192771 13 0 37.153846 0.000000 
243 13 83 125.615385 35.192771 13 0 37.153846 0.000000 
244 13 83 125.615385 35.000000 13 0 37.153846 0.000000 
245 13 83 125.615385 35.024096 13 0 37.153846 0.000000 
246 13 83 125.615385 35.024096 13 0 37.153846 0.000000 
247 13 82 125.615385 35.097561 13 0 37.153846 0.000000 
248 13 82 125.615385 35.097561 13 0 37.153846 0.000000 
249 13 82 125.615385 35.182927 13 0 37.153846 0.000000 
250 13 82 125.615385 35.182927 13 0 37.153846 0.000000 
251 13 82 125.615385 35.182927 13 0 37.153846 0.000000 
252 13 82 125.615385 35.182927 13 0 37.153846 0.000000 
253 13 90 125.615385 34.211111 13 0 37.153846 0.000000 
254 13 90 125.615385 34.211111 13 0 37.153846 0.000000 
255 13 89 125.615385 34.191011 13 0 37.153846 0.000000 
256 13 89 125.615385 34.191011 13 0 37.153846 0.000000 
257 13 89 124.384615 34.191011 13 0 37.615385 0.000000 
258 13 89 124.384615 34.191011 13 0 37.615385 0.000000 
259 13 89 124.384615 34.191011 13 0 37.615385 0.000000 
260 13 89 124.384615 34.191011 13 0 37.615385 0.000000 
261 13 89 124.384615 34.606742 13 0 37.615385 0.000000 
262 13 89 124.384615 34.606742 13 0 37.615385 0.000000 
263 13 89 124.384615 34.606742 13 0 37.615385 0.000000 
264 13 89 124.384615 34.606742 13 0 37.615385 0.000000 
265 13 89 124.384615 34.606742 13 0 37.615385 0.000000 
266 13 89 124.384615 34.910112 13 0 37.615385 0.000000 
267 13 89 124.384615 34.910112 13 0 37.615385 0.000000 
268 13 89 124.384615 34.910112 13 0 37.615385 0.000000 
269 13 89 124.384615 34.910112 13 0 37.615385 0.000000 
270 13 89 124.384615 34.910112 13 0 37.615385 0.000000 
271 13 89 124.384615 34.910112 13 0 37.615385 0.000000 
272 13 91 124.384615 34.593407 13 0 37.615385 0.000000 
273 13 91 124.384615 34.593407 13 0 37.615385 0.000000 
274 13 91 124.384615 34.593407 13 0 37.615385 0.000000 
275 13 91 124.384615 34.593407 13 0 37.615385 0.000000 
276 13 91 124.384615 34.593407 13 0 37.615385 0.000000 
277 13 91 124.384615 34.593407 13 0 37.615385 0.000000 
278 13 91 124.384615 34.593407 13 0 37.615385 0.000000 
279 13 91 124.384615 34.593407 13 0 37.615385 0.000000 
280 13 92 124.384615 34.423913 13 0 37.615385 0.000000 
281 13 92 124.384615 34.423913 13 0 37.615385 0.000000 
282 13 92 124.384615 34.423913 13 0 37.615385 0.000000 
283 13 93 124.384615 34.688172 13 0 37.615385 0.000000 
284 13 93 124.384615 34.688172 13 0 37.615385 0.000000 
285 13 93 124.384615 34.688172 13 0 37.615385 0.000000 
286 13 93 124.384615 34.688172 13 0 37.615385 0.000000 
287 13 93 124.384615 34.688172 13 0 37.615385 0.000000 
288 13 94 124.384615 34.457447 13 0 37.615385 0.000000 
289 13 94 124.384615 34.457447 13 0 37.615385 0.000000 
290 13 94 124.384615 34.457447 13 0 37.615385 0.000000 
291 13 94 124.384615 34.723404 13 0 37.615385 0.000000 
292 13 94 124.384615 34.723404 13 0 37.615385 0.000000 
293 13 94 124.384615 34.723404 13 0 37.615385 0.000000 
294 13 94 124.384615 34.723404 13 0 37.615385 0.000000 
295 13 94 124.384615 34.723404 13 0 37.615385 0.000000 
296 13 94 124.384615 34.723404 13 0 37.615385 0.000000 
297 13 94 124.384615 34.723404 13 0 37.615385 0.000000 
298 14 104 120.642857 33.875000 14 0 37.714286 0.000000 
299 14 104 120.642857 33.875000 14 0 37.714286 0.000000 
300 14 102 120.642857 34.058824 14 0 37.714286 0.000000 
301 14 102 120.642857 34.058824 14 0 37.714286 0.000000 
302 14 101 120.642857 34.198020 14 0 37.714286 0.000000 
303 14 101 120.642857 34.198020 14 0 37.714286 0.000000 
304 14 101 120.642857 34.198020 14 0 37.714286 0.000000 
305 14 101 120.642857 34.405941 14 0 37.714286 0.000000 
306 14 101 120.642857 34.405941 14 0 37.714286 0.000000 
307 14 101 120.642857 34.405941 14 0 37.714286 0.000000 
308 14 101 120.642857 34.405941 14 0 37.714286 0.000000 
309 14 84 120.642857 34.130952 14 0 37.714286 0.000000 
310 14 86 120.857143 34.279070 14 0 37.714286 0.000000 
311 14 86 120.857143 34.279070 14 0 37.714286 0.000000 
312 14 86 120.857143 34.279070 14 0 37.714286 0.000000 
313 14 86 120.857143 34.279070 14 0 37.714286 0.000000 
314 14 86 120.857143 34.279070 14 0 37.714286 0.000000 
315 14 84 103.285714 34.333333 14 0 38.142857 0.000000 
316 14 84 103.285714 34.333333 14 0 38.142857 0.000000 
317 14 84 103.285714 34.333333 14 0 38.142857 0.000000 
318 14 84 103.285714 34.333333 14 0 38.142857 0.000000 
319 14 84 103.285714 34.333333 14 0 38.142857 0.000000 
320 14 84 103.285714 34.333333 14 0 38.142857 0.000000 
321 14 84 103.285714 34.333333 14 0 38.142857 0.000000 
322 14 84 103.285714 34.547619 14 0 38.142857 0.000000 
323 14 84 103.285714 34.547619 14 0 38.142857 0.000000 
324 14 84 103.285714 34.547619 14 0 38.142857 0.000000 
325 14 85 103.285714 34.305882 14 0 38.142857 0.000000 
326 14 85 103.285714 34.305882 14 0 38.142857 0.000000 
327 14 85 103.285714 34.305882 14 0 38.142857 0.000000 
328 14 85 103.285714 34.305882 14 0 38.142857 0.000000 
329 14 85 103.285714 34.305882 14 0 38.142857 0.000000 
330 14 85 103.285714 34.305882 14 0 38.142857 0.000000 
331 14 85 103.285714 34.305882 14 0 38.142857 0.000000 
332 14 85 103.285714 34.305882 14 0 38.142857 0.000000 
333 14 85 103.285714 34.305882 14 0 38.142857 0.000000 
334 14 85 103.285714 34.305882 14 0 38.142857 0.000000 
335 14 85 103.285714 34.305882 14 0 38.142857 0.000000 
336 14 85 103.285714 34.305882 14 0 38.142857 0.000000 
337 14 84 103.285714 34.476190 14 0 38.142857 0.000000 
338 14 84 103.285714 34.476190 14 0 38.142857 0.000000 
339 14 83 103.285714 34.289157 14 0 38.142857 0.000000 
340 14 83 103.285714 34.289157 14 0 38.142857 0.000000 
341 14 83 103.285714 34.289157 14 0 38.142857 0.000000 
342 14 83 103.285714 34.289157 14 0 38.142857 0.000000 
343 14 83 103.285714 34.289157 14 0 38.142857 0.000000 
344 14 83 103.285714 34.289157 14 0 38.142857 0.000000 
345 14 83 103.285714 34.289157 14 0 38.142857 0.000000 
346 14 83 102.285714 34.168675 14 0 37.500000 0.000000 
347 14 83 102.285714 34.168675 14 0 37.500000 0.000000 
348 14 83 102.285714 34.180723 14 0 37.500000 0.000000 
349 14 83 102.285714 34.180723 14 0 37.500000 0.000000 
350 14 83 102.285714 34.180723 14 0 37.500000 0.000000 
351 14 82 102.285714 33.512195 14 0 37.500000 0.000000 
352 14 82 102.285714 33.512195 14 0 37.500000 0.000000 
353 14 82 102.285714 33.512195 14 0 37.500000 0.000000 
354 14 82 102.285714 33.707317 14 0 37.500000 0.000000 
355 14 74 102.285714 34.135135 14 0 37.500000 0.000000 
356 15 74 100.466667 34.135135 15 0 37.600000 0.000000 
357 15 74 100.466667 34.135135 15 0 37.600000 0.000000 
358 15 74 100.466667 34.135135 15 0 37.600000 0.000000 
359 15 74 100.466667 34.135135 15 0 37.600000 0.000000 
360 15 74 100.466667 34.135135 15 0 37.600000 0.000000 
361 15 74 100.466667 34.135135 15 0 37.600000 0.000000 
362 15 74 100.466667 34.135135 15 0 37.600000 0.000000 
363 15 73 100.466667 33.821918 15 0 37.600000 0.000000 
364 15 73 100.466667 33.821918 15 0 37.600000 0.000000 
365 15 73 100.466667 33.821918 15 0 37.600000 0.000000 
366 15 73 100.466667 33.821918 15 0 37.600000 0.000000 
367 15 73 100.466667 33.821918 15 0 37.600000 0.000000 
368 15 73 100.466667 33.821918 15 0 37.600000 0.000000 
369 15 73 100.466667 33.821918 15 0 37.600000 0.000000 
370 15 73 100.466667 33.821918 15 0 37.600000 0.000000 
371 15 73 100.466667 33.821918 15 0 37.600000 0.000000 
372 15 73 100.466667 33.821918 15 0 37.600000 0.000000 
373 15 73 100.466667 33.821918 15 0 37.600000 0.000000 
374 15 73 100.466667 33.821918 15 0 37.600000 0.000000 
375 15 73 100.466667 33.821918 15 0 37.600000 0.000000 
376 15 73 100.466667 33.821918 15 0 37.600000 0.000000 
377 15 73 100.466667 33.821918 15 0 37.600000 0.000000 
378 15 73 100.466667 33.821918 15 0 37.600000 0.000000 
379 15 73 100.133333 33.821918 15 0 37.200000 0.000000 
380 15 73 100.133333 33.821918 15 0 37.200000 0.000000 
381 15 73 100.133333 33.821918 15 0 37.200000 0.000000 
382 15 73 100.133333 33.821918 15 0 37.200000 0.000000 
383 15 73 100.133333 33.821918 15 0 37.200000 0.000000 
384 15 73 100.133333 33.821918 15 0 37.200000 0.000000 
385 15 73 100.133333 33.821918 15 0 37.200000 0.000000 
386 15 73 100.133333 33.821918 15 0 37.200000 0.000000 
387 15 73 100.133333 33.821918 15 0 37.200000 0.000000 
388 15 73 100.133333 33.821918 15 0 37.200000 0.000000 
389 15 73 100.133333 33.821918 15 0 37.200000 0.000000 
390 15 73 100.133333 33.821918 15 0 37.200000 0.000000 
391 15 73 100.133333 33.821918 15 0 37.200000 0.000000 
392 15 71 100.133333 34.154930 15 0 37.200000 0.000000 
393 16 79 97.187500 32.531646 16 0 36.375000 0.000000 
394 16 79 97.187500 32.531646 16 0 36.375000 0.000000 
395 16 79 97.187500 32.531646 16 0 36.375000 0.000000 
396 16 79 97.187500 32.531646 16 0 36.375000 0.000000 
397 16 79 97.187500 32.531646 16 0 36.375000 0.000000 
398 16 79 97.187500 32.531646 16 0 36.375000 0.000000 
399 16 79 97.187500 32.531646 16 0 36.375000 0.000000 
400 16 79 97.187500 32.531646 16 0 36.375000 0.000000 
401 16 79 97.187500 32.531646 16 0 36.375000 0.000000 
402 16 79 97.187500 32.531646 16 0 36.375000 0.000000 
403 16 79 97.187500 32.531646 16 0 36.375000 0.000000 
404 16 79 97.187500 32.531646 16 0 36.375000 0.000000 
405 16 79 97.187500 32.531646 16 0 36.375000 0.000000 
406 16 79 99.000000 32.164557 16 0 36.562500 0.000000 
407 16 79 99.000000 32.164557 16 0 36.562500 0.000000 
408 16 79 99.000000 32.164557 16 0 36.562500 0.000000 
409 16 80 99.000000 31.950000 16 0 36.562500 0.000000 
410 16 80 99.000000 31.950000 16 0 36.562500 0.000000 
411 16 80 99.000000 31.950000 16 0 36.562500 0.000000 
412 16 80 99.000000 31.950000 16 0 36.562500 0.000000 
413 16 80 99.000000 31.950000 16 0 36.562500 0.000000 
414 16 80 99.000000 31.950000 16 0 36.562500 0.000000 
415 16 80 99.000000 31.950000 16 0 36.562500 0.000000 
416 16 80 99.000000 31.950000 16 0 36.562500 0.000000 
417 16 80 99.000000 31.950000 16 0 36.562500 0.000000 
418 16 79 99.000000 31.873418 16 0 36.562500 0.000000 
419 16 79 99.000000 31.873418 16 0 36.562500 0.000000 
420 16 79 99.000000 32.265823 16 0 36.562500 0.000000 
421 18 83 97.944444 31.927711 18 0 37.000000 0.000000 
422 18 83 97.944444 31.927711 18 0 37.000000 0.000000 
423 18 83 97.944444 31.927711 18 0 37.000000 0.000000 
424 18 83 97.944444 31.927711 18 0 37.000000 0.000000 
425 18 83 97.944444 31.927711 18 0 37.000000 0.000000 
426 18 83 97.944444 31.927711 18 0 37.000000 0.000000 
427 18 83 97.944444 31.927711 18 0 37.000000 0.000000 
428 18 83 97.944444 31.951807 18 0 37.000000 0.000000 
429 18 83 97.944444 31.951807 18 0 37.000000 0.000000 
430 18 83 97.944444 31.951807 18 0 37.000000 0.000000 
431 18 82 97.944444 32.073171 18 0 37.000000 0.000000 
432 18 82 97.944444 32.073171 18 0 37.000000 0.000000 
433 18 82 97.944444 32.073171 18 0 37.000000 0.000000 
434 18 81 97.944444 32.123457 18 0 37.000000 0.000000 
435 18 81 97.944444 32.123457 18 0 37.000000 0.000000 
436 18 81 97.944444 32.123457 18 0 37.000000 0.000000 
437 18 81 97.944444 32.123457 18 0 37.000000 0.000000 
438 18 81 97.944444 32.123457 18 0 37.000000 0.000000 
439 18 81 97.944444 32.123457 18 0 37.000000 0.000000 
440 18 81 97.944444 32.123457 18 0 37.000000 0.000000 
441 18 81 97.944444 32.123457 18 0 37.000000 0.000000 
442 18 81 97.944444 32.123457 18 0 37.000000 0.000000 
443 18 81 97.944444 32.037037 18 0 37.000000 0.000000 
444 18 81 97.944444 32.037037 18 0 37.000000 0.000000 
445 18 79 97.944444 31.860759 18 0 37.000000 0.000000 
446 18 79 97.944444 31.860759 18 0 37.000000 0.000000 
447 18 79 97.944444 31.860759 18 0 37.000000 0.000000 
448 18 79 97.944444 31.860759 18 0 37.000000 0.000000 
449 18 79 97.944444 31.860759 18 0 37.000000 0.000000 
450 18 79 97.944444 31.860759 18 0 37.000000 0.000000 
451 18 78 97.944444 31.923077 18 0 37.000000 0.000000 
452 18 78 97.944444 31.923077 18 0 37.000000 0.000000 
453 18 78 97.944444 31.923077 18 0 37.000000 0.000000 
454 18 79 98.055556 31.860759 18 0 37.500000 0.000000 
455 18 80 98.055556 31.912500 18 0 37.500000 0.000000 
456 18 80 98.055556 31.912500 18 0 37.500000 0.000000 
457 18 80 98.055556 31.912500 18 0 37.500000 0.000000 
458 18 80 98.055556 31.912500 18 0 37.500000 0.000000 
459 18 80 98.055556 31.912500 18 0 37.500000 0.000000 
460 18 80 98.055556 31.912500 18 0 37.500000 0.000000 
461 18 80 98.055556 31.912500 18 0 37.500000 0.000000 
462 18 80 98.055556 31.912500 18 0 37.500000 0.000000 
463 18 80 98.055556 31.912500 18 0 37.500000 0.000000 
464 18 80 98.055556 31.912500 18 0 37.500000 0.000000 
465 18 80 98.055556 31.912500 18 0 37.500000 0.000000 
466 18 80 98.055556 31.912500 18 0 37.500000 0.000000 
467 18 81 98.055556 31.703704 18 0 37.500000 0.000000 
468 18 81 98.055556 31.703704 18 0 37.500000 0.000000 
469 18 81 97.888889 31.703704 18 0 37.833333 0.000000 
470 18 81 97.888889 31.703704 18 0 37.833333 0.000000 
471 18 81 97.888889 31.703704 18 0 37.833333 0.000000 
472 18 81 97.888889 31.703704 18 0 37.833333 0.000000 
473 18 81 97.888889 31.703704 18 0 37.833333 0.000000 
474 18 81 97.888889 31.703704 18 0 37.833333 0.000000 
475 18 81 97.888889 31.703704 18 0 37.833333 0.000000 
476 18 81 97.888889 31.703704 18 0 37.833333 0.000000 
477 18 81 97.888889 31.703704 18 0 37.833333 0.000000 
478 18 81 97.888889 31.703704 18 0 37.833333 0.000000 
479 18 81 97.888889 32.160494 18 0 37.833333 0.000000 
480 18 81 97.888889 32.160494 18 0 37.833333 0.000000 
481 18 81 97.888889 32.160494 18 0 37.833333 0.000000 
482 18 81 97.888889 32.160494 18 0 37.833333 0.000000 
483 18 81 97.888889 32.160494 18 0 37.833333 0.000000 
484 18 81 97.888889 32.160494 18 0 37.833333 0.000000 
485 18 81 97.888889 32.160494 18 0 37.833333 0.000000 
486 18 81 97.888889 32.160494 18 0 37.833333 0.000000 
487 18 83 97.888889 32.024096 18 0 37.833333 0.000000 
488 18 83 97.888889 32.024096 18 0 37.833333 0.000000 
489 18 83 97.888889 32.024096 18 0 37.833333 0.000000 
490 17 85 102.823529 32.141176 18 0 38.500000 0.000000 
491 17 85 102.823529 32.141176 18 0 38.500000 0.000000 
492 17 85 102.823529 32.141176 18 0 38.500000 0.000000 
493 17 85 102.823529 32.141176 18 0 38.500000 0.000000 
494 17 85 102.823529 32.141176 18 0 38.500000 0.000000 
495 17 85 102.823529 32.141176 18 0 38.500000 0.000000 
496 17 85 102.823529 32.141176 18 0 38.500000 0.000000 
497 17 85 102.823529 32.141176 18 0 38.500000 0.000000 
498 17 85 102.823529 32.141176 18 0 38.500000 0.000000 
499 17 85 102.823529 32.141176 18 0 38.500000 0.000000 
500 17 85 102.823529 32.141176 18 0 38.500000 0.000000 
501 17 85 102.823529 32.141176 18 0 38.500000 0.000000 
502 17 86 102.823529 32.116279 18 0 38.500000 0.000000 
503 17 86 102.823529 32.116279 18 0 38.500000 0.000000 
504 17 86 102.823529 32.116279 18 0 38.500000 0.000000 
505 18 85 101.500000 32.341176 18 1 38.500000 9.000000 
506 18 85 101.500000 32.341176 18 1 38.500000 9.000000 
507 18 85 101.500000 32.882353 18 1 38.500000 3.000000 
508 18 85 101.500000 32.882353 18 1 38.500000 3.000000 
509 18 85 101.500000 32.882353 18 1 38.500000 9.000000 
510 18 85 101.500000 32.882353 18 1 38.500000 9.000000 
511 18 85 101.500000 32.882353 18 1 38.500000 9.000000 
512 18 85 101.500000 32.647059 18 1 38.500000 3.000000 
513 18 87 101.500000 32.218391 18 1 38.500000 3.000000 
514 18 87 101.500000 32.218391 18 1 38.500000 3.000000 
515 18 87 101.500000 32.218391 18 1 38.500000 3.000000 
516 18 87 101.500000 32.218391 18 1 38.500000 3.000000 
517 18 86 101.500000 32.267442 18 1 38.500000 3.000000 
518 18 86 101.500000 32.267442 18 1 38.500000 3.000000 
519 18 86 101.500000 32.267442 18 1 38.500000 3.000000 
520 18 86 101.500000 32.279070 18 1 38.500000 3.000000 
521 18 86 101.500000 32.279070 18 1 38.500000 3.000000 
522 18 85 101.500000 32.482353 18 1 38.500000 3.000000 
523 18 85 101.500000 32.482353 18 1 38.500000 3.000000 
524 18 85 101.500000 32.482353 18 1 38.500000 3.000000 
525 18 85 101.500000 32.482353 18 1 38.500000 3.000000 
526 18 85 101.500000 32.482353 18 1 38.500000 3.000000 
527 18 85 101.500000 32.482353 18 1 38.500000 3.000000 
528 18 85 101.500000 32.211765 18 1 38.500000 3.000000 
529 18 86 101.500000 32.220930 18 1 38.500000 3.000000 
530 18 86 101.500000 32.220930 18 1 38.500000 3.000000 
531 18 86 101.500000 32.220930 18 1 38.500000 9.000000 
532 18 86 101.500000 32.220930 18 1 38.500000 9.000000 
533 18 86 101.500000 32.220930 18 1 38.500000 9.000000 
534 18 86 101.500000 32.220930 18 1 38.500000 9.000000 
535 18 88 101.500000 32.318182 18 1 38.500000 9.000000 
536 18 88 101.500000 32.318182 18 1 38.500000 9.000000 
537 18 88 101.500000 32.318182 18 1 38.500000 9.000000 
538 18 88 101.500000 32.318182 18 1 38.500000 9.000000 
539 18 88 101.500000 32.318182 18 1 38.500000 9.000000 
540 18 88 101.500000 32.318182 18 1 38.500000 9.000000 
541 18 88 101.500000 32.318182 18 1 38.500000 9.000000 
542 18 88 101.500000 32.318182 18 1 38.500000 9.000000 
543 18 88 101.500000 32.318182 18 1 38.500000 9.000000 
544 18 88 101.500000 32.318182 18 1 38.500000 9.000000 
545 18 88 101.500000 32.318182 18 1 38.500000 9.000000 
546 18 88 101.500000 32.193182 18 1 38.500000 9.000000 
547 18 88 101.500000 32.431818 18 1 38.500000 9.000000 
548 18 88 101.500000 32.431818 18 1 38.500000 9.000000 
549 18 88 101.500000 32.431818 18 1 38.500000 9.000000 
550 18 87 94.722222 32.735632 18 1 38.500000 3.000000 
551 18 87 94.722222 32.574713 18 1 38.500000 3.000000 
552 18 90 94.722222 32.344444 18 1 38.500000 3.000000 
553 18 90 94.722222 32.344444 18 1 38.500000 3.000000 
554 18 90 94.722222 32.344444 18 1 38.500000 3.000000 
555 18 90 94.722222 32.344444 18 1 38.500000 9.000000 
556 18 90 94.722222 32.344444 18 1 38.500000 9.000000 
557 18 90 94.722222 32.344444 18 1 38.500000 9.000000 
558 18 90 94.722222 32.344444 18 1 38.500000 9.000000 
559 18 90 94.722222 32.344444 18 1 38.500000 9.000000 
560 18 90 94.722222 32.344444 18 1 38.500000 9.000000 
561 18 90 94.722222 32.344444 18 1 38.500000 9.000000 
562 18 90 94.722222 32.344444 18 1 38.500000 9.000000 
563 18 90 94.722222 32.344444 18 1 38.500000 9.000000 
564 18 90 94.722222 32.344444 18 1 38.500000 9.000000 
565 18 90 94.722222 32.344444 18 1 38.500000 9.000000 
566 18 90 94.722222 32.344444 18 1 38.500000 3.000000 
567 18 90 97.277778 32.344444 18 2 39.333333 9.000000 
568 18 90 97.277778 32.344444 18 2 39.333333 9.000000 
569 18 90 97.277778 32.344444 18 2 39.333333 9.000000 
570 18 90 97.277778 32.344444 18 2 39.333333 9.000000 
571 18 90 97.277778 32.344444 18 2 39.333333 9.000000 
572 18 90 97.277778 32.344444 18 2 39.333333 9.000000 
573 18 90 97.277778 32.344444 18 2 39.333333 9.000000 
574 18 90 97.277778 32.344444 18 2 39.333333 9.000000 
575 18 90 97.277778 32.344444 18 2 39.333333 9.000000 
576 18 90 97.277778 32.344444 18 2 39.333333 9.000000 
577 18 90 97.277778 32.344444 18 2 39.333333 9.000000 
578 18 90 97.277778 32.333333 18 2 39.333333 9.000000 
579 18 91 97.277778 32.241758 18 2 39.333333 9.000000 
580 18 91 97.277778 32.241758 18 2 39.333333 9.000000 
581 18 91 97.277778 32.241758 18 2 39.333333 9.000000 
582 18 91 97.277778 32.241758 18 2 39.333333 9.000000 
583 18 91 97.277778 32.241758 18 2 39.333333 6.000000 
584 18 91 97.277778 32.241758 18 2 39.333333 6.000000 
585 18 91 97.277778 32.241758 18 2 39.333333 6.000000 
586 18 91 97.277778 32.241758 18 2 39.333333 6.000000 
587 18 91 97.277778 32.241758 18 2 39.333333 6.000000 
588 18 91 97.277778 32.021978 18 2 39.333333 3.000000 
589 18 91 97.277778 32.021978 18 2 39.333333 3.000000 
590 18 91 97.277778 32.021978 18 2 39.333333 3.000000 
591 18 91 97.277778 32.021978 18 2 39.333333 3.000000 
592 18 90 97.277778 32.200000 18 2 39.333333 6.000000 
593 18 90 97.277778 32.200000 18 2 39.333333 6.000000 
594 18 92 97.277778 31.641304 18 2 39.333333 6.000000 
595 18 92 97.277778 31.641304 18 2 39.333333 6.000000 
596 18 93 95.055556 32.236559 18 2 38.000000 6.000000 
597 18 93 95.055556 32.236559 18 2 38.000000 6.000000 
598 18 93 95.055556 32.236559 18 2 38.000000 6.000000 
599 18 93 95.055556 32.236559 18 2 38.000000 6.000000 
600 18 93 95.055556 32.193548 18 2 38.000000 6.000000 
601 18 93 95.055556 32.193548 18 2 38.000000 6.000000 
602 18 93 95.055556 32.193548 18 2 38.000000 6.000000 
603 18 93 95.055556 32.193548 18 2 38.000000 9.000000 
604 18 93 95.055556 32.193548 18 2 38.000000 9.000000 
605 18 93 95.055556 32.193548 18 2 38.000000 9.000000 
606 18 95 95.055556 32.210526 18 2 38.000000 9.000000 
607 18 95 95.055556 32.210526 18 2 38.000000 3.000000 
608 18 95 95.055556 31.778947 18 2 38.000000 3.000000 
609 18 95 95.055556 31.778947 18 2 38.000000 3.000000 
610 18 95 95.222222 31.778947 18 2 39.333333 6.000000 
611 18 96 95.222222 31.572917 18 2 39.333333 6.000000 
612 18 96 95.222222 31.572917 18 2 39.333333 6.000000 
613 18 96 95.222222 31.572917 18 2 39.333333 6.000000 
614 18 96 95.222222 31.572917 18 2 39.333333 6.000000 
615 18 96 95.222222 31.572917 18 2 39.333333 6.000000 
616 18 96 95.222222 31.572917 18 2 39.333333 6.000000 
617 18 96 95.222222 31.572917 18 2 39.333333 6.000000 
618 18 96 95.222222 31.572917 18 2 39.333333 6.000000 
619 18 96 95.222222 31.572917 18 2 39.333333 6.000000 
620 18 96 95.222222 31.572917 18 2 39.333333 6.000000 
621 18 96 95.222222 31.572917 18 2 39.333333 9.000000 
622 18 96 95.222222 31.572917 18 2 39.333333 9.000000 
623 18 96 95.222222 31.572917 18 2 39.333333 9.000000 
624 18 96 95.222222 31.572917 18 2 39.333333 9.000000 
625 18 96 95.222222 31.572917 18 2 39.333333 6.000000 
626 18 96 95.222222 31.572917 18 2 39.333333 6.000000 
627 18 96 95.222222 31.385417 18 2 39.333333 6.000000 
628 18 96 95.222222 31.385417 18 2 39.333333 6.000000 
629 18 96 95.222222 31.385417 18 2 39.333333 6.000000 
630 18 96 95.222222 31.385417 18 2 39.333333 6.000000 
631 18 97 95.222222 31.268041 18 2 39.333333 3.000000 
632 18 97 95.222222 31.268041 18 2 39.333333 3.000000 
633 18 97 95.222222 31.268041 18 2 39.333333 3.000000 
634 18 97 95.222222 31.268041 18 2 39.333333 6.000000 
635 18 97 95.222222 31.268041 18 2 39.333333 6.000000 
636 18 97 95.222222 31.268041 18 2 39.333333 6.000000 
637 18 97 95.222222 31.268041 18 2 39.333333 6.000000 
638 18 97 95.222222 31.268041 18 2 39.333333 6.000000 
639 18 97 95.222222 31.268041 18 2 39.333333 6.000000 
640 18 97 95.222222 31.268041 18 2 39.333333 6.000000 
641 18 97 95.222222 31.268041 18 2 39.333333 6.000000 
642 18 97 95.222222 31.268041 18 2 39.333333 6.000000 
643 18 97 95.222222 31.268041 18 2 39.333333 6.000000 
644 18 97 95.222222 31.268041 18 2 39.333333 6.000000 
645 18 97 95.222222 31.268041 18 2 39.333333 6.000000 
646 18 97 95.222222 31.268041 18 2 39.333333 3.000000 
647 18 96 95.222222 31.375000 18 2 39.333333 3.000000 
648 18 96 95.222222 31.375000 18 2 39.333333 3.000000 
649 18 96 95.222222 31.375000 18 2 39.333333 3.000000 
650 18 96 95.222222 31.375000 18 2 39.333333 3.000000 
651 18 96 95.222222 31.375000 18 2 39.333333 3.000000 
652 18 96 95.222222 31.375000 18 2 39.333333 3.000000 
653 18 96 95.222222 31.375000 18 2 39.333333 3.000000 
654 18 96 95.222222 31.375000 18 2 39.333333 3.000000 
655 18 96 95.222222 31.375000 18 2 39.333333 3.000000 
656 18 96 95.222222 31.375000 18 2 39.333333 3.000000 
657 18 96 95.222222 31.375000 18 2 39.333333 3.000000 
658 18 96 95.222222 31.375000 18 2 39.333333 3.000000 
659 18 96 95.222222 31.375000 18 2 39.333333 3.000000 
660 18 95 95.222222 31.642105 18 2 39.333333 6.000000 
661 18 95 95.222222 31.642105 18 2 39.333333 6.000000 
662 18 95 95.222222 31.642105 18 2 39.333333 6.000000 
663 17 95 97.647059 31.694737 18 1 42.333333 3.000000 
664 17 95 97.647059 31.694737 18 1 42.333333 3.000000 
665 17 95 97.647059 31.694737 18 1 42.333333 3.000000 
666 17 95 97.647059 31.694737 18 1 42.333333 3.000000 
667 17 95 97.647059 31.694737 18 1 42.333333 3.000000 
668 17 95 97.647059 31.694737 18 1 42.333333 3.000000 
669 17 95 97.647059 31.694737 18 1 42.333333 3.000000 
670 17 95 97.647059 31.694737 18 1 42.333333 3.000000 
671 17 95 97.647059 31.694737 18 1 42.333333 3.000000 
672 17 96 97.647059 31.583333 18 1 42.333333 3.000000 
673 17 96 96.470588 31.583333 18 1 42.833333 3.000000 
674 17 96 96.470588 31.583333 18 1 42.833333 3.000000 
675 17 95 96.470588 31.715789 18 1 42.833333 9.000000 
676 17 95 96.470588 31.715789 18 1 42.833333 9.000000 
677 17 95 96.470588 31.715789 18 1 42.833333 9.000000 
678 17 95 96.470588 31.715789 18 1 42.833333 9.000000 
679 17 94 96.470588 31.500000 18 1 42.833333 9.000000 
680 17 94 96.470588 31.500000 18 1 42.833333 9.000000 
681 17 94 96.470588 31.500000 18 1 42.833333 9.000000 
682 17 94 96.470588 31.500000 18 1 42.833333 9.000000 
683 17 94 96.470588 31.500000 18 1 42.833333 9.000000 
684 17 94 96.470588 31.500000 18 1 42.833333 9.000000 
685 17 94 96.470588 31.500000 18 1 42.833333 9.000000 
686 17 94 96.470588 31.500000 18 1 42.833333 9.000000 
687 17 94 96.470588 31.500000 18 1 42.833333 9.000000 
688 17 95 96.470588 31.284211 18 1 42.833333 3.000000 
689 17 95 96.470588 31.284211 18 1 42.833333 3.000000 
690 17 95 96.470588 31.284211 18 1 42.833333 3.000000 
691 17 95 96.470588 31.284211 18 1 42.833333 3.000000 
692 17 94 96.470588 31.489362 18 1 42.833333 3.000000 
693 17 94 96.470588 31.489362 18 1 42.833333 3.000000 
694 17 93 96.470588 30.580645 18 1 42.833333 3.000000 
695 17 93 96.470588 30.580645 18 1 42.833333 3.000000 
696 17 93 96.470588 30.580645 18 1 42.833333 3.000000 
697 17 93 96.470588 30.580645 18 1 42.833333 3.000000 
698 17 93 96.470588 30.580645 18 1 42.833333 3.000000 
699 17 93 96.470588 30.580645 18 1 42.833333 3.000000 
700 17 93 97.823529 30.580645 18 1 43.166667 3.000000 
701 17 93 97.823529 30.580645 18 1 43.166667 3.000000 
702 17 93 97.823529 30.580645 18 1 43.166667 3.000000 
703 17 98 97.823529 30.530612 18 1 43.166667 9.000000 
704 17 98 97.823529 30.530612 18 1 43.166667 9.000000 
705 17 98 97.823529 30.530612 18 1 43.166667 9.000000 
706 17 98 97.823529 30.530612 18 1 43.166667 9.000000 
707 17 98 97.823529 30.530612 18 1 43.166667 3.000000 
708 17 98 97.823529 30.530612 18 1 43.166667 3.000000 
709 17 98 97.823529 30.275510 18 1 43.166667 3.000000 
710 17 98 97.823529 30.275510 18 1 43.166667 3.000000 
711 17 97 97.823529 30.309278 18 1 43.166667 3.000000 
712 17 91 97.823529 30.945055 18 1 43.166667 3.000000 
713 17 91 97.823529 30.450549 18 1 43.166667 3.000000 
714 17 91 97.823529 30.450549 18 1 43.166667 3.000000 
715 17 91 97.823529 30.450549 18 1 43.166667 3.000000 
716 17 91 97.823529 30.450549 18 1 43.166667 3.000000 
717 17 91 97.823529 30.450549 18 1 43.166667 3.000000 
718 17 91 97.823529 30.450549 18 1 43.166667 3.000000 
719 17 91 97.823529 30.450549 18 1 43.166667 3.000000 
720 17 91 97.823529 30.450549 18 1 43.166667 3.000000 
721 17 91 97.823529 30.450549 18 1 43.166667 3.000000 
722 17 91 97.823529 30.450549 18 1 43.166667 3.000000 
723 17 91 97.823529 30.340659 18 1 43.166667 9.000000 
724 17 89 97.823529 30.561798 18 1 43.166667 9.000000 
725 17 83 97.823529 31.204819 18 1 43.166667 9.000000 
726 17 83 97.823529 31.204819 18 1 43.166667 9.000000 
727 17 83 97.823529 31.204819 18 1 43.166667 9.000000 
728 17 84 97.823529 30.488095 18 1 43.166667 9.000000 
729 17 84 97.823529 30.488095 18 1 43.166667 9.000000 
730 17 84 97.823529 30.488095 18 1 43.166667 9.000000 
731 17 84 97.823529 30.488095 18 1 43.166667 9.000000 
732 17 84 97.823529 30.642857 18 1 43.166667 9.000000 
733 17 84 97.823529 30.642857 18 1 43.166667 9.000000 
734 17 85 97.823529 30.705882 18 1 43.166667 3.000000 
735 17 86 97.823529 30.616279 18 1 43.166667 3.000000 
736 17 86 97.823529 30.616279 18 1 43.166667 3.000000 
737 17 86 97.823529 30.616279 18 1 43.166667 3.000000 
738 17 86 97.823529 30.639535 18 1 43.166667 3.000000 
739 17 86 97.823529 30.639535 18 1 43.166667 9.000000 
740 17 84 97.823529 30.797619 18 1 43.166667 9.000000 
741 17 84 97.823529 30.797619 18 1 43.166667 9.000000 
742 17 84 97.823529 30.797619 18 1 43.166667 9.000000 
743 17 84 97.823529 30.797619 18 1 43.166667 9.000000 
744 17 84 97.823529 30.797619 18 1 43.166667 9.000000 
745 17 84 97.823529 30.797619 18 1 43.166667 9.000000 
746 17 84 97.823529 30.797619 18 1 43.166667 9.000000 
747 17 84 97.823529 30.797619 18 1 43.166667 9.000000 
748 17 84 97.823529 30.797619 18 1 43.166667 9.000000 
749 17 84 97.823529 30.797619 18 1 43.166667 9.000000 
750 17 84 97.823529 30.797619 18 1 43.166667 9.000000 
751 17 84 97.823529 30.797619 18 1 43.166667 9.000000 
752 17 84 97.823529 30.797619 18 1 43.166667 9.000000 
753 17 84 97.823529 30.797619 18 1 43.166667 9.000000 
754 17 84 97.823529 30.797619 18 1 43.166667 9.000000 
755 17 84 97.823529 30.797619 18 1 43.166667 9.000000 
756 17 84 97.823529 30.797619 18 1 43.166667 9.000000 
757 17 83 99.882353 28.204819 18 1 44.166667 9.000000 
758 17 83 99.882353 28.204819 18 1 44.166667 9.000000 
759 17 83 99.882353 28.204819 18 1 44.166667 9.000000 
760 17 83 99.882353 28.204819 18 1 44.166667 9.000000 
761 17 83 99.882353 28.204819 18 1 44.166667 9.000000 
762 17 83 99.882353 28.204819 18 1 44.166667 9.000000 
763 17 83 99.882353 28.204819 18 1 44.166667 9.000000 
764 17 83 99.882353 28.204819 18 1 44.166667 9.000000 
765 17 83 99.882353 28.638554 18 1 44.166667 9.000000 
766 17 84 99.882353 28.452381 18 1 44.166667 9.000000 
767 17 83 99.882353 28.518072 18 1 44.166667 9.000000 
768 17 86 99.882353 28.058140 18 1 44.166667 9.000000 
769 17 86 99.882353 28.058140 18 1 44.166667 3.000000 
770 17 86 99.882353 28.058140 18 1 44.166667 3.000000 
771 17 85 99.882353 28.258824 18 1 44.166667 9.000000 
772 17 85 99.882353 28.258824 18 1 44.166667 9.000000 
773 17 85 99.882353 28.258824 18 1 44.166667 9.000000 
774 17 85 99.882353 28.258824 18 1 44.166667 9.000000 
775 17 85 99.882353 28.258824 18 1 44.166667 9.000000 
776 17 85 99.882353 28.258824 18 1 44.166667 9.000000 
777 17 86 100.470588 28.662791 18 1 44.166667 3.000000 
778 17 86 100.470588 28.662791 18 1 44.166667 3.000000 
779 17 86 100.470588 28.662791 18 1 44.166667 3.000000 
780 17 86 100.470588 28.662791 18 1 44.166667 3.000000 
781 17 86 100.470588 28.662791 18 1 44.166667 3.000000 
782 17 86 100.470588 28.662791 18 1 44.166667 3.000000 
783 17 86 100.470588 28.662791 18 1 44.166667 3.000000 
784 17 86 100.470588 28.662791 18 1 44.166667 3.000000 
785 17 86 100.470588 28.662791 18 1 44.166667 3.000000 
786 17 86 100.470588 28.662791 18 1 44.166667 3.000000 
787 17 86 100.470588 28.662791 18 1 44.166667 3.000000 
788 17 86 100.470588 28.662791 18 1 44.166667 3.000000 
789 17 86 100.470588 28.662791 18 1 44.166667 3.000000 
790 17 86 100.882353 28.662791 18 1 44.500000 9.000000 
791 17 86 100.882353 28.662791 18 1 44.500000 9.000000 
792 17 86 100.882353 28.662791 18 1 44.500000 9.000000 
793 17 86 100.882353 28.662791 18 1 44.500000 9.000000 
794 17 86 100.882353 28.662791 18 1 44.500000 9.000000 
795 17 86 100.882353 28.662791 18 1 44.500000 9.000000 
796 17 86 100.882353 28.662791 18 1 44.500000 9.000000 
797 17 86 100.882353 28.662791 18 1 44.500000 9.000000 
798 17 86 100.882353 28.616279 18 1 44.500000 9.000000 
799 17 86 100.882353 28.616279 18 1 44.500000 9.000000 
800 17 86 100.882353 28.616279 18 1 44.500000 9.000000 
801 17 86 100.882353 28.616279 18 1 44.500000 9.000000 
802 17 86 100.882353 28.616279 18 1 44.500000 9.000000 
803 17 86 100.882353 28.616279 18 1 44.500000 9.000000 
804 17 86 100.882353 28.616279 18 1 44.500000 9.000000 
805 17 86 100.882353 28.627907 18 1 44.500000 9.000000 
806 17 86 100.882353 28.627907 18 1 44.500000 9.000000 
807 17 86 100.882353 28.627907 18 1 44.500000 9.000000 
808 17 86 100.882353 28.627907 18 1 44.500000 9.000000 
809 17 84 100.882353 28.547619 18 1 44.500000 9.000000 
810 17 84 100.882353 28.547619 18 1 44.500000 9.000000 
811 17 84 100.882353 28.547619 18 1 44.500000 9.000000 
812 17 85 100.882353 28.341176 18 1 44.500000 9.000000 
813 17 85 100.882353 28.341176 18 1 44.500000 9.000000 
814 17 85 100.882353 28.341176 18 1 44.500000 9.000000 
815 17 85 100.882353 28.341176 18 1 44.500000 9.000000 
816 17 85 100.882353 28.341176 18 1 44.500000 9.000000 
817 17 85 100.882353 28.341176 18 1 44.500000 9.000000 
818 17 85 100.882353 28.341176 18 1 44.500000 9.000000 
819 17 85 100.882353 28.341176 18 1 44.500000 9.000000 
820 17 85 100.882353 28.341176 18 1 44.500000 9.000000 
821 17 85 100.882353 28.341176 18 1 44.500000 9.000000 
822 18 85 101.333333 28.341176 19 1 44.052632 9.000000 
823 18 85 101.333333 28.341176 19 1 44.052632 9.000000 
824 18 85 101.333333 28.341176 19 1 44.052632 9.000000 
825 18 85 101.333333 28.341176 19 1 44.052632 9.000000 
826 18 85 101.333333 28.341176 19 1 44.052632 9.000000 
827 18 86 101.333333 28.465116 19 1 44.052632 9.000000 
828 18 86 101.333333 28.465116 19 1 44.052632 9.000000 
829 18 86 101.333333 28.465116 19 1 44.052632 9.000000 
830 18 86 101.333333 28.465116 19 1 44.052632 9.000000 
831 18 86 101.333333 28.593023 19 1 44.052632 9.000000 
832 18 86 101.333333 28.593023 19 1 44.052632 9.000000 
833 18 86 101.333333 28.593023 19 1 44.052632 3.000000 
834 18 86 101.333333 28.779070 19 1 44.052632 3.000000 
835 18 86 101.333333 28.779070 19 1 44.052632 3.000000 
836 18 87 101.333333 28.873563 19 1 44.052632 9.000000 
837 18 87 101.333333 29.310345 19 1 44.052632 9.000000 
838 18 87 101.333333 29.310345 19 1 44.052632 9.000000 
839 18 87 101.333333 29.310345 19 1 44.052632 9.000000 
840 18 87 101.333333 29.310345 19 1 44.052632 9.000000 
841 18 87 101.333333 29.310345 19 1 44.052632 9.000000 
842 18 87 101.333333 29.310345 19 1 44.052632 9.000000 
843 18 87 101.333333 29.310345 19 1 44.052632 9.000000 
844 18 87 101.333333 29.310345 19 1 44.052632 9.000000 
845 18 87 101.333333 29.310345 19 1 44.052632 9.000000 
846 18 87 101.333333 29.310345 19 1 44.052632 9.000000 
847 18 87 101.333333 29.310345 19 1 44.052632 9.000000 
848 18 86 101.333333 29.337209 19 1 44.052632 9.000000 
849 18 86 101.333333 29.337209 19 1 44.052632 9.000000 
850 18 86 101.333333 29.337209 19 1 44.052632 9.000000 
851 18 86 101.333333 29.337209 19 1 44.052632 9.000000 
852 18 82 100.333333 29.731707 19 1 45.473684 9.000000 
853 18 82 100.333333 29.731707 19 1 45.473684 9.000000 
854 18 82 100.333333 29.731707 19 1 45.473684 9.000000 
855 18 82 100.333333 29.731707 19 1 45.473684 9.000000 
856 18 82 100.333333 29.731707 19 1 45.473684 9.000000 
857 18 82 100.333333 29.731707 19 1 45.473684 9.000000 
858 18 82 100.333333 29.731707 19 1 45.473684 9.000000 
859 18 83 100.333333 29.566265 19 1 45.473684 9.000000 
860 18 83 100.333333 29.566265 19 1 45.473684 9.000000 
861 18 83 100.333333 29.566265 19 1 45.473684 9.000000 
862 18 83 100.333333 29.566265 19 1 45.473684 9.000000 
863 19 88 99.842105 28.806818 20 1 46.350000 9.000000 
864 19 88 99.842105 28.806818 20 1 46.350000 9.000000 
865 19 88 99.842105 28.806818 20 1 46.350000 9.000000 
866 19 89 99.842105 28.696629 20 1 46.350000 9.000000 
867 19 89 99.842105 28.696629 20 1 46.350000 9.000000 
868 19 89 99.842105 28.696629 20 1 46.350000 9.000000 
869 19 89 99.842105 28.696629 20 1 46.350000 9.000000 
870 19 89 99.842105 28.696629 20 1 46.350000 9.000000 
871 19 89 99.842105 28.696629 20 1 46.350000 9.000000 
872 19 89 99.842105 28.696629 20 1 46.350000 9.000000 
873 19 89 99.842105 28.696629 20 1 46.350000 9.000000 
874 19 89 99.842105 28.696629 20 1 46.350000 9.000000 
875 19 89 99.842105 28.696629 20 1 46.350000 9.000000 
876 19 89 99.842105 28.696629 20 1 46.350000 9.000000 
877 19 89 99.842105 28.696629 20 1 46.350000 9.000000 
878 19 89 99.842105 28.696629 20 1 46.350000 9.000000 
879 19 89 99.842105 28.696629 20 1 46.350000 9.000000 
880 19 89 99.842105 28.696629 20 1 46.350000 9.000000 
881 19 89 99.842105 28.696629 20 1 46.350000 9.000000 
882 19 89 99.842105 28.696629 20 1 46.350000 9.000000 
883 19 89 99.842105 28.696629 20 1 46.350000 9.000000 
884 19 89 99.842105 28.696629 20 1 46.350000 9.000000 
885 19 88 99.842105 28.954545 20 1 46.350000 9.000000 
886 19 88 99.842105 28.954545 20 1 46.350000 9.000000 
887 19 88 99.842105 28.954545 20 1 46.350000 9.000000 
888 19 89 99.842105 28.876404 20 1 46.350000 9.000000 
889 19 89 99.842105 28.876404 20 1 46.350000 3.000000 
890 19 88 100.421053 28.465909 20 1 46.350000 9.000000 
891 19 85 100.421053 28.623529 20 1 46.350000 9.000000 
892 19 86 100.421053 28.476744 20 1 46.350000 9.000000 
893 19 86 100.421053 28.476744 20 1 46.350000 9.000000 
894 19 86 100.421053 28.476744 20 1 46.350000 9.000000 
895 19 86 100.421053 28.476744 20 1 46.350000 9.000000 
896 19 86 100.421053 28.476744 20 1 46.350000 9.000000 
897 19 86 100.421053 28.476744 20 1 46.350000 9.000000 
898 19 86 100.421053 28.476744 20 1 46.350000 9.000000 
899 19 86 100.421053 28.476744 20 1 46.350000 9.000000 
900 19 86 100.421053 28.453488 20 1 46.350000 9.000000 
901 19 86 100.421053 28.453488 20 1 46.350000 9.000000 
902 19 86 100.421053 28.453488 20 1 46.350000 9.000000 
903 19 87 99.315789 28.574713 20 1 45.150000 9.000000 
904 19 87 99.315789 28.574713 20 1 45.150000 9.000000 
905 19 87 99.315789 28.574713 20 1 45.150000 9.000000 
906 19 87 99.315789 28.965517 20 1 45.150000 9.000000 
907 19 87 99.315789 28.965517 20 1 45.150000 9.000000 
908 19 87 99.315789 28.965517 20 1 45.150000 9.000000 
909 19 87 99.315789 28.965517 20 1 45.150000 9.000000 
910 19 86 99.315789 29.046512 20 1 45.150000 9.000000 
911 19 86 99.315789 29.046512 20 1 45.150000 9.000000 
912 19 86 99.315789 29.046512 20 1 45.150000 9.000000 
913 19 85 99.315789 29.211765 20 1 45.150000 9.000000 
914 19 85 99.315789 29.211765 20 1 45.150000 9.000000 
915 19 85 99.315789 29.211765 20 1 45.150000 9.000000 
916 19 84 99.315789 29.273810 20 1 45.150000 9.000000 
917 19 84 99.315789 29.428571 20 1 45.150000 3.000000 
918 19 84 99.315789 29.428571 20 1 45.150000 3.000000 
919 19 84 99.315789 29.428571 20 1 45.150000 3.000000 
920 19 84 98.315789 29.428571 20 1 45.150000 3.000000 
921 19 84 98.315789 29.428571 20 1 45.150000 3.000000 
922 19 84 98.315789 29.428571 20 1 45.150000 3.000000 
923 19 84 98.315789 29.428571 20 1 45.150000 3.000000 
924 19 84 98.315789 29.428571 20 1 45.150000 3.000000 
925 19 84 98.315789 29.428571 20 1 45.150000 3.000000 
926 19 84 98.315789 29.428571 20 1 45.150000 3.000000 
927 19 84 98.315789 29.428571 20 1 45.150000 3.000000 
928 19 84 98.315789 29.428571 20 1 45.150000 3.000000 
929 19 84 98.315789 29.428571 20 1 45.150000 3.000000 
930 19 84 98.315789 29.428571 20 1 45.150000 3.000000 
931 19 84 98.315789 29.428571 20 1 45.150000 3.000000 
932 19 84 98.315789 29.428571 20 1 45.150000 3.000000 
933 19 84 98.315789 29.428571 20 1 45.150000 3.000000 
934 19 84 98.315789 29.428571 20 1 45.150000 3.000000 
935 19 84 98.315789 29.428571 20 1 45.150000 3.000000 
936 19 84 98.315789 29.428571 20 1 45.150000 3.000000 
937 19 84 98.315789 29.392857 20 1 45.150000 3.000000 
938 19 84 98.315789 29.392857 20 1 45.150000 3.000000 
939 19 84 98.315789 29.392857 20 1 45.150000 3.000000 
940 19 84 98.315789 29.392857 20 1 45.150000 3.000000 
941 19 84 98.315789 29.392857 20 1 45.150000 3.000000 
942 19 84 98.315789 29.392857 20 1 45.150000 3.000000 
943 19 84 98.315789 29.392857 20 1 45.150000 3.000000 
944 19 84 98.315789 29.392857 20 1 45.150000 3.000000 
945 19 84 98.315789 29.392857 20 1 45.150000 3.000000 
946 19 84 98.315789 29.392857 20 1 45.150000 3.000000 
947 19 84 98.315789 29.392857 20 1 45.150000 3.000000 
948 19 84 98.315789 29.392857 20 1 45.150000 3.000000 
949 19 84 98.315789 29.392857 20 1 45.150000 3.000000 
950 19 84 98.315789 29.392857 20 1 45.150000 9.000000 
951 19 84 98.315789 29.392857 20 1 45.150000 9.000000 
952 19 84 98.315789 29.392857 20 1 45.150000 9.000000 
953 19 84 98.315789 29.392857 20 1 45.150000 9.000000 
954 19 84 98.315789 29.392857 20 1 45.150000 9.000000 
955 19 84 98.315789 29.392857 20 1 45.150000 9.000000 
956 19 84 98.315789 29.392857 20 1 45.150000 9.000000 
957 19 84 98.315789 29.345238 20 1 45.150000 9.000000 
958 19 84 98.315789 29.345238 20 1 45.150000 9.000000 
959 19 84 98.315789 29.345238 20 1 45.150000 9.000000 
960 19 84 98.315789 29.345238 20 1 45.150000 9.000000 
961 19 84 98.315789 29.345238 20 1 45.150000 9.000000 
962 19 84 98.315789 29.345238 20 1 45.150000 9.000000 
963 19 84 98.315789 29.345238 20 1 45.150000 9.000000 
964 19 84 98.315789 29.345238 20 1 45.150000 9.000000 
965 19 84 98.315789 29.345238 20 1 45.150000 9.000000 
966 19 85 96.210526 29.211765 20 1 43.350000 9.000000 
967 19 85 96.210526 29.211765 20 1 43.350000 9.000000 
968 19 85 96.210526 29.211765 20 1 43.350000 9.000000 
969 19 85 96.210526 29.211765 20 1 43.350000 9.000000 
970 19 86 96.210526 29.686047 20 1 43.350000 9.000000 
971 19 86 96.210526 29.686047 20 1 43.350000 9.000000 
972 19 86 96.210526 29.686047 20 1 43.350000 9.000000 
973 19 86 96.210526 29.686047 20 1 43.350000 9.000000 
974 19 86 96.210526 29.686047 20 1 43.350000 9.000000 
975 19 87 96.210526 29.689655 20 1 43.350000 3.000000 
976 19 87 96.210526 29.689655 20 1 43.350000 3.000000 
977 19 87 96.210526 29.689655 20 1 43.350000 3.000000 
978 19 87 96.210526 29.689655 20 1 43.350000 3.000000 
979 19 87 96.210526 29.689655 20 1 43.350000 3.000000 
980 19 87 96.210526 29.689655 20 1 43.350000 3.000000 
981 20 89 94.900000 29.382022 21 1 43.142857 3.000000 
982 20 89 94.900000 29.382022 21 1 43.142857 3.000000 
983 20 89 94.900000 29.382022 21 1 43.142857 3.000000 
984 20 89 94.900000 29.382022 21 1 43.142857 3.000000 
985 20 89 94.900000 29.382022 21 1 43.142857 3.000000 
986 20 89 94.900000 29.382022 21 1 43.142857 3.000000 
987 20 89 94.900000 29.382022 21 1 43.142857 3.000000 
988 20 89 94.900000 29.382022 21 1 43.142857 3.000000 
989 20 89 94.900000 29.382022 21 1 43.142857 3.000000 
990 20 89 94.900000 29.382022 21 1 43.142857 3.000000 
991 20 90 94.900000 29.211111 21 1 43.142857 3.000000 
992 20 89 94.900000 28.943820 21 1 43.142857 9.000000 
993 20 89 94.900000 28.977528 21 1 43.142857 9.000000 
994 20 89 94.900000 28.977528 21 1 43.142857 9.000000 
995 20 89 94.900000 28.977528 21 1 43.142857 9.000000 
996 20 89 94.900000 28.977528 21 1 43.142857 9.000000 
997 20 89 94.900000 28.977528 21 1 43.142857 9.000000 
998 20 89 94.900000 28.977528 21 1 43.142857 9.000000 
999 20 89 94.900000 28.977528 21 1 43.142857 9.000000 
1000 20 90 94.900000 28.677778 21 1 43.142857 9.000000 
