# Each line contains : 
#   * Generation
#   * Genome size
#   * Terminator number
#
0 5000 318
1 5000 316
2 5000 315
3 5000 315
4 7198 448
5 7198 448
6 7198 448
7 7198 448
8 7198 448
9 7198 448
10 7198 448
11 9909 626
12 9909 626
13 9909 626
14 9909 626
15 10199 645
16 10199 645
17 10199 645
18 10199 645
19 10199 645
20 10199 645
21 10199 645
22 10199 645
23 10199 645
24 10199 645
25 10199 645
26 10199 640
27 10199 640
28 10199 640
29 10199 640
30 10199 640
31 10199 640
32 10199 640
33 10199 638
34 10201 637
35 17080 1078
36 17080 1078
37 17080 1080
38 17080 1080
39 17080 1082
40 13773 872
41 13773 872
42 13773 872
43 13773 872
44 13773 873
45 13773 872
46 13773 872
47 13773 872
48 13773 876
49 13773 876
50 13773 873
51 13773 873
52 13768 871
53 13768 871
54 13768 871
55 13768 871
56 13768 875
57 13768 875
58 13768 875
59 13768 877
60 13768 876
61 13768 879
62 13768 879
63 13768 878
64 13768 878
65 13768 878
66 13768 878
67 13768 879
68 13768 879
69 13768 879
70 13768 879
71 13768 879
72 13768 880
73 13768 880
74 13768 882
75 13768 885
76 13768 885
77 13768 885
78 13768 885
79 16648 1087
80 16648 1087
81 16648 1088
82 16648 1088
83 16648 1088
84 16648 1084
85 18671 1194
86 18671 1194
87 18671 1194
88 18671 1194
89 18671 1194
90 18671 1194
91 18671 1192
92 18671 1192
93 18671 1192
94 18671 1192
95 18671 1192
96 18671 1190
97 18671 1190
98 18671 1190
99 18671 1190
100 18671 1190
101 23747 1504
102 23747 1503
103 23747 1503
104 23748 1503
105 23748 1502
106 23748 1502
107 23748 1502
108 23748 1502
109 23748 1502
110 23748 1500
111 17151 1088
112 17151 1088
113 17151 1088
114 17151 1088
115 17151 1088
116 17151 1088
117 17151 1088
118 17151 1088
119 17151 1089
120 17151 1089
121 17151 1089
122 17151 1089
123 17153 1093
124 17153 1093
125 17153 1093
126 17153 1093
127 17153 1093
128 17153 1093
129 17153 1093
130 17153 1093
131 17153 1093
132 17153 1093
133 17153 1093
134 17153 1093
135 17153 1092
136 17153 1092
137 17153 1092
138 17153 1089
139 17153 1089
140 17153 1089
141 17153 1089
142 17153 1089
143 17153 1089
144 17153 1089
145 17153 1089
146 17153 1087
147 17153 1086
148 17153 1086
149 17153 1086
150 17153 1086
151 17153 1086
152 17153 1086
153 17153 1086
154 17153 1086
155 17153 1086
156 17153 1088
157 17153 1089
158 17153 1089
159 17153 1089
160 17153 1089
161 17153 1089
162 17153 1089
163 17153 1089
164 17153 1089
165 17153 1089
166 17153 1089
167 17153 1089
168 17153 1089
169 17153 1089
170 17153 1089
171 17153 1089
172 17153 1091
173 17153 1090
174 17153 1090
175 17153 1090
176 17153 1090
177 17153 1090
178 17153 1089
179 17153 1089
180 17153 1086
181 17153 1086
182 17159 1086
183 17159 1086
184 17159 1086
185 17159 1086
186 17159 1084
187 17159 1077
188 17159 1077
189 17159 1077
190 18403 1123
191 18403 1123
192 18403 1123
193 18403 1123
194 18403 1124
195 18403 1123
196 18403 1123
197 18403 1123
198 18403 1120
199 18403 1120
200 18403 1123
201 18403 1123
202 18403 1122
203 18403 1122
204 18403 1122
205 18403 1122
206 18408 1122
207 18408 1123
208 18408 1122
209 18408 1122
210 18408 1122
211 18408 1122
212 18408 1121
213 18408 1121
214 18408 1121
215 18408 1121
216 18408 1121
217 18408 1121
218 18408 1121
219 18408 1121
220 18408 1121
221 18408 1121
222 18408 1121
223 18413 1116
224 18413 1117
225 18413 1116
226 18413 1116
227 18411 1116
228 18411 1116
229 18411 1116
230 18411 1116
231 18411 1115
232 18411 1115
233 18411 1115
234 18411 1115
235 18411 1115
236 18411 1120
237 18411 1121
238 18411 1121
239 18411 1121
240 18411 1121
241 18411 1123
242 18411 1123
243 18411 1123
244 18411 1123
245 18411 1123
246 18411 1123
247 18411 1123
248 18411 1123
249 18411 1126
250 18411 1126
251 18411 1126
252 18411 1126
253 19709 1203
254 19710 1204
255 19710 1207
256 19710 1207
257 19710 1207
258 19710 1207
259 19710 1207
260 19710 1207
261 20003 1225
262 20005 1222
263 20005 1222
264 20005 1222
265 20005 1223
266 20005 1221
267 20005 1221
268 20005 1221
269 20005 1221
270 20005 1221
271 20005 1221
272 20005 1219
273 20005 1219
274 20005 1219
275 20005 1219
276 20005 1219
277 20005 1219
278 20005 1219
279 20005 1219
280 20005 1219
281 20005 1218
282 20005 1218
283 20005 1214
284 20005 1214
285 20005 1214
286 20005 1214
287 20005 1214
288 20005 1214
289 20005 1214
290 20005 1214
291 20005 1211
292 20005 1211
293 20005 1211
294 20005 1211
295 20005 1211
296 20005 1211
297 20005 1211
298 21984 1329
299 21984 1329
300 21984 1326
301 21984 1326
302 21984 1324
303 21984 1322
304 21984 1322
305 21984 1321
306 21984 1321
307 21984 1321
308 22014 1325
309 18456 1081
310 18456 1079
311 18456 1079
312 18456 1079
313 18456 1079
314 18456 1081
315 18456 1084
316 18456 1084
317 18456 1084
318 18456 1084
319 18456 1084
320 18456 1084
321 18456 1084
322 18456 1083
323 18456 1083
324 18454 1083
325 18454 1083
326 18454 1083
327 18454 1083
328 18454 1083
329 18454 1083
330 18453 1082
331 18453 1082
332 18453 1082
333 18453 1082
334 18453 1083
335 18453 1083
336 18453 1083
337 18449 1083
338 18449 1081
339 18449 1083
340 18449 1083
341 18449 1083
342 18449 1083
343 18449 1083
344 18449 1083
345 18449 1083
346 18449 1083
347 18449 1083
348 18449 1082
349 18449 1082
350 18449 1082
351 18449 1083
352 18449 1083
353 18449 1083
354 18449 1081
355 16239 946
356 16535 958
357 16535 957
358 16535 957
359 16535 957
360 16535 957
361 16535 956
362 16535 956
363 16535 958
364 16535 958
365 16535 958
366 16535 958
367 16535 958
368 16535 958
369 16535 958
370 16535 958
371 16535 958
372 16535 958
373 16535 958
374 16535 958
375 16535 958
376 16535 958
377 16535 958
378 16535 957
379 16535 956
380 16535 958
381 16535 958
382 16535 958
383 16540 958
384 16540 958
385 16540 958
386 16540 961
387 16540 961
388 16540 961
389 16540 961
390 16540 961
391 16540 961
392 16540 955
393 17938 1038
394 17938 1039
395 17938 1039
396 17938 1039
397 17938 1039
398 17938 1039
399 17938 1039
400 17938 1039
401 17938 1037
402 17938 1039
403 17938 1039
404 17938 1039
405 17938 1039
406 17938 1038
407 17938 1038
408 17938 1038
409 17938 1037
410 17938 1037
411 17938 1037
412 17938 1037
413 17938 1037
414 17938 1037
415 17938 1037
416 17938 1037
417 17938 1037
418 17938 1038
419 17938 1038
420 17938 1045
421 19015 1113
422 19015 1113
423 19015 1113
424 19015 1113
425 19015 1113
426 19015 1113
427 19015 1113
428 19017 1113
429 19017 1113
430 19017 1111
431 19017 1114
432 19017 1114
433 19017 1114
434 19014 1114
435 19014 1114
436 19014 1114
437 19014 1114
438 19014 1112
439 19014 1112
440 19014 1112
441 19014 1112
442 19014 1112
443 19014 1113
444 19014 1113
445 19014 1113
446 19014 1113
447 19014 1113
448 19014 1113
449 19014 1113
450 19014 1113
451 19020 1114
452 19020 1114
453 19020 1114
454 19020 1114
455 19020 1116
456 19020 1116
457 19020 1116
458 19020 1118
459 19020 1118
460 19020 1118
461 19020 1117
462 19020 1117
463 19020 1117
464 19020 1117
465 19020 1117
466 19020 1118
467 19020 1120
468 19020 1120
469 19020 1120
470 19020 1120
471 19020 1120
472 19020 1120
473 19020 1120
474 19020 1120
475 19020 1120
476 19020 1120
477 19020 1120
478 19020 1120
479 19020 1120
480 19020 1120
481 19020 1120
482 19020 1120
483 19020 1120
484 19020 1120
485 19020 1120
486 19020 1120
487 19133 1127
488 19133 1127
489 19133 1127
490 19133 1127
491 19133 1127
492 19133 1127
493 19133 1127
494 19133 1127
495 19133 1125
496 19133 1125
497 19133 1125
498 19128 1124
499 19128 1124
500 19128 1124
501 19128 1124
502 19128 1123
503 19128 1123
504 19128 1123
505 19128 1125
506 19128 1125
507 19128 1126
508 19128 1126
509 19128 1127
510 19128 1127
511 19128 1127
512 19128 1124
513 19128 1126
514 19128 1126
515 19128 1126
516 19128 1126
517 19128 1125
518 19128 1121
519 19128 1121
520 19128 1123
521 19128 1123
522 19128 1124
523 19128 1124
524 19134 1125
525 19134 1125
526 19134 1125
527 19134 1125
528 19134 1124
529 19134 1123
530 19134 1121
531 19134 1121
532 19134 1121
533 19134 1121
534 19134 1121
535 19298 1125
536 19298 1125
537 19298 1125
538 19298 1125
539 19298 1125
540 19298 1125
541 19298 1125
542 19298 1125
543 19298 1125
544 19298 1125
545 19298 1125
546 19298 1127
547 19298 1128
548 19298 1128
549 19298 1128
550 19298 1129
551 19298 1132
552 20139 1180
553 20139 1180
554 20139 1180
555 20139 1179
556 20139 1179
557 20139 1179
558 20139 1179
559 20139 1179
560 20139 1179
561 20139 1179
562 20139 1179
563 20139 1179
564 20139 1179
565 20139 1179
566 20139 1179
567 20139 1179
568 20139 1179
569 20139 1179
570 20139 1179
571 20276 1183
572 20276 1183
573 20276 1183
574 20276 1183
575 20276 1183
576 20276 1183
577 20276 1183
578 20276 1181
579 20276 1182
580 20276 1182
581 20276 1182
582 20276 1182
583 20276 1185
584 20276 1185
585 20276 1185
586 20276 1185
587 20276 1185
588 20276 1188
589 20276 1188
590 20279 1190
591 20279 1190
592 20279 1190
593 20279 1190
594 20279 1188
595 20279 1188
596 20279 1189
597 20279 1189
598 20279 1189
599 20279 1189
600 20279 1191
601 20279 1191
602 20279 1191
603 20279 1195
604 20279 1195
605 20279 1195
606 20680 1213
607 20680 1212
608 20680 1214
609 20852 1225
610 20852 1225
611 20852 1227
612 20852 1227
613 20852 1227
614 20852 1227
615 20852 1227
616 20852 1227
617 20852 1227
618 20852 1227
619 20853 1227
620 20853 1227
621 20853 1227
622 20853 1225
623 20853 1225
624 20853 1225
625 20853 1226
626 20853 1226
627 20853 1227
628 20853 1227
629 20853 1227
630 20853 1227
631 20853 1226
632 20853 1226
633 20853 1226
634 20853 1228
635 20853 1228
636 20853 1228
637 20853 1228
638 20853 1227
639 20853 1227
640 20853 1227
641 20853 1227
642 20853 1227
643 20853 1227
644 20853 1227
645 20853 1227
646 20853 1228
647 20853 1227
648 20853 1227
649 20853 1227
650 20853 1227
651 20853 1227
652 20853 1227
653 20853 1228
654 20851 1227
655 20851 1227
656 20850 1227
657 20850 1227
658 20850 1227
659 20850 1224
660 20850 1222
661 20850 1222
662 20850 1222
663 20850 1223
664 20850 1223
665 20850 1223
666 20850 1223
667 20850 1223
668 20850 1223
669 20850 1223
670 20849 1224
671 20849 1224
672 20849 1224
673 20849 1222
674 20849 1222
675 20849 1222
676 20849 1222
677 20849 1222
678 20849 1222
679 20849 1221
680 20849 1221
681 20849 1221
682 20849 1221
683 20849 1222
684 20849 1222
685 20849 1222
686 20849 1222
687 20849 1222
688 20849 1220
689 20849 1220
690 20849 1220
691 20849 1220
692 20849 1220
693 20849 1220
694 20846 1217
695 20846 1217
696 20846 1217
697 20846 1217
698 20846 1217
699 20846 1217
700 20846 1215
701 20846 1215
702 20846 1215
703 22073 1284
704 22073 1284
705 22073 1284
706 22073 1284
707 22073 1284
708 22073 1284
709 22073 1283
710 22073 1283
711 22073 1283
712 20186 1183
713 20186 1184
714 20186 1184
715 20186 1184
716 20186 1184
717 20186 1184
718 20186 1184
719 20186 1184
720 20186 1184
721 20186 1184
722 20186 1184
723 20186 1184
724 20186 1187
725 18729 1098
726 18729 1098
727 18729 1098
728 18730 1096
729 18730 1096
730 18730 1096
731 18730 1096
732 18730 1095
733 18730 1095
734 18730 1096
735 18730 1095
736 18730 1095
737 18730 1095
738 18730 1095
739 18730 1094
740 18729 1094
741 18729 1094
742 18729 1094
743 18729 1095
744 18729 1095
745 18728 1099
746 18728 1099
747 18728 1099
748 18728 1099
749 18728 1099
750 18728 1099
751 18728 1099
752 18728 1099
753 18728 1099
754 18728 1099
755 18728 1099
756 18728 1099
757 18728 1100
758 18728 1100
759 18728 1100
760 18728 1100
761 18728 1100
762 18728 1100
763 18728 1100
764 18728 1100
765 18728 1102
766 18728 1103
767 18728 1105
768 19202 1127
769 19202 1127
770 19202 1127
771 19202 1127
772 19202 1127
773 19202 1127
774 19202 1127
775 19202 1127
776 19202 1127
777 19202 1124
778 19202 1124
779 19202 1123
780 19202 1123
781 19202 1122
782 19202 1123
783 19202 1123
784 19202 1123
785 19202 1122
786 19202 1122
787 19202 1123
788 19202 1123
789 19202 1123
790 19202 1125
791 19202 1125
792 19202 1125
793 19202 1125
794 19202 1125
795 19202 1125
796 19202 1125
797 19202 1125
798 19202 1129
799 19202 1129
800 19202 1129
801 19202 1129
802 19202 1129
803 19202 1129
804 19202 1129
805 19202 1131
806 19202 1131
807 19202 1128
808 19202 1129
809 19202 1129
810 19202 1129
811 19202 1129
812 19202 1128
813 19202 1128
814 19202 1128
815 19202 1128
816 19202 1128
817 19202 1128
818 19202 1128
819 19202 1128
820 19202 1128
821 19202 1129
822 19276 1132
823 19270 1130
824 19270 1130
825 19270 1130
826 19270 1128
827 19269 1128
828 19269 1128
829 19269 1128
830 19269 1128
831 19269 1129
832 19269 1129
833 19269 1128
834 19269 1127
835 19269 1127
836 19269 1127
837 19269 1125
838 19414 1133
839 19414 1133
840 19414 1133
841 19414 1133
842 19414 1133
843 19414 1133
844 19414 1133
845 19414 1133
846 19414 1133
847 19414 1133
848 19414 1137
849 19414 1137
850 19414 1137
851 19414 1137
852 19116 1116
853 19116 1116
854 19116 1116
855 19116 1116
856 19116 1116
857 19116 1116
858 19116 1116
859 19116 1116
860 19116 1116
861 19116 1116
862 19116 1116
863 20092 1180
864 20092 1180
865 20097 1179
866 20097 1179
867 20097 1179
868 20097 1179
869 20097 1179
870 20097 1179
871 20097 1179
872 20097 1179
873 20097 1176
874 20097 1176
875 20097 1176
876 20097 1176
877 20097 1176
878 20097 1176
879 20097 1176
880 20097 1174
881 20097 1179
882 20097 1179
883 20097 1179
884 20097 1179
885 20097 1180
886 20097 1180
887 20097 1180
888 20097 1180
889 20097 1182
890 20097 1182
891 19708 1162
892 19708 1162
893 19708 1162
894 19708 1162
895 19708 1163
896 19708 1163
897 19708 1163
898 19708 1164
899 19708 1164
900 19708 1158
901 19708 1158
902 19708 1158
903 19708 1158
904 19708 1158
905 19708 1158
906 19708 1155
907 19708 1155
908 19708 1155
909 19708 1155
910 19708 1155
911 19708 1159
912 19708 1159
913 19708 1159
914 19708 1159
915 19708 1159
916 19710 1159
917 19710 1158
918 19710 1158
919 19710 1158
920 19710 1162
921 19710 1162
922 19710 1162
923 19710 1162
924 19710 1162
925 19710 1162
926 19710 1162
927 19710 1162
928 19710 1162
929 19710 1162
930 19710 1162
931 19710 1162
932 19710 1162
933 19710 1162
934 19710 1162
935 19710 1162
936 19710 1162
937 19710 1158
938 19710 1158
939 19710 1158
940 19710 1158
941 19710 1158
942 19710 1158
943 19710 1158
944 19710 1158
945 19710 1158
946 19710 1158
947 19710 1158
948 19710 1158
949 19710 1158
950 19711 1160
951 19711 1160
952 19711 1160
953 19711 1160
954 19711 1160
955 19711 1162
956 19711 1162
957 19708 1162
958 19708 1162
959 19708 1162
960 19708 1162
961 19708 1162
962 19708 1162
963 19708 1162
964 19708 1162
965 19708 1161
966 19708 1165
967 19708 1165
968 19708 1165
969 19708 1165
970 19708 1165
971 19708 1164
972 19708 1164
973 19708 1164
974 19708 1164
975 19708 1166
976 19708 1166
977 19708 1166
978 19708 1166
979 19708 1166
980 19708 1166
981 20615 1232
982 20615 1232
983 20615 1230
984 20615 1230
985 20615 1229
986 20615 1229
987 20615 1229
988 20615 1229
989 20615 1229
990 20615 1232
991 20615 1233
992 20615 1234
993 20611 1234
994 20611 1234
995 20611 1234
996 20611 1234
997 20611 1233
998 20611 1233
999 20611 1233
1000 20611 1233
