# -------------------------------------------
#  Lineage individuals non-coding statistics 
# -------------------------------------------
# 
#  1. Generation
#  2. Number of bp not included in any CDS
#  3. Number of bp not included in any functional CDS
#  4. Number of bp not included in any non functional CDS
#  5. Number of bp not included in any RNA
#  6. Number of bp not included in any coding RNA
#  7. Number of bp not included in any non coding RNA
#  8. Number of non essential bp
#  9. Number of non essential bp including non fonctional genes
# 
# NOTE: a bp is considered "essential" when it is part of any [functional] CDS
#   or any promoter or terminator corresponding to an RNA transcribing a [functional] CDS.
# 
0 4939 4939 5000 3933 4876 4057 4906 4906
1 4902 4902 5000 4000 4767 4124 4841 4841
2 4902 4902 5000 4000 4767 4124 4841 4841
3 4902 4902 5000 4000 4767 4124 4841 4841
4 7002 7002 7198 5546 6732 5794 6880 6880
5 7002 7002 7198 5546 6732 5794 6880 6880
6 7002 7002 7198 5546 6732 5794 6880 6880
7 7002 7002 7198 5546 6732 5794 6880 6880
8 7002 7002 7198 5546 6732 5794 6880 6880
9 7002 7002 7198 5546 6732 5794 6880 6880
10 7002 7002 7198 5546 6732 5794 6880 6880
11 9615 9615 9909 7723 9210 8095 9432 9432
12 9615 9615 9909 7723 9210 8095 9432 9432
13 9615 9615 9909 7672 9210 8044 9432 9432
14 9615 9615 9909 7672 9210 8044 9432 9432
15 9859 9859 10199 7825 9401 8296 9643 9643
16 9859 9859 10199 7825 9401 8296 9643 9643
17 9859 9859 10199 7825 9401 8296 9643 9643
18 9859 9859 10199 7825 9401 8296 9643 9643
19 9859 9859 10199 7825 9401 8296 9643 9643
20 9859 9859 10199 7825 9401 8296 9643 9643
21 9859 9859 10199 7825 9401 8296 9643 9643
22 9865 9865 10199 7897 9384 8385 9649 9649
23 9865 9865 10199 7897 9384 8385 9649 9649
24 9865 9865 10199 7897 9384 8385 9649 9649
25 9865 9865 10199 7897 9384 8385 9649 9649
26 9865 9865 10199 7963 9384 8560 9649 9649
27 9865 9865 10199 7963 9384 8560 9649 9649
28 9865 9865 10199 7963 9384 8560 9649 9649
29 9865 9865 10199 7963 9384 8560 9649 9649
30 9865 9865 10199 7963 9384 8560 9649 9649
31 9865 9865 10199 7967 9384 8564 9649 9649
32 9865 9865 10199 7967 9384 8564 9649 9649
33 9859 9859 10199 7905 9378 8530 9643 9643
34 9861 9861 10201 7907 9380 8532 9645 9645
35 16483 16483 17080 13255 15646 14406 16112 16112
36 16483 16483 17080 13255 15646 14406 16112 16112
37 16544 16544 17080 13352 15770 14379 16206 16206
38 16544 16544 17080 13352 15770 14379 16206 16206
39 16581 16581 17080 13366 15879 14393 16271 16271
40 13335 13335 13773 10596 12743 11441 13058 13058
41 13335 13335 13773 10596 12743 11441 13058 13058
42 13335 13335 13773 10596 12743 11441 13058 13058
43 13335 13335 13773 10596 12743 11441 13058 13058
44 13356 13356 13773 10654 12801 11441 13090 13090
45 13356 13356 13773 10607 12801 11394 13090 13090
46 13356 13356 13773 10607 12801 11394 13090 13090
47 13356 13356 13773 10607 12801 11394 13090 13090
48 13356 13356 13773 10612 12806 11394 13095 13095
49 13356 13356 13773 10612 12806 11394 13095 13095
50 13356 13356 13773 10612 12806 11394 13095 13095
51 13356 13356 13773 10612 12806 11394 13095 13095
52 13351 13351 13768 10634 12801 11427 13090 13090
53 13351 13351 13768 10634 12801 11427 13090 13090
54 13351 13351 13768 10634 12801 11427 13090 13090
55 13351 13351 13768 10634 12801 11427 13090 13090
56 13351 13351 13768 10690 12801 11483 13090 13090
57 13351 13351 13768 10690 12801 11483 13090 13090
58 13351 13351 13768 10690 12801 11483 13090 13090
59 13357 13357 13768 10696 12812 11368 13099 13099
60 13357 13357 13768 10696 12812 11368 13099 13099
61 13357 13357 13768 10696 12812 11368 13099 13099
62 13357 13357 13768 10696 12812 11368 13099 13099
63 13357 13357 13768 10697 12812 11369 13099 13099
64 13357 13357 13768 10697 12812 11369 13099 13099
65 13357 13357 13768 10697 12812 11369 13099 13099
66 13357 13357 13768 10697 12812 11369 13099 13099
67 13357 13357 13768 10697 12812 11369 13099 13099
68 13357 13357 13768 10697 12812 11369 13099 13099
69 13357 13357 13768 10697 12812 11369 13099 13099
70 13357 13357 13768 10697 12812 11369 13099 13099
71 13357 13357 13768 10697 12812 11369 13099 13099
72 13357 13357 13768 10697 12812 11369 13099 13099
73 13357 13357 13768 10697 12812 11369 13099 13099
74 13354 13354 13768 10721 12783 11422 13086 13086
75 13354 13354 13768 10721 12783 11422 13086 13086
76 13354 13354 13768 10721 12783 11422 13086 13086
77 13354 13354 13768 10721 12783 11422 13086 13086
78 13354 13354 13768 10721 12783 11422 13086 13086
79 16160 16160 16648 13016 15448 13845 15839 15839
80 16160 16160 16648 13016 15448 13845 15839 15839
81 16197 16197 16648 12988 15557 13708 15904 15904
82 16197 16197 16648 12988 15557 13708 15904 15904
83 16197 16197 16648 12988 15557 13708 15904 15904
84 16197 16197 16648 12964 15557 13684 15904 15904
85 18174 18174 18671 14318 17441 15090 17848 17848
86 18174 18174 18671 14318 17441 15090 17848 17848
87 18174 18174 18671 14296 17441 15068 17848 17848
88 18174 18174 18671 14296 17441 15068 17848 17848
89 18174 18174 18671 14296 17441 15068 17848 17848
90 18174 18174 18671 14296 17441 15068 17848 17848
91 18174 18174 18671 14296 17441 15068 17848 17848
92 18174 18174 18671 14296 17441 15068 17848 17848
93 18174 18174 18671 14296 17441 15068 17848 17848
94 18174 18174 18671 14296 17441 15068 17848 17848
95 18174 18174 18671 14296 17441 15068 17848 17848
96 18174 18174 18671 14334 17441 15106 17848 17848
97 18174 18174 18671 14334 17441 15106 17848 17848
98 18174 18174 18671 14334 17441 15106 17848 17848
99 18174 18174 18671 14334 17441 15106 17848 17848
100 18174 18174 18671 14334 17441 15106 17848 17848
101 23103 23103 23747 17955 22138 19019 22678 22678
102 23103 23103 23747 17914 22138 18978 22678 22678
103 23103 23103 23747 17914 22138 18978 22678 22678
104 23104 23104 23748 17915 22139 18979 22679 22679
105 23104 23104 23748 17915 22139 18979 22679 22679
106 23104 23104 23748 17906 22139 18970 22679 22679
107 23104 23104 23748 17906 22139 18970 22679 22679
108 23095 23095 23748 17899 22132 18970 22672 22672
109 23095 23095 23748 17899 22132 18970 22672 22672
110 23093 23093 23748 17895 22202 18886 22698 22698
111 16597 16597 17151 13076 15845 13827 16268 16268
112 16597 16597 17151 13076 15845 13827 16268 16268
113 16597 16597 17151 13076 15845 13827 16268 16268
114 16597 16597 17151 13076 15845 13827 16268 16268
115 16597 16597 17151 13076 15845 13827 16268 16268
116 16597 16597 17151 13076 15845 13827 16268 16268
117 16597 16597 17151 13076 15845 13827 16268 16268
118 16597 16597 17151 13076 15845 13827 16268 16268
119 16597 16597 17151 13076 15845 13827 16268 16268
120 16597 16597 17151 13076 15845 13827 16268 16268
121 16597 16597 17151 13076 15845 13827 16268 16268
122 16597 16597 17151 13076 15845 13827 16268 16268
123 16599 16599 17153 13088 15826 13855 16249 16249
124 16599 16599 17153 13088 15826 13855 16249 16249
125 16599 16599 17153 13088 15826 13855 16249 16249
126 16599 16599 17153 13088 15826 13855 16249 16249
127 16599 16599 17153 13088 15826 13855 16249 16249
128 16599 16599 17153 13088 15826 13855 16249 16249
129 16599 16599 17153 13088 15826 13855 16249 16249
130 16599 16599 17153 13088 15826 13855 16249 16249
131 16599 16599 17153 13088 15826 13855 16249 16249
132 16599 16599 17153 13088 15826 13855 16249 16249
133 16599 16599 17153 13088 15826 13855 16249 16249
134 16599 16599 17153 13088 15826 13855 16249 16249
135 16581 16581 17153 13072 15811 13803 16237 16237
136 16581 16581 17153 13072 15811 13803 16237 16237
137 16581 16581 17153 13072 15811 13803 16237 16237
138 16581 16581 17153 13011 15811 13742 16237 16237
139 16581 16581 17153 13011 15811 13742 16237 16237
140 16581 16581 17153 13011 15811 13742 16237 16237
141 16581 16581 17153 13011 15811 13742 16237 16237
142 16581 16581 17153 13011 15811 13742 16237 16237
143 16581 16581 17153 13011 15811 13742 16237 16237
144 16581 16581 17153 12987 15811 13718 16237 16237
145 16581 16581 17153 12987 15811 13718 16237 16237
146 16581 16581 17153 13001 15811 13732 16237 16237
147 16581 16581 17153 13001 15811 13732 16237 16237
148 16581 16581 17153 13001 15811 13732 16237 16237
149 16581 16581 17153 13001 15811 13732 16237 16237
150 16581 16581 17153 13001 15811 13732 16237 16237
151 16581 16581 17153 13001 15811 13732 16237 16237
152 16581 16581 17153 13001 15811 13732 16237 16237
153 16581 16581 17153 13015 15811 13746 16237 16237
154 16581 16581 17153 13015 15811 13746 16237 16237
155 16581 16581 17153 13071 15811 13802 16237 16237
156 16584 16584 17153 13100 15840 13802 16250 16250
157 16584 16584 17153 13103 15840 13805 16250 16250
158 16584 16584 17153 13103 15840 13805 16250 16250
159 16584 16584 17153 13103 15840 13805 16250 16250
160 16584 16584 17153 13103 15840 13805 16250 16250
161 16584 16584 17153 13103 15840 13805 16250 16250
162 16584 16584 17153 13103 15840 13805 16250 16250
163 16584 16584 17153 13103 15840 13805 16250 16250
164 16584 16584 17153 13103 15840 13805 16250 16250
165 16584 16584 17153 13103 15840 13805 16250 16250
166 16584 16584 17153 13103 15840 13805 16250 16250
167 16574 16574 17153 13075 15856 13756 16250 16250
168 16574 16574 17153 13075 15856 13756 16250 16250
169 16574 16574 17153 13075 15856 13756 16250 16250
170 16574 16574 17153 13075 15856 13756 16250 16250
171 16574 16574 17153 13075 15856 13756 16250 16250
172 16574 16574 17153 13040 15856 13721 16250 16250
173 16574 16574 17153 13026 15856 13707 16250 16250
174 16574 16574 17153 13026 15856 13707 16250 16250
175 16574 16574 17153 13026 15856 13707 16250 16250
176 16574 16574 17153 13026 15856 13707 16250 16250
177 16574 16574 17153 13026 15856 13707 16250 16250
178 16574 16574 17153 13060 15856 13741 16250 16250
179 16574 16574 17153 13060 15856 13741 16250 16250
180 16580 16580 17153 13029 15878 13710 16256 16256
181 16580 16580 17153 13046 15878 13727 16256 16256
182 16586 16586 17159 13068 15884 13749 16262 16262
183 16586 16586 17159 13068 15884 13749 16262 16262
184 16586 16586 17159 13068 15884 13749 16262 16262
185 16586 16586 17159 13068 15884 13749 16262 16262
186 16586 16586 17159 13032 15884 13713 16262 16262
187 16586 16586 17159 12903 15884 13584 16262 16262
188 16586 16586 17159 12903 15884 13584 16262 16262
189 16586 16586 17159 12903 15884 13584 16262 16262
190 17830 17830 18403 13640 17128 14321 17506 17506
191 17830 17830 18403 13640 17128 14321 17506 17506
192 17830 17830 18403 13640 17128 14321 17506 17506
193 17830 17830 18403 13640 17128 14321 17506 17506
194 17830 17830 18403 13671 17128 14352 17506 17506
195 17830 17830 18403 13741 17128 14422 17506 17506
196 17830 17830 18403 13741 17128 14422 17506 17506
197 17830 17830 18403 13741 17128 14422 17506 17506
198 17830 17830 18403 13741 17128 14422 17506 17506
199 17830 17830 18403 13741 17128 14422 17506 17506
200 17830 17830 18403 13741 17128 14422 17506 17506
201 17830 17830 18403 13741 17128 14422 17506 17506
202 17830 17830 18403 13741 17128 14422 17506 17506
203 17830 17830 18403 13741 17128 14422 17506 17506
204 17830 17830 18403 13741 17128 14422 17506 17506
205 17830 17830 18403 13741 17128 14422 17506 17506
206 17835 17835 18408 13746 17133 14427 17511 17511
207 17835 17835 18408 13777 17133 14458 17511 17511
208 17835 17835 18408 13777 17133 14458 17511 17511
209 17835 17835 18408 13777 17133 14458 17511 17511
210 17835 17835 18408 13777 17133 14458 17511 17511
211 17835 17835 18408 13777 17133 14458 17511 17511
212 17835 17835 18408 13811 17133 14492 17511 17511
213 17835 17835 18408 13811 17133 14492 17511 17511
214 17835 17835 18408 13811 17133 14492 17511 17511
215 17835 17835 18408 13811 17133 14492 17511 17511
216 17835 17835 18408 13811 17133 14492 17511 17511
217 17835 17835 18408 13811 17133 14492 17511 17511
218 17835 17835 18408 13811 17133 14492 17511 17511
219 17835 17835 18408 13811 17133 14492 17511 17511
220 17835 17835 18408 13811 17133 14492 17511 17511
221 17835 17835 18408 13811 17133 14492 17511 17511
222 17835 17835 18408 13811 17133 14492 17511 17511
223 17840 17840 18413 13801 17134 14466 17510 17510
224 17840 17840 18413 13801 17134 14466 17510 17510
225 17840 17840 18413 13816 17134 14481 17510 17510
226 17840 17840 18413 13816 17134 14481 17510 17510
227 17838 17838 18411 13814 17132 14479 17508 17508
228 17838 17838 18411 13814 17132 14479 17508 17508
229 17762 17762 18411 13792 16982 14520 17402 17402
230 17762 17762 18411 13792 16982 14520 17402 17402
231 17762 17762 18411 13739 16982 14467 17402 17402
232 17762 17762 18411 13739 16982 14467 17402 17402
233 17762 17762 18411 13739 16982 14467 17402 17402
234 17762 17762 18411 13739 16982 14467 17402 17402
235 17762 17762 18411 13739 16982 14467 17402 17402
236 17762 17762 18411 13744 16982 14472 17402 17402
237 17762 17762 18411 13744 16982 14472 17402 17402
238 17762 17762 18411 13744 16982 14472 17402 17402
239 17762 17762 18411 13744 16982 14472 17402 17402
240 17762 17762 18411 13744 16982 14472 17402 17402
241 17762 17762 18411 13650 16982 14378 17402 17402
242 17762 17762 18411 13650 16982 14378 17402 17402
243 17762 17762 18411 13650 16982 14378 17402 17402
244 17762 17762 18411 13666 16982 14394 17402 17402
245 17762 17762 18411 13664 16982 14392 17402 17402
246 17762 17762 18411 13664 16982 14392 17402 17402
247 17762 17762 18411 13682 16982 14410 17402 17402
248 17762 17762 18411 13682 16982 14410 17402 17402
249 17762 17762 18411 13675 16982 14403 17402 17402
250 17762 17762 18411 13675 16982 14403 17402 17402
251 17762 17762 18411 13675 16982 14403 17402 17402
252 17762 17762 18411 13675 16982 14403 17402 17402
253 19060 19060 19709 14681 18280 15409 18700 18700
254 19061 19061 19710 14682 18281 15410 18701 18701
255 19061 19061 19710 14740 18281 15468 18701 18701
256 19061 19061 19710 14740 18281 15468 18701 18701
257 19055 19055 19710 14756 18297 15468 18695 18695
258 19055 19055 19710 14756 18297 15468 18695 18695
259 19055 19055 19710 14756 18297 15468 18695 18695
260 19055 19055 19710 14756 18297 15468 18695 18695
261 19348 19348 20003 15012 18590 15724 18988 18988
262 19350 19350 20005 15014 18592 15726 18990 18990
263 19350 19350 20005 15014 18592 15726 18990 18990
264 19350 19350 20005 15014 18592 15726 18990 18990
265 19350 19350 20005 15014 18592 15726 18990 18990
266 19350 19350 20005 14987 18592 15699 18990 18990
267 19350 19350 20005 14987 18592 15699 18990 18990
268 19350 19350 20005 14987 18592 15699 18990 18990
269 19350 19350 20005 14987 18592 15699 18990 18990
270 19350 19350 20005 14987 18592 15699 18990 18990
271 19350 19350 20005 14987 18592 15699 18990 18990
272 19350 19350 20005 14902 18592 15614 18990 18990
273 19350 19350 20005 14902 18592 15614 18990 18990
274 19350 19350 20005 14902 18592 15614 18990 18990
275 19350 19350 20005 14902 18592 15614 18990 18990
276 19350 19350 20005 14902 18592 15614 18990 18990
277 19350 19350 20005 14902 18592 15614 18990 18990
278 19350 19350 20005 14902 18592 15614 18990 18990
279 19350 19350 20005 14902 18592 15614 18990 18990
280 19350 19350 20005 14861 18592 15573 18990 18990
281 19350 19350 20005 14861 18592 15573 18990 18990
282 19350 19350 20005 14861 18592 15573 18990 18990
283 19350 19350 20005 14836 18592 15548 18990 18990
284 19350 19350 20005 14836 18592 15548 18990 18990
285 19350 19350 20005 14836 18592 15548 18990 18990
286 19350 19350 20005 14836 18592 15548 18990 18990
287 19350 19350 20005 14836 18592 15548 18990 18990
288 19350 19350 20005 14801 18592 15513 18990 18990
289 19350 19350 20005 14801 18592 15513 18990 18990
290 19350 19350 20005 14801 18592 15513 18990 18990
291 19350 19350 20005 14848 18592 15560 18990 18990
292 19350 19350 20005 14848 18592 15560 18990 18990
293 19350 19350 20005 14848 18592 15560 18990 18990
294 19350 19350 20005 14848 18592 15560 18990 18990
295 19350 19350 20005 14848 18592 15560 18990 18990
296 19350 19350 20005 14848 18592 15560 18990 18990
297 19350 19350 20005 14848 18592 15560 18990 18990
298 21274 21274 21984 16287 20477 17093 20881 20881
299 21274 21274 21984 16287 20477 17093 20881 20881
300 21274 21274 21984 16347 20477 17153 20881 20881
301 21274 21274 21984 16347 20477 17153 20881 20881
302 21274 21274 21984 16389 20477 17195 20881 20881
303 21274 21274 21984 16389 20477 17195 20881 20881
304 21274 21274 21984 16389 20477 17195 20881 20881
305 21274 21274 21984 16368 20477 17174 20881 20881
306 21274 21274 21984 16368 20477 17174 20881 20881
307 21274 21274 21984 16368 20477 17174 20881 20881
308 21304 21304 22014 16398 20507 17204 20911 20911
309 17746 17746 18456 13687 16949 14493 17353 17353
310 17746 17746 18456 13559 16946 14368 17353 17353
311 17746 17746 18456 13559 16946 14368 17353 17353
312 17746 17746 18456 13559 16946 14368 17353 17353
313 17746 17746 18456 13559 16946 14368 17353 17353
314 17746 17746 18456 13559 16946 14368 17353 17353
315 17738 17738 18456 13604 16888 14476 17334 17334
316 17738 17738 18456 13604 16888 14476 17334 17334
317 17738 17738 18456 13604 16888 14476 17334 17334
318 17738 17738 18456 13604 16888 14476 17334 17334
319 17738 17738 18456 13604 16888 14476 17334 17334
320 17738 17738 18456 13604 16888 14476 17334 17334
321 17738 17738 18456 13604 16888 14476 17334 17334
322 17738 17738 18456 13586 16888 14458 17334 17334
323 17738 17738 18456 13586 16888 14458 17334 17334
324 17736 17736 18454 13584 16886 14456 17332 17332
325 17736 17736 18454 13548 16886 14420 17332 17332
326 17736 17736 18454 13548 16886 14420 17332 17332
327 17736 17736 18454 13548 16886 14420 17332 17332
328 17736 17736 18454 13548 16886 14420 17332 17332
329 17736 17736 18454 13548 16886 14420 17332 17332
330 17735 17735 18453 13547 16885 14419 17331 17331
331 17735 17735 18453 13547 16885 14419 17331 17331
332 17735 17735 18453 13547 16885 14419 17331 17331
333 17735 17735 18453 13547 16885 14419 17331 17331
334 17735 17735 18453 13547 16885 14419 17331 17331
335 17735 17735 18453 13547 16885 14419 17331 17331
336 17735 17735 18453 13547 16885 14419 17331 17331
337 17731 17731 18449 13585 16881 14457 17327 17327
338 17731 17731 18449 13585 16881 14457 17327 17327
339 17731 17731 18449 13657 16881 14529 17327 17327
340 17731 17731 18449 13657 16881 14529 17327 17327
341 17731 17731 18449 13657 16881 14529 17327 17327
342 17731 17731 18449 13657 16881 14529 17327 17327
343 17731 17731 18449 13657 16881 14529 17327 17327
344 17731 17731 18449 13657 16881 14529 17327 17327
345 17731 17731 18449 13657 16881 14529 17327 17327
346 17740 17740 18449 13681 16895 14539 17339 17339
347 17740 17740 18449 13681 16895 14539 17339 17339
348 17740 17740 18449 13669 16895 14527 17339 17339
349 17740 17740 18449 13669 16895 14527 17339 17339
350 17740 17740 18449 13669 16895 14527 17339 17339
351 17740 17740 18449 13780 16895 14638 17339 17339
352 17740 17740 18449 13780 16895 14638 17339 17339
353 17740 17740 18449 13780 16895 14638 17339 17339
354 17740 17740 18449 13764 16895 14622 17339 17339
355 15530 15530 16239 11968 14685 12826 15129 15129
356 15771 15771 16535 12167 14884 13122 15337 15337
357 15771 15771 16535 12167 14884 13122 15337 15337
358 15771 15771 16535 12167 14884 13122 15337 15337
359 15771 15771 16535 12167 14884 13122 15337 15337
360 15771 15771 16535 12167 14884 13122 15337 15337
361 15771 15771 16535 12167 14884 13122 15337 15337
362 15771 15771 16535 12167 14884 13122 15337 15337
363 15771 15771 16535 12246 14884 13201 15337 15337
364 15771 15771 16535 12246 14884 13201 15337 15337
365 15771 15771 16535 12246 14884 13201 15337 15337
366 15771 15771 16535 12246 14884 13201 15337 15337
367 15771 15771 16535 12246 14884 13201 15337 15337
368 15771 15771 16535 12246 14884 13201 15337 15337
369 15771 15771 16535 12246 14884 13201 15337 15337
370 15771 15771 16535 12246 14884 13201 15337 15337
371 15771 15771 16535 12246 14884 13201 15337 15337
372 15771 15771 16535 12246 14884 13201 15337 15337
373 15771 15771 16535 12246 14884 13201 15337 15337
374 15771 15771 16535 12246 14884 13201 15337 15337
375 15771 15771 16535 12246 14884 13201 15337 15337
376 15771 15771 16535 12246 14884 13201 15337 15337
377 15771 15771 16535 12246 14884 13201 15337 15337
378 15771 15771 16535 12246 14884 13201 15337 15337
379 15777 15777 16535 12251 14889 13201 15342 15342
380 15777 15777 16535 12251 14889 13201 15342 15342
381 15777 15777 16535 12251 14889 13201 15342 15342
382 15777 15777 16535 12251 14889 13201 15342 15342
383 15782 15782 16540 12256 14894 13206 15347 15347
384 15782 15782 16540 12256 14894 13206 15347 15347
385 15782 15782 16540 12256 14894 13206 15347 15347
386 15782 15782 16540 12256 14894 13206 15347 15347
387 15782 15782 16540 12256 14894 13206 15347 15347
388 15782 15782 16540 12256 14894 13206 15347 15347
389 15782 15782 16540 12256 14894 13206 15347 15347
390 15782 15782 16540 12256 14894 13206 15347 15347
391 15782 15782 16540 12256 14894 13206 15347 15347
392 15782 15782 16540 12344 14894 13294 15347 15347
393 17140 17140 17938 13401 16217 14426 16674 16674
394 17140 17140 17938 13401 16217 14426 16674 16674
395 17140 17140 17938 13401 16217 14426 16674 16674
396 17140 17140 17938 13401 16217 14426 16674 16674
397 17140 17140 17938 13401 16217 14426 16674 16674
398 17140 17140 17938 13401 16217 14426 16674 16674
399 17140 17140 17938 13401 16217 14426 16674 16674
400 17140 17140 17938 13401 16217 14426 16674 16674
401 17140 17140 17938 13401 16217 14426 16674 16674
402 17140 17140 17938 13401 16217 14426 16674 16674
403 17140 17140 17938 13401 16217 14426 16674 16674
404 17140 17140 17938 13401 16217 14426 16674 16674
405 17140 17140 17938 13401 16217 14426 16674 16674
406 17137 17137 17938 13401 16188 14455 16671 16671
407 17137 17137 17938 13401 16188 14455 16671 16671
408 17137 17137 17938 13401 16188 14455 16671 16671
409 17137 17137 17938 13364 16188 14418 16671 16671
410 17137 17137 17938 13364 16188 14418 16671 16671
411 17137 17137 17938 13364 16188 14418 16671 16671
412 17137 17137 17938 13364 16188 14418 16671 16671
413 17137 17137 17938 13364 16188 14418 16671 16671
414 17137 17137 17938 13364 16188 14418 16671 16671
415 17137 17137 17938 13364 16188 14418 16671 16671
416 17137 17137 17938 13364 16188 14418 16671 16671
417 17137 17137 17938 13364 16188 14418 16671 16671
418 17137 17137 17938 13424 16188 14478 16671 16671
419 17137 17137 17938 13424 16188 14478 16671 16671
420 17137 17137 17938 13393 16188 14447 16671 16671
421 18101 18101 19015 14058 17042 15335 17569 17569
422 18101 18101 19015 14058 17042 15335 17569 17569
423 18101 18101 19015 14058 17042 15335 17569 17569
424 18101 18101 19015 14058 17042 15335 17569 17569
425 18101 18101 19015 14058 17042 15335 17569 17569
426 18101 18101 19015 14058 17042 15335 17569 17569
427 18101 18101 19015 14058 17042 15335 17569 17569
428 18103 18103 19017 14058 17044 15335 17571 17571
429 18103 18103 19017 14058 17044 15335 17571 17571
430 18103 18103 19017 14058 17044 15335 17571 17571
431 18103 18103 19017 14102 17044 15379 17571 17571
432 18103 18103 19017 14102 17044 15379 17571 17571
433 18103 18103 19017 14102 17044 15379 17571 17571
434 18100 18100 19014 14110 17041 15387 17568 17568
435 18100 18100 19014 14110 17041 15387 17568 17568
436 18100 18100 19014 14110 17041 15387 17568 17568
437 18100 18100 19014 14110 17041 15387 17568 17568
438 18100 18100 19014 14110 17041 15387 17568 17568
439 18100 18100 19014 14110 17041 15387 17568 17568
440 18100 18100 19014 14110 17041 15387 17568 17568
441 18100 18100 19014 14110 17041 15387 17568 17568
442 18100 18100 19014 14110 17041 15387 17568 17568
443 18100 18100 19014 14117 17041 15394 17568 17568
444 18100 18100 19014 14117 17041 15394 17568 17568
445 18100 18100 19014 14239 17041 15516 17568 17568
446 18100 18100 19014 14239 17041 15516 17568 17568
447 18100 18100 19014 14239 17041 15516 17568 17568
448 18100 18100 19014 14239 17041 15516 17568 17568
449 18100 18100 19014 14239 17041 15516 17568 17568
450 18100 18100 19014 14239 17041 15516 17568 17568
451 18106 18106 19020 14294 17047 15571 17574 17574
452 18106 18106 19020 14294 17047 15571 17574 17574
453 18106 18106 19020 14294 17047 15571 17574 17574
454 18097 18097 19020 14260 17045 15539 17572 17572
455 18097 18097 19020 14202 17045 15481 17572 17572
456 18097 18097 19020 14202 17045 15481 17572 17572
457 18097 18097 19020 14202 17045 15481 17572 17572
458 18097 18097 19020 14202 17045 15481 17572 17572
459 18097 18097 19020 14202 17045 15481 17572 17572
460 18097 18097 19020 14202 17045 15481 17572 17572
461 18097 18097 19020 14202 17045 15481 17572 17572
462 18097 18097 19020 14202 17045 15481 17572 17572
463 18097 18097 19020 14202 17045 15481 17572 17572
464 18097 18097 19020 14202 17045 15481 17572 17572
465 18097 18097 19020 14202 17045 15481 17572 17572
466 18097 18097 19020 14202 17045 15481 17572 17572
467 18097 18097 19020 14165 17045 15444 17572 17572
468 18097 18097 19020 14165 17045 15444 17572 17572
469 18091 18091 19020 14190 17048 15444 17570 17570
470 18091 18091 19020 14190 17048 15444 17570 17570
471 18091 18091 19020 14190 17048 15444 17570 17570
472 18091 18091 19020 14190 17048 15444 17570 17570
473 18091 18091 19020 14190 17048 15444 17570 17570
474 18091 18091 19020 14190 17048 15444 17570 17570
475 18091 18091 19020 14190 17048 15444 17570 17570
476 18091 18091 19020 14190 17048 15444 17570 17570
477 18091 18091 19020 14190 17048 15444 17570 17570
478 18091 18091 19020 14190 17048 15444 17570 17570
479 18091 18091 19020 14153 17048 15407 17570 17570
480 18091 18091 19020 14153 17048 15407 17570 17570
481 18091 18091 19020 14153 17048 15407 17570 17570
482 18091 18091 19020 14153 17048 15407 17570 17570
483 18091 18091 19020 14153 17048 15407 17570 17570
484 18091 18091 19020 14153 17048 15407 17570 17570
485 18091 18091 19020 14153 17048 15407 17570 17570
486 18091 18091 19020 14153 17048 15407 17570 17570
487 18204 18204 19133 14208 17161 15462 17683 17683
488 18204 18204 19133 14208 17161 15462 17683 17683
489 18204 18204 19133 14208 17161 15462 17683 17683
490 18207 18207 19133 14208 17197 15366 17715 17715
491 18207 18207 19133 14208 17197 15366 17715 17715
492 18207 18207 19133 14208 17197 15366 17715 17715
493 18207 18207 19133 14208 17197 15366 17715 17715
494 18207 18207 19133 14208 17197 15366 17715 17715
495 18207 18207 19133 14208 17197 15366 17715 17715
496 18207 18207 19133 14208 17197 15366 17715 17715
497 18207 18207 19133 14208 17197 15366 17715 17715
498 18202 18202 19128 14203 17192 15361 17710 17710
499 18202 18202 19128 14203 17192 15361 17710 17710
500 18202 18202 19128 14203 17192 15361 17710 17710
501 18202 18202 19128 14203 17192 15361 17710 17710
502 18202 18202 19128 14151 17192 15309 17710 17710
503 18202 18202 19128 14151 17192 15309 17710 17710
504 18202 18202 19128 14151 17192 15309 17710 17710
505 18183 18202 19109 14157 17091 15344 17710 17658
506 18183 18202 19109 14157 17091 15344 17710 17658
507 18183 18202 19109 14111 17091 15298 17710 17658
508 18183 18202 19109 14111 17091 15298 17710 17658
509 18183 18202 19109 14111 17091 15298 17710 17658
510 18183 18202 19109 14111 17091 15298 17710 17658
511 18183 18202 19109 14111 17091 15298 17710 17658
512 18183 18202 19109 14131 17091 15318 17710 17658
513 18183 18202 19109 14085 17091 15272 17710 17658
514 18183 18202 19109 14085 17091 15272 17710 17658
515 18183 18202 19109 14085 17091 15272 17710 17658
516 18183 18202 19109 14085 17091 15272 17710 17658
517 18183 18202 19109 14135 17091 15322 17710 17658
518 18183 18202 19109 14135 17091 15322 17710 17658
519 18183 18202 19109 14135 17091 15322 17710 17658
520 18183 18202 19109 14134 17091 15321 17710 17658
521 18183 18202 19109 14134 17091 15321 17710 17658
522 18183 18202 19109 14171 17091 15358 17710 17658
523 18183 18202 19109 14171 17091 15358 17710 17658
524 18189 18208 19115 14177 17097 15364 17716 17664
525 18189 18208 19115 14177 17097 15364 17716 17664
526 18189 18208 19115 14177 17097 15364 17716 17664
527 18189 18208 19115 14177 17097 15364 17716 17664
528 18189 18208 19115 14200 17097 15387 17716 17664
529 18189 18208 19115 14145 17097 15332 17716 17664
530 18189 18208 19115 14145 17097 15332 17716 17664
531 18189 18208 19115 14145 17097 15332 17716 17664
532 18189 18208 19115 14145 17097 15332 17716 17664
533 18189 18208 19115 14145 17097 15332 17716 17664
534 18189 18208 19115 14145 17097 15332 17716 17664
535 18353 18372 19279 14198 17261 15385 17880 17828
536 18353 18372 19279 14198 17261 15385 17880 17828
537 18353 18372 19279 14198 17261 15385 17880 17828
538 18353 18372 19279 14198 17261 15385 17880 17828
539 18353 18372 19279 14198 17261 15385 17880 17828
540 18353 18372 19279 14198 17261 15385 17880 17828
541 18353 18372 19279 14198 17261 15385 17880 17828
542 18353 18372 19279 14198 17261 15385 17880 17828
543 18353 18372 19279 14198 17261 15385 17880 17828
544 18353 18372 19279 14198 17261 15385 17880 17828
545 18353 18372 19279 14198 17261 15385 17880 17828
546 18353 18372 19279 14209 17261 15396 17880 17828
547 18353 18372 19279 14183 17261 15370 17880 17828
548 18353 18372 19279 14183 17261 15370 17880 17828
549 18353 18372 19279 14183 17261 15370 17880 17828
550 18353 18372 19279 14279 17336 15381 17888 17836
551 18353 18372 19279 14293 17336 15395 17888 17836
552 19194 19213 20120 14991 18177 16093 18729 18677
553 19194 19213 20120 14991 18177 16093 18729 18677
554 19194 19213 20120 14991 18177 16093 18729 18677
555 19194 19213 20120 14991 18177 16093 18729 18677
556 19194 19213 20120 14991 18177 16093 18729 18677
557 19194 19213 20120 14991 18177 16093 18729 18677
558 19194 19213 20120 14991 18177 16093 18729 18677
559 19194 19213 20120 14991 18177 16093 18729 18677
560 19194 19213 20120 14991 18177 16093 18729 18677
561 19194 19213 20120 14991 18177 16093 18729 18677
562 19194 19213 20120 14991 18177 16093 18729 18677
563 19194 19213 20120 14991 18177 16093 18729 18677
564 19194 19213 20120 14991 18177 16093 18729 18677
565 19194 19213 20120 14991 18177 16093 18729 18677
566 19194 19213 20120 14991 18177 16093 18729 18677
567 19179 19198 20101 14945 18131 16093 18703 18651
568 19179 19198 20101 14945 18131 16093 18703 18651
569 19179 19198 20101 14945 18131 16093 18703 18651
570 19179 19198 20101 14945 18131 16093 18703 18651
571 19316 19335 20238 15082 18268 16230 18840 18788
572 19316 19335 20238 15082 18268 16230 18840 18788
573 19316 19335 20238 15082 18268 16230 18840 18788
574 19316 19335 20238 15082 18268 16230 18840 18788
575 19316 19335 20238 15082 18268 16230 18840 18788
576 19316 19335 20238 15082 18268 16230 18840 18788
577 19316 19335 20238 15082 18268 16230 18840 18788
578 19316 19335 20238 15083 18268 16231 18840 18788
579 19316 19335 20238 15065 18268 16213 18840 18788
580 19316 19335 20238 15065 18268 16213 18840 18788
581 19316 19335 20238 15065 18268 16213 18840 18788
582 19316 19335 20238 15065 18268 16213 18840 18788
583 19316 19335 20238 15065 18268 16213 18840 18788
584 19316 19335 20238 15065 18268 16213 18840 18788
585 19316 19335 20238 15065 18268 16213 18840 18788
586 19316 19335 20238 15065 18268 16213 18840 18788
587 19316 19335 20238 15065 18268 16213 18840 18788
588 19316 19335 20238 15085 18268 16233 18840 18788
589 19316 19335 20238 15085 18268 16233 18840 18788
590 19319 19338 20241 15088 18271 16236 18843 18791
591 19319 19338 20241 15088 18271 16236 18843 18791
592 19319 19338 20241 15087 18271 16235 18843 18791
593 19319 19338 20241 15087 18271 16235 18843 18791
594 19319 19338 20241 15143 18271 16291 18843 18791
595 19319 19338 20241 15143 18271 16291 18843 18791
596 19343 19362 20241 15115 18311 16278 18867 18815
597 19343 19362 20241 15115 18311 16278 18867 18815
598 19343 19362 20241 15115 18311 16278 18867 18815
599 19343 19362 20241 15115 18311 16278 18867 18815
600 19343 19362 20241 15119 18311 16282 18867 18815
601 19343 19362 20241 15119 18311 16282 18867 18815
602 19343 19362 20241 15119 18311 16282 18867 18815
603 19343 19362 20241 15119 18311 16282 18867 18815
604 19343 19362 20241 15119 18311 16282 18867 18815
605 19343 19362 20241 15119 18311 16282 18867 18815
606 19744 19763 20642 15437 18712 16600 19268 19216
607 19744 19763 20642 15437 18712 16600 19268 19216
608 19744 19763 20642 15478 18712 16641 19268 19216
609 19916 19935 20814 15650 18884 16813 19440 19388
610 19892 19911 20814 15647 18881 16813 19416 19364
611 19892 19911 20814 15613 18881 16779 19416 19364
612 19892 19911 20814 15613 18881 16779 19416 19364
613 19892 19911 20814 15613 18881 16779 19416 19364
614 19892 19911 20814 15613 18881 16779 19416 19364
615 19892 19911 20814 15613 18881 16779 19416 19364
616 19892 19911 20814 15613 18881 16779 19416 19364
617 19892 19911 20814 15613 18881 16779 19416 19364
618 19892 19911 20814 15613 18881 16779 19416 19364
619 19893 19912 20815 15614 18882 16780 19417 19365
620 19893 19912 20815 15614 18882 16780 19417 19365
621 19893 19912 20815 15614 18882 16780 19417 19365
622 19893 19912 20815 15614 18882 16780 19417 19365
623 19893 19912 20815 15614 18882 16780 19417 19365
624 19893 19912 20815 15614 18882 16780 19417 19365
625 19893 19912 20815 15614 18882 16780 19417 19365
626 19893 19912 20815 15614 18882 16780 19417 19365
627 19893 19912 20815 15632 18882 16798 19417 19365
628 19893 19912 20815 15632 18882 16798 19417 19365
629 19893 19912 20815 15632 18882 16798 19417 19365
630 19893 19912 20815 15632 18882 16798 19417 19365
631 19893 19912 20815 15590 18882 16756 19417 19365
632 19893 19912 20815 15590 18882 16756 19417 19365
633 19893 19912 20815 15590 18882 16756 19417 19365
634 19893 19912 20815 15590 18882 16756 19417 19365
635 19893 19912 20815 15590 18882 16756 19417 19365
636 19893 19912 20815 15590 18882 16756 19417 19365
637 19893 19912 20815 15590 18882 16756 19417 19365
638 19893 19912 20815 15590 18882 16756 19417 19365
639 19893 19912 20815 15590 18882 16756 19417 19365
640 19893 19912 20815 15590 18882 16756 19417 19365
641 19893 19912 20815 15590 18882 16756 19417 19365
642 19893 19912 20815 15590 18882 16756 19417 19365
643 19893 19912 20815 15590 18882 16756 19417 19365
644 19893 19912 20815 15590 18882 16756 19417 19365
645 19893 19912 20815 15590 18882 16756 19417 19365
646 19893 19912 20815 15590 18882 16756 19417 19365
647 19893 19912 20815 15623 18882 16789 19417 19365
648 19893 19912 20815 15623 18882 16789 19417 19365
649 19893 19912 20815 15623 18882 16789 19417 19365
650 19893 19912 20815 15623 18882 16789 19417 19365
651 19893 19912 20815 15623 18882 16789 19417 19365
652 19893 19912 20815 15623 18882 16789 19417 19365
653 19893 19912 20815 15623 18882 16789 19417 19365
654 19891 19910 20813 15621 18880 16787 19415 19363
655 19891 19910 20813 15621 18880 16787 19415 19363
656 19890 19909 20812 15620 18879 16786 19414 19362
657 19890 19909 20812 15620 18879 16786 19414 19362
658 19890 19909 20812 15620 18879 16786 19414 19362
659 19890 19909 20812 15620 18879 16786 19414 19362
660 19890 19909 20812 15609 18879 16775 19414 19362
661 19890 19909 20812 15609 18879 16775 19414 19362
662 19890 19909 20812 15609 18879 16775 19414 19362
663 19882 19882 20831 15633 18955 16770 19389 19389
664 19882 19882 20831 15633 18955 16770 19389 19389
665 19882 19882 20831 15633 18955 16770 19389 19389
666 19882 19882 20831 15633 18955 16770 19389 19389
667 19882 19882 20831 15633 18955 16770 19389 19389
668 19882 19882 20831 15633 18955 16770 19389 19389
669 19882 19882 20831 15633 18955 16770 19389 19389
670 19881 19881 20830 15632 18954 16769 19388 19388
671 19881 19881 20830 15632 18954 16769 19388 19388
672 19881 19881 20830 15589 18954 16726 19388 19388
673 19872 19872 20830 15609 18974 16726 19388 19388
674 19872 19872 20830 15609 18974 16726 19388 19388
675 19872 19872 20830 15650 18974 16767 19388 19388
676 19872 19872 20830 15650 18974 16767 19388 19388
677 19872 19872 20830 15650 18974 16767 19388 19388
678 19872 19872 20830 15650 18974 16767 19388 19388
679 19872 19872 20830 15724 18974 16841 19388 19388
680 19872 19872 20830 15724 18974 16841 19388 19388
681 19872 19872 20830 15724 18974 16841 19388 19388
682 19872 19872 20830 15724 18974 16841 19388 19388
683 19872 19872 20830 15724 18974 16841 19388 19388
684 19872 19872 20830 15724 18974 16841 19388 19388
685 19872 19872 20830 15724 18974 16841 19388 19388
686 19872 19872 20830 15724 18974 16841 19388 19388
687 19872 19872 20830 15724 18974 16841 19388 19388
688 19872 19872 20830 15691 18974 16808 19388 19388
689 19872 19872 20830 15691 18974 16808 19388 19388
690 19872 19872 20830 15691 18974 16808 19388 19388
691 19872 19872 20830 15691 18974 16808 19388 19388
692 19872 19872 20830 15725 18974 16842 19388 19388
693 19872 19872 20830 15725 18974 16842 19388 19388
694 19869 19869 20827 15775 18971 16892 19385 19385
695 19869 19869 20827 15775 18971 16892 19385 19385
696 19869 19869 20827 15775 18971 16892 19385 19385
697 19869 19869 20827 15775 18971 16892 19385 19385
698 19869 19869 20827 15775 18971 16892 19385 19385
699 19869 19869 20827 15775 18971 16892 19385 19385
700 19863 19863 20827 15770 18948 16892 19376 19376
701 19863 19863 20827 15770 18948 16892 19376 19376
702 19863 19863 20827 15770 18948 16892 19376 19376
703 21090 21090 22054 16739 20175 17861 20603 20603
704 21090 21090 22054 16739 20175 17861 20603 20603
705 21090 21090 22054 16739 20175 17861 20603 20603
706 21090 21090 22054 16739 20175 17861 20603 20603
707 21090 21090 22054 16739 20175 17861 20603 20603
708 21090 21090 22054 16739 20175 17861 20603 20603
709 21090 21090 22054 16764 20175 17886 20603 20603
710 21090 21090 22054 16764 20175 17886 20603 20603
711 21090 21090 22054 16799 20175 17921 20603 20603
712 19203 19203 20167 15135 18288 16257 18716 18716
713 19203 19203 20167 15180 18288 16302 18716 18716
714 19203 19203 20167 15180 18288 16302 18716 18716
715 19203 19203 20167 15180 18288 16302 18716 18716
716 19203 19203 20167 15180 18288 16302 18716 18716
717 19203 19203 20167 15180 18288 16302 18716 18716
718 19203 19203 20167 15180 18288 16302 18716 18716
719 19203 19203 20167 15180 18288 16302 18716 18716
720 19203 19203 20167 15180 18288 16302 18716 18716
721 19203 19203 20167 15180 18288 16302 18716 18716
722 19203 19203 20167 15180 18288 16302 18716 18716
723 19203 19203 20167 15190 18288 16312 18716 18716
724 19203 19203 20167 15257 18288 16379 18716 18716
725 17746 17746 18710 13984 16831 15106 17259 17259
726 17746 17746 18710 13984 16831 15106 17259 17259
727 17746 17746 18710 13984 16831 15106 17259 17259
728 17747 17747 18711 13920 16832 15042 17260 17260
729 17747 17747 18711 13920 16832 15042 17260 17260
730 17747 17747 18711 13920 16832 15042 17260 17260
731 17747 17747 18711 13920 16832 15042 17260 17260
732 17747 17747 18711 13907 16832 15029 17260 17260
733 17747 17747 18711 13907 16832 15029 17260 17260
734 17747 17747 18711 13876 16832 14998 17260 17260
735 17747 17747 18711 13831 16832 14953 17260 17260
736 17747 17747 18711 13831 16832 14953 17260 17260
737 17747 17747 18711 13831 16832 14953 17260 17260
738 17747 17747 18711 13829 16832 14951 17260 17260
739 17747 17747 18711 13829 16832 14951 17260 17260
740 17746 17746 18710 13865 16831 14987 17259 17259
741 17746 17746 18710 13865 16831 14987 17259 17259
742 17746 17746 18710 13865 16831 14987 17259 17259
743 17746 17746 18710 13865 16831 14987 17259 17259
744 17746 17746 18710 13865 16831 14987 17259 17259
745 17745 17745 18709 13864 16830 14986 17258 17258
746 17745 17745 18709 13864 16830 14986 17258 17258
747 17745 17745 18709 13864 16830 14986 17258 17258
748 17745 17745 18709 13864 16830 14986 17258 17258
749 17745 17745 18709 13864 16830 14986 17258 17258
750 17745 17745 18709 13864 16830 14986 17258 17258
751 17745 17745 18709 13864 16830 14986 17258 17258
752 17745 17745 18709 13864 16830 14986 17258 17258
753 17745 17745 18709 13864 16830 14986 17258 17258
754 17745 17745 18709 13864 16830 14986 17258 17258
755 17745 17745 18709 13864 16830 14986 17258 17258
756 17745 17745 18709 13864 16830 14986 17258 17258
757 17727 17727 18709 13791 16795 15019 17240 17240
758 17727 17727 18709 13791 16795 15019 17240 17240
759 17727 17727 18709 13791 16795 15019 17240 17240
760 17727 17727 18709 13791 16795 15019 17240 17240
761 17727 17727 18709 13791 16795 15019 17240 17240
762 17727 17727 18709 13791 16795 15019 17240 17240
763 17727 17727 18709 13791 16795 15019 17240 17240
764 17727 17727 18709 13791 16795 15019 17240 17240
765 17727 17727 18709 13807 16795 15035 17240 17240
766 17727 17727 18709 13772 16795 15000 17240 17240
767 17727 17727 18709 13817 16795 15045 17240 17240
768 18201 18201 19183 14224 17269 15452 17714 17714
769 18201 18201 19183 14224 17269 15452 17714 17714
770 18201 18201 19183 14224 17269 15452 17714 17714
771 18201 18201 19183 14257 17269 15485 17714 17714
772 18201 18201 19183 14257 17269 15485 17714 17714
773 18201 18201 19183 14257 17269 15485 17714 17714
774 18201 18201 19183 14257 17269 15485 17714 17714
775 18201 18201 19183 14257 17269 15485 17714 17714
776 18201 18201 19183 14257 17269 15485 17714 17714
777 18201 18201 19183 14225 17259 15463 17714 17714
778 18201 18201 19183 14225 17259 15463 17714 17714
779 18201 18201 19183 14225 17259 15463 17714 17714
780 18201 18201 19183 14225 17259 15463 17714 17714
781 18201 18201 19183 14225 17259 15463 17714 17714
782 18201 18201 19183 14225 17259 15463 17714 17714
783 18201 18201 19183 14225 17259 15463 17714 17714
784 18201 18201 19183 14225 17259 15463 17714 17714
785 18201 18201 19183 14225 17259 15463 17714 17714
786 18201 18201 19183 14225 17259 15463 17714 17714
787 18201 18201 19183 14225 17259 15463 17714 17714
788 18201 18201 19183 14225 17259 15463 17714 17714
789 18201 18201 19183 14225 17259 15463 17714 17714
790 18195 18195 19183 14218 17252 15463 17708 17708
791 18195 18195 19183 14218 17252 15463 17708 17708
792 18195 18195 19183 14218 17252 15463 17708 17708
793 18195 18195 19183 14218 17252 15463 17708 17708
794 18195 18195 19183 14218 17252 15463 17708 17708
795 18195 18195 19183 14218 17252 15463 17708 17708
796 18195 18195 19183 14218 17252 15463 17708 17708
797 18195 18195 19183 14218 17252 15463 17708 17708
798 18195 18195 19183 14222 17252 15467 17708 17708
799 18195 18195 19183 14222 17252 15467 17708 17708
800 18195 18195 19183 14222 17252 15467 17708 17708
801 18195 18195 19183 14222 17252 15467 17708 17708
802 18195 18195 19183 14222 17252 15467 17708 17708
803 18195 18195 19183 14222 17252 15467 17708 17708
804 18195 18195 19183 14222 17252 15467 17708 17708
805 18195 18195 19183 14221 17252 15466 17708 17708
806 18195 18195 19183 14221 17252 15466 17708 17708
807 18195 18195 19183 14221 17252 15466 17708 17708
808 18195 18195 19183 14221 17252 15466 17708 17708
809 18195 18195 19183 14241 17252 15486 17708 17708
810 18195 18195 19183 14241 17252 15486 17708 17708
811 18195 18195 19183 14241 17252 15486 17708 17708
812 18195 18195 19183 14208 17252 15453 17708 17708
813 18195 18195 19183 14208 17252 15453 17708 17708
814 18195 18195 19183 14208 17252 15453 17708 17708
815 18195 18195 19183 14208 17252 15453 17708 17708
816 18195 18195 19183 14208 17252 15453 17708 17708
817 18195 18195 19183 14208 17252 15453 17708 17708
818 18195 18195 19183 14208 17252 15453 17708 17708
819 18195 18195 19183 14208 17252 15453 17708 17708
820 18195 18195 19183 14208 17252 15453 17708 17708
821 18195 18195 19183 14208 17252 15453 17708 17708
822 18217 18217 19257 14154 17195 15527 17697 17697
823 18211 18211 19251 14148 17189 15521 17691 17691
824 18211 18211 19251 14148 17189 15521 17691 17691
825 18211 18211 19251 14148 17189 15521 17691 17691
826 18211 18211 19251 14148 17189 15521 17691 17691
827 18210 18210 19250 14086 17188 15459 17690 17690
828 18210 18210 19250 14086 17188 15459 17690 17690
829 18210 18210 19250 14086 17188 15459 17690 17690
830 18210 18210 19250 14086 17188 15459 17690 17690
831 18210 18210 19250 14075 17188 15448 17690 17690
832 18210 18210 19250 14075 17188 15448 17690 17690
833 18210 18210 19250 14075 17188 15448 17690 17690
834 18210 18210 19250 14059 17188 15432 17690 17690
835 18210 18210 19250 14059 17188 15432 17690 17690
836 18210 18210 19250 14000 17188 15373 17690 17690
837 18210 18210 19250 13960 17188 15333 17690 17690
838 18355 18355 19395 14105 17333 15478 17835 17835
839 18355 18355 19395 14105 17333 15478 17835 17835
840 18355 18355 19395 14105 17333 15478 17835 17835
841 18355 18355 19395 14105 17333 15478 17835 17835
842 18355 18355 19395 14105 17333 15478 17835 17835
843 18355 18355 19395 14105 17333 15478 17835 17835
844 18355 18355 19395 14105 17333 15478 17835 17835
845 18355 18355 19395 14105 17333 15478 17835 17835
846 18355 18355 19395 14105 17333 15478 17835 17835
847 18355 18355 19395 14105 17333 15478 17835 17835
848 18355 18355 19395 14154 17333 15527 17835 17835
849 18355 18355 19395 14154 17333 15527 17835 17835
850 18355 18355 19395 14154 17333 15527 17835 17835
851 18355 18355 19395 14154 17333 15527 17835 17835
852 18030 18030 19097 14035 17053 15393 17513 17513
853 18030 18030 19097 14035 17053 15393 17513 17513
854 18030 18030 19097 14035 17053 15393 17513 17513
855 18030 18030 19097 14035 17053 15393 17513 17513
856 18030 18030 19097 14035 17053 15393 17513 17513
857 18030 18030 19097 14035 17053 15393 17513 17513
858 18030 18030 19097 14035 17053 15393 17513 17513
859 18030 18030 19097 13997 17053 15355 17513 17513
860 18030 18030 19097 13997 17053 15355 17513 17513
861 18030 18030 19097 13997 17053 15355 17513 17513
862 18030 18030 19097 13997 17053 15355 17513 17513
863 18927 18927 20073 14691 17916 16162 18380 18380
864 18927 18927 20073 14691 17916 16162 18380 18380
865 18932 18932 20078 14696 17921 16167 18385 18385
866 18932 18932 20078 14683 17921 16154 18385 18385
867 18932 18932 20078 14683 17921 16154 18385 18385
868 18932 18932 20078 14683 17921 16154 18385 18385
869 18932 18932 20078 14683 17921 16154 18385 18385
870 18932 18932 20078 14683 17921 16154 18385 18385
871 18932 18932 20078 14683 17921 16154 18385 18385
872 18932 18932 20078 14683 17921 16154 18385 18385
873 18932 18932 20078 14683 17921 16154 18385 18385
874 18932 18932 20078 14683 17921 16154 18385 18385
875 18932 18932 20078 14683 17921 16154 18385 18385
876 18932 18932 20078 14683 17921 16154 18385 18385
877 18932 18932 20078 14683 17921 16154 18385 18385
878 18932 18932 20078 14683 17921 16154 18385 18385
879 18932 18932 20078 14683 17921 16154 18385 18385
880 18932 18932 20078 14683 17921 16154 18385 18385
881 18932 18932 20078 14683 17921 16154 18385 18385
882 18932 18932 20078 14683 17921 16154 18385 18385
883 18932 18932 20078 14683 17921 16154 18385 18385
884 18932 18932 20078 14683 17921 16154 18385 18385
885 18932 18932 20078 14711 17921 16182 18385 18385
886 18932 18932 20078 14711 17921 16182 18385 18385
887 18932 18932 20078 14711 17921 16182 18385 18385
888 18932 18932 20078 14685 17921 16138 18385 18385
889 18932 18932 20078 14685 17921 16138 18385 18385
890 18932 18932 20078 14691 17910 16173 18385 18385
891 18543 18543 19689 14395 17521 15877 17996 17996
892 18543 18543 19689 14392 17521 15874 17996 17996
893 18543 18543 19689 14392 17521 15874 17996 17996
894 18543 18543 19689 14392 17521 15874 17996 17996
895 18543 18543 19689 14392 17521 15874 17996 17996
896 18543 18543 19689 14392 17521 15874 17996 17996
897 18543 18543 19689 14392 17521 15874 17996 17996
898 18543 18543 19689 14392 17521 15874 17996 17996
899 18543 18543 19689 14392 17521 15874 17996 17996
900 18543 18543 19689 14394 17521 15876 17996 17996
901 18543 18543 19689 14394 17521 15876 17996 17996
902 18543 18543 19689 14394 17521 15876 17996 17996
903 18567 18567 19689 14382 17542 15817 18017 18017
904 18567 18567 19689 14382 17542 15817 18017 18017
905 18567 18567 19689 14382 17542 15817 18017 18017
906 18567 18567 19689 14348 17542 15783 18017 18017
907 18567 18567 19689 14348 17542 15783 18017 18017
908 18567 18567 19689 14348 17542 15783 18017 18017
909 18567 18567 19689 14348 17542 15783 18017 18017
910 18567 18567 19689 14374 17542 15827 18017 18017
911 18567 18567 19689 14374 17542 15827 18017 18017
912 18567 18567 19689 14374 17542 15827 18017 18017
913 18567 18567 19689 14411 17542 15864 18017 18017
914 18567 18567 19689 14411 17542 15864 18017 18017
915 18567 18567 19689 14411 17542 15864 18017 18017
916 18569 18569 19691 14431 17544 15884 18019 18019
917 18569 18569 19691 14418 17544 15871 18019 18019
918 18569 18569 19691 14418 17544 15871 18019 18019
919 18569 18569 19691 14418 17544 15871 18019 18019
920 18569 18569 19691 14445 17563 15871 18019 18019
921 18569 18569 19691 14445 17563 15871 18019 18019
922 18569 18569 19691 14445 17563 15871 18019 18019
923 18569 18569 19691 14445 17563 15871 18019 18019
924 18569 18569 19691 14445 17563 15871 18019 18019
925 18569 18569 19691 14445 17563 15871 18019 18019
926 18569 18569 19691 14445 17563 15871 18019 18019
927 18569 18569 19691 14445 17563 15871 18019 18019
928 18569 18569 19691 14445 17563 15871 18019 18019
929 18569 18569 19691 14445 17563 15871 18019 18019
930 18569 18569 19691 14445 17563 15871 18019 18019
931 18569 18569 19691 14445 17563 15871 18019 18019
932 18569 18569 19691 14445 17563 15871 18019 18019
933 18569 18569 19691 14445 17563 15871 18019 18019
934 18569 18569 19691 14445 17563 15871 18019 18019
935 18569 18569 19691 14445 17563 15871 18019 18019
936 18569 18569 19691 14445 17563 15871 18019 18019
937 18569 18569 19691 14448 17563 15874 18019 18019
938 18569 18569 19691 14448 17563 15874 18019 18019
939 18569 18569 19691 14448 17563 15874 18019 18019
940 18569 18569 19691 14448 17563 15874 18019 18019
941 18569 18569 19691 14448 17563 15874 18019 18019
942 18569 18569 19691 14448 17563 15874 18019 18019
943 18569 18569 19691 14448 17563 15874 18019 18019
944 18569 18569 19691 14448 17563 15874 18019 18019
945 18569 18569 19691 14448 17563 15874 18019 18019
946 18569 18569 19691 14448 17563 15874 18019 18019
947 18569 18569 19691 14448 17563 15874 18019 18019
948 18569 18569 19691 14448 17563 15874 18019 18019
949 18569 18569 19691 14448 17563 15874 18019 18019
950 18570 18570 19692 14449 17564 15875 18020 18020
951 18570 18570 19692 14449 17564 15875 18020 18020
952 18570 18570 19692 14449 17564 15875 18020 18020
953 18570 18570 19692 14449 17564 15875 18020 18020
954 18570 18570 19692 14449 17564 15875 18020 18020
955 18570 18570 19692 14449 17564 15875 18020 18020
956 18570 18570 19692 14449 17564 15875 18020 18020
957 18567 18567 19689 14450 17561 15876 18017 18017
958 18567 18567 19689 14450 17561 15876 18017 18017
959 18567 18567 19689 14450 17561 15876 18017 18017
960 18567 18567 19689 14450 17561 15876 18017 18017
961 18567 18567 19689 14450 17561 15876 18017 18017
962 18567 18567 19689 14450 17561 15876 18017 18017
963 18567 18567 19689 14450 17561 15876 18017 18017
964 18567 18567 19689 14450 17561 15876 18017 18017
965 18567 18567 19689 14450 17561 15876 18017 18017
966 18603 18603 19689 14472 17601 15836 18057 18057
967 18603 18603 19689 14472 17601 15836 18057 18057
968 18603 18603 19689 14472 17601 15836 18057 18057
969 18603 18603 19689 14472 17601 15836 18057 18057
970 18603 18603 19689 14380 17601 15744 18057 18057
971 18603 18603 19689 14380 17601 15744 18057 18057
972 18603 18603 19689 14380 17601 15744 18057 18057
973 18603 18603 19689 14380 17601 15744 18057 18057
974 18603 18603 19689 14380 17601 15744 18057 18057
975 18603 18603 19689 14328 17601 15692 18057 18057
976 18603 18603 19689 14328 17601 15692 18057 18057
977 18603 18603 19689 14328 17601 15692 18057 18057
978 18603 18603 19689 14328 17601 15692 18057 18057
979 18603 18603 19689 14328 17601 15692 18057 18057
980 18603 18603 19689 14328 17601 15692 18057 18057
981 19455 19455 20596 15093 18416 16523 18876 18876
982 19455 19455 20596 15093 18416 16523 18876 18876
983 19455 19455 20596 15093 18416 16523 18876 18876
984 19455 19455 20596 15093 18416 16523 18876 18876
985 19455 19455 20596 15093 18416 16523 18876 18876
986 19455 19455 20596 15093 18416 16523 18876 18876
987 19455 19455 20596 15093 18416 16523 18876 18876
988 19455 19455 20596 15093 18416 16523 18876 18876
989 19455 19455 20596 15093 18416 16523 18876 18876
990 19455 19455 20596 15093 18416 16523 18876 18876
991 19455 19455 20596 15057 18416 16487 18876 18876
992 19455 19455 20596 15132 18416 16562 18876 18876
993 19451 19451 20592 15125 18412 16555 18872 18872
994 19451 19451 20592 15125 18412 16555 18872 18872
995 19451 19451 20592 15125 18412 16555 18872 18872
996 19451 19451 20592 15125 18412 16555 18872 18872
997 19451 19451 20592 15125 18412 16555 18872 18872
998 19451 19451 20592 15125 18412 16555 18872 18872
999 19451 19451 20592 15125 18412 16555 18872 18872
1000 19451 19451 20592 15121 18412 16551 18872 18872
