# Each line contains : Generation, and then, for 20 RNA, the number of genes inside the RNA
0 19 1 0 0 0 0 0 0 0 0 0 0 0 0 0 0 0 0 0 0
1 18 2 0 0 0 0 0 0 0 0 0 0 0 0 0 0 0 0 0 0
2 18 2 0 0 0 0 0 0 0 0 0 0 0 0 0 0 0 0 0 0
3 18 2 0 0 0 0 0 0 0 0 0 0 0 0 0 0 0 0 0 0
4 28 4 0 0 0 0 0 0 0 0 0 0 0 0 0 0 0 0 0 0
5 28 4 0 0 0 0 0 0 0 0 0 0 0 0 0 0 0 0 0 0
6 28 4 0 0 0 0 0 0 0 0 0 0 0 0 0 0 0 0 0 0
7 28 4 0 0 0 0 0 0 0 0 0 0 0 0 0 0 0 0 0 0
8 28 4 0 0 0 0 0 0 0 0 0 0 0 0 0 0 0 0 0 0
9 28 4 0 0 0 0 0 0 0 0 0 0 0 0 0 0 0 0 0 0
10 28 4 0 0 0 0 0 0 0 0 0 0 0 0 0 0 0 0 0 0
11 36 6 0 0 0 0 0 0 0 0 0 0 0 0 0 0 0 0 0 0
12 36 6 0 0 0 0 0 0 0 0 0 0 0 0 0 0 0 0 0 0
13 36 6 0 0 0 0 0 0 0 0 0 0 0 0 0 0 0 0 0 0
14 36 6 0 0 0 0 0 0 0 0 0 0 0 0 0 0 0 0 0 0
15 37 7 0 0 0 0 0 0 0 0 0 0 0 0 0 0 0 0 0 0
16 37 7 0 0 0 0 0 0 0 0 0 0 0 0 0 0 0 0 0 0
17 37 7 0 0 0 0 0 0 0 0 0 0 0 0 0 0 0 0 0 0
18 37 7 0 0 0 0 0 0 0 0 0 0 0 0 0 0 0 0 0 0
19 37 7 0 0 0 0 0 0 0 0 0 0 0 0 0 0 0 0 0 0
20 37 7 0 0 0 0 0 0 0 0 0 0 0 0 0 0 0 0 0 0
21 37 7 0 0 0 0 0 0 0 0 0 0 0 0 0 0 0 0 0 0
22 36 7 0 0 0 0 0 0 0 0 0 0 0 0 0 0 0 0 0 0
23 36 7 0 0 0 0 0 0 0 0 0 0 0 0 0 0 0 0 0 0
24 36 7 0 0 0 0 0 0 0 0 0 0 0 0 0 0 0 0 0 0
25 36 7 0 0 0 0 0 0 0 0 0 0 0 0 0 0 0 0 0 0
26 34 7 0 0 0 0 0 0 0 0 0 0 0 0 0 0 0 0 0 0
27 34 7 0 0 0 0 0 0 0 0 0 0 0 0 0 0 0 0 0 0
28 34 7 0 0 0 0 0 0 0 0 0 0 0 0 0 0 0 0 0 0
29 34 7 0 0 0 0 0 0 0 0 0 0 0 0 0 0 0 0 0 0
30 34 7 0 0 0 0 0 0 0 0 0 0 0 0 0 0 0 0 0 0
31 34 7 0 0 0 0 0 0 0 0 0 0 0 0 0 0 0 0 0 0
32 34 7 0 0 0 0 0 0 0 0 0 0 0 0 0 0 0 0 0 0
33 35 7 0 0 0 0 0 0 0 0 0 0 0 0 0 0 0 0 0 0
34 35 7 0 0 0 0 0 0 0 0 0 0 0 0 0 0 0 0 0 0
35 57 12 0 0 0 0 0 0 0 0 0 0 0 0 0 0 0 0 0 0
36 57 12 0 0 0 0 0 0 0 0 0 0 0 0 0 0 0 0 0 0
37 58 11 0 0 0 0 0 0 0 0 0 0 0 0 0 0 0 0 0 0
38 58 11 0 0 0 0 0 0 0 0 0 0 0 0 0 0 0 0 0 0
39 58 10 0 0 0 0 0 0 0 0 0 0 0 0 0 0 0 0 0 0
40 49 9 0 0 0 0 0 0 0 0 0 0 0 0 0 0 0 0 0 0
41 49 9 0 0 0 0 0 0 0 0 0 0 0 0 0 0 0 0 0 0
42 49 9 0 0 0 0 0 0 0 0 0 0 0 0 0 0 0 0 0 0
43 49 9 0 0 0 0 0 0 0 0 0 0 0 0 0 0 0 0 0 0
44 49 9 0 0 0 0 0 0 0 0 0 0 0 0 0 0 0 0 0 0
45 51 9 0 0 0 0 0 0 0 0 0 0 0 0 0 0 0 0 0 0
46 51 9 0 0 0 0 0 0 0 0 0 0 0 0 0 0 0 0 0 0
47 51 9 0 0 0 0 0 0 0 0 0 0 0 0 0 0 0 0 0 0
48 51 9 0 0 0 0 0 0 0 0 0 0 0 0 0 0 0 0 0 0
49 51 9 0 0 0 0 0 0 0 0 0 0 0 0 0 0 0 0 0 0
50 51 9 0 0 0 0 0 0 0 0 0 0 0 0 0 0 0 0 0 0
51 51 9 0 0 0 0 0 0 0 0 0 0 0 0 0 0 0 0 0 0
52 50 9 0 0 0 0 0 0 0 0 0 0 0 0 0 0 0 0 0 0
53 50 9 0 0 0 0 0 0 0 0 0 0 0 0 0 0 0 0 0 0
54 50 9 0 0 0 0 0 0 0 0 0 0 0 0 0 0 0 0 0 0
55 50 9 0 0 0 0 0 0 0 0 0 0 0 0 0 0 0 0 0 0
56 49 9 0 0 0 0 0 0 0 0 0 0 0 0 0 0 0 0 0 0
57 49 9 0 0 0 0 0 0 0 0 0 0 0 0 0 0 0 0 0 0
58 49 9 0 0 0 0 0 0 0 0 0 0 0 0 0 0 0 0 0 0
59 51 9 0 0 0 0 0 0 0 0 0 0 0 0 0 0 0 0 0 0
60 51 9 0 0 0 0 0 0 0 0 0 0 0 0 0 0 0 0 0 0
61 51 9 0 0 0 0 0 0 0 0 0 0 0 0 0 0 0 0 0 0
62 51 9 0 0 0 0 0 0 0 0 0 0 0 0 0 0 0 0 0 0
63 51 9 0 0 0 0 0 0 0 0 0 0 0 0 0 0 0 0 0 0
64 51 9 0 0 0 0 0 0 0 0 0 0 0 0 0 0 0 0 0 0
65 51 9 0 0 0 0 0 0 0 0 0 0 0 0 0 0 0 0 0 0
66 51 9 0 0 0 0 0 0 0 0 0 0 0 0 0 0 0 0 0 0
67 51 9 0 0 0 0 0 0 0 0 0 0 0 0 0 0 0 0 0 0
68 51 9 0 0 0 0 0 0 0 0 0 0 0 0 0 0 0 0 0 0
69 51 9 0 0 0 0 0 0 0 0 0 0 0 0 0 0 0 0 0 0
70 51 9 0 0 0 0 0 0 0 0 0 0 0 0 0 0 0 0 0 0
71 51 9 0 0 0 0 0 0 0 0 0 0 0 0 0 0 0 0 0 0
72 51 9 0 0 0 0 0 0 0 0 0 0 0 0 0 0 0 0 0 0
73 51 9 0 0 0 0 0 0 0 0 0 0 0 0 0 0 0 0 0 0
74 50 9 0 0 0 0 0 0 0 0 0 0 0 0 0 0 0 0 0 0
75 50 9 0 0 0 0 0 0 0 0 0 0 0 0 0 0 0 0 0 0
76 50 9 0 0 0 0 0 0 0 0 0 0 0 0 0 0 0 0 0 0
77 50 9 0 0 0 0 0 0 0 0 0 0 0 0 0 0 0 0 0 0
78 50 9 0 0 0 0 0 0 0 0 0 0 0 0 0 0 0 0 0 0
79 59 11 0 0 0 0 0 0 0 0 0 0 0 0 0 0 0 0 0 0
80 59 11 0 0 0 0 0 0 0 0 0 0 0 0 0 0 0 0 0 0
81 61 10 0 0 0 0 0 0 0 0 0 0 0 0 0 0 0 0 0 0
82 61 10 0 0 0 0 0 0 0 0 0 0 0 0 0 0 0 0 0 0
83 61 10 0 0 0 0 0 0 0 0 0 0 0 0 0 0 0 0 0 0
84 61 10 0 0 0 0 0 0 0 0 0 0 0 0 0 0 0 0 0 0
85 72 11 0 0 0 0 0 0 0 0 0 0 0 0 0 0 0 0 0 0
86 72 11 0 0 0 0 0 0 0 0 0 0 0 0 0 0 0 0 0 0
87 73 11 0 0 0 0 0 0 0 0 0 0 0 0 0 0 0 0 0 0
88 73 11 0 0 0 0 0 0 0 0 0 0 0 0 0 0 0 0 0 0
89 73 11 0 0 0 0 0 0 0 0 0 0 0 0 0 0 0 0 0 0
90 73 11 0 0 0 0 0 0 0 0 0 0 0 0 0 0 0 0 0 0
91 73 11 0 0 0 0 0 0 0 0 0 0 0 0 0 0 0 0 0 0
92 73 11 0 0 0 0 0 0 0 0 0 0 0 0 0 0 0 0 0 0
93 73 11 0 0 0 0 0 0 0 0 0 0 0 0 0 0 0 0 0 0
94 73 11 0 0 0 0 0 0 0 0 0 0 0 0 0 0 0 0 0 0
95 73 11 0 0 0 0 0 0 0 0 0 0 0 0 0 0 0 0 0 0
96 72 11 0 0 0 0 0 0 0 0 0 0 0 0 0 0 0 0 0 0
97 72 11 0 0 0 0 0 0 0 0 0 0 0 0 0 0 0 0 0 0
98 72 11 0 0 0 0 0 0 0 0 0 0 0 0 0 0 0 0 0 0
99 72 11 0 0 0 0 0 0 0 0 0 0 0 0 0 0 0 0 0 0
100 72 11 0 0 0 0 0 0 0 0 0 0 0 0 0 0 0 0 0 0
101 95 14 0 0 0 0 0 0 0 0 0 0 0 0 0 0 0 0 0 0
102 95 14 0 0 0 0 0 0 0 0 0 0 0 0 0 0 0 0 0 0
103 95 14 0 0 0 0 0 0 0 0 0 0 0 0 0 0 0 0 0 0
104 95 14 0 0 0 0 0 0 0 0 0 0 0 0 0 0 0 0 0 0
105 95 14 0 0 0 0 0 0 0 0 0 0 0 0 0 0 0 0 0 0
106 95 14 0 0 0 0 0 0 0 0 0 0 0 0 0 0 0 0 0 0
107 95 14 0 0 0 0 0 0 0 0 0 0 0 0 0 0 0 0 0 0
108 95 14 0 0 0 0 0 0 0 0 0 0 0 0 0 0 0 0 0 0
109 95 14 0 0 0 0 0 0 0 0 0 0 0 0 0 0 0 0 0 0
110 97 12 1 0 0 0 0 0 0 0 0 0 0 0 0 0 0 0 0 0
111 67 10 1 0 0 0 0 0 0 0 0 0 0 0 0 0 0 0 0 0
112 67 10 1 0 0 0 0 0 0 0 0 0 0 0 0 0 0 0 0 0
113 67 10 1 0 0 0 0 0 0 0 0 0 0 0 0 0 0 0 0 0
114 67 10 1 0 0 0 0 0 0 0 0 0 0 0 0 0 0 0 0 0
115 67 10 1 0 0 0 0 0 0 0 0 0 0 0 0 0 0 0 0 0
116 67 10 1 0 0 0 0 0 0 0 0 0 0 0 0 0 0 0 0 0
117 67 10 1 0 0 0 0 0 0 0 0 0 0 0 0 0 0 0 0 0
118 67 10 1 0 0 0 0 0 0 0 0 0 0 0 0 0 0 0 0 0
119 67 10 1 0 0 0 0 0 0 0 0 0 0 0 0 0 0 0 0 0
120 67 10 1 0 0 0 0 0 0 0 0 0 0 0 0 0 0 0 0 0
121 67 10 1 0 0 0 0 0 0 0 0 0 0 0 0 0 0 0 0 0
122 67 10 1 0 0 0 0 0 0 0 0 0 0 0 0 0 0 0 0 0
123 66 11 1 0 0 0 0 0 0 0 0 0 0 0 0 0 0 0 0 0
124 66 11 1 0 0 0 0 0 0 0 0 0 0 0 0 0 0 0 0 0
125 66 11 1 0 0 0 0 0 0 0 0 0 0 0 0 0 0 0 0 0
126 66 11 1 0 0 0 0 0 0 0 0 0 0 0 0 0 0 0 0 0
127 66 11 1 0 0 0 0 0 0 0 0 0 0 0 0 0 0 0 0 0
128 66 11 1 0 0 0 0 0 0 0 0 0 0 0 0 0 0 0 0 0
129 66 11 1 0 0 0 0 0 0 0 0 0 0 0 0 0 0 0 0 0
130 66 11 1 0 0 0 0 0 0 0 0 0 0 0 0 0 0 0 0 0
131 66 11 1 0 0 0 0 0 0 0 0 0 0 0 0 0 0 0 0 0
132 66 11 1 0 0 0 0 0 0 0 0 0 0 0 0 0 0 0 0 0
133 66 11 1 0 0 0 0 0 0 0 0 0 0 0 0 0 0 0 0 0
134 66 11 1 0 0 0 0 0 0 0 0 0 0 0 0 0 0 0 0 0
135 68 11 1 0 0 0 0 0 0 0 0 0 0 0 0 0 0 0 0 0
136 68 11 1 0 0 0 0 0 0 0 0 0 0 0 0 0 0 0 0 0
137 68 11 1 0 0 0 0 0 0 0 0 0 0 0 0 0 0 0 0 0
138 69 11 1 0 0 0 0 0 0 0 0 0 0 0 0 0 0 0 0 0
139 69 11 1 0 0 0 0 0 0 0 0 0 0 0 0 0 0 0 0 0
140 69 11 1 0 0 0 0 0 0 0 0 0 0 0 0 0 0 0 0 0
141 69 11 1 0 0 0 0 0 0 0 0 0 0 0 0 0 0 0 0 0
142 69 11 1 0 0 0 0 0 0 0 0 0 0 0 0 0 0 0 0 0
143 69 11 1 0 0 0 0 0 0 0 0 0 0 0 0 0 0 0 0 0
144 69 11 1 0 0 0 0 0 0 0 0 0 0 0 0 0 0 0 0 0
145 69 11 1 0 0 0 0 0 0 0 0 0 0 0 0 0 0 0 0 0
146 69 11 1 0 0 0 0 0 0 0 0 0 0 0 0 0 0 0 0 0
147 69 11 1 0 0 0 0 0 0 0 0 0 0 0 0 0 0 0 0 0
148 69 11 1 0 0 0 0 0 0 0 0 0 0 0 0 0 0 0 0 0
149 69 11 1 0 0 0 0 0 0 0 0 0 0 0 0 0 0 0 0 0
150 69 11 1 0 0 0 0 0 0 0 0 0 0 0 0 0 0 0 0 0
151 69 11 1 0 0 0 0 0 0 0 0 0 0 0 0 0 0 0 0 0
152 69 11 1 0 0 0 0 0 0 0 0 0 0 0 0 0 0 0 0 0
153 70 11 1 0 0 0 0 0 0 0 0 0 0 0 0 0 0 0 0 0
154 70 11 1 0 0 0 0 0 0 0 0 0 0 0 0 0 0 0 0 0
155 69 11 1 0 0 0 0 0 0 0 0 0 0 0 0 0 0 0 0 0
156 69 11 1 0 0 0 0 0 0 0 0 0 0 0 0 0 0 0 0 0
157 69 11 1 0 0 0 0 0 0 0 0 0 0 0 0 0 0 0 0 0
158 69 11 1 0 0 0 0 0 0 0 0 0 0 0 0 0 0 0 0 0
159 69 11 1 0 0 0 0 0 0 0 0 0 0 0 0 0 0 0 0 0
160 69 11 1 0 0 0 0 0 0 0 0 0 0 0 0 0 0 0 0 0
161 69 11 1 0 0 0 0 0 0 0 0 0 0 0 0 0 0 0 0 0
162 69 11 1 0 0 0 0 0 0 0 0 0 0 0 0 0 0 0 0 0
163 69 11 1 0 0 0 0 0 0 0 0 0 0 0 0 0 0 0 0 0
164 69 11 1 0 0 0 0 0 0 0 0 0 0 0 0 0 0 0 0 0
165 69 11 1 0 0 0 0 0 0 0 0 0 0 0 0 0 0 0 0 0
166 69 11 1 0 0 0 0 0 0 0 0 0 0 0 0 0 0 0 0 0
167 70 11 1 0 0 0 0 0 0 0 0 0 0 0 0 0 0 0 0 0
168 70 11 1 0 0 0 0 0 0 0 0 0 0 0 0 0 0 0 0 0
169 70 11 1 0 0 0 0 0 0 0 0 0 0 0 0 0 0 0 0 0
170 70 11 1 0 0 0 0 0 0 0 0 0 0 0 0 0 0 0 0 0
171 70 11 1 0 0 0 0 0 0 0 0 0 0 0 0 0 0 0 0 0
172 71 11 1 0 0 0 0 0 0 0 0 0 0 0 0 0 0 0 0 0
173 72 11 1 0 0 0 0 0 0 0 0 0 0 0 0 0 0 0 0 0
174 72 11 1 0 0 0 0 0 0 0 0 0 0 0 0 0 0 0 0 0
175 72 11 1 0 0 0 0 0 0 0 0 0 0 0 0 0 0 0 0 0
176 72 11 1 0 0 0 0 0 0 0 0 0 0 0 0 0 0 0 0 0
177 72 11 1 0 0 0 0 0 0 0 0 0 0 0 0 0 0 0 0 0
178 71 11 1 0 0 0 0 0 0 0 0 0 0 0 0 0 0 0 0 0
179 71 11 1 0 0 0 0 0 0 0 0 0 0 0 0 0 0 0 0 0
180 72 11 1 0 0 0 0 0 0 0 0 0 0 0 0 0 0 0 0 0
181 72 11 1 0 0 0 0 0 0 0 0 0 0 0 0 0 0 0 0 0
182 73 11 1 0 0 0 0 0 0 0 0 0 0 0 0 0 0 0 0 0
183 73 11 1 0 0 0 0 0 0 0 0 0 0 0 0 0 0 0 0 0
184 73 11 1 0 0 0 0 0 0 0 0 0 0 0 0 0 0 0 0 0
185 73 11 1 0 0 0 0 0 0 0 0 0 0 0 0 0 0 0 0 0
186 74 11 1 0 0 0 0 0 0 0 0 0 0 0 0 0 0 0 0 0
187 77 11 1 0 0 0 0 0 0 0 0 0 0 0 0 0 0 0 0 0
188 77 11 1 0 0 0 0 0 0 0 0 0 0 0 0 0 0 0 0 0
189 77 11 1 0 0 0 0 0 0 0 0 0 0 0 0 0 0 0 0 0
190 86 11 1 0 0 0 0 0 0 0 0 0 0 0 0 0 0 0 0 0
191 86 11 1 0 0 0 0 0 0 0 0 0 0 0 0 0 0 0 0 0
192 86 11 1 0 0 0 0 0 0 0 0 0 0 0 0 0 0 0 0 0
193 86 11 1 0 0 0 0 0 0 0 0 0 0 0 0 0 0 0 0 0
194 85 11 1 0 0 0 0 0 0 0 0 0 0 0 0 0 0 0 0 0
195 84 11 1 0 0 0 0 0 0 0 0 0 0 0 0 0 0 0 0 0
196 84 11 1 0 0 0 0 0 0 0 0 0 0 0 0 0 0 0 0 0
197 84 11 1 0 0 0 0 0 0 0 0 0 0 0 0 0 0 0 0 0
198 84 11 1 0 0 0 0 0 0 0 0 0 0 0 0 0 0 0 0 0
199 84 11 1 0 0 0 0 0 0 0 0 0 0 0 0 0 0 0 0 0
200 84 11 1 0 0 0 0 0 0 0 0 0 0 0 0 0 0 0 0 0
201 84 11 1 0 0 0 0 0 0 0 0 0 0 0 0 0 0 0 0 0
202 84 11 1 0 0 0 0 0 0 0 0 0 0 0 0 0 0 0 0 0
203 84 11 1 0 0 0 0 0 0 0 0 0 0 0 0 0 0 0 0 0
204 84 11 1 0 0 0 0 0 0 0 0 0 0 0 0 0 0 0 0 0
205 84 11 1 0 0 0 0 0 0 0 0 0 0 0 0 0 0 0 0 0
206 84 11 1 0 0 0 0 0 0 0 0 0 0 0 0 0 0 0 0 0
207 84 11 1 0 0 0 0 0 0 0 0 0 0 0 0 0 0 0 0 0
208 84 11 1 0 0 0 0 0 0 0 0 0 0 0 0 0 0 0 0 0
209 84 11 1 0 0 0 0 0 0 0 0 0 0 0 0 0 0 0 0 0
210 84 11 1 0 0 0 0 0 0 0 0 0 0 0 0 0 0 0 0 0
211 84 11 1 0 0 0 0 0 0 0 0 0 0 0 0 0 0 0 0 0
212 83 11 1 0 0 0 0 0 0 0 0 0 0 0 0 0 0 0 0 0
213 83 11 1 0 0 0 0 0 0 0 0 0 0 0 0 0 0 0 0 0
214 83 11 1 0 0 0 0 0 0 0 0 0 0 0 0 0 0 0 0 0
215 83 11 1 0 0 0 0 0 0 0 0 0 0 0 0 0 0 0 0 0
216 83 11 1 0 0 0 0 0 0 0 0 0 0 0 0 0 0 0 0 0
217 83 11 1 0 0 0 0 0 0 0 0 0 0 0 0 0 0 0 0 0
218 83 11 1 0 0 0 0 0 0 0 0 0 0 0 0 0 0 0 0 0
219 83 11 1 0 0 0 0 0 0 0 0 0 0 0 0 0 0 0 0 0
220 83 11 1 0 0 0 0 0 0 0 0 0 0 0 0 0 0 0 0 0
221 83 11 1 0 0 0 0 0 0 0 0 0 0 0 0 0 0 0 0 0
222 83 11 1 0 0 0 0 0 0 0 0 0 0 0 0 0 0 0 0 0
223 84 11 1 0 0 0 0 0 0 0 0 0 0 0 0 0 0 0 0 0
224 84 11 1 0 0 0 0 0 0 0 0 0 0 0 0 0 0 0 0 0
225 82 11 1 0 0 0 0 0 0 0 0 0 0 0 0 0 0 0 0 0
226 82 11 1 0 0 0 0 0 0 0 0 0 0 0 0 0 0 0 0 0
227 82 11 1 0 0 0 0 0 0 0 0 0 0 0 0 0 0 0 0 0
228 82 11 1 0 0 0 0 0 0 0 0 0 0 0 0 0 0 0 0 0
229 81 12 1 0 0 0 0 0 0 0 0 0 0 0 0 0 0 0 0 0
230 81 12 1 0 0 0 0 0 0 0 0 0 0 0 0 0 0 0 0 0
231 82 12 1 0 0 0 0 0 0 0 0 0 0 0 0 0 0 0 0 0
232 82 12 1 0 0 0 0 0 0 0 0 0 0 0 0 0 0 0 0 0
233 82 12 1 0 0 0 0 0 0 0 0 0 0 0 0 0 0 0 0 0
234 82 12 1 0 0 0 0 0 0 0 0 0 0 0 0 0 0 0 0 0
235 82 12 1 0 0 0 0 0 0 0 0 0 0 0 0 0 0 0 0 0
236 82 12 1 0 0 0 0 0 0 0 0 0 0 0 0 0 0 0 0 0
237 82 12 1 0 0 0 0 0 0 0 0 0 0 0 0 0 0 0 0 0
238 82 12 1 0 0 0 0 0 0 0 0 0 0 0 0 0 0 0 0 0
239 82 12 1 0 0 0 0 0 0 0 0 0 0 0 0 0 0 0 0 0
240 82 12 1 0 0 0 0 0 0 0 0 0 0 0 0 0 0 0 0 0
241 83 12 1 0 0 0 0 0 0 0 0 0 0 0 0 0 0 0 0 0
242 83 12 1 0 0 0 0 0 0 0 0 0 0 0 0 0 0 0 0 0
243 83 12 1 0 0 0 0 0 0 0 0 0 0 0 0 0 0 0 0 0
244 83 12 1 0 0 0 0 0 0 0 0 0 0 0 0 0 0 0 0 0
245 83 12 1 0 0 0 0 0 0 0 0 0 0 0 0 0 0 0 0 0
246 83 12 1 0 0 0 0 0 0 0 0 0 0 0 0 0 0 0 0 0
247 82 12 1 0 0 0 0 0 0 0 0 0 0 0 0 0 0 0 0 0
248 82 12 1 0 0 0 0 0 0 0 0 0 0 0 0 0 0 0 0 0
249 82 12 1 0 0 0 0 0 0 0 0 0 0 0 0 0 0 0 0 0
250 82 12 1 0 0 0 0 0 0 0 0 0 0 0 0 0 0 0 0 0
251 82 12 1 0 0 0 0 0 0 0 0 0 0 0 0 0 0 0 0 0
252 82 12 1 0 0 0 0 0 0 0 0 0 0 0 0 0 0 0 0 0
253 90 12 1 0 0 0 0 0 0 0 0 0 0 0 0 0 0 0 0 0
254 90 12 1 0 0 0 0 0 0 0 0 0 0 0 0 0 0 0 0 0
255 89 12 1 0 0 0 0 0 0 0 0 0 0 0 0 0 0 0 0 0
256 89 12 1 0 0 0 0 0 0 0 0 0 0 0 0 0 0 0 0 0
257 89 12 1 0 0 0 0 0 0 0 0 0 0 0 0 0 0 0 0 0
258 89 12 1 0 0 0 0 0 0 0 0 0 0 0 0 0 0 0 0 0
259 89 12 1 0 0 0 0 0 0 0 0 0 0 0 0 0 0 0 0 0
260 89 12 1 0 0 0 0 0 0 0 0 0 0 0 0 0 0 0 0 0
261 89 12 1 0 0 0 0 0 0 0 0 0 0 0 0 0 0 0 0 0
262 89 12 1 0 0 0 0 0 0 0 0 0 0 0 0 0 0 0 0 0
263 89 12 1 0 0 0 0 0 0 0 0 0 0 0 0 0 0 0 0 0
264 89 12 1 0 0 0 0 0 0 0 0 0 0 0 0 0 0 0 0 0
265 89 12 1 0 0 0 0 0 0 0 0 0 0 0 0 0 0 0 0 0
266 89 12 1 0 0 0 0 0 0 0 0 0 0 0 0 0 0 0 0 0
267 89 12 1 0 0 0 0 0 0 0 0 0 0 0 0 0 0 0 0 0
268 89 12 1 0 0 0 0 0 0 0 0 0 0 0 0 0 0 0 0 0
269 89 12 1 0 0 0 0 0 0 0 0 0 0 0 0 0 0 0 0 0
270 89 12 1 0 0 0 0 0 0 0 0 0 0 0 0 0 0 0 0 0
271 89 12 1 0 0 0 0 0 0 0 0 0 0 0 0 0 0 0 0 0
272 91 12 1 0 0 0 0 0 0 0 0 0 0 0 0 0 0 0 0 0
273 91 12 1 0 0 0 0 0 0 0 0 0 0 0 0 0 0 0 0 0
274 91 12 1 0 0 0 0 0 0 0 0 0 0 0 0 0 0 0 0 0
275 91 12 1 0 0 0 0 0 0 0 0 0 0 0 0 0 0 0 0 0
276 91 12 1 0 0 0 0 0 0 0 0 0 0 0 0 0 0 0 0 0
277 91 12 1 0 0 0 0 0 0 0 0 0 0 0 0 0 0 0 0 0
278 91 12 1 0 0 0 0 0 0 0 0 0 0 0 0 0 0 0 0 0
279 91 12 1 0 0 0 0 0 0 0 0 0 0 0 0 0 0 0 0 0
280 92 12 1 0 0 0 0 0 0 0 0 0 0 0 0 0 0 0 0 0
281 92 12 1 0 0 0 0 0 0 0 0 0 0 0 0 0 0 0 0 0
282 92 12 1 0 0 0 0 0 0 0 0 0 0 0 0 0 0 0 0 0
283 93 12 1 0 0 0 0 0 0 0 0 0 0 0 0 0 0 0 0 0
284 93 12 1 0 0 0 0 0 0 0 0 0 0 0 0 0 0 0 0 0
285 93 12 1 0 0 0 0 0 0 0 0 0 0 0 0 0 0 0 0 0
286 93 12 1 0 0 0 0 0 0 0 0 0 0 0 0 0 0 0 0 0
287 93 12 1 0 0 0 0 0 0 0 0 0 0 0 0 0 0 0 0 0
288 94 12 1 0 0 0 0 0 0 0 0 0 0 0 0 0 0 0 0 0
289 94 12 1 0 0 0 0 0 0 0 0 0 0 0 0 0 0 0 0 0
290 94 12 1 0 0 0 0 0 0 0 0 0 0 0 0 0 0 0 0 0
291 94 12 1 0 0 0 0 0 0 0 0 0 0 0 0 0 0 0 0 0
292 94 12 1 0 0 0 0 0 0 0 0 0 0 0 0 0 0 0 0 0
293 94 12 1 0 0 0 0 0 0 0 0 0 0 0 0 0 0 0 0 0
294 94 12 1 0 0 0 0 0 0 0 0 0 0 0 0 0 0 0 0 0
295 94 12 1 0 0 0 0 0 0 0 0 0 0 0 0 0 0 0 0 0
296 94 12 1 0 0 0 0 0 0 0 0 0 0 0 0 0 0 0 0 0
297 94 12 1 0 0 0 0 0 0 0 0 0 0 0 0 0 0 0 0 0
298 104 13 1 0 0 0 0 0 0 0 0 0 0 0 0 0 0 0 0 0
299 104 13 1 0 0 0 0 0 0 0 0 0 0 0 0 0 0 0 0 0
300 102 13 1 0 0 0 0 0 0 0 0 0 0 0 0 0 0 0 0 0
301 102 13 1 0 0 0 0 0 0 0 0 0 0 0 0 0 0 0 0 0
302 101 13 1 0 0 0 0 0 0 0 0 0 0 0 0 0 0 0 0 0
303 101 13 1 0 0 0 0 0 0 0 0 0 0 0 0 0 0 0 0 0
304 101 13 1 0 0 0 0 0 0 0 0 0 0 0 0 0 0 0 0 0
305 101 13 1 0 0 0 0 0 0 0 0 0 0 0 0 0 0 0 0 0
306 101 13 1 0 0 0 0 0 0 0 0 0 0 0 0 0 0 0 0 0
307 101 13 1 0 0 0 0 0 0 0 0 0 0 0 0 0 0 0 0 0
308 101 13 1 0 0 0 0 0 0 0 0 0 0 0 0 0 0 0 0 0
309 84 13 1 0 0 0 0 0 0 0 0 0 0 0 0 0 0 0 0 0
310 86 13 1 0 0 0 0 0 0 0 0 0 0 0 0 0 0 0 0 0
311 86 13 1 0 0 0 0 0 0 0 0 0 0 0 0 0 0 0 0 0
312 86 13 1 0 0 0 0 0 0 0 0 0 0 0 0 0 0 0 0 0
313 86 13 1 0 0 0 0 0 0 0 0 0 0 0 0 0 0 0 0 0
314 86 13 1 0 0 0 0 0 0 0 0 0 0 0 0 0 0 0 0 0
315 84 13 1 0 0 0 0 0 0 0 0 0 0 0 0 0 0 0 0 0
316 84 13 1 0 0 0 0 0 0 0 0 0 0 0 0 0 0 0 0 0
317 84 13 1 0 0 0 0 0 0 0 0 0 0 0 0 0 0 0 0 0
318 84 13 1 0 0 0 0 0 0 0 0 0 0 0 0 0 0 0 0 0
319 84 13 1 0 0 0 0 0 0 0 0 0 0 0 0 0 0 0 0 0
320 84 13 1 0 0 0 0 0 0 0 0 0 0 0 0 0 0 0 0 0
321 84 13 1 0 0 0 0 0 0 0 0 0 0 0 0 0 0 0 0 0
322 84 13 1 0 0 0 0 0 0 0 0 0 0 0 0 0 0 0 0 0
323 84 13 1 0 0 0 0 0 0 0 0 0 0 0 0 0 0 0 0 0
324 84 13 1 0 0 0 0 0 0 0 0 0 0 0 0 0 0 0 0 0
325 85 13 1 0 0 0 0 0 0 0 0 0 0 0 0 0 0 0 0 0
326 85 13 1 0 0 0 0 0 0 0 0 0 0 0 0 0 0 0 0 0
327 85 13 1 0 0 0 0 0 0 0 0 0 0 0 0 0 0 0 0 0
328 85 13 1 0 0 0 0 0 0 0 0 0 0 0 0 0 0 0 0 0
329 85 13 1 0 0 0 0 0 0 0 0 0 0 0 0 0 0 0 0 0
330 85 13 1 0 0 0 0 0 0 0 0 0 0 0 0 0 0 0 0 0
331 85 13 1 0 0 0 0 0 0 0 0 0 0 0 0 0 0 0 0 0
332 85 13 1 0 0 0 0 0 0 0 0 0 0 0 0 0 0 0 0 0
333 85 13 1 0 0 0 0 0 0 0 0 0 0 0 0 0 0 0 0 0
334 85 13 1 0 0 0 0 0 0 0 0 0 0 0 0 0 0 0 0 0
335 85 13 1 0 0 0 0 0 0 0 0 0 0 0 0 0 0 0 0 0
336 85 13 1 0 0 0 0 0 0 0 0 0 0 0 0 0 0 0 0 0
337 84 13 1 0 0 0 0 0 0 0 0 0 0 0 0 0 0 0 0 0
338 84 13 1 0 0 0 0 0 0 0 0 0 0 0 0 0 0 0 0 0
339 83 13 1 0 0 0 0 0 0 0 0 0 0 0 0 0 0 0 0 0
340 83 13 1 0 0 0 0 0 0 0 0 0 0 0 0 0 0 0 0 0
341 83 13 1 0 0 0 0 0 0 0 0 0 0 0 0 0 0 0 0 0
342 83 13 1 0 0 0 0 0 0 0 0 0 0 0 0 0 0 0 0 0
343 83 13 1 0 0 0 0 0 0 0 0 0 0 0 0 0 0 0 0 0
344 83 13 1 0 0 0 0 0 0 0 0 0 0 0 0 0 0 0 0 0
345 83 13 1 0 0 0 0 0 0 0 0 0 0 0 0 0 0 0 0 0
346 83 13 1 0 0 0 0 0 0 0 0 0 0 0 0 0 0 0 0 0
347 83 13 1 0 0 0 0 0 0 0 0 0 0 0 0 0 0 0 0 0
348 83 13 1 0 0 0 0 0 0 0 0 0 0 0 0 0 0 0 0 0
349 83 13 1 0 0 0 0 0 0 0 0 0 0 0 0 0 0 0 0 0
350 83 13 1 0 0 0 0 0 0 0 0 0 0 0 0 0 0 0 0 0
351 82 13 1 0 0 0 0 0 0 0 0 0 0 0 0 0 0 0 0 0
352 82 13 1 0 0 0 0 0 0 0 0 0 0 0 0 0 0 0 0 0
353 82 13 1 0 0 0 0 0 0 0 0 0 0 0 0 0 0 0 0 0
354 82 13 1 0 0 0 0 0 0 0 0 0 0 0 0 0 0 0 0 0
355 74 13 1 0 0 0 0 0 0 0 0 0 0 0 0 0 0 0 0 0
356 74 14 1 0 0 0 0 0 0 0 0 0 0 0 0 0 0 0 0 0
357 74 14 1 0 0 0 0 0 0 0 0 0 0 0 0 0 0 0 0 0
358 74 14 1 0 0 0 0 0 0 0 0 0 0 0 0 0 0 0 0 0
359 74 14 1 0 0 0 0 0 0 0 0 0 0 0 0 0 0 0 0 0
360 74 14 1 0 0 0 0 0 0 0 0 0 0 0 0 0 0 0 0 0
361 74 14 1 0 0 0 0 0 0 0 0 0 0 0 0 0 0 0 0 0
362 74 14 1 0 0 0 0 0 0 0 0 0 0 0 0 0 0 0 0 0
363 73 14 1 0 0 0 0 0 0 0 0 0 0 0 0 0 0 0 0 0
364 73 14 1 0 0 0 0 0 0 0 0 0 0 0 0 0 0 0 0 0
365 73 14 1 0 0 0 0 0 0 0 0 0 0 0 0 0 0 0 0 0
366 73 14 1 0 0 0 0 0 0 0 0 0 0 0 0 0 0 0 0 0
367 73 14 1 0 0 0 0 0 0 0 0 0 0 0 0 0 0 0 0 0
368 73 14 1 0 0 0 0 0 0 0 0 0 0 0 0 0 0 0 0 0
369 73 14 1 0 0 0 0 0 0 0 0 0 0 0 0 0 0 0 0 0
370 73 14 1 0 0 0 0 0 0 0 0 0 0 0 0 0 0 0 0 0
371 73 14 1 0 0 0 0 0 0 0 0 0 0 0 0 0 0 0 0 0
372 73 14 1 0 0 0 0 0 0 0 0 0 0 0 0 0 0 0 0 0
373 73 14 1 0 0 0 0 0 0 0 0 0 0 0 0 0 0 0 0 0
374 73 14 1 0 0 0 0 0 0 0 0 0 0 0 0 0 0 0 0 0
375 73 14 1 0 0 0 0 0 0 0 0 0 0 0 0 0 0 0 0 0
376 73 14 1 0 0 0 0 0 0 0 0 0 0 0 0 0 0 0 0 0
377 73 14 1 0 0 0 0 0 0 0 0 0 0 0 0 0 0 0 0 0
378 73 14 1 0 0 0 0 0 0 0 0 0 0 0 0 0 0 0 0 0
379 73 14 1 0 0 0 0 0 0 0 0 0 0 0 0 0 0 0 0 0
380 73 14 1 0 0 0 0 0 0 0 0 0 0 0 0 0 0 0 0 0
381 73 14 1 0 0 0 0 0 0 0 0 0 0 0 0 0 0 0 0 0
382 73 14 1 0 0 0 0 0 0 0 0 0 0 0 0 0 0 0 0 0
383 73 14 1 0 0 0 0 0 0 0 0 0 0 0 0 0 0 0 0 0
384 73 14 1 0 0 0 0 0 0 0 0 0 0 0 0 0 0 0 0 0
385 73 14 1 0 0 0 0 0 0 0 0 0 0 0 0 0 0 0 0 0
386 73 14 1 0 0 0 0 0 0 0 0 0 0 0 0 0 0 0 0 0
387 73 14 1 0 0 0 0 0 0 0 0 0 0 0 0 0 0 0 0 0
388 73 14 1 0 0 0 0 0 0 0 0 0 0 0 0 0 0 0 0 0
389 73 14 1 0 0 0 0 0 0 0 0 0 0 0 0 0 0 0 0 0
390 73 14 1 0 0 0 0 0 0 0 0 0 0 0 0 0 0 0 0 0
391 73 14 1 0 0 0 0 0 0 0 0 0 0 0 0 0 0 0 0 0
392 71 14 1 0 0 0 0 0 0 0 0 0 0 0 0 0 0 0 0 0
393 79 15 1 0 0 0 0 0 0 0 0 0 0 0 0 0 0 0 0 0
394 79 15 1 0 0 0 0 0 0 0 0 0 0 0 0 0 0 0 0 0
395 79 15 1 0 0 0 0 0 0 0 0 0 0 0 0 0 0 0 0 0
396 79 15 1 0 0 0 0 0 0 0 0 0 0 0 0 0 0 0 0 0
397 79 15 1 0 0 0 0 0 0 0 0 0 0 0 0 0 0 0 0 0
398 79 15 1 0 0 0 0 0 0 0 0 0 0 0 0 0 0 0 0 0
399 79 15 1 0 0 0 0 0 0 0 0 0 0 0 0 0 0 0 0 0
400 79 15 1 0 0 0 0 0 0 0 0 0 0 0 0 0 0 0 0 0
401 79 15 1 0 0 0 0 0 0 0 0 0 0 0 0 0 0 0 0 0
402 79 15 1 0 0 0 0 0 0 0 0 0 0 0 0 0 0 0 0 0
403 79 15 1 0 0 0 0 0 0 0 0 0 0 0 0 0 0 0 0 0
404 79 15 1 0 0 0 0 0 0 0 0 0 0 0 0 0 0 0 0 0
405 79 15 1 0 0 0 0 0 0 0 0 0 0 0 0 0 0 0 0 0
406 79 15 1 0 0 0 0 0 0 0 0 0 0 0 0 0 0 0 0 0
407 79 15 1 0 0 0 0 0 0 0 0 0 0 0 0 0 0 0 0 0
408 79 15 1 0 0 0 0 0 0 0 0 0 0 0 0 0 0 0 0 0
409 80 15 1 0 0 0 0 0 0 0 0 0 0 0 0 0 0 0 0 0
410 80 15 1 0 0 0 0 0 0 0 0 0 0 0 0 0 0 0 0 0
411 80 15 1 0 0 0 0 0 0 0 0 0 0 0 0 0 0 0 0 0
412 80 15 1 0 0 0 0 0 0 0 0 0 0 0 0 0 0 0 0 0
413 80 15 1 0 0 0 0 0 0 0 0 0 0 0 0 0 0 0 0 0
414 80 15 1 0 0 0 0 0 0 0 0 0 0 0 0 0 0 0 0 0
415 80 15 1 0 0 0 0 0 0 0 0 0 0 0 0 0 0 0 0 0
416 80 15 1 0 0 0 0 0 0 0 0 0 0 0 0 0 0 0 0 0
417 80 15 1 0 0 0 0 0 0 0 0 0 0 0 0 0 0 0 0 0
418 79 15 1 0 0 0 0 0 0 0 0 0 0 0 0 0 0 0 0 0
419 79 15 1 0 0 0 0 0 0 0 0 0 0 0 0 0 0 0 0 0
420 79 15 1 0 0 0 0 0 0 0 0 0 0 0 0 0 0 0 0 0
421 83 17 1 0 0 0 0 0 0 0 0 0 0 0 0 0 0 0 0 0
422 83 17 1 0 0 0 0 0 0 0 0 0 0 0 0 0 0 0 0 0
423 83 17 1 0 0 0 0 0 0 0 0 0 0 0 0 0 0 0 0 0
424 83 17 1 0 0 0 0 0 0 0 0 0 0 0 0 0 0 0 0 0
425 83 17 1 0 0 0 0 0 0 0 0 0 0 0 0 0 0 0 0 0
426 83 17 1 0 0 0 0 0 0 0 0 0 0 0 0 0 0 0 0 0
427 83 17 1 0 0 0 0 0 0 0 0 0 0 0 0 0 0 0 0 0
428 83 17 1 0 0 0 0 0 0 0 0 0 0 0 0 0 0 0 0 0
429 83 17 1 0 0 0 0 0 0 0 0 0 0 0 0 0 0 0 0 0
430 83 17 1 0 0 0 0 0 0 0 0 0 0 0 0 0 0 0 0 0
431 82 17 1 0 0 0 0 0 0 0 0 0 0 0 0 0 0 0 0 0
432 82 17 1 0 0 0 0 0 0 0 0 0 0 0 0 0 0 0 0 0
433 82 17 1 0 0 0 0 0 0 0 0 0 0 0 0 0 0 0 0 0
434 81 17 1 0 0 0 0 0 0 0 0 0 0 0 0 0 0 0 0 0
435 81 17 1 0 0 0 0 0 0 0 0 0 0 0 0 0 0 0 0 0
436 81 17 1 0 0 0 0 0 0 0 0 0 0 0 0 0 0 0 0 0
437 81 17 1 0 0 0 0 0 0 0 0 0 0 0 0 0 0 0 0 0
438 81 17 1 0 0 0 0 0 0 0 0 0 0 0 0 0 0 0 0 0
439 81 17 1 0 0 0 0 0 0 0 0 0 0 0 0 0 0 0 0 0
440 81 17 1 0 0 0 0 0 0 0 0 0 0 0 0 0 0 0 0 0
441 81 17 1 0 0 0 0 0 0 0 0 0 0 0 0 0 0 0 0 0
442 81 17 1 0 0 0 0 0 0 0 0 0 0 0 0 0 0 0 0 0
443 81 17 1 0 0 0 0 0 0 0 0 0 0 0 0 0 0 0 0 0
444 81 17 1 0 0 0 0 0 0 0 0 0 0 0 0 0 0 0 0 0
445 79 17 1 0 0 0 0 0 0 0 0 0 0 0 0 0 0 0 0 0
446 79 17 1 0 0 0 0 0 0 0 0 0 0 0 0 0 0 0 0 0
447 79 17 1 0 0 0 0 0 0 0 0 0 0 0 0 0 0 0 0 0
448 79 17 1 0 0 0 0 0 0 0 0 0 0 0 0 0 0 0 0 0
449 79 17 1 0 0 0 0 0 0 0 0 0 0 0 0 0 0 0 0 0
450 79 17 1 0 0 0 0 0 0 0 0 0 0 0 0 0 0 0 0 0
451 78 17 1 0 0 0 0 0 0 0 0 0 0 0 0 0 0 0 0 0
452 78 17 1 0 0 0 0 0 0 0 0 0 0 0 0 0 0 0 0 0
453 78 17 1 0 0 0 0 0 0 0 0 0 0 0 0 0 0 0 0 0
454 79 17 1 0 0 0 0 0 0 0 0 0 0 0 0 0 0 0 0 0
455 80 17 1 0 0 0 0 0 0 0 0 0 0 0 0 0 0 0 0 0
456 80 17 1 0 0 0 0 0 0 0 0 0 0 0 0 0 0 0 0 0
457 80 17 1 0 0 0 0 0 0 0 0 0 0 0 0 0 0 0 0 0
458 80 17 1 0 0 0 0 0 0 0 0 0 0 0 0 0 0 0 0 0
459 80 17 1 0 0 0 0 0 0 0 0 0 0 0 0 0 0 0 0 0
460 80 17 1 0 0 0 0 0 0 0 0 0 0 0 0 0 0 0 0 0
461 80 17 1 0 0 0 0 0 0 0 0 0 0 0 0 0 0 0 0 0
462 80 17 1 0 0 0 0 0 0 0 0 0 0 0 0 0 0 0 0 0
463 80 17 1 0 0 0 0 0 0 0 0 0 0 0 0 0 0 0 0 0
464 80 17 1 0 0 0 0 0 0 0 0 0 0 0 0 0 0 0 0 0
465 80 17 1 0 0 0 0 0 0 0 0 0 0 0 0 0 0 0 0 0
466 80 17 1 0 0 0 0 0 0 0 0 0 0 0 0 0 0 0 0 0
467 81 17 1 0 0 0 0 0 0 0 0 0 0 0 0 0 0 0 0 0
468 81 17 1 0 0 0 0 0 0 0 0 0 0 0 0 0 0 0 0 0
469 81 17 1 0 0 0 0 0 0 0 0 0 0 0 0 0 0 0 0 0
470 81 17 1 0 0 0 0 0 0 0 0 0 0 0 0 0 0 0 0 0
471 81 17 1 0 0 0 0 0 0 0 0 0 0 0 0 0 0 0 0 0
472 81 17 1 0 0 0 0 0 0 0 0 0 0 0 0 0 0 0 0 0
473 81 17 1 0 0 0 0 0 0 0 0 0 0 0 0 0 0 0 0 0
474 81 17 1 0 0 0 0 0 0 0 0 0 0 0 0 0 0 0 0 0
475 81 17 1 0 0 0 0 0 0 0 0 0 0 0 0 0 0 0 0 0
476 81 17 1 0 0 0 0 0 0 0 0 0 0 0 0 0 0 0 0 0
477 81 17 1 0 0 0 0 0 0 0 0 0 0 0 0 0 0 0 0 0
478 81 17 1 0 0 0 0 0 0 0 0 0 0 0 0 0 0 0 0 0
479 81 17 1 0 0 0 0 0 0 0 0 0 0 0 0 0 0 0 0 0
480 81 17 1 0 0 0 0 0 0 0 0 0 0 0 0 0 0 0 0 0
481 81 17 1 0 0 0 0 0 0 0 0 0 0 0 0 0 0 0 0 0
482 81 17 1 0 0 0 0 0 0 0 0 0 0 0 0 0 0 0 0 0
483 81 17 1 0 0 0 0 0 0 0 0 0 0 0 0 0 0 0 0 0
484 81 17 1 0 0 0 0 0 0 0 0 0 0 0 0 0 0 0 0 0
485 81 17 1 0 0 0 0 0 0 0 0 0 0 0 0 0 0 0 0 0
486 81 17 1 0 0 0 0 0 0 0 0 0 0 0 0 0 0 0 0 0
487 83 17 1 0 0 0 0 0 0 0 0 0 0 0 0 0 0 0 0 0
488 83 17 1 0 0 0 0 0 0 0 0 0 0 0 0 0 0 0 0 0
489 83 17 1 0 0 0 0 0 0 0 0 0 0 0 0 0 0 0 0 0
490 85 15 2 0 0 0 0 0 0 0 0 0 0 0 0 0 0 0 0 0
491 85 15 2 0 0 0 0 0 0 0 0 0 0 0 0 0 0 0 0 0
492 85 15 2 0 0 0 0 0 0 0 0 0 0 0 0 0 0 0 0 0
493 85 15 2 0 0 0 0 0 0 0 0 0 0 0 0 0 0 0 0 0
494 85 15 2 0 0 0 0 0 0 0 0 0 0 0 0 0 0 0 0 0
495 85 15 2 0 0 0 0 0 0 0 0 0 0 0 0 0 0 0 0 0
496 85 15 2 0 0 0 0 0 0 0 0 0 0 0 0 0 0 0 0 0
497 85 15 2 0 0 0 0 0 0 0 0 0 0 0 0 0 0 0 0 0
498 85 15 2 0 0 0 0 0 0 0 0 0 0 0 0 0 0 0 0 0
499 85 15 2 0 0 0 0 0 0 0 0 0 0 0 0 0 0 0 0 0
500 85 15 2 0 0 0 0 0 0 0 0 0 0 0 0 0 0 0 0 0
501 85 15 2 0 0 0 0 0 0 0 0 0 0 0 0 0 0 0 0 0
502 86 15 2 0 0 0 0 0 0 0 0 0 0 0 0 0 0 0 0 0
503 86 15 2 0 0 0 0 0 0 0 0 0 0 0 0 0 0 0 0 0
504 86 15 2 0 0 0 0 0 0 0 0 0 0 0 0 0 0 0 0 0
505 85 16 2 0 0 0 0 0 0 0 0 0 0 0 0 0 0 0 0 0
506 85 16 2 0 0 0 0 0 0 0 0 0 0 0 0 0 0 0 0 0
507 85 16 2 0 0 0 0 0 0 0 0 0 0 0 0 0 0 0 0 0
508 85 16 2 0 0 0 0 0 0 0 0 0 0 0 0 0 0 0 0 0
509 85 16 2 0 0 0 0 0 0 0 0 0 0 0 0 0 0 0 0 0
510 85 16 2 0 0 0 0 0 0 0 0 0 0 0 0 0 0 0 0 0
511 85 16 2 0 0 0 0 0 0 0 0 0 0 0 0 0 0 0 0 0
512 85 16 2 0 0 0 0 0 0 0 0 0 0 0 0 0 0 0 0 0
513 87 16 2 0 0 0 0 0 0 0 0 0 0 0 0 0 0 0 0 0
514 87 16 2 0 0 0 0 0 0 0 0 0 0 0 0 0 0 0 0 0
515 87 16 2 0 0 0 0 0 0 0 0 0 0 0 0 0 0 0 0 0
516 87 16 2 0 0 0 0 0 0 0 0 0 0 0 0 0 0 0 0 0
517 86 16 2 0 0 0 0 0 0 0 0 0 0 0 0 0 0 0 0 0
518 86 16 2 0 0 0 0 0 0 0 0 0 0 0 0 0 0 0 0 0
519 86 16 2 0 0 0 0 0 0 0 0 0 0 0 0 0 0 0 0 0
520 86 16 2 0 0 0 0 0 0 0 0 0 0 0 0 0 0 0 0 0
521 86 16 2 0 0 0 0 0 0 0 0 0 0 0 0 0 0 0 0 0
522 85 16 2 0 0 0 0 0 0 0 0 0 0 0 0 0 0 0 0 0
523 85 16 2 0 0 0 0 0 0 0 0 0 0 0 0 0 0 0 0 0
524 85 16 2 0 0 0 0 0 0 0 0 0 0 0 0 0 0 0 0 0
525 85 16 2 0 0 0 0 0 0 0 0 0 0 0 0 0 0 0 0 0
526 85 16 2 0 0 0 0 0 0 0 0 0 0 0 0 0 0 0 0 0
527 85 16 2 0 0 0 0 0 0 0 0 0 0 0 0 0 0 0 0 0
528 85 16 2 0 0 0 0 0 0 0 0 0 0 0 0 0 0 0 0 0
529 86 16 2 0 0 0 0 0 0 0 0 0 0 0 0 0 0 0 0 0
530 86 16 2 0 0 0 0 0 0 0 0 0 0 0 0 0 0 0 0 0
531 86 16 2 0 0 0 0 0 0 0 0 0 0 0 0 0 0 0 0 0
532 86 16 2 0 0 0 0 0 0 0 0 0 0 0 0 0 0 0 0 0
533 86 16 2 0 0 0 0 0 0 0 0 0 0 0 0 0 0 0 0 0
534 86 16 2 0 0 0 0 0 0 0 0 0 0 0 0 0 0 0 0 0
535 88 16 2 0 0 0 0 0 0 0 0 0 0 0 0 0 0 0 0 0
536 88 16 2 0 0 0 0 0 0 0 0 0 0 0 0 0 0 0 0 0
537 88 16 2 0 0 0 0 0 0 0 0 0 0 0 0 0 0 0 0 0
538 88 16 2 0 0 0 0 0 0 0 0 0 0 0 0 0 0 0 0 0
539 88 16 2 0 0 0 0 0 0 0 0 0 0 0 0 0 0 0 0 0
540 88 16 2 0 0 0 0 0 0 0 0 0 0 0 0 0 0 0 0 0
541 88 16 2 0 0 0 0 0 0 0 0 0 0 0 0 0 0 0 0 0
542 88 16 2 0 0 0 0 0 0 0 0 0 0 0 0 0 0 0 0 0
543 88 16 2 0 0 0 0 0 0 0 0 0 0 0 0 0 0 0 0 0
544 88 16 2 0 0 0 0 0 0 0 0 0 0 0 0 0 0 0 0 0
545 88 16 2 0 0 0 0 0 0 0 0 0 0 0 0 0 0 0 0 0
546 88 16 2 0 0 0 0 0 0 0 0 0 0 0 0 0 0 0 0 0
547 88 16 2 0 0 0 0 0 0 0 0 0 0 0 0 0 0 0 0 0
548 88 16 2 0 0 0 0 0 0 0 0 0 0 0 0 0 0 0 0 0
549 88 16 2 0 0 0 0 0 0 0 0 0 0 0 0 0 0 0 0 0
550 87 16 2 0 0 0 0 0 0 0 0 0 0 0 0 0 0 0 0 0
551 87 16 2 0 0 0 0 0 0 0 0 0 0 0 0 0 0 0 0 0
552 90 16 2 0 0 0 0 0 0 0 0 0 0 0 0 0 0 0 0 0
553 90 16 2 0 0 0 0 0 0 0 0 0 0 0 0 0 0 0 0 0
554 90 16 2 0 0 0 0 0 0 0 0 0 0 0 0 0 0 0 0 0
555 90 16 2 0 0 0 0 0 0 0 0 0 0 0 0 0 0 0 0 0
556 90 16 2 0 0 0 0 0 0 0 0 0 0 0 0 0 0 0 0 0
557 90 16 2 0 0 0 0 0 0 0 0 0 0 0 0 0 0 0 0 0
558 90 16 2 0 0 0 0 0 0 0 0 0 0 0 0 0 0 0 0 0
559 90 16 2 0 0 0 0 0 0 0 0 0 0 0 0 0 0 0 0 0
560 90 16 2 0 0 0 0 0 0 0 0 0 0 0 0 0 0 0 0 0
561 90 16 2 0 0 0 0 0 0 0 0 0 0 0 0 0 0 0 0 0
562 90 16 2 0 0 0 0 0 0 0 0 0 0 0 0 0 0 0 0 0
563 90 16 2 0 0 0 0 0 0 0 0 0 0 0 0 0 0 0 0 0
564 90 16 2 0 0 0 0 0 0 0 0 0 0 0 0 0 0 0 0 0
565 90 16 2 0 0 0 0 0 0 0 0 0 0 0 0 0 0 0 0 0
566 90 16 2 0 0 0 0 0 0 0 0 0 0 0 0 0 0 0 0 0
567 90 15 3 0 0 0 0 0 0 0 0 0 0 0 0 0 0 0 0 0
568 90 15 3 0 0 0 0 0 0 0 0 0 0 0 0 0 0 0 0 0
569 90 15 3 0 0 0 0 0 0 0 0 0 0 0 0 0 0 0 0 0
570 90 15 3 0 0 0 0 0 0 0 0 0 0 0 0 0 0 0 0 0
571 90 15 3 0 0 0 0 0 0 0 0 0 0 0 0 0 0 0 0 0
572 90 15 3 0 0 0 0 0 0 0 0 0 0 0 0 0 0 0 0 0
573 90 15 3 0 0 0 0 0 0 0 0 0 0 0 0 0 0 0 0 0
574 90 15 3 0 0 0 0 0 0 0 0 0 0 0 0 0 0 0 0 0
575 90 15 3 0 0 0 0 0 0 0 0 0 0 0 0 0 0 0 0 0
576 90 15 3 0 0 0 0 0 0 0 0 0 0 0 0 0 0 0 0 0
577 90 15 3 0 0 0 0 0 0 0 0 0 0 0 0 0 0 0 0 0
578 90 15 3 0 0 0 0 0 0 0 0 0 0 0 0 0 0 0 0 0
579 91 15 3 0 0 0 0 0 0 0 0 0 0 0 0 0 0 0 0 0
580 91 15 3 0 0 0 0 0 0 0 0 0 0 0 0 0 0 0 0 0
581 91 15 3 0 0 0 0 0 0 0 0 0 0 0 0 0 0 0 0 0
582 91 15 3 0 0 0 0 0 0 0 0 0 0 0 0 0 0 0 0 0
583 91 15 3 0 0 0 0 0 0 0 0 0 0 0 0 0 0 0 0 0
584 91 15 3 0 0 0 0 0 0 0 0 0 0 0 0 0 0 0 0 0
585 91 15 3 0 0 0 0 0 0 0 0 0 0 0 0 0 0 0 0 0
586 91 15 3 0 0 0 0 0 0 0 0 0 0 0 0 0 0 0 0 0
587 91 15 3 0 0 0 0 0 0 0 0 0 0 0 0 0 0 0 0 0
588 91 15 3 0 0 0 0 0 0 0 0 0 0 0 0 0 0 0 0 0
589 91 15 3 0 0 0 0 0 0 0 0 0 0 0 0 0 0 0 0 0
590 91 15 3 0 0 0 0 0 0 0 0 0 0 0 0 0 0 0 0 0
591 91 15 3 0 0 0 0 0 0 0 0 0 0 0 0 0 0 0 0 0
592 90 15 3 0 0 0 0 0 0 0 0 0 0 0 0 0 0 0 0 0
593 90 15 3 0 0 0 0 0 0 0 0 0 0 0 0 0 0 0 0 0
594 92 15 3 0 0 0 0 0 0 0 0 0 0 0 0 0 0 0 0 0
595 92 15 3 0 0 0 0 0 0 0 0 0 0 0 0 0 0 0 0 0
596 93 15 3 0 0 0 0 0 0 0 0 0 0 0 0 0 0 0 0 0
597 93 15 3 0 0 0 0 0 0 0 0 0 0 0 0 0 0 0 0 0
598 93 15 3 0 0 0 0 0 0 0 0 0 0 0 0 0 0 0 0 0
599 93 15 3 0 0 0 0 0 0 0 0 0 0 0 0 0 0 0 0 0
600 93 15 3 0 0 0 0 0 0 0 0 0 0 0 0 0 0 0 0 0
601 93 15 3 0 0 0 0 0 0 0 0 0 0 0 0 0 0 0 0 0
602 93 15 3 0 0 0 0 0 0 0 0 0 0 0 0 0 0 0 0 0
603 93 15 3 0 0 0 0 0 0 0 0 0 0 0 0 0 0 0 0 0
604 93 15 3 0 0 0 0 0 0 0 0 0 0 0 0 0 0 0 0 0
605 93 15 3 0 0 0 0 0 0 0 0 0 0 0 0 0 0 0 0 0
606 95 15 3 0 0 0 0 0 0 0 0 0 0 0 0 0 0 0 0 0
607 95 15 3 0 0 0 0 0 0 0 0 0 0 0 0 0 0 0 0 0
608 95 15 3 0 0 0 0 0 0 0 0 0 0 0 0 0 0 0 0 0
609 95 15 3 0 0 0 0 0 0 0 0 0 0 0 0 0 0 0 0 0
610 95 15 3 0 0 0 0 0 0 0 0 0 0 0 0 0 0 0 0 0
611 96 15 3 0 0 0 0 0 0 0 0 0 0 0 0 0 0 0 0 0
612 96 15 3 0 0 0 0 0 0 0 0 0 0 0 0 0 0 0 0 0
613 96 15 3 0 0 0 0 0 0 0 0 0 0 0 0 0 0 0 0 0
614 96 15 3 0 0 0 0 0 0 0 0 0 0 0 0 0 0 0 0 0
615 96 15 3 0 0 0 0 0 0 0 0 0 0 0 0 0 0 0 0 0
616 96 15 3 0 0 0 0 0 0 0 0 0 0 0 0 0 0 0 0 0
617 96 15 3 0 0 0 0 0 0 0 0 0 0 0 0 0 0 0 0 0
618 96 15 3 0 0 0 0 0 0 0 0 0 0 0 0 0 0 0 0 0
619 96 15 3 0 0 0 0 0 0 0 0 0 0 0 0 0 0 0 0 0
620 96 15 3 0 0 0 0 0 0 0 0 0 0 0 0 0 0 0 0 0
621 96 15 3 0 0 0 0 0 0 0 0 0 0 0 0 0 0 0 0 0
622 96 15 3 0 0 0 0 0 0 0 0 0 0 0 0 0 0 0 0 0
623 96 15 3 0 0 0 0 0 0 0 0 0 0 0 0 0 0 0 0 0
624 96 15 3 0 0 0 0 0 0 0 0 0 0 0 0 0 0 0 0 0
625 96 15 3 0 0 0 0 0 0 0 0 0 0 0 0 0 0 0 0 0
626 96 15 3 0 0 0 0 0 0 0 0 0 0 0 0 0 0 0 0 0
627 96 15 3 0 0 0 0 0 0 0 0 0 0 0 0 0 0 0 0 0
628 96 15 3 0 0 0 0 0 0 0 0 0 0 0 0 0 0 0 0 0
629 96 15 3 0 0 0 0 0 0 0 0 0 0 0 0 0 0 0 0 0
630 96 15 3 0 0 0 0 0 0 0 0 0 0 0 0 0 0 0 0 0
631 97 15 3 0 0 0 0 0 0 0 0 0 0 0 0 0 0 0 0 0
632 97 15 3 0 0 0 0 0 0 0 0 0 0 0 0 0 0 0 0 0
633 97 15 3 0 0 0 0 0 0 0 0 0 0 0 0 0 0 0 0 0
634 97 15 3 0 0 0 0 0 0 0 0 0 0 0 0 0 0 0 0 0
635 97 15 3 0 0 0 0 0 0 0 0 0 0 0 0 0 0 0 0 0
636 97 15 3 0 0 0 0 0 0 0 0 0 0 0 0 0 0 0 0 0
637 97 15 3 0 0 0 0 0 0 0 0 0 0 0 0 0 0 0 0 0
638 97 15 3 0 0 0 0 0 0 0 0 0 0 0 0 0 0 0 0 0
639 97 15 3 0 0 0 0 0 0 0 0 0 0 0 0 0 0 0 0 0
640 97 15 3 0 0 0 0 0 0 0 0 0 0 0 0 0 0 0 0 0
641 97 15 3 0 0 0 0 0 0 0 0 0 0 0 0 0 0 0 0 0
642 97 15 3 0 0 0 0 0 0 0 0 0 0 0 0 0 0 0 0 0
643 97 15 3 0 0 0 0 0 0 0 0 0 0 0 0 0 0 0 0 0
644 97 15 3 0 0 0 0 0 0 0 0 0 0 0 0 0 0 0 0 0
645 97 15 3 0 0 0 0 0 0 0 0 0 0 0 0 0 0 0 0 0
646 97 15 3 0 0 0 0 0 0 0 0 0 0 0 0 0 0 0 0 0
647 96 15 3 0 0 0 0 0 0 0 0 0 0 0 0 0 0 0 0 0
648 96 15 3 0 0 0 0 0 0 0 0 0 0 0 0 0 0 0 0 0
649 96 15 3 0 0 0 0 0 0 0 0 0 0 0 0 0 0 0 0 0
650 96 15 3 0 0 0 0 0 0 0 0 0 0 0 0 0 0 0 0 0
651 96 15 3 0 0 0 0 0 0 0 0 0 0 0 0 0 0 0 0 0
652 96 15 3 0 0 0 0 0 0 0 0 0 0 0 0 0 0 0 0 0
653 96 15 3 0 0 0 0 0 0 0 0 0 0 0 0 0 0 0 0 0
654 96 15 3 0 0 0 0 0 0 0 0 0 0 0 0 0 0 0 0 0
655 96 15 3 0 0 0 0 0 0 0 0 0 0 0 0 0 0 0 0 0
656 96 15 3 0 0 0 0 0 0 0 0 0 0 0 0 0 0 0 0 0
657 96 15 3 0 0 0 0 0 0 0 0 0 0 0 0 0 0 0 0 0
658 96 15 3 0 0 0 0 0 0 0 0 0 0 0 0 0 0 0 0 0
659 96 15 3 0 0 0 0 0 0 0 0 0 0 0 0 0 0 0 0 0
660 95 15 3 0 0 0 0 0 0 0 0 0 0 0 0 0 0 0 0 0
661 95 15 3 0 0 0 0 0 0 0 0 0 0 0 0 0 0 0 0 0
662 95 15 3 0 0 0 0 0 0 0 0 0 0 0 0 0 0 0 0 0
663 95 14 3 0 0 0 0 0 0 0 0 0 0 0 0 0 0 0 0 0
664 95 14 3 0 0 0 0 0 0 0 0 0 0 0 0 0 0 0 0 0
665 95 14 3 0 0 0 0 0 0 0 0 0 0 0 0 0 0 0 0 0
666 95 14 3 0 0 0 0 0 0 0 0 0 0 0 0 0 0 0 0 0
667 95 14 3 0 0 0 0 0 0 0 0 0 0 0 0 0 0 0 0 0
668 95 14 3 0 0 0 0 0 0 0 0 0 0 0 0 0 0 0 0 0
669 95 14 3 0 0 0 0 0 0 0 0 0 0 0 0 0 0 0 0 0
670 95 14 3 0 0 0 0 0 0 0 0 0 0 0 0 0 0 0 0 0
671 95 14 3 0 0 0 0 0 0 0 0 0 0 0 0 0 0 0 0 0
672 96 14 3 0 0 0 0 0 0 0 0 0 0 0 0 0 0 0 0 0
673 96 14 3 0 0 0 0 0 0 0 0 0 0 0 0 0 0 0 0 0
674 96 14 3 0 0 0 0 0 0 0 0 0 0 0 0 0 0 0 0 0
675 95 14 3 0 0 0 0 0 0 0 0 0 0 0 0 0 0 0 0 0
676 95 14 3 0 0 0 0 0 0 0 0 0 0 0 0 0 0 0 0 0
677 95 14 3 0 0 0 0 0 0 0 0 0 0 0 0 0 0 0 0 0
678 95 14 3 0 0 0 0 0 0 0 0 0 0 0 0 0 0 0 0 0
679 94 14 3 0 0 0 0 0 0 0 0 0 0 0 0 0 0 0 0 0
680 94 14 3 0 0 0 0 0 0 0 0 0 0 0 0 0 0 0 0 0
681 94 14 3 0 0 0 0 0 0 0 0 0 0 0 0 0 0 0 0 0
682 94 14 3 0 0 0 0 0 0 0 0 0 0 0 0 0 0 0 0 0
683 94 14 3 0 0 0 0 0 0 0 0 0 0 0 0 0 0 0 0 0
684 94 14 3 0 0 0 0 0 0 0 0 0 0 0 0 0 0 0 0 0
685 94 14 3 0 0 0 0 0 0 0 0 0 0 0 0 0 0 0 0 0
686 94 14 3 0 0 0 0 0 0 0 0 0 0 0 0 0 0 0 0 0
687 94 14 3 0 0 0 0 0 0 0 0 0 0 0 0 0 0 0 0 0
688 95 14 3 0 0 0 0 0 0 0 0 0 0 0 0 0 0 0 0 0
689 95 14 3 0 0 0 0 0 0 0 0 0 0 0 0 0 0 0 0 0
690 95 14 3 0 0 0 0 0 0 0 0 0 0 0 0 0 0 0 0 0
691 95 14 3 0 0 0 0 0 0 0 0 0 0 0 0 0 0 0 0 0
692 94 14 3 0 0 0 0 0 0 0 0 0 0 0 0 0 0 0 0 0
693 94 14 3 0 0 0 0 0 0 0 0 0 0 0 0 0 0 0 0 0
694 93 14 3 0 0 0 0 0 0 0 0 0 0 0 0 0 0 0 0 0
695 93 14 3 0 0 0 0 0 0 0 0 0 0 0 0 0 0 0 0 0
696 93 14 3 0 0 0 0 0 0 0 0 0 0 0 0 0 0 0 0 0
697 93 14 3 0 0 0 0 0 0 0 0 0 0 0 0 0 0 0 0 0
698 93 14 3 0 0 0 0 0 0 0 0 0 0 0 0 0 0 0 0 0
699 93 14 3 0 0 0 0 0 0 0 0 0 0 0 0 0 0 0 0 0
700 93 14 3 0 0 0 0 0 0 0 0 0 0 0 0 0 0 0 0 0
701 93 14 3 0 0 0 0 0 0 0 0 0 0 0 0 0 0 0 0 0
702 93 14 3 0 0 0 0 0 0 0 0 0 0 0 0 0 0 0 0 0
703 98 14 3 0 0 0 0 0 0 0 0 0 0 0 0 0 0 0 0 0
704 98 14 3 0 0 0 0 0 0 0 0 0 0 0 0 0 0 0 0 0
705 98 14 3 0 0 0 0 0 0 0 0 0 0 0 0 0 0 0 0 0
706 98 14 3 0 0 0 0 0 0 0 0 0 0 0 0 0 0 0 0 0
707 98 14 3 0 0 0 0 0 0 0 0 0 0 0 0 0 0 0 0 0
708 98 14 3 0 0 0 0 0 0 0 0 0 0 0 0 0 0 0 0 0
709 98 14 3 0 0 0 0 0 0 0 0 0 0 0 0 0 0 0 0 0
710 98 14 3 0 0 0 0 0 0 0 0 0 0 0 0 0 0 0 0 0
711 97 14 3 0 0 0 0 0 0 0 0 0 0 0 0 0 0 0 0 0
712 91 14 3 0 0 0 0 0 0 0 0 0 0 0 0 0 0 0 0 0
713 91 14 3 0 0 0 0 0 0 0 0 0 0 0 0 0 0 0 0 0
714 91 14 3 0 0 0 0 0 0 0 0 0 0 0 0 0 0 0 0 0
715 91 14 3 0 0 0 0 0 0 0 0 0 0 0 0 0 0 0 0 0
716 91 14 3 0 0 0 0 0 0 0 0 0 0 0 0 0 0 0 0 0
717 91 14 3 0 0 0 0 0 0 0 0 0 0 0 0 0 0 0 0 0
718 91 14 3 0 0 0 0 0 0 0 0 0 0 0 0 0 0 0 0 0
719 91 14 3 0 0 0 0 0 0 0 0 0 0 0 0 0 0 0 0 0
720 91 14 3 0 0 0 0 0 0 0 0 0 0 0 0 0 0 0 0 0
721 91 14 3 0 0 0 0 0 0 0 0 0 0 0 0 0 0 0 0 0
722 91 14 3 0 0 0 0 0 0 0 0 0 0 0 0 0 0 0 0 0
723 91 14 3 0 0 0 0 0 0 0 0 0 0 0 0 0 0 0 0 0
724 89 14 3 0 0 0 0 0 0 0 0 0 0 0 0 0 0 0 0 0
725 83 14 3 0 0 0 0 0 0 0 0 0 0 0 0 0 0 0 0 0
726 83 14 3 0 0 0 0 0 0 0 0 0 0 0 0 0 0 0 0 0
727 83 14 3 0 0 0 0 0 0 0 0 0 0 0 0 0 0 0 0 0
728 84 14 3 0 0 0 0 0 0 0 0 0 0 0 0 0 0 0 0 0
729 84 14 3 0 0 0 0 0 0 0 0 0 0 0 0 0 0 0 0 0
730 84 14 3 0 0 0 0 0 0 0 0 0 0 0 0 0 0 0 0 0
731 84 14 3 0 0 0 0 0 0 0 0 0 0 0 0 0 0 0 0 0
732 84 14 3 0 0 0 0 0 0 0 0 0 0 0 0 0 0 0 0 0
733 84 14 3 0 0 0 0 0 0 0 0 0 0 0 0 0 0 0 0 0
734 85 14 3 0 0 0 0 0 0 0 0 0 0 0 0 0 0 0 0 0
735 86 14 3 0 0 0 0 0 0 0 0 0 0 0 0 0 0 0 0 0
736 86 14 3 0 0 0 0 0 0 0 0 0 0 0 0 0 0 0 0 0
737 86 14 3 0 0 0 0 0 0 0 0 0 0 0 0 0 0 0 0 0
738 86 14 3 0 0 0 0 0 0 0 0 0 0 0 0 0 0 0 0 0
739 86 14 3 0 0 0 0 0 0 0 0 0 0 0 0 0 0 0 0 0
740 84 14 3 0 0 0 0 0 0 0 0 0 0 0 0 0 0 0 0 0
741 84 14 3 0 0 0 0 0 0 0 0 0 0 0 0 0 0 0 0 0
742 84 14 3 0 0 0 0 0 0 0 0 0 0 0 0 0 0 0 0 0
743 84 14 3 0 0 0 0 0 0 0 0 0 0 0 0 0 0 0 0 0
744 84 14 3 0 0 0 0 0 0 0 0 0 0 0 0 0 0 0 0 0
745 84 14 3 0 0 0 0 0 0 0 0 0 0 0 0 0 0 0 0 0
746 84 14 3 0 0 0 0 0 0 0 0 0 0 0 0 0 0 0 0 0
747 84 14 3 0 0 0 0 0 0 0 0 0 0 0 0 0 0 0 0 0
748 84 14 3 0 0 0 0 0 0 0 0 0 0 0 0 0 0 0 0 0
749 84 14 3 0 0 0 0 0 0 0 0 0 0 0 0 0 0 0 0 0
750 84 14 3 0 0 0 0 0 0 0 0 0 0 0 0 0 0 0 0 0
751 84 14 3 0 0 0 0 0 0 0 0 0 0 0 0 0 0 0 0 0
752 84 14 3 0 0 0 0 0 0 0 0 0 0 0 0 0 0 0 0 0
753 84 14 3 0 0 0 0 0 0 0 0 0 0 0 0 0 0 0 0 0
754 84 14 3 0 0 0 0 0 0 0 0 0 0 0 0 0 0 0 0 0
755 84 14 3 0 0 0 0 0 0 0 0 0 0 0 0 0 0 0 0 0
756 84 14 3 0 0 0 0 0 0 0 0 0 0 0 0 0 0 0 0 0
757 83 14 3 0 0 0 0 0 0 0 0 0 0 0 0 0 0 0 0 0
758 83 14 3 0 0 0 0 0 0 0 0 0 0 0 0 0 0 0 0 0
759 83 14 3 0 0 0 0 0 0 0 0 0 0 0 0 0 0 0 0 0
760 83 14 3 0 0 0 0 0 0 0 0 0 0 0 0 0 0 0 0 0
761 83 14 3 0 0 0 0 0 0 0 0 0 0 0 0 0 0 0 0 0
762 83 14 3 0 0 0 0 0 0 0 0 0 0 0 0 0 0 0 0 0
763 83 14 3 0 0 0 0 0 0 0 0 0 0 0 0 0 0 0 0 0
764 83 14 3 0 0 0 0 0 0 0 0 0 0 0 0 0 0 0 0 0
765 83 14 3 0 0 0 0 0 0 0 0 0 0 0 0 0 0 0 0 0
766 84 14 3 0 0 0 0 0 0 0 0 0 0 0 0 0 0 0 0 0
767 83 14 3 0 0 0 0 0 0 0 0 0 0 0 0 0 0 0 0 0
768 86 14 3 0 0 0 0 0 0 0 0 0 0 0 0 0 0 0 0 0
769 86 14 3 0 0 0 0 0 0 0 0 0 0 0 0 0 0 0 0 0
770 86 14 3 0 0 0 0 0 0 0 0 0 0 0 0 0 0 0 0 0
771 85 14 3 0 0 0 0 0 0 0 0 0 0 0 0 0 0 0 0 0
772 85 14 3 0 0 0 0 0 0 0 0 0 0 0 0 0 0 0 0 0
773 85 14 3 0 0 0 0 0 0 0 0 0 0 0 0 0 0 0 0 0
774 85 14 3 0 0 0 0 0 0 0 0 0 0 0 0 0 0 0 0 0
775 85 14 3 0 0 0 0 0 0 0 0 0 0 0 0 0 0 0 0 0
776 85 14 3 0 0 0 0 0 0 0 0 0 0 0 0 0 0 0 0 0
777 86 14 3 0 0 0 0 0 0 0 0 0 0 0 0 0 0 0 0 0
778 86 14 3 0 0 0 0 0 0 0 0 0 0 0 0 0 0 0 0 0
779 86 14 3 0 0 0 0 0 0 0 0 0 0 0 0 0 0 0 0 0
780 86 14 3 0 0 0 0 0 0 0 0 0 0 0 0 0 0 0 0 0
781 86 14 3 0 0 0 0 0 0 0 0 0 0 0 0 0 0 0 0 0
782 86 14 3 0 0 0 0 0 0 0 0 0 0 0 0 0 0 0 0 0
783 86 14 3 0 0 0 0 0 0 0 0 0 0 0 0 0 0 0 0 0
784 86 14 3 0 0 0 0 0 0 0 0 0 0 0 0 0 0 0 0 0
785 86 14 3 0 0 0 0 0 0 0 0 0 0 0 0 0 0 0 0 0
786 86 14 3 0 0 0 0 0 0 0 0 0 0 0 0 0 0 0 0 0
787 86 14 3 0 0 0 0 0 0 0 0 0 0 0 0 0 0 0 0 0
788 86 14 3 0 0 0 0 0 0 0 0 0 0 0 0 0 0 0 0 0
789 86 14 3 0 0 0 0 0 0 0 0 0 0 0 0 0 0 0 0 0
790 86 14 3 0 0 0 0 0 0 0 0 0 0 0 0 0 0 0 0 0
791 86 14 3 0 0 0 0 0 0 0 0 0 0 0 0 0 0 0 0 0
792 86 14 3 0 0 0 0 0 0 0 0 0 0 0 0 0 0 0 0 0
793 86 14 3 0 0 0 0 0 0 0 0 0 0 0 0 0 0 0 0 0
794 86 14 3 0 0 0 0 0 0 0 0 0 0 0 0 0 0 0 0 0
795 86 14 3 0 0 0 0 0 0 0 0 0 0 0 0 0 0 0 0 0
796 86 14 3 0 0 0 0 0 0 0 0 0 0 0 0 0 0 0 0 0
797 86 14 3 0 0 0 0 0 0 0 0 0 0 0 0 0 0 0 0 0
798 86 14 3 0 0 0 0 0 0 0 0 0 0 0 0 0 0 0 0 0
799 86 14 3 0 0 0 0 0 0 0 0 0 0 0 0 0 0 0 0 0
800 86 14 3 0 0 0 0 0 0 0 0 0 0 0 0 0 0 0 0 0
801 86 14 3 0 0 0 0 0 0 0 0 0 0 0 0 0 0 0 0 0
802 86 14 3 0 0 0 0 0 0 0 0 0 0 0 0 0 0 0 0 0
803 86 14 3 0 0 0 0 0 0 0 0 0 0 0 0 0 0 0 0 0
804 86 14 3 0 0 0 0 0 0 0 0 0 0 0 0 0 0 0 0 0
805 86 14 3 0 0 0 0 0 0 0 0 0 0 0 0 0 0 0 0 0
806 86 14 3 0 0 0 0 0 0 0 0 0 0 0 0 0 0 0 0 0
807 86 14 3 0 0 0 0 0 0 0 0 0 0 0 0 0 0 0 0 0
808 86 14 3 0 0 0 0 0 0 0 0 0 0 0 0 0 0 0 0 0
809 84 14 3 0 0 0 0 0 0 0 0 0 0 0 0 0 0 0 0 0
810 84 14 3 0 0 0 0 0 0 0 0 0 0 0 0 0 0 0 0 0
811 84 14 3 0 0 0 0 0 0 0 0 0 0 0 0 0 0 0 0 0
812 85 14 3 0 0 0 0 0 0 0 0 0 0 0 0 0 0 0 0 0
813 85 14 3 0 0 0 0 0 0 0 0 0 0 0 0 0 0 0 0 0
814 85 14 3 0 0 0 0 0 0 0 0 0 0 0 0 0 0 0 0 0
815 85 14 3 0 0 0 0 0 0 0 0 0 0 0 0 0 0 0 0 0
816 85 14 3 0 0 0 0 0 0 0 0 0 0 0 0 0 0 0 0 0
817 85 14 3 0 0 0 0 0 0 0 0 0 0 0 0 0 0 0 0 0
818 85 14 3 0 0 0 0 0 0 0 0 0 0 0 0 0 0 0 0 0
819 85 14 3 0 0 0 0 0 0 0 0 0 0 0 0 0 0 0 0 0
820 85 14 3 0 0 0 0 0 0 0 0 0 0 0 0 0 0 0 0 0
821 85 14 3 0 0 0 0 0 0 0 0 0 0 0 0 0 0 0 0 0
822 85 15 3 0 0 0 0 0 0 0 0 0 0 0 0 0 0 0 0 0
823 85 15 3 0 0 0 0 0 0 0 0 0 0 0 0 0 0 0 0 0
824 85 15 3 0 0 0 0 0 0 0 0 0 0 0 0 0 0 0 0 0
825 85 15 3 0 0 0 0 0 0 0 0 0 0 0 0 0 0 0 0 0
826 85 15 3 0 0 0 0 0 0 0 0 0 0 0 0 0 0 0 0 0
827 86 15 3 0 0 0 0 0 0 0 0 0 0 0 0 0 0 0 0 0
828 86 15 3 0 0 0 0 0 0 0 0 0 0 0 0 0 0 0 0 0
829 86 15 3 0 0 0 0 0 0 0 0 0 0 0 0 0 0 0 0 0
830 86 15 3 0 0 0 0 0 0 0 0 0 0 0 0 0 0 0 0 0
831 86 15 3 0 0 0 0 0 0 0 0 0 0 0 0 0 0 0 0 0
832 86 15 3 0 0 0 0 0 0 0 0 0 0 0 0 0 0 0 0 0
833 86 15 3 0 0 0 0 0 0 0 0 0 0 0 0 0 0 0 0 0
834 86 15 3 0 0 0 0 0 0 0 0 0 0 0 0 0 0 0 0 0
835 86 15 3 0 0 0 0 0 0 0 0 0 0 0 0 0 0 0 0 0
836 87 15 3 0 0 0 0 0 0 0 0 0 0 0 0 0 0 0 0 0
837 87 15 3 0 0 0 0 0 0 0 0 0 0 0 0 0 0 0 0 0
838 87 15 3 0 0 0 0 0 0 0 0 0 0 0 0 0 0 0 0 0
839 87 15 3 0 0 0 0 0 0 0 0 0 0 0 0 0 0 0 0 0
840 87 15 3 0 0 0 0 0 0 0 0 0 0 0 0 0 0 0 0 0
841 87 15 3 0 0 0 0 0 0 0 0 0 0 0 0 0 0 0 0 0
842 87 15 3 0 0 0 0 0 0 0 0 0 0 0 0 0 0 0 0 0
843 87 15 3 0 0 0 0 0 0 0 0 0 0 0 0 0 0 0 0 0
844 87 15 3 0 0 0 0 0 0 0 0 0 0 0 0 0 0 0 0 0
845 87 15 3 0 0 0 0 0 0 0 0 0 0 0 0 0 0 0 0 0
846 87 15 3 0 0 0 0 0 0 0 0 0 0 0 0 0 0 0 0 0
847 87 15 3 0 0 0 0 0 0 0 0 0 0 0 0 0 0 0 0 0
848 86 15 3 0 0 0 0 0 0 0 0 0 0 0 0 0 0 0 0 0
849 86 15 3 0 0 0 0 0 0 0 0 0 0 0 0 0 0 0 0 0
850 86 15 3 0 0 0 0 0 0 0 0 0 0 0 0 0 0 0 0 0
851 86 15 3 0 0 0 0 0 0 0 0 0 0 0 0 0 0 0 0 0
852 82 15 3 0 0 0 0 0 0 0 0 0 0 0 0 0 0 0 0 0
853 82 15 3 0 0 0 0 0 0 0 0 0 0 0 0 0 0 0 0 0
854 82 15 3 0 0 0 0 0 0 0 0 0 0 0 0 0 0 0 0 0
855 82 15 3 0 0 0 0 0 0 0 0 0 0 0 0 0 0 0 0 0
856 82 15 3 0 0 0 0 0 0 0 0 0 0 0 0 0 0 0 0 0
857 82 15 3 0 0 0 0 0 0 0 0 0 0 0 0 0 0 0 0 0
858 82 15 3 0 0 0 0 0 0 0 0 0 0 0 0 0 0 0 0 0
859 83 15 3 0 0 0 0 0 0 0 0 0 0 0 0 0 0 0 0 0
860 83 15 3 0 0 0 0 0 0 0 0 0 0 0 0 0 0 0 0 0
861 83 15 3 0 0 0 0 0 0 0 0 0 0 0 0 0 0 0 0 0
862 83 15 3 0 0 0 0 0 0 0 0 0 0 0 0 0 0 0 0 0
863 88 16 3 0 0 0 0 0 0 0 0 0 0 0 0 0 0 0 0 0
864 88 16 3 0 0 0 0 0 0 0 0 0 0 0 0 0 0 0 0 0
865 88 16 3 0 0 0 0 0 0 0 0 0 0 0 0 0 0 0 0 0
866 89 16 3 0 0 0 0 0 0 0 0 0 0 0 0 0 0 0 0 0
867 89 16 3 0 0 0 0 0 0 0 0 0 0 0 0 0 0 0 0 0
868 89 16 3 0 0 0 0 0 0 0 0 0 0 0 0 0 0 0 0 0
869 89 16 3 0 0 0 0 0 0 0 0 0 0 0 0 0 0 0 0 0
870 89 16 3 0 0 0 0 0 0 0 0 0 0 0 0 0 0 0 0 0
871 89 16 3 0 0 0 0 0 0 0 0 0 0 0 0 0 0 0 0 0
872 89 16 3 0 0 0 0 0 0 0 0 0 0 0 0 0 0 0 0 0
873 89 16 3 0 0 0 0 0 0 0 0 0 0 0 0 0 0 0 0 0
874 89 16 3 0 0 0 0 0 0 0 0 0 0 0 0 0 0 0 0 0
875 89 16 3 0 0 0 0 0 0 0 0 0 0 0 0 0 0 0 0 0
876 89 16 3 0 0 0 0 0 0 0 0 0 0 0 0 0 0 0 0 0
877 89 16 3 0 0 0 0 0 0 0 0 0 0 0 0 0 0 0 0 0
878 89 16 3 0 0 0 0 0 0 0 0 0 0 0 0 0 0 0 0 0
879 89 16 3 0 0 0 0 0 0 0 0 0 0 0 0 0 0 0 0 0
880 89 16 3 0 0 0 0 0 0 0 0 0 0 0 0 0 0 0 0 0
881 89 16 3 0 0 0 0 0 0 0 0 0 0 0 0 0 0 0 0 0
882 89 16 3 0 0 0 0 0 0 0 0 0 0 0 0 0 0 0 0 0
883 89 16 3 0 0 0 0 0 0 0 0 0 0 0 0 0 0 0 0 0
884 89 16 3 0 0 0 0 0 0 0 0 0 0 0 0 0 0 0 0 0
885 88 16 3 0 0 0 0 0 0 0 0 0 0 0 0 0 0 0 0 0
886 88 16 3 0 0 0 0 0 0 0 0 0 0 0 0 0 0 0 0 0
887 88 16 3 0 0 0 0 0 0 0 0 0 0 0 0 0 0 0 0 0
888 89 16 3 0 0 0 0 0 0 0 0 0 0 0 0 0 0 0 0 0
889 89 16 3 0 0 0 0 0 0 0 0 0 0 0 0 0 0 0 0 0
890 88 16 3 0 0 0 0 0 0 0 0 0 0 0 0 0 0 0 0 0
891 85 16 3 0 0 0 0 0 0 0 0 0 0 0 0 0 0 0 0 0
892 86 16 3 0 0 0 0 0 0 0 0 0 0 0 0 0 0 0 0 0
893 86 16 3 0 0 0 0 0 0 0 0 0 0 0 0 0 0 0 0 0
894 86 16 3 0 0 0 0 0 0 0 0 0 0 0 0 0 0 0 0 0
895 86 16 3 0 0 0 0 0 0 0 0 0 0 0 0 0 0 0 0 0
896 86 16 3 0 0 0 0 0 0 0 0 0 0 0 0 0 0 0 0 0
897 86 16 3 0 0 0 0 0 0 0 0 0 0 0 0 0 0 0 0 0
898 86 16 3 0 0 0 0 0 0 0 0 0 0 0 0 0 0 0 0 0
899 86 16 3 0 0 0 0 0 0 0 0 0 0 0 0 0 0 0 0 0
900 86 16 3 0 0 0 0 0 0 0 0 0 0 0 0 0 0 0 0 0
901 86 16 3 0 0 0 0 0 0 0 0 0 0 0 0 0 0 0 0 0
902 86 16 3 0 0 0 0 0 0 0 0 0 0 0 0 0 0 0 0 0
903 87 16 3 0 0 0 0 0 0 0 0 0 0 0 0 0 0 0 0 0
904 87 16 3 0 0 0 0 0 0 0 0 0 0 0 0 0 0 0 0 0
905 87 16 3 0 0 0 0 0 0 0 0 0 0 0 0 0 0 0 0 0
906 87 16 3 0 0 0 0 0 0 0 0 0 0 0 0 0 0 0 0 0
907 87 16 3 0 0 0 0 0 0 0 0 0 0 0 0 0 0 0 0 0
908 87 16 3 0 0 0 0 0 0 0 0 0 0 0 0 0 0 0 0 0
909 87 16 3 0 0 0 0 0 0 0 0 0 0 0 0 0 0 0 0 0
910 86 16 3 0 0 0 0 0 0 0 0 0 0 0 0 0 0 0 0 0
911 86 16 3 0 0 0 0 0 0 0 0 0 0 0 0 0 0 0 0 0
912 86 16 3 0 0 0 0 0 0 0 0 0 0 0 0 0 0 0 0 0
913 85 16 3 0 0 0 0 0 0 0 0 0 0 0 0 0 0 0 0 0
914 85 16 3 0 0 0 0 0 0 0 0 0 0 0 0 0 0 0 0 0
915 85 16 3 0 0 0 0 0 0 0 0 0 0 0 0 0 0 0 0 0
916 84 16 3 0 0 0 0 0 0 0 0 0 0 0 0 0 0 0 0 0
917 84 16 3 0 0 0 0 0 0 0 0 0 0 0 0 0 0 0 0 0
918 84 16 3 0 0 0 0 0 0 0 0 0 0 0 0 0 0 0 0 0
919 84 16 3 0 0 0 0 0 0 0 0 0 0 0 0 0 0 0 0 0
920 84 16 3 0 0 0 0 0 0 0 0 0 0 0 0 0 0 0 0 0
921 84 16 3 0 0 0 0 0 0 0 0 0 0 0 0 0 0 0 0 0
922 84 16 3 0 0 0 0 0 0 0 0 0 0 0 0 0 0 0 0 0
923 84 16 3 0 0 0 0 0 0 0 0 0 0 0 0 0 0 0 0 0
924 84 16 3 0 0 0 0 0 0 0 0 0 0 0 0 0 0 0 0 0
925 84 16 3 0 0 0 0 0 0 0 0 0 0 0 0 0 0 0 0 0
926 84 16 3 0 0 0 0 0 0 0 0 0 0 0 0 0 0 0 0 0
927 84 16 3 0 0 0 0 0 0 0 0 0 0 0 0 0 0 0 0 0
928 84 16 3 0 0 0 0 0 0 0 0 0 0 0 0 0 0 0 0 0
929 84 16 3 0 0 0 0 0 0 0 0 0 0 0 0 0 0 0 0 0
930 84 16 3 0 0 0 0 0 0 0 0 0 0 0 0 0 0 0 0 0
931 84 16 3 0 0 0 0 0 0 0 0 0 0 0 0 0 0 0 0 0
932 84 16 3 0 0 0 0 0 0 0 0 0 0 0 0 0 0 0 0 0
933 84 16 3 0 0 0 0 0 0 0 0 0 0 0 0 0 0 0 0 0
934 84 16 3 0 0 0 0 0 0 0 0 0 0 0 0 0 0 0 0 0
935 84 16 3 0 0 0 0 0 0 0 0 0 0 0 0 0 0 0 0 0
936 84 16 3 0 0 0 0 0 0 0 0 0 0 0 0 0 0 0 0 0
937 84 16 3 0 0 0 0 0 0 0 0 0 0 0 0 0 0 0 0 0
938 84 16 3 0 0 0 0 0 0 0 0 0 0 0 0 0 0 0 0 0
939 84 16 3 0 0 0 0 0 0 0 0 0 0 0 0 0 0 0 0 0
940 84 16 3 0 0 0 0 0 0 0 0 0 0 0 0 0 0 0 0 0
941 84 16 3 0 0 0 0 0 0 0 0 0 0 0 0 0 0 0 0 0
942 84 16 3 0 0 0 0 0 0 0 0 0 0 0 0 0 0 0 0 0
943 84 16 3 0 0 0 0 0 0 0 0 0 0 0 0 0 0 0 0 0
944 84 16 3 0 0 0 0 0 0 0 0 0 0 0 0 0 0 0 0 0
945 84 16 3 0 0 0 0 0 0 0 0 0 0 0 0 0 0 0 0 0
946 84 16 3 0 0 0 0 0 0 0 0 0 0 0 0 0 0 0 0 0
947 84 16 3 0 0 0 0 0 0 0 0 0 0 0 0 0 0 0 0 0
948 84 16 3 0 0 0 0 0 0 0 0 0 0 0 0 0 0 0 0 0
949 84 16 3 0 0 0 0 0 0 0 0 0 0 0 0 0 0 0 0 0
950 84 16 3 0 0 0 0 0 0 0 0 0 0 0 0 0 0 0 0 0
951 84 16 3 0 0 0 0 0 0 0 0 0 0 0 0 0 0 0 0 0
952 84 16 3 0 0 0 0 0 0 0 0 0 0 0 0 0 0 0 0 0
953 84 16 3 0 0 0 0 0 0 0 0 0 0 0 0 0 0 0 0 0
954 84 16 3 0 0 0 0 0 0 0 0 0 0 0 0 0 0 0 0 0
955 84 16 3 0 0 0 0 0 0 0 0 0 0 0 0 0 0 0 0 0
956 84 16 3 0 0 0 0 0 0 0 0 0 0 0 0 0 0 0 0 0
957 84 16 3 0 0 0 0 0 0 0 0 0 0 0 0 0 0 0 0 0
958 84 16 3 0 0 0 0 0 0 0 0 0 0 0 0 0 0 0 0 0
959 84 16 3 0 0 0 0 0 0 0 0 0 0 0 0 0 0 0 0 0
960 84 16 3 0 0 0 0 0 0 0 0 0 0 0 0 0 0 0 0 0
961 84 16 3 0 0 0 0 0 0 0 0 0 0 0 0 0 0 0 0 0
962 84 16 3 0 0 0 0 0 0 0 0 0 0 0 0 0 0 0 0 0
963 84 16 3 0 0 0 0 0 0 0 0 0 0 0 0 0 0 0 0 0
964 84 16 3 0 0 0 0 0 0 0 0 0 0 0 0 0 0 0 0 0
965 84 16 3 0 0 0 0 0 0 0 0 0 0 0 0 0 0 0 0 0
966 85 16 3 0 0 0 0 0 0 0 0 0 0 0 0 0 0 0 0 0
967 85 16 3 0 0 0 0 0 0 0 0 0 0 0 0 0 0 0 0 0
968 85 16 3 0 0 0 0 0 0 0 0 0 0 0 0 0 0 0 0 0
969 85 16 3 0 0 0 0 0 0 0 0 0 0 0 0 0 0 0 0 0
970 86 16 3 0 0 0 0 0 0 0 0 0 0 0 0 0 0 0 0 0
971 86 16 3 0 0 0 0 0 0 0 0 0 0 0 0 0 0 0 0 0
972 86 16 3 0 0 0 0 0 0 0 0 0 0 0 0 0 0 0 0 0
973 86 16 3 0 0 0 0 0 0 0 0 0 0 0 0 0 0 0 0 0
974 86 16 3 0 0 0 0 0 0 0 0 0 0 0 0 0 0 0 0 0
975 87 16 3 0 0 0 0 0 0 0 0 0 0 0 0 0 0 0 0 0
976 87 16 3 0 0 0 0 0 0 0 0 0 0 0 0 0 0 0 0 0
977 87 16 3 0 0 0 0 0 0 0 0 0 0 0 0 0 0 0 0 0
978 87 16 3 0 0 0 0 0 0 0 0 0 0 0 0 0 0 0 0 0
979 87 16 3 0 0 0 0 0 0 0 0 0 0 0 0 0 0 0 0 0
980 87 16 3 0 0 0 0 0 0 0 0 0 0 0 0 0 0 0 0 0
981 89 17 3 0 0 0 0 0 0 0 0 0 0 0 0 0 0 0 0 0
982 89 17 3 0 0 0 0 0 0 0 0 0 0 0 0 0 0 0 0 0
983 89 17 3 0 0 0 0 0 0 0 0 0 0 0 0 0 0 0 0 0
984 89 17 3 0 0 0 0 0 0 0 0 0 0 0 0 0 0 0 0 0
985 89 17 3 0 0 0 0 0 0 0 0 0 0 0 0 0 0 0 0 0
986 89 17 3 0 0 0 0 0 0 0 0 0 0 0 0 0 0 0 0 0
987 89 17 3 0 0 0 0 0 0 0 0 0 0 0 0 0 0 0 0 0
988 89 17 3 0 0 0 0 0 0 0 0 0 0 0 0 0 0 0 0 0
989 89 17 3 0 0 0 0 0 0 0 0 0 0 0 0 0 0 0 0 0
990 89 17 3 0 0 0 0 0 0 0 0 0 0 0 0 0 0 0 0 0
991 90 17 3 0 0 0 0 0 0 0 0 0 0 0 0 0 0 0 0 0
992 89 17 3 0 0 0 0 0 0 0 0 0 0 0 0 0 0 0 0 0
993 89 17 3 0 0 0 0 0 0 0 0 0 0 0 0 0 0 0 0 0
994 89 17 3 0 0 0 0 0 0 0 0 0 0 0 0 0 0 0 0 0
995 89 17 3 0 0 0 0 0 0 0 0 0 0 0 0 0 0 0 0 0
996 89 17 3 0 0 0 0 0 0 0 0 0 0 0 0 0 0 0 0 0
997 89 17 3 0 0 0 0 0 0 0 0 0 0 0 0 0 0 0 0 0
998 89 17 3 0 0 0 0 0 0 0 0 0 0 0 0 0 0 0 0 0
999 89 17 3 0 0 0 0 0 0 0 0 0 0 0 0 0 0 0 0 0
1000 90 17 3 0 0 0 0 0 0 0 0 0 0 0 0 0 0 0 0 0
