0 0.002900000000000 0.982900000000000 0.982900000000000 0.014200000000000 -0.000969513118273 0.003054365779145 -0.003292383508049 0.006785134816235 0.000000000000000 -0.000000000000000 0.000000000000000 -0.000000000000000
1 0.004500000000000 0.967600000000000 0.967600000000000 0.027900000000000 -0.000736723691850 0.004659786541058 -0.003292383508049 0.007095499073754 0.000000000000000 -0.000000000000000 0.000000000000000 -0.000000000000000
2 0.003700000000000 0.970500000000000 0.970500000000000 0.025800000000000 -0.001279561999166 0.004565247615905 -0.006984126914286 0.006369427730358 0.000000000000000 -0.000000000000000 0.000000000000000 -0.000000000000000
4 0.005800000000000 0.957600000000000 0.957600000000000 0.036600000000000 -0.000472045354210 0.004244819088749 -0.002134603156838 0.012438089307939 0.000000000000000 -0.000000000000000 0.000000000000000 -0.000000000000000
11 0.025500000000000 0.959200000000000 0.959200000000000 0.015300000000000 -0.000740525914982 0.000246290924814 -0.007828908108232 0.002944473934592 0.000000000000000 -0.000000000000000 0.000000000000000 -0.000000000000000
13 0.029100000000000 0.952700000000000 0.952700000000000 0.018200000000000 -0.000923958090213 0.000307739748795 -0.008324445172921 0.004894315702991 0.000000000000000 -0.000000000000000 0.000000000000000 -0.000000000000000
15 0.022600000000000 0.951100000000000 0.951100000000000 0.026300000000000 -0.000656450447860 0.001189122485490 -0.008324445172921 0.006461096367450 0.000000000000000 -0.000000000000000 0.000000000000000 -0.000000000000000
22 0.022900000000000 0.951300000000000 0.951300000000000 0.025800000000000 -0.000338324744909 0.003282583988385 -0.006762649720750 0.008873606893541 0.000000000000000 -0.000000000000000 0.000000000000000 -0.000000000000000
26 0.023200000000000 0.950900000000000 0.950900000000000 0.025900000000000 -0.000387657662912 0.003234187845325 -0.007828908108232 0.006738004182308 0.000000000000000 -0.000000000000000 0.000000000000000 -0.000000000000000
26 0.024200000000000 0.948500000000000 0.948500000000000 0.027300000000000 -0.000388305946098 0.003287552723961 -0.008898141311084 0.007358888539109 0.000000000000000 -0.000000000000000 0.000000000000000 -0.000000000000000
31 0.020900000000000 0.950700000000000 0.950700000000000 0.028400000000000 -0.000294901095358 0.003207156487090 -0.001242630361633 0.006409769954330 0.000000000000000 -0.000000000000000 0.000000000000000 -0.000000000000000
33 0.005400000000000 0.949400000000000 0.949400000000000 0.045200000000000 -0.000875256391872 0.005078378088282 -0.003614882090506 0.012438089307939 0.000000000000000 -0.000000000000000 0.000000000000000 -0.000000000000000
34 0.004200000000000 0.954500000000000 0.954500000000000 0.041300000000000 -0.000698219981082 0.005140449256456 -0.003739621342379 0.021409237784858 0.000000000000000 -0.000000000000000 0.000000000000000 -0.000000000000000
35 0.033400000000000 0.946200000000000 0.946200000000000 0.020400000000000 -0.001607355884897 0.001971799569783 -0.008898141311084 0.006396410319673 0.000000000000000 -0.000000000000000 0.000000000000000 -0.000000000000000
37 0.024500000000000 0.954900000000000 0.954900000000000 0.020600000000000 -0.001136458832744 0.002113475555422 -0.008407396491907 0.006228838589649 0.000000000000000 -0.000000000000000 0.000000000000000 -0.000000000000000
39 0.015900000000000 0.959000000000000 0.959000000000000 0.025100000000000 -0.001697930792824 0.003228030274499 -0.008213027447619 0.010164164432387 0.000000000000000 -0.000000000000000 0.000000000000000 -0.000000000000000
40 0.004500000000000 0.956600000000000 0.956600000000000 0.038900000000000 -0.001348798607606 0.002957658580882 -0.008213027447619 0.012503351949495 0.000000000000000 -0.000000000000000 0.000000000000000 -0.000000000000000
44 0.002800000000000 0.952800000000000 0.952800000000000 0.044400000000000 -0.001261783136148 0.003810768193565 -0.008213027447619 0.012133394371907 0.000000000000000 -0.000000000000000 0.000000000000000 -0.000000000000000
44 0.002600000000000 0.953700000000000 0.953700000000000 0.043700000000000 -0.000996535861801 0.003830056037786 -0.003845547547675 0.012438089307939 0.000000000000000 -0.000000000000000 0.000000000000000 -0.000000000000000
45 0.003100000000000 0.956700000000000 0.956700000000000 0.040200000000000 -0.001319467454601 0.003681215924677 -0.008213027447619 0.011739275248509 0.000000000000000 -0.000000000000000 0.000000000000000 -0.000000000000000
48 0.001500000000000 0.953700000000000 0.953700000000000 0.044800000000000 -0.000745751796741 0.004956038138609 -0.004302654035419 0.022973837910644 0.000000000000000 -0.000000000000000 0.000000000000000 -0.000000000000000
50 0.001400000000000 0.957000000000000 0.957000000000000 0.041600000000000 -0.000587419216535 0.004948554985045 -0.003130613015589 0.021196060150644 0.000000000000000 -0.000000000000000 0.000000000000000 -0.000000000000000
52 0.002000000000000 0.950900000000000 0.950900000000000 0.047100000000000 -0.000438584697067 0.004959740354125 -0.002774603146722 0.015504063498651 0.000000000000000 -0.000000000000000 0.000000000000000 -0.000000000000000
56 0.001800000000000 0.950600000000000 0.950600000000000 0.047600000000000 -0.000364137059434 0.004798770090374 -0.001008969862257 0.016761435467004 0.000000000000000 -0.000000000000000 0.000000000000000 -0.000000000000000
59 0.001400000000000 0.959900000000000 0.959900000000000 0.038700000000000 -0.000657753961565 0.004916592850316 -0.003236064866091 0.016761435467004 0.000000000000000 -0.000000000000000 0.000000000000000 -0.000000000000000
59 0.001300000000000 0.955100000000000 0.955100000000000 0.043600000000000 -0.000844777463161 0.005263289828517 -0.003130613015588 0.016761435467004 0.000000000000000 -0.000000000000000 0.000000000000000 -0.000000000000000
59 0.002000000000000 0.953900000000000 0.953900000000000 0.044100000000000 -0.000552498175949 0.004957283799339 -0.002496987699757 0.016761435467004 0.000000000000000 -0.000000000000000 0.000000000000000 -0.000000000000000
60 0.001600000000000 0.953500000000000 0.953500000000000 0.044900000000000 -0.000297637017515 0.004743997862080 -0.001401360521950 0.016761435467004 0.000000000000000 -0.000000000000000 0.000000000000000 -0.000000000000000
61 0.001600000000000 0.954700000000000 0.954700000000000 0.043700000000000 -0.000838166663605 0.004473718156050 -0.006572942048144 0.016761435467004 0.000000000000000 -0.000000000000000 0.000000000000000 -0.000000000000000
63 0.002200000000000 0.953300000000000 0.953300000000000 0.044500000000000 -0.000653867620275 0.004945473995542 -0.003130613015588 0.016761435467004 0.000000000000000 -0.000000000000000 0.000000000000000 -0.000000000000000
64 0.001400000000000 0.957000000000000 0.957000000000000 0.041600000000000 -0.000363545767507 0.005125384724225 -0.001008969862257 0.016761435467004 0.000000000000000 -0.000000000000000 0.000000000000000 -0.000000000000000
67 0.001200000000000 0.953900000000000 0.953900000000000 0.044900000000000 -0.000363886055210 0.004799216013362 -0.001401360521950 0.010432267378970 0.000000000000000 -0.000000000000000 0.000000000000000 -0.000000000000000
72 0.001500000000000 0.955700000000000 0.955700000000000 0.042800000000000 -0.000257517458667 0.005234222865311 -0.001008969862257 0.016761435467004 0.000000000000000 -0.000000000000000 0.000000000000000 -0.000000000000000
74 0.001100000000000 0.957100000000000 0.957100000000000 0.041800000000000 -0.001340275089600 0.005525370332945 -0.002700511234848 0.016740743343358 0.000000000000000 -0.000000000000000 0.000000000000000 -0.000000000000000
75 0.001300000000000 0.954600000000000 0.954600000000000 0.044100000000000 -0.000773473943555 0.005728737857683 -0.003614882090506 0.020365160277309 0.000000000000000 -0.000000000000000 0.000000000000000 -0.000000000000000
79 0.013000000000000 0.952300000000000 0.952300000000000 0.034700000000000 -0.003333953400463 0.004213971934267 -0.008019740214821 0.014790286970041 0.000000000000000 -0.000000000000000 0.000000000000000 -0.000000000000000
81 0.013100000000000 0.953200000000000 0.953200000000000 0.033700000000000 -0.003037517979362 0.003975339477278 -0.008697913960225 0.012089519548427 0.000000000000000 -0.000000000000000 0.000000000000000 -0.000000000000000
81 0.013900000000000 0.951000000000000 0.951000000000000 0.035100000000000 -0.003353577216921 0.004138890042863 -0.008019740214821 0.012089519548427 0.000000000000000 -0.000000000000000 0.000000000000000 -0.000000000000000
81 0.002900000000000 0.960600000000000 0.960600000000000 0.036500000000000 -0.000854406498721 0.004173716706611 -0.003845547547675 0.012968704887678 0.000000000000000 -0.000000000000000 0.000000000000000 -0.000000000000000
84 0.002200000000000 0.951400000000000 0.951400000000000 0.046400000000000 -0.000918542139582 0.004373474761940 -0.002043015467870 0.014276250954762 0.000000000000000 -0.000000000000000 0.000000000000000 -0.000000000000000
85 0.003700000000000 0.955400000000000 0.955400000000000 0.040900000000000 -0.001005713337412 0.003338246019999 -0.007598955802639 0.013787114903538 0.000000000000000 -0.000000000000000 0.000000000000000 -0.000000000000000
87 0.003300000000000 0.961700000000000 0.961700000000000 0.035000000000000 -0.000782145001962 0.003394424259720 -0.003845547547675 0.013036591683873 0.000000000000000 -0.000000000000000 0.000000000000000 -0.000000000000000
91 0.004100000000000 0.958600000000000 0.958600000000000 0.037300000000000 -0.000607036076294 0.003469392471734 -0.002043015467870 0.013576707862578 0.000000000000000 -0.000000000000000 0.000000000000000 -0.000000000000000
91 0.003000000000000 0.958000000000000 0.958000000000000 0.039000000000000 -0.000765579070739 0.003355513274682 -0.003181693308816 0.010495093043300 0.000000000000000 -0.000000000000000 0.000000000000000 -0.000000000000000
94 0.001800000000000 0.956400000000000 0.956400000000000 0.041800000000000 -0.001337478192532 0.004730117071754 -0.004420387349322 0.015765870700472 0.000000000000000 -0.000000000000000 0.000000000000000 -0.000000000000000
96 0.003200000000000 0.961700000000000 0.961700000000000 0.035100000000000 -0.001145076356475 0.004569841339420 -0.005339004219682 0.015381077740218 0.000000000000000 -0.000000000000000 0.000000000000000 -0.000000000000000
101 0.001800000000000 0.959900000000000 0.959900000000000 0.038300000000000 -0.001121157637048 0.004736049556261 -0.002676215808949 0.015464011253152 0.000000000000000 -0.000000000000000 0.000000000000000 -0.000000000000000
101 0.015100000000000 0.956500000000000 0.956500000000000 0.028400000000000 -0.000898936005077 0.004166331521768 -0.002676215808949 0.009987314560698 0.000000000000000 -0.000000000000000 0.000000000000000 -0.000000000000000
102 0.012600000000000 0.960000000000000 0.960000000000000 0.027400000000000 -0.000902259387441 0.004070360738542 -0.002676215808949 0.014306717017151 0.000000000000000 -0.000000000000000 0.000000000000000 -0.000000000000000
104 0.014300000000000 0.955700000000000 0.955700000000000 0.030000000000000 -0.000919472126556 0.004194056457792 -0.003845547547675 0.014602155767550 0.000000000000000 -0.000000000000000 0.000000000000000 -0.000000000000000
105 0.015300000000000 0.956200000000000 0.956200000000000 0.028500000000000 -0.000896292430967 0.004045525475681 -0.004831764258820 0.014873466773392 0.000000000000000 -0.000000000000000 0.000000000000000 -0.000000000000000
105 0.016100000000000 0.956800000000000 0.956800000000000 0.027100000000000 -0.000863924489063 0.004389038361887 -0.004960946637755 0.015381077740218 0.000000000000000 -0.000000000000000 0.000000000000000 -0.000000000000000
106 0.012300000000000 0.964400000000000 0.964400000000000 0.023300000000000 -0.000916335822124 0.004260185563012 -0.002676215808949 0.012503351949495 0.000000000000000 -0.000000000000000 0.000000000000000 -0.000000000000000
106 0.016100000000000 0.957200000000000 0.957200000000000 0.026700000000000 -0.000972199714262 0.004055524384671 -0.003845547547675 0.015381077740218 0.000000000000000 -0.000000000000000 0.000000000000000 -0.000000000000000
108 0.011900000000000 0.956200000000000 0.956200000000000 0.031900000000000 -0.000838310689622 0.004961844468279 -0.002387296277394 0.016287800392172 0.000000000000000 -0.000000000000000 0.000000000000000 -0.000000000000000
110 0.014100000000000 0.960400000000000 0.960400000000000 0.025500000000000 -0.000775167720451 0.006858040982382 -0.001773785652631 0.020128639297690 0.000000000000000 -0.000000000000000 0.000000000000000 -0.000000000000000
111 0.001500000000000 0.951400000000000 0.951400000000000 0.047100000000000 -0.000701385610985 0.006579205932002 -0.004606801199576 0.022241044898310 0.000000000000000 -0.000000000000000 0.000000000000000 -0.000000000000000
119 0.002000000000000 0.952200000000000 0.952200000000000 0.045800000000000 -0.000727539054074 0.006057802738250 -0.004606801199576 0.026034498461135 0.000000000000000 -0.000000000000000 0.000000000000000 -0.000000000000000
123 0.002100000000000 0.950200000000000 0.950200000000000 0.047700000000000 -0.000762510353923 0.006530720994491 -0.004606801199576 0.022241044898310 0.000000000000000 -0.000000000000000 0.000000000000000 -0.000000000000000
123 0.002500000000000 0.950200000000000 0.950200000000000 0.047300000000000 -0.000345068669886 0.006678920255497 -0.001789376958385 0.022241044898310 0.000000000000000 -0.000000000000000 0.000000000000000 -0.000000000000000
123 0.002200000000000 0.950700000000000 0.950700000000000 0.047100000000000 -0.000419605875847 0.007049536635231 -0.004606801199576 0.022241044898310 0.000000000000000 -0.000000000000000 0.000000000000000 -0.000000000000000
123 0.001500000000000 0.954200000000000 0.954200000000000 0.044300000000000 -0.000313074492464 0.006724290512022 -0.001905780575307 0.029131480892822 0.000000000000000 -0.000000000000000 0.000000000000000 -0.000000000000000
123 0.001600000000000 0.952800000000000 0.952800000000000 0.045600000000000 -0.000564874974619 0.006865767047267 -0.001905780575307 0.026396742376303 0.000000000000000 -0.000000000000000 0.000000000000000 -0.000000000000000
130 0.001700000000000 0.950600000000000 0.950600000000000 0.047700000000000 -0.000429482098957 0.007392867915564 -0.002676215808949 0.029769375874745 0.000000000000000 -0.000000000000000 0.000000000000000 -0.000000000000000
131 0.001800000000000 0.949000000000000 0.949000000000000 0.049200000000000 -0.000704406110259 0.006826033162279 -0.004027098088856 0.026396742376303 0.000000000000000 -0.000000000000000 0.000000000000000 -0.000000000000000
135 0.001900000000000 0.953100000000000 0.953100000000000 0.045000000000000 -0.000464805508571 0.008015777790878 -0.002676215808949 0.033471345741029 0.000000000000000 -0.000000000000000 0.000000000000000 -0.000000000000000
135 0.002200000000000 0.952300000000000 0.952300000000000 0.045500000000000 -0.000332559303289 0.007102864882931 -0.002676215808949 0.024516825220076 0.000000000000000 -0.000000000000000 0.000000000000000 -0.000000000000000
138 0.002100000000000 0.949000000000000 0.949000000000000 0.048900000000000 -0.000264035710787 0.007291187145719 -0.001759059349492 0.029131480892822 0.000000000000000 -0.000000000000000 0.000000000000000 -0.000000000000000
144 0.002400000000000 0.951200000000000 0.951200000000000 0.046400000000000 -0.000369855295991 0.007170480821575 -0.002676215808949 0.029131480892822 0.000000000000000 -0.000000000000000 0.000000000000000 -0.000000000000000
146 0.001700000000000 0.949300000000000 0.949300000000000 0.049000000000000 -0.000471660929065 0.007213604451889 -0.002295804884076 0.029131480892822 0.000000000000000 -0.000000000000000 0.000000000000000 -0.000000000000000
147 0.002100000000000 0.946200000000000 0.946200000000000 0.051700000000000 -0.000158480080636 0.007685538049960 -0.000432873993554 0.029131480892822 0.000000000000000 -0.000000000000000 0.000000000000000 -0.000000000000000
153 0.002100000000000 0.950900000000000 0.950900000000000 0.047000000000000 -0.000282230073368 0.007805244523731 -0.001759059349492 0.029131480892822 0.000000000000000 -0.000000000000000 0.000000000000000 -0.000000000000000
153 0.001700000000000 0.948600000000000 0.948600000000000 0.049700000000000 -0.000197280906052 0.007273332040352 -0.000711791961140 0.029131480892822 0.000000000000000 -0.000000000000000 0.000000000000000 -0.000000000000000
155 0.001100000000000 0.946000000000000 0.946000000000000 0.052900000000000 -0.000179261367660 0.007570173197232 -0.000491509716554 0.033471345741029 0.000000000000000 -0.000000000000000 0.000000000000000 -0.000000000000000
156 0.001500000000000 0.951300000000000 0.951300000000000 0.047200000000000 -0.000462712918445 0.007972428464232 -0.002295804884076 0.029131480892822 0.000000000000000 -0.000000000000000 0.000000000000000 -0.000000000000000
156 0.001100000000000 0.951600000000000 0.951600000000000 0.047300000000000 -0.000297412900111 0.007536040364531 -0.001759059349492 0.033471345741029 0.000000000000000 -0.000000000000000 0.000000000000000 -0.000000000000000
157 0.001900000000000 0.950600000000000 0.950600000000000 0.047500000000000 -0.000274715307808 0.007548840953391 -0.001759059349492 0.033471345741029 0.000000000000000 -0.000000000000000 0.000000000000000 -0.000000000000000
167 0.001500000000000 0.951600000000000 0.951600000000000 0.046900000000000 -0.000219396991401 0.007917141393508 -0.000598647059383 0.032319569068471 0.000000000000000 -0.000000000000000 0.000000000000000 -0.000000000000000
172 0.001500000000000 0.949400000000000 0.949400000000000 0.049100000000000 -0.000341007279439 0.007899923759514 -0.001759059349492 0.036600182804011 0.000000000000000 -0.000000000000000 0.000000000000000 -0.000000000000000
173 0.001100000000000 0.948200000000000 0.948200000000000 0.050700000000000 -0.000542327166586 0.007772095523136 -0.002676215808949 0.032319569068471 0.000000000000000 -0.000000000000000 0.000000000000000 -0.000000000000000
176 0.001700000000000 0.951300000000000 0.951300000000000 0.047000000000000 -0.000165809560180 0.007788858952328 -0.000692093915488 0.039347701696019 0.000000000000000 -0.000000000000000 0.000000000000000 -0.000000000000000
178 0.001500000000000 0.951400000000000 0.951400000000000 0.047100000000000 -0.000784218793033 0.008268331148363 -0.002676215808949 0.035820295011751 0.000000000000000 -0.000000000000000 0.000000000000000 -0.000000000000000
180 0.001600000000000 0.949800000000000 0.949800000000000 0.048600000000000 -0.000205464997974 0.007911150512565 -0.000652391414637 0.039305432484858 0.000000000000000 -0.000000000000000 0.000000000000000 -0.000000000000000
181 0.001400000000000 0.950700000000000 0.950700000000000 0.047900000000000 -0.000261204957167 0.008113209328488 -0.000531441044164 0.035464683260316 0.000000000000000 -0.000000000000000 0.000000000000000 -0.000000000000000
182 0.001300000000000 0.950500000000000 0.950500000000000 0.048200000000000 -0.000126750905233 0.008042024781957 -0.000264850380632 0.028725701483384 0.000000000000000 -0.000000000000000 0.000000000000000 -0.000000000000000
182 0.001600000000000 0.948500000000000 0.948500000000000 0.049900000000000 -0.000216970793137 0.008109886845045 -0.000531441044164 0.028143375315794 0.000000000000000 -0.000000000000000 0.000000000000000 -0.000000000000000
186 0.001700000000000 0.949400000000000 0.949400000000000 0.048900000000000 -0.000178217409608 0.008196365565382 -0.000264850380632 0.033535291610425 0.000000000000000 -0.000000000000000 0.000000000000000 -0.000000000000000
186 0.001500000000000 0.949200000000000 0.949200000000000 0.049300000000000 -0.000220620087997 0.007617910218915 -0.000608512691187 0.031737204404068 0.000000000000000 -0.000000000000000 0.000000000000000 -0.000000000000000
187 0.001900000000000 0.950400000000000 0.950400000000000 0.047700000000000 -0.000293958844491 0.008397011093073 -0.000716904373525 0.035464683260316 0.000000000000000 -0.000000000000000 0.000000000000000 -0.000000000000000
190 0.001400000000000 0.954900000000000 0.954900000000000 0.043700000000000 -0.000267348773397 0.007863287627925 -0.001048898507935 0.032818359622450 0.000000000000000 -0.000000000000000 0.000000000000000 -0.000000000000000
194 0.000900000000000 0.949700000000000 0.949700000000000 0.049400000000000 -0.000208857043853 0.007980510696200 -0.000501836580813 0.032818359622450 0.000000000000000 -0.000000000000000 0.000000000000000 -0.000000000000000
194 0.001100000000000 0.948900000000000 0.948900000000000 0.050000000000000 -0.000215379519701 0.006898785099948 -0.000272936405396 0.031737204404068 0.000000000000000 -0.000000000000000 0.000000000000000 -0.000000000000000
195 0.001600000000000 0.954700000000000 0.954700000000000 0.043700000000000 -0.000173271366384 0.007808446220252 -0.000437173445299 0.034893607344843 0.000000000000000 -0.000000000000000 0.000000000000000 -0.000000000000000
198 0.001600000000000 0.952400000000000 0.952400000000000 0.046000000000000 -0.000561166147478 0.007722646903092 -0.004188508188759 0.034893607344843 0.000000000000000 -0.000000000000000 0.000000000000000 -0.000000000000000
198 0.001000000000000 0.954100000000000 0.954100000000000 0.044900000000000 -0.000239070169650 0.008216235409885 -0.000716904373525 0.034893607344843 0.000000000000000 -0.000000000000000 0.000000000000000 -0.000000000000000
200 0.001700000000000 0.952400000000000 0.952400000000000 0.045900000000000 -0.000169867372473 0.007487450380202 -0.000433562700721 0.031737204404068 0.000000000000000 -0.000000000000000 0.000000000000000 -0.000000000000000
202 0.001700000000000 0.952800000000000 0.952800000000000 0.045500000000000 -0.000335768269914 0.007966407958217 -0.001437683085799 0.029836458600510 0.000000000000000 -0.000000000000000 0.000000000000000 -0.000000000000000
206 0.001700000000000 0.950300000000000 0.950300000000000 0.048000000000000 -0.000277628802405 0.008284987585441 -0.000724208061757 0.039305432484858 0.000000000000000 -0.000000000000000 0.000000000000000 -0.000000000000000
207 0.001500000000000 0.953100000000000 0.953100000000000 0.045400000000000 -0.000214074700741 0.007660966207220 -0.000437173445299 0.028155343248250 0.000000000000000 -0.000000000000000 0.000000000000000 -0.000000000000000
208 0.000600000000000 0.955800000000000 0.955800000000000 0.043600000000000 -0.000492825239637 0.007860356494926 -0.001390422019233 0.034893607344843 0.000000000000000 -0.000000000000000 0.000000000000000 -0.000000000000000
211 0.000900000000000 0.950000000000000 0.950000000000000 0.049100000000000 -0.000990964302458 0.008265320426316 -0.004088704743341 0.034426285689103 0.000000000000000 -0.000000000000000 0.000000000000000 -0.000000000000000
212 0.001000000000000 0.949200000000000 0.949200000000000 0.049800000000000 -0.000120154437155 0.008539384731508 -0.000284830110921 0.032412722955022 0.000000000000000 -0.000000000000000 0.000000000000000 -0.000000000000000
218 0.001100000000000 0.954700000000000 0.954700000000000 0.044200000000000 -0.000530983003106 0.008587547820692 -0.003793673892416 0.036001638307451 0.000000000000000 -0.000000000000000 0.000000000000000 -0.000000000000000
223 0.001200000000000 0.953100000000000 0.953100000000000 0.045700000000000 -0.000229453625283 0.007983991578935 -0.000531441044164 0.028340475316081 0.000000000000000 -0.000000000000000 0.000000000000000 -0.000000000000000
223 0.000900000000000 0.951600000000000 0.951600000000000 0.047500000000000 -0.000240653666627 0.008215893044694 -0.000703139370260 0.036001638307451 0.000000000000000 -0.000000000000000 0.000000000000000 -0.000000000000000
223 0.000700000000000 0.949900000000000 0.949900000000000 0.049400000000000 -0.000098540020996 0.008103345968992 -0.000463041150812 0.032818359622450 0.000000000000000 -0.000000000000000 0.000000000000000 -0.000000000000000
223 0.000700000000000 0.954100000000000 0.954100000000000 0.045200000000000 -0.000124214823210 0.008414757779489 -0.000531441044164 0.031737204404068 0.000000000000000 -0.000000000000000 0.000000000000000 -0.000000000000000
224 0.000600000000000 0.952300000000000 0.952300000000000 0.047100000000000 -0.000900130904657 0.007924581683524 -0.003793673892416 0.039305432484858 0.000000000000000 -0.000000000000000 0.000000000000000 -0.000000000000000
225 0.001200000000000 0.951600000000000 0.951600000000000 0.047200000000000 -0.000486580989906 0.007974540841452 -0.003793673892416 0.039305432484858 0.000000000000000 -0.000000000000000 0.000000000000000 -0.000000000000000
227 0.000900000000000 0.952800000000000 0.952800000000000 0.046300000000000 -0.000161988986304 0.008252903616028 -0.000790123448889 0.037706616900701 0.000000000000000 -0.000000000000000 0.000000000000000 -0.000000000000000
228 0.001000000000000 0.949000000000000 0.949000000000000 0.050000000000000 -0.000521231150968 0.009045545065017 -0.003793673892416 0.039305432484858 0.000000000000000 -0.000000000000000 0.000000000000000 -0.000000000000000
228 0.001200000000000 0.954000000000000 0.954000000000000 0.044800000000000 -0.000379265569483 0.008432596406615 -0.001008081682970 0.035464683260317 0.000000000000000 -0.000000000000000 0.000000000000000 -0.000000000000000
229 0.001700000000000 0.948900000000000 0.948900000000000 0.049400000000000 -0.000129524341771 0.008319519905178 -0.000579100858641 0.031737204404068 0.000000000000000 -0.000000000000000 0.000000000000000 -0.000000000000000
231 0.001000000000000 0.946900000000000 0.946900000000000 0.052100000000000 -0.000212611355612 0.008612504627361 -0.001048898507935 0.032412722955022 0.000000000000000 -0.000000000000000 0.000000000000000 -0.000000000000000
236 0.000700000000000 0.948300000000000 0.948300000000000 0.051000000000000 -0.000064430750701 0.008910306277473 -0.000177902937557 0.035464683260317 0.000000000000000 -0.000000000000000 0.000000000000000 -0.000000000000000
236 0.001300000000000 0.944900000000000 0.944900000000000 0.053800000000000 -0.000076506289583 0.008649217161206 -0.000284830110921 0.039305432484858 0.000000000000000 -0.000000000000000 0.000000000000000 -0.000000000000000
237 0.000900000000000 0.947400000000000 0.947400000000000 0.051700000000000 -0.000149967748341 0.008272195390460 -0.000703139370260 0.036594999209684 0.000000000000000 -0.000000000000000 0.000000000000000 -0.000000000000000
241 0.000700000000000 0.949500000000000 0.949500000000000 0.049800000000000 -0.000102758323420 0.008308645141705 -0.000329281705261 0.022432056484450 0.000000000000000 -0.000000000000000 0.000000000000000 -0.000000000000000
244 0.000700000000000 0.945200000000000 0.945200000000000 0.054100000000000 -0.000109429716791 0.008059719897185 -0.000329281705261 0.026202131019140 0.000000000000000 -0.000000000000000 0.000000000000000 -0.000000000000000
244 0.000600000000000 0.948200000000000 0.948200000000000 0.051200000000000 -0.000258541583091 0.008395900712503 -0.000805076992276 0.035464683260317 0.000000000000000 -0.000000000000000 0.000000000000000 -0.000000000000000
245 0.000800000000000 0.948100000000000 0.948100000000000 0.051100000000000 -0.000047964979220 0.008401904787028 -0.000205602011906 0.031737204404068 0.000000000000000 -0.000000000000000 0.000000000000000 -0.000000000000000
247 0.000300000000000 0.948000000000000 0.948000000000000 0.051700000000000 -0.000129246957222 0.008218572768128 -0.000282962419416 0.031737204404068 0.000000000000000 -0.000000000000000 0.000000000000000 -0.000000000000000
247 0.001000000000000 0.944300000000000 0.944300000000000 0.054700000000000 -0.000076932861301 0.008354200097175 -0.000266703837204 0.036001638307451 0.000000000000000 -0.000000000000000 0.000000000000000 -0.000000000000000
249 0.000600000000000 0.949200000000000 0.949200000000000 0.050200000000000 -0.000202657895104 0.007829950224944 -0.000531441044164 0.028850231573227 0.000000000000000 -0.000000000000000 0.000000000000000 -0.000000000000000
253 0.000900000000000 0.952500000000000 0.952500000000000 0.046600000000000 -0.000172935256945 0.008183281799953 -0.000716904373525 0.035464683260317 0.000000000000000 -0.000000000000000 0.000000000000000 -0.000000000000000
254 0.000700000000000 0.950400000000000 0.950400000000000 0.048900000000000 -0.000126405538702 0.009189854036089 -0.000522574675939 0.031737204404068 0.000000000000000 -0.000000000000000 0.000000000000000 -0.000000000000000
255 0.001300000000000 0.952900000000000 0.952900000000000 0.045800000000000 -0.000100581961451 0.009019217089410 -0.000492340360293 0.036001638307451 0.000000000000000 -0.000000000000000 0.000000000000000 -0.000000000000000
255 0.001000000000000 0.954400000000000 0.954400000000000 0.044600000000000 -0.000073445262209 0.008596770328299 -0.000187998258503 0.034893607344843 0.000000000000000 -0.000000000000000 0.000000000000000 -0.000000000000000
257 0.000800000000000 0.950000000000000 0.950000000000000 0.049200000000000 -0.000247229168133 0.008705579720953 -0.000664703457169 0.031737204404068 0.000000000000000 -0.000000000000000 0.000000000000000 -0.000000000000000
259 0.001400000000000 0.947200000000000 0.947200000000000 0.051400000000000 -0.000488176333569 0.008543203565986 -0.001499112410724 0.036001638307451 0.000000000000000 -0.000000000000000 0.000000000000000 -0.000000000000000
261 0.001300000000000 0.950700000000000 0.950700000000000 0.048000000000000 -0.000452456234901 0.008693068658756 -0.001499112410724 0.031737204404068 0.000000000000000 -0.000000000000000 0.000000000000000 -0.000000000000000
261 0.000800000000000 0.952200000000000 0.952200000000000 0.047000000000000 -0.000497233557629 0.008569987708621 -0.001499112410724 0.031737204404068 0.000000000000000 -0.000000000000000 0.000000000000000 -0.000000000000000
261 0.001000000000000 0.951800000000000 0.951800000000000 0.047200000000000 -0.000387730549793 0.008315520597468 -0.001499112410724 0.034893607344843 0.000000000000000 -0.000000000000000 0.000000000000000 -0.000000000000000
262 0.000600000000000 0.953600000000000 0.953600000000000 0.045800000000000 -0.000228197168341 0.008471034439938 -0.000604198662673 0.036001638307451 0.000000000000000 -0.000000000000000 0.000000000000000 -0.000000000000000
262 0.000900000000000 0.941800000000000 0.941800000000000 0.057300000000000 -0.000194317237882 0.009072815841774 -0.000957276336689 0.033223992644641 0.000000000000000 -0.000000000000000 0.000000000000000 -0.000000000000000
265 0.000700000000000 0.953200000000000 0.953200000000000 0.046100000000000 -0.000864079693303 0.008531690844718 -0.001499112410724 0.031737204404068 0.000000000000000 -0.000000000000000 0.000000000000000 -0.000000000000000
265 0.001200000000000 0.950900000000000 0.950900000000000 0.047900000000000 -0.000433430370499 0.008641612350128 -0.001499112410724 0.036964405786510 0.000000000000000 -0.000000000000000 0.000000000000000 -0.000000000000000
266 0.001500000000000 0.953700000000000 0.953700000000000 0.044800000000000 -0.000330797851364 0.008841846963830 -0.001499112410724 0.035464683260317 0.000000000000000 -0.000000000000000 0.000000000000000 -0.000000000000000
272 0.000600000000000 0.951100000000000 0.951100000000000 0.048300000000000 -0.000243901574233 0.008600225409833 -0.000957276336689 0.039305432484858 0.000000000000000 -0.000000000000000 0.000000000000000 -0.000000000000000
272 0.001100000000000 0.948600000000000 0.948600000000000 0.050300000000000 -0.000348724049574 0.008575858169609 -0.000957276336689 0.032149659631031 0.000000000000000 -0.000000000000000 0.000000000000000 -0.000000000000000
280 0.000600000000000 0.952700000000000 0.952700000000000 0.046700000000000 -0.000381530339996 0.009046824478624 -0.001499112410724 0.036001638307451 0.000000000000000 -0.000000000000000 0.000000000000000 -0.000000000000000
280 0.000900000000000 0.952300000000000 0.952300000000000 0.046800000000000 -0.000414060403312 0.008797373433796 -0.001100592297075 0.031737204404068 0.000000000000000 -0.000000000000000 0.000000000000000 -0.000000000000000
281 0.001100000000000 0.947800000000000 0.947800000000000 0.051100000000000 -0.000228842676547 0.008539039196465 -0.001499112410724 0.031737204404068 0.000000000000000 -0.000000000000000 0.000000000000000 -0.000000000000000
283 0.000800000000000 0.948000000000000 0.948000000000000 0.051200000000000 -0.000557993766321 0.008375891631366 -0.001499112410724 0.036964405786510 0.000000000000000 -0.000000000000000 0.000000000000000 -0.000000000000000
283 0.000700000000000 0.951600000000000 0.951600000000000 0.047700000000000 -0.000141614500798 0.008821459700824 -0.000495187570612 0.031737204404068 0.000000000000000 -0.000000000000000 0.000000000000000 -0.000000000000000
288 0.001200000000000 0.951800000000000 0.951800000000000 0.047000000000000 -0.000189963213849 0.008997443274595 -0.000957276336689 0.037706616900701 0.000000000000000 -0.000000000000000 0.000000000000000 -0.000000000000000
288 0.000900000000000 0.946700000000000 0.946700000000000 0.052400000000000 -0.000347205557647 0.008793791508420 -0.001499112410724 0.031737204404068 0.000000000000000 -0.000000000000000 0.000000000000000 -0.000000000000000
291 0.000800000000000 0.949900000000000 0.949900000000000 0.049300000000000 -0.000741673552438 0.008149696651056 -0.001499112410724 0.039305432484858 0.000000000000000 -0.000000000000000 0.000000000000000 -0.000000000000000
298 0.000700000000000 0.952000000000000 0.952000000000000 0.047300000000000 -0.000456286394465 0.007139793846351 -0.001685495622423 0.032412722955022 0.000000000000000 -0.000000000000000 0.000000000000000 -0.000000000000000
298 0.001100000000000 0.952300000000000 0.952300000000000 0.046600000000000 -0.000430205805953 0.008014096728125 -0.001730918933969 0.036001638307451 0.000000000000000 -0.000000000000000 0.000000000000000 -0.000000000000000
300 0.000500000000000 0.952800000000000 0.952800000000000 0.046700000000000 -0.000528845458362 0.007440632448381 -0.001557033627532 0.035464683260317 0.000000000000000 -0.000000000000000 0.000000000000000 -0.000000000000000
300 0.000400000000000 0.953900000000000 0.953900000000000 0.045700000000000 -0.000550100065363 0.008155277231529 -0.001816326765194 0.039305432484858 0.000000000000000 -0.000000000000000 0.000000000000000 -0.000000000000000
302 0.000700000000000 0.950900000000000 0.950900000000000 0.048400000000000 -0.000406928468968 0.007673161900244 -0.001845439919972 0.034893607344843 0.000000000000000 -0.000000000000000 0.000000000000000 -0.000000000000000
303 0.000500000000000 0.950800000000000 0.950800000000000 0.048700000000000 -0.000736892393817 0.007317448028209 -0.001816326765194 0.022432056484450 0.000000000000000 -0.000000000000000 0.000000000000000 -0.000000000000000
303 0.001400000000000 0.950500000000000 0.950500000000000 0.048100000000000 -0.000278098578478 0.007911015757817 -0.001341559438005 0.034893607344843 0.000000000000000 -0.000000000000000 0.000000000000000 -0.000000000000000
305 0.000800000000000 0.952100000000000 0.952100000000000 0.047100000000000 -0.000303055975131 0.007170545199308 -0.001816326765194 0.033223992644641 0.000000000000000 -0.000000000000000 0.000000000000000 -0.000000000000000
308 0.001500000000000 0.953800000000000 0.953800000000000 0.044700000000000 -0.000256467733509 0.007841097436075 -0.001730918933969 0.031737204404068 0.000000000000000 -0.000000000000000 0.000000000000000 -0.000000000000000
309 0.000700000000000 0.957300000000000 0.957300000000000 0.042000000000000 -0.000327759094362 0.007824341914787 -0.001311608552648 0.031737204404068 0.000000000000000 -0.000000000000000 0.000000000000000 -0.000000000000000
309 0.001100000000000 0.938800000000000 0.938800000000000 0.060100000000000 -0.000058504146319 0.008350251775513 -0.000140936304632 0.039305432484858 0.000000000000000 -0.000000000000000 0.000000000000000 -0.000000000000000
310 0.000700000000000 0.946200000000000 0.946200000000000 0.053100000000000 -0.000389262450016 0.007578236847225 -0.001267771193751 0.037706616900701 0.000000000000000 -0.000000000000000 0.000000000000000 -0.000000000000000
310 0.001400000000000 0.942800000000000 0.942800000000000 0.055800000000000 -0.000537455470572 0.007115232024960 -0.001989771473704 0.031737204404068 0.000000000000000 -0.000000000000000 0.000000000000000 -0.000000000000000
313 0.000900000000000 0.948500000000000 0.948500000000000 0.050600000000000 -0.000414160203518 0.007504862623680 -0.001346843815277 0.024916336803927 0.000000000000000 -0.000000000000000 0.000000000000000 -0.000000000000000
314 0.001400000000000 0.944800000000000 0.944800000000000 0.053800000000000 -0.000345155498386 0.007891666748877 -0.001346843815277 0.035464683260317 0.000000000000000 -0.000000000000000 0.000000000000000 -0.000000000000000
315 0.000700000000000 0.942600000000000 0.942600000000000 0.056700000000000 -0.000331363140828 0.008760528007561 -0.001065927364540 0.031737204404068 0.000000000000000 -0.000000000000000 0.000000000000000 -0.000000000000000
315 0.000700000000000 0.946200000000000 0.946200000000000 0.053100000000000 -0.000219781111360 0.007661156803894 -0.000813378652334 0.033069221909895 0.000000000000000 -0.000000000000000 0.000000000000000 -0.000000000000000
322 0.001200000000000 0.944800000000000 0.944800000000000 0.054000000000000 -0.000422090394333 0.007447944620102 -0.001092331252092 0.034308719542056 0.000000000000000 -0.000000000000000 0.000000000000000 -0.000000000000000
324 0.001300000000000 0.943400000000000 0.943400000000000 0.055300000000000 -0.000345071665050 0.007768909232872 -0.001167037947861 0.036179541245008 0.000000000000000 -0.000000000000000 0.000000000000000 -0.000000000000000
325 0.001100000000000 0.943800000000000 0.943800000000000 0.055100000000000 -0.000226065065647 0.007598472288585 -0.000592661640193 0.031915107341625 0.000000000000000 -0.000000000000000 0.000000000000000 -0.000000000000000
330 0.001400000000000 0.941700000000000 0.941700000000000 0.056900000000000 -0.000269750140852 0.007972241695899 -0.002619664768644 0.036179541245008 0.000000000000000 -0.000000000000000 0.000000000000000 -0.000000000000000
333 0.001400000000000 0.940500000000000 0.940500000000000 0.058100000000000 -0.000194496612831 0.007554070374832 -0.000709879880777 0.036772902147241 0.000000000000000 -0.000000000000000 0.000000000000000 -0.000000000000000
334 0.001200000000000 0.937400000000000 0.937400000000000 0.061400000000000 -0.000419522731608 0.007404969151691 -0.001809389102202 0.039483335422415 0.000000000000000 -0.000000000000000 0.000000000000000 -0.000000000000000
337 0.000900000000000 0.945800000000000 0.945800000000000 0.053300000000000 -0.000216661692574 0.007754038483543 -0.001017984682149 0.031915107341625 0.000000000000000 -0.000000000000000 0.000000000000000 -0.000000000000000
337 0.000800000000000 0.941200000000000 0.941200000000000 0.058000000000000 -0.000182031194838 0.007820185574846 -0.001065927364540 0.027177502608438 0.000000000000000 -0.000000000000000 0.000000000000000 -0.000000000000000
338 0.000600000000000 0.943100000000000 0.943100000000000 0.056300000000000 -0.000332764301082 0.007133775896184 -0.000596494974120 0.031915107341625 0.000000000000000 -0.000000000000000 0.000000000000000 -0.000000000000000
339 0.001300000000000 0.942000000000000 0.942000000000000 0.056700000000000 -0.000479757494057 0.007789241595016 -0.002753729678752 0.032327562568589 0.000000000000000 -0.000000000000000 0.000000000000000 -0.000000000000000
346 0.001400000000000 0.942800000000000 0.942800000000000 0.055800000000000 -0.000714967808508 0.008431039888494 -0.002363109300047 0.031915107341625 0.000000000000000 -0.000000000000000 0.000000000000000 -0.000000000000000
346 0.001100000000000 0.946300000000000 0.946300000000000 0.052600000000000 -0.000508699780578 0.007814277531382 -0.002680569614332 0.034308719542056 0.000000000000000 -0.000000000000000 0.000000000000000 -0.000000000000000
348 0.001400000000000 0.944500000000000 0.944500000000000 0.054100000000000 -0.000553141110743 0.008403324867334 -0.002649847648434 0.035642586197874 0.000000000000000 -0.000000000000000 0.000000000000000 -0.000000000000000
351 0.001600000000000 0.947300000000000 0.947300000000000 0.051100000000000 -0.000348058539872 0.008152161264070 -0.002363109300047 0.036179541245008 0.000000000000000 -0.000000000000000 0.000000000000000 -0.000000000000000
354 0.001100000000000 0.944100000000000 0.944100000000000 0.054800000000000 -0.000595249538583 0.008410257783049 -0.002680569614332 0.031915107341625 0.000000000000000 -0.000000000000000 0.000000000000000 -0.000000000000000
354 0.000900000000000 0.946300000000000 0.946300000000000 0.052800000000000 -0.000457071480861 0.007809152504732 -0.002161948142367 0.028321278253351 0.000000000000000 -0.000000000000000 0.000000000000000 -0.000000000000000
355 0.002100000000000 0.930400000000000 0.930400000000000 0.067500000000000 -0.000173012336089 0.007922508687792 -0.000637956921311 0.036179541245008 0.000000000000000 -0.000000000000000 0.000000000000000 -0.000000000000000
356 0.002200000000000 0.930800000000000 0.930800000000000 0.067000000000000 -0.000457915122323 0.006659759356995 -0.002363109300047 0.031915107341625 0.000000000000000 -0.000000000000000 0.000000000000000 -0.000000000000000
357 0.002400000000000 0.935700000000000 0.935700000000000 0.061900000000000 -0.000377149892678 0.007250714083055 -0.002363109300047 0.034728295121820 0.000000000000000 -0.000000000000000 0.000000000000000 -0.000000000000000
361 0.001200000000000 0.932800000000000 0.932800000000000 0.066000000000000 -0.000558061309552 0.007326075944276 -0.002657707391894 0.034308719542056 0.000000000000000 -0.000000000000000 0.000000000000000 -0.000000000000000
363 0.001300000000000 0.935800000000000 0.935800000000000 0.062900000000000 -0.000739626235341 0.007358497240600 -0.002363109300047 0.031711910259582 0.000000000000000 -0.000000000000000 0.000000000000000 -0.000000000000000
363 0.002300000000000 0.930800000000000 0.930800000000000 0.066900000000000 -0.000316048730093 0.007273676011008 -0.001638560466504 0.031915107341625 0.000000000000000 -0.000000000000000 0.000000000000000 -0.000000000000000
367 0.002000000000000 0.933900000000000 0.933900000000000 0.064100000000000 -0.000369097327295 0.007400234830169 -0.002363109300047 0.036179541245008 0.000000000000000 -0.000000000000000 0.000000000000000 -0.000000000000000
377 0.001700000000000 0.928700000000000 0.928700000000000 0.069600000000000 -0.000545915198946 0.007090086145018 -0.002363109300047 0.031915107341625 0.000000000000000 -0.000000000000000 0.000000000000000 -0.000000000000000
378 0.002200000000000 0.925900000000000 0.925900000000000 0.071900000000000 -0.000282557762059 0.007454653898439 -0.001030368542426 0.039483335422415 0.000000000000000 -0.000000000000000 0.000000000000000 -0.000000000000000
379 0.001600000000000 0.930200000000000 0.930200000000000 0.068200000000000 -0.000316220116912 0.007529961988125 -0.001912024440533 0.037142308724068 0.000000000000000 -0.000000000000000 0.000000000000000 -0.000000000000000
380 0.002300000000000 0.932600000000000 0.932600000000000 0.065100000000000 -0.000387607442965 0.007455712033787 -0.001509603538090 0.031915107341625 0.000000000000000 -0.000000000000000 0.000000000000000 -0.000000000000000
383 0.001800000000000 0.932900000000000 0.932900000000000 0.065300000000000 -0.000211040090464 0.007541935885298 -0.000766755153823 0.035642586197874 0.000000000000000 -0.000000000000000 0.000000000000000 -0.000000000000000
386 0.001700000000000 0.934800000000000 0.934800000000000 0.063500000000000 -0.000387810800104 0.007252281522409 -0.001611339567029 0.034010873145664 0.000000000000000 -0.000000000000000 0.000000000000000 -0.000000000000000
392 0.002700000000000 0.930500000000000 0.930500000000000 0.066800000000000 -0.000358913106676 0.007865668869011 -0.001202818368527 0.034728295121820 0.000000000000000 -0.000000000000000 0.000000000000000 -0.000000000000000
392 0.002000000000000 0.938100000000000 0.938100000000000 0.059900000000000 -0.000218252698182 0.007214802540796 -0.001692262641615 0.032524065278527 0.000000000000000 -0.000000000000000 0.000000000000000 -0.000000000000000
393 0.002300000000000 0.929500000000000 0.929500000000000 0.068200000000000 -0.000218908235127 0.007853344881771 -0.001493789588366 0.036179541245008 0.000000000000000 -0.000000000000000 0.000000000000000 -0.000000000000000
393 0.002400000000000 0.936500000000000 0.936500000000000 0.061100000000000 -0.000240754868313 0.007032871823148 -0.001753910622178 0.039483335422415 0.000000000000000 -0.000000000000000 0.000000000000000 -0.000000000000000
394 0.002000000000000 0.933200000000000 0.933200000000000 0.064800000000000 -0.000356075913156 0.006762832475230 -0.001736005359734 0.028321278253351 0.000000000000000 -0.000000000000000 0.000000000000000 -0.000000000000000
401 0.002000000000000 0.936800000000000 0.936800000000000 0.061200000000000 -0.000444877470694 0.006776356239584 -0.001692262641615 0.032785443369302 0.000000000000000 -0.000000000000000 0.000000000000000 -0.000000000000000
402 0.002400000000000 0.933400000000000 0.933400000000000 0.064200000000000 -0.000252468002259 0.007022960516123 -0.001134652511615 0.035071510282400 0.000000000000000 -0.000000000000000 0.000000000000000 -0.000000000000000
405 0.001600000000000 0.935400000000000 0.935400000000000 0.063000000000000 -0.000203891816537 0.007016754699816 -0.000858802164479 0.034728295121820 0.000000000000000 -0.000000000000000 0.000000000000000 -0.000000000000000
406 0.001200000000000 0.934500000000000 0.934500000000000 0.064300000000000 -0.000135602409920 0.007465306167051 -0.000667163164496 0.039483335422415 0.000000000000000 -0.000000000000000 0.000000000000000 -0.000000000000000
409 0.001500000000000 0.934600000000000 0.934600000000000 0.063900000000000 -0.000389254436895 0.007183196207224 -0.001166565337113 0.034728295121820 0.000000000000000 -0.000000000000000 0.000000000000000 -0.000000000000000
418 0.001600000000000 0.936400000000000 0.936400000000000 0.062000000000000 -0.000210776213375 0.007364089429708 -0.000635857019785 0.035071510282400 0.000000000000000 -0.000000000000000 0.000000000000000 -0.000000000000000
420 0.001800000000000 0.931000000000000 0.931000000000000 0.067200000000000 -0.000265435110301 0.007611362168468 -0.001166565337113 0.033401895582199 0.000000000000000 -0.000000000000000 0.000000000000000 -0.000000000000000
420 0.001800000000000 0.931500000000000 0.931500000000000 0.066700000000000 -0.000394776472358 0.007436398270032 -0.001166565337113 0.034728295121820 0.000000000000000 -0.000000000000000 0.000000000000000 -0.000000000000000
421 0.002300000000000 0.931600000000000 0.931600000000000 0.066100000000000 -0.000262431530455 0.006139611171568 -0.001481306603983 0.031915107341625 0.000000000000000 -0.000000000000000 0.000000000000000 -0.000000000000000
421 0.001400000000000 0.931700000000000 0.931700000000000 0.066900000000000 -0.000214661092659 0.007270422904988 -0.000777166758849 0.037123873640834 0.000000000000000 -0.000000000000000 0.000000000000000 -0.000000000000000
425 0.001200000000000 0.934500000000000 0.934500000000000 0.064300000000000 -0.000147214935480 0.006726446867318 -0.000343531852417 0.039483335422415 0.000000000000000 -0.000000000000000 0.000000000000000 -0.000000000000000
428 0.001300000000000 0.934500000000000 0.934500000000000 0.064200000000000 -0.000216558957309 0.005914951385000 -0.001161958883798 0.034728295121820 0.000000000000000 -0.000000000000000 0.000000000000000 -0.000000000000000
430 0.002100000000000 0.928700000000000 0.928700000000000 0.069200000000000 -0.000253717085122 0.006377816409240 -0.001736005359734 0.035642586197874 0.000000000000000 -0.000000000000000 0.000000000000000 -0.000000000000000
431 0.000700000000000 0.930500000000000 0.930500000000000 0.068800000000000 -0.000165437333126 0.005947504868878 -0.000438110175020 0.031915107341625 0.000000000000000 -0.000000000000000 0.000000000000000 -0.000000000000000
434 0.003200000000000 0.929500000000000 0.929500000000000 0.067300000000000 -0.000192443804001 0.006026179583905 -0.000813378652334 0.036179541245008 0.000000000000000 -0.000000000000000 0.000000000000000 -0.000000000000000
434 0.002000000000000 0.925800000000000 0.925800000000000 0.072200000000000 -0.000257160669799 0.006232895131175 -0.001493789588366 0.035071510282400 0.000000000000000 -0.000000000000000 0.000000000000000 -0.000000000000000
438 0.001300000000000 0.934000000000000 0.934000000000000 0.064700000000000 -0.000282925753461 0.006193824565105 -0.001381019398249 0.035071510282400 0.000000000000000 -0.000000000000000 0.000000000000000 -0.000000000000000
443 0.002500000000000 0.930200000000000 0.930200000000000 0.067300000000000 -0.000254356919096 0.006620291021767 -0.000947738615372 0.031915107341625 0.000000000000000 -0.000000000000000 0.000000000000000 -0.000000000000000
445 0.001700000000000 0.932600000000000 0.932600000000000 0.065700000000000 -0.000187550055540 0.006943428733682 -0.001915101168758 0.031915107341625 0.000000000000000 -0.000000000000000 0.000000000000000 -0.000000000000000
451 0.001600000000000 0.930100000000000 0.930100000000000 0.068300000000000 -0.000197898190495 0.006667117802425 -0.001638560466504 0.034728295121820 0.000000000000000 -0.000000000000000 0.000000000000000 -0.000000000000000
451 0.001800000000000 0.933500000000000 0.933500000000000 0.064700000000000 -0.000418058880521 0.006476412287599 -0.001915101168758 0.037884519838258 0.000000000000000 -0.000000000000000 0.000000000000000 -0.000000000000000
452 0.002000000000000 0.933900000000000 0.933900000000000 0.064100000000000 -0.000338314276088 0.006679706128816 -0.001440544941827 0.032635483415974 0.000000000000000 -0.000000000000000 0.000000000000000 -0.000000000000000
453 0.002600000000000 0.931900000000000 0.931900000000000 0.065500000000000 -0.000173636723654 0.006576588275603 -0.001092007898870 0.031915107341625 0.000000000000000 -0.000000000000000 0.000000000000000 -0.000000000000000
454 0.011200000000000 0.925700000000000 0.925700000000000 0.063100000000000 -0.000499562553922 0.007502882862662 -0.001502336254010 0.039483335422415 0.000000000000000 -0.000000000000000 0.000000000000000 -0.000000000000000
455 0.009600000000000 0.927100000000000 0.927100000000000 0.063300000000000 -0.000527714584228 0.007647313475203 -0.000956381289177 0.034308719542056 0.000000000000000 -0.000000000000000 0.000000000000000 -0.000000000000000
458 0.011200000000000 0.929800000000000 0.929800000000000 0.059000000000000 -0.000506679015590 0.007589982271232 -0.001918303185613 0.031915107341625 0.000000000000000 -0.000000000000000 0.000000000000000 -0.000000000000000
461 0.009000000000000 0.930000000000000 0.930000000000000 0.061000000000000 -0.000496588069859 0.006873707365259 -0.001319092402096 0.026872541768634 0.000000000000000 -0.000000000000000 0.000000000000000 -0.000000000000000
466 0.011100000000000 0.928200000000000 0.928200000000000 0.060700000000000 -0.000573878647377 0.007383019787772 -0.002212643286885 0.031915107341625 0.000000000000000 -0.000000000000000 0.000000000000000 -0.000000000000000
467 0.010000000000000 0.932100000000000 0.932100000000000 0.057900000000000 -0.000493382777091 0.007290005511878 -0.000991672673033 0.036179541245008 0.000000000000000 -0.000000000000000 0.000000000000000 -0.000000000000000
469 0.001100000000000 0.928200000000000 0.928200000000000 0.070700000000000 -0.000241704886847 0.006824343752598 -0.000836255191534 0.031915107341625 0.000000000000000 -0.000000000000001 0.000000000000000 -0.000000000000001
479 0.001200000000000 0.931000000000000 0.931000000000000 0.067800000000000 -0.000256056868548 0.006573714240793 -0.000933167227318 0.039483335422415 0.000000000000000 -0.000000000000001 0.000000000000000 -0.000000000000001
487 0.001900000000000 0.933800000000000 0.933800000000000 0.064300000000000 -0.000263626117067 0.006548110101344 -0.001059910020298 0.031915107341625 0.000000000000000 -0.000000000000001 0.000000000000000 -0.000000000000001
490 0.001000000000000 0.934700000000000 0.934700000000000 0.064300000000000 -0.000128122952996 0.006797657183007 -0.000385192520222 0.031915107341625 0.000000000000000 -0.000000000000002 0.000000000000000 -0.000000000000002
494 0.001600000000000 0.933800000000000 0.933800000000000 0.064600000000000 -0.000258618300860 0.007055287055086 -0.000951964170016 0.036179541245008 0.000000000000001 -0.000000000000002 0.000000000000000 -0.000000000000002
495 0.000700000000000 0.930500000000000 0.930500000000000 0.068800000000000 -0.000462825083710 0.007056184740342 -0.001305466055492 0.031915107341625 0.000000000000001 -0.000000000000002 0.000000000000000 -0.000000000000002
498 0.001000000000000 0.929600000000000 0.929600000000000 0.069400000000000 -0.000330270477610 0.007121135698689 -0.001250236162187 0.035642586197874 0.000000000000001 -0.000000000000002 0.000000000000005 -0.000000000000002
502 0.001300000000000 0.931500000000000 0.931500000000000 0.067200000000000 -0.000121778218775 0.007355678981237 -0.000490036535044 0.031915107341625 0.000000000000000 -0.000000000000002 0.000000000000000 -0.000000000000002
505 0.000700000000000 0.933800000000000 0.933800000000000 0.065500000000000 -0.000248864582783 0.006813131596140 -0.000600973712816 0.023243549643063 0.000000000000001 -0.000000000000002 0.000000000000001 -0.000000000000002
507 0.001300000000000 0.934100000000000 0.934100000000000 0.064600000000000 -0.000237894238375 0.006961327286309 -0.000944561839476 0.025549729881165 0.000000000000001 -0.000000000000002 0.000000000000000 -0.00