0 0.002900000000000 0.986300000000000 0.986300000000000 0.010800000000000 -0.000677996401416 0.003233244347793 -0.003292383508049 0.005837995874788 0.000000000000000 -0.000000000000000 0.000000000000000 -0.000000000000000
1 0.003300000000000 0.970100000000000 0.970100000000000 0.026600000000000 -0.000645994186993 0.004777144964312 -0.005784188086193 0.006349206285714 0.000000000000000 -0.000000000000000 0.000000000000000 -0.000000000000000
2 0.003600000000000 0.971500000000000 0.971500000000000 0.024900000000000 -0.000896765618856 0.004688865354956 -0.005784188086193 0.006349206285714 0.000000000000000 -0.000000000000000 0.000000000000000 -0.000000000000000
4 0.006400000000000 0.953500000000000 0.953500000000000 0.040100000000000 -0.000398039278784 0.004392109008024 -0.001527639797678 0.005784188086193 0.000000000000000 -0.000000000000000 0.000000000000000 -0.000000000000000
11 0.028900000000000 0.952400000000000 0.952400000000000 0.018700000000000 -0.000804655953829 0.000261157163672 -0.004371525974129 0.002429363380045 0.000000000000000 -0.000000000000000 0.000000000000000 -0.000000000000000
13 0.028400000000000 0.953600000000000 0.953600000000000 0.018000000000000 -0.000813745976639 0.000234306706124 -0.004336238821788 0.002505839969006 0.000000000000000 -0.000000000000000 0.000000000000000 -0.000000000000000
15 0.026900000000000 0.945700000000000 0.945700000000000 0.027400000000000 -0.000566919085298 0.001108935217574 -0.003983692104300 0.005981378552424 0.000000000000000 -0.000000000000000 0.000000000000000 -0.000000000000000
22 0.025700000000000 0.945100000000000 0.945100000000000 0.029200000000000 -0.000335669320691 0.003140193467349 -0.002361699926617 0.006485131159555 0.000000000000000 -0.000000000000000 0.000000000000000 -0.000000000000000
26 0.024600000000000 0.949600000000000 0.949600000000000 0.025800000000000 -0.000305385629568 0.003310977688270 -0.002347936480114 0.006327119852521 0.000000000000000 -0.000000000000000 0.000000000000000 -0.000000000000000
26 0.022500000000000 0.950000000000000 0.950000000000000 0.027500000000000 -0.000358738881846 0.003315233701212 -0.007228258181703 0.006485131159555 0.000000000000000 -0.000000000000000 0.000000000000000 -0.000000000000000
31 0.023400000000000 0.949700000000000 0.949700000000000 0.026900000000000 -0.000307648411129 0.003290338523201 -0.002347936480114 0.006327119852521 0.000000000000000 -0.000000000000000 0.000000000000000 -0.000000000000000
33 0.003700000000000 0.948500000000000 0.948500000000000 0.047800000000000 -0.000469321096856 0.005196284616293 -0.003614882090506 0.011428571314286 0.000000000000000 -0.000000000000000 0.000000000000000 -0.000000000000000
34 0.004000000000000 0.947300000000000 0.947300000000000 0.048700000000000 -0.000569326381871 0.005084766344051 -0.003614882090506 0.011428571314286 0.000000000000000 -0.000000000000000 0.000000000000000 -0.000000000000000
35 0.032500000000000 0.946400000000000 0.946400000000000 0.021100000000000 -0.001714395168086 0.001963896388814 -0.007217805450621 0.008002477771972 0.000000000000000 -0.000000000000000 0.000000000000000 -0.000000000000000
37 0.025600000000000 0.951600000000000 0.951600000000000 0.022800000000000 -0.001310362574667 0.002294471260840 -0.007163922245127 0.013951256793209 0.000000000000000 -0.000000000000000 0.000000000000000 -0.000000000000000
39 0.015200000000000 0.953200000000000 0.953200000000000 0.031600000000000 -0.001918377643831 0.003135813909236 -0.005029068198208 0.011643889828408 0.000000000000000 -0.000000000000000 0.000000000000000 -0.000000000000000
40 0.004000000000000 0.952300000000000 0.952300000000000 0.043700000000000 -0.001075247878520 0.003020719093463 -0.002723441399980 0.013951256793209 0.000000000000000 -0.000000000000000 0.000000000000000 -0.000000000000000
44 0.003600000000000 0.949000000000000 0.949000000000000 0.047400000000000 -0.001582984454381 0.003690206495006 -0.007869345228329 0.010445003926961 0.000000000000000 -0.000000000000000 0.000000000000000 -0.000000000000000
44 0.003300000000000 0.946700000000000 0.946700000000000 0.050000000000000 -0.000847208708705 0.003726256139161 -0.003000711549156 0.007208631236421 0.000000000000000 -0.000000000000000 0.000000000000000 -0.000000000000000
45 0.003500000000000 0.950800000000000 0.950800000000000 0.045700000000000 -0.001359334155950 0.003780193244917 -0.007869345228329 0.011643889828408 0.000000000000000 -0.000000000000000 0.000000000000000 -0.000000000000000
48 0.002000000000000 0.954500000000000 0.954500000000000 0.043500000000000 -0.000500166223578 0.004952631107575 -0.002134603156838 0.016761435467004 0.000000000000000 -0.000000000000000 0.000000000000000 -0.000000000000000
50 0.002200000000000 0.952300000000000 0.952300000000000 0.045500000000000 -0.000418125980648 0.005035791088370 -0.001527639797678 0.016761435467004 0.000000000000000 -0.000000000000000 0.000000000000000 -0.000000000000000
52 0.001700000000000 0.951300000000000 0.951300000000000 0.047000000000000 -0.000694592643732 0.004600446588553 -0.002134603156838 0.012231450949049 0.000000000000000 -0.000000000000000 0.000000000000000 -0.000000000000000
56 0.001300000000000 0.949500000000000 0.949500000000000 0.049200000000000 -0.000840298454583 0.004948251003735 -0.002134603156838 0.016761435467004 0.000000000000000 -0.000000000000000 0.000000000000000 -0.000000000000000
59 0.001800000000000 0.945400000000000 0.945400000000000 0.052800000000000 -0.000410336934931 0.004999724286001 -0.001527639797678 0.018008672633760 0.000000000000000 -0.000000000000000 0.000000000000000 -0.000000000000000
59 0.001500000000000 0.952600000000000 0.952600000000000 0.045900000000000 -0.000557032775202 0.004865234634864 -0.002556916877425 0.016761435467004 0.000000000000000 -0.000000000000000 0.000000000000000 -0.000000000000000
59 0.001100000000000 0.952700000000000 0.952700000000000 0.046200000000000 -0.000306451994804 0.005039490007207 -0.000973651159371 0.019533452333690 0.000000000000000 -0.000000000000000 0.000000000000000 -0.000000000000000
60 0.001500000000000 0.948700000000000 0.948700000000000 0.049800000000000 -0.000855494937780 0.004857068329935 -0.003415803246008 0.016761435467004 0.000000000000000 -0.000000000000000 0.000000000000000 -0.000000000000000
61 0.001100000000000 0.949800000000000 0.949800000000000 0.049100000000000 -0.000361727544908 0.004998087258415 -0.001008969862257 0.016761435467004 0.000000000000000 -0.000000000000000 0.000000000000000 -0.000000000000000
63 0.001200000000000 0.951300000000000 0.951300000000000 0.047500000000000 -0.000181949842128 0.005137056652344 -0.000598647059383 0.016761435467004 0.000000000000000 -0.000000000000000 0.000000000000000 -0.000000000000000
64 0.001000000000000 0.953700000000000 0.953700000000000 0.045300000000000 -0.000427056964440 0.005097469134321 -0.002556916877425 0.018008672633760 0.000000000000000 -0.000000000000000 0.000000000000000 -0.000000000000000
67 0.001300000000000 0.952700000000000 0.952700000000000 0.046000000000000 -0.000225634953623 0.005077771601767 -0.001008969862257 0.019533452333690 0.000000000000000 -0.000000000000000 0.000000000000000 -0.000000000000000
72 0.001200000000000 0.949400000000000 0.949400000000000 0.049400000000000 -0.000341933029048 0.004918948631934 -0.001008969862257 0.019533452333690 0.000000000000000 -0.000000000000000 0.000000000000000 -0.000000000000000
74 0.001000000000000 0.954000000000000 0.954000000000000 0.045000000000000 -0.000740647938337 0.005451654791004 -0.003614882090506 0.015071727844719 0.000000000000000 -0.000000000000000 0.000000000000000 -0.000000000000000
75 0.000900000000000 0.952700000000000 0.952700000000000 0.046400000000000 -0.000226008888138 0.005852494705406 -0.001044546840553 0.020549775663771 0.000000000000000 -0.000000000000000 0.000000000000000 -0.000000000000000
79 0.014600000000000 0.948600000000000 0.948600000000000 0.036800000000000 -0.003538348938699 0.004116100787456 -0.005778556365732 0.013951256793209 0.000000000000000 -0.000000000000000 0.000000000000000 -0.000000000000000
81 0.014100000000000 0.950400000000000 0.950400000000000 0.035500000000000 -0.003259266743993 0.004170883269795 -0.004940099373014 0.013951256793209 0.000000000000000 -0.000000000000000 0.000000000000000 -0.000000000000000
81 0.013100000000000 0.954000000000000 0.954000000000000 0.032900000000000 -0.003502797273856 0.003988221601354 -0.007163922245127 0.011071833051411 0.000000000000000 -0.000000000000000 0.000000000000000 -0.000000000000000
81 0.002000000000000 0.959000000000000 0.959000000000000 0.039000000000000 -0.001083436864030 0.004285212681229 -0.003000711549156 0.013951256793209 0.000000000000000 -0.000000000000000 0.000000000000000 -0.000000000000000
84 0.002900000000000 0.955500000000000 0.955500000000000 0.041600000000000 -0.001275264597437 0.004317459857847 -0.007163922245127 0.014415315179756 0.000000000000000 -0.000000000000000 0.000000000000000 -0.000000000000000
85 0.003200000000000 0.955200000000000 0.955200000000000 0.041600000000000 -0.001001203874765 0.003288847740508 -0.002811689458258 0.013951256793209 0.000000000000000 -0.000000000000000 0.000000000000000 -0.000000000000000
87 0.002500000000000 0.958300000000000 0.958300000000000 0.039200000000000 -0.000924867349294 0.003436964192769 -0.002043015467870 0.018216421138201 0.000000000000000 -0.000000000000000 0.000000000000000 -0.000000000000000
91 0.003300000000000 0.956600000000000 0.956600000000000 0.040100000000000 -0.000927825175021 0.003395096516829 -0.005339004219682 0.013951256793209 0.000000000000000 -0.000000000000000 0.000000000000000 -0.000000000000000
91 0.002000000000000 0.958100000000000 0.958100000000000 0.039900000000000 -0.000985384588293 0.003366906841172 -0.003845547547675 0.011643889828408 0.000000000000000 -0.000000000000000 0.000000000000000 -0.000000000000000
94 0.002000000000000 0.958600000000000 0.958600000000000 0.039400000000000 -0.000912499755372 0.004662271961530 -0.003845547547675 0.013887955879129 0.000000000000000 -0.000000000000000 0.000000000000000 -0.000000000000000
96 0.002500000000000 0.958200000000000 0.958200000000000 0.039300000000000 -0.001398387150596 0.004798535015742 -0.007163922245127 0.018302038167678 0.000000000000000 -0.000000000000000 0.000000000000000 -0.000000000000000
101 0.002400000000000 0.956200000000000 0.956200000000000 0.041400000000000 -0.001177465413388 0.004890189049051 -0.005078346338979 0.014276250954762 0.000000000000000 -0.000000000000000 0.000000000000000 -0.000000000000000
101 0.014300000000000 0.955100000000000 0.955100000000000 0.030600000000000 -0.001023341647215 0.004046721594224 -0.007163922245127 0.015438638101758 0.000000000000000 -0.000000000000000 0.000000000000000 -0.000000000000000
102 0.017400000000000 0.953100000000000 0.953100000000000 0.029500000000000 -0.000899301448792 0.004307431946513 -0.005339004219682 0.017942205914519 0.000000000000000 -0.000000000000000 0.000000000000000 -0.000000000000000
104 0.015900000000000 0.955600000000000 0.955600000000000 0.028500000000000 -0.000857972631370 0.004188258157672 -0.002811689458258 0.013951256793209 0.000000000000000 -0.000000000000000 0.000000000000000 -0.000000000000000
105 0.012300000000000 0.956500000000000 0.956500000000000 0.031200000000000 -0.001125465148870 0.004200447527520 -0.007163922245127 0.011778922282774 0.000000000000000 -0.000000000000000 0.000000000000000 -0.000000000000000
105 0.015200000000000 0.952500000000000 0.952500000000000 0.032300000000000 -0.000989369058837 0.004231194580238 -0.007163922245127 0.013887955879129 0.000000000000000 -0.000000000000000 0.000000000000000 -0.000000000000000
106 0.016000000000000 0.955500000000000 0.955500000000000 0.028500000000000 -0.000960010857014 0.004340694866759 -0.003845547547675 0.013887955879129 0.000000000000000 -0.000000000000000 0.000000000000000 -0.000000000000000
106 0.012200000000000 0.959800000000000 0.959800000000000 0.028000000000000 -0.000979038355659 0.004318198580322 -0.007163922245127 0.013951256793209 0.000000000000000 -0.000000000000000 0.000000000000000 -0.000000000000000
108 0.011400000000000 0.960000000000000 0.960000000000000 0.028600000000000 -0.000850013263146 0.004724788802189 -0.001137041626161 0.013887955879129 0.000000000000000 -0.000000000000000 0.000000000000000 -0.000000000000000
110 0.014600000000000 0.956500000000000 0.956500000000000 0.028900000000000 -0.000878134075390 0.007404335803800 -0.004512361902194 0.026034498461135 0.000000000000000 -0.000000000000000 0.000000000000000 -0.000000000000000
111 0.001000000000000 0.945000000000000 0.945000000000000 0.054000000000000 -0.000856757116351 0.006863561227113 -0.002292375066846 0.020128639297690 0.000000000000000 -0.000000000000000 0.000000000000000 -0.000000000000000
119 0.001200000000000 0.946200000000000 0.946200000000000 0.052600000000000 -0.000639448947092 0.006693372229948 -0.002676215808949 0.026034498461135 0.000000000000000 -0.000000000000000 0.000000000000000 -0.000000000000000
123 0.001300000000000 0.945200000000000 0.945200000000000 0.053500000000000 -0.000173513683457 0.006798540033529 -0.000426135535647 0.022900765493971 0.000000000000000 -0.000000000000000 0.000000000000000 -0.000000000000000
123 0.001600000000000 0.947900000000000 0.947900000000000 0.050500000000000 -0.000660496807284 0.006802631158117 -0.002676215808949 0.022241044898310 0.000000000000000 -0.000000000000000 0.000000000000000 -0.000000000000000
123 0.001500000000000 0.948100000000000 0.948100000000000 0.050400000000000 -0.000905829304026 0.006074502602856 -0.004606801199576 0.022241044898310 0.000000000000000 -0.000000000000000 0.000000000000000 -0.000000000000000
123 0.001800000000000 0.944200000000000 0.944200000000000 0.054000000000000 -0.000557757660732 0.007322437065772 -0.002233481544892 0.033471345741029 0.000000000000000 -0.000000000000000 0.000000000000000 -0.000000000000000
123 0.001800000000000 0.949300000000000 0.949300000000000 0.048900000000000 -0.000400394967882 0.006942912524974 -0.002185587468165 0.033471345741029 0.000000000000000 -0.000000000000000 0.000000000000000 -0.000000000000000
130 0.002300000000000 0.945100000000000 0.945100000000000 0.052600000000000 -0.000772160401650 0.006829101461786 -0.002233481544892 0.029131480892822 0.000000000000000 -0.000000000000000 0.000000000000000 -0.000000000000000
131 0.001200000000000 0.946200000000000 0.946200000000000 0.052600000000000 -0.000449422184441 0.007327990765937 -0.002185587468165 0.033471345741029 0.000000000000000 -0.000000000000000 0.000000000000000 -0.000000000000000
135 0.001800000000000 0.944400000000000 0.944400000000000 0.053800000000000 -0.000280190495259 0.006753195676718 -0.000725768174792 0.029131480892822 0.000000000000000 -0.000000000000000 0.000000000000000 -0.000000000000000
135 0.001700000000000 0.944400000000000 0.944400000000000 0.053900000000000 -0.000169542797805 0.007459044054945 -0.000420708285256 0.033471345741029 0.000000000000000 -0.000000000000000 0.000000000000000 -0.000000000000000
138 0.001500000000000 0.947800000000000 0.947800000000000 0.050700000000000 -0.000174907862617 0.007080199968917 -0.000356947631238 0.029131480892822 0.000000000000000 -0.000000000000000 0.000000000000000 -0.000000000000000
144 0.001500000000000 0.952400000000000 0.952400000000000 0.046100000000000 -0.000416667723670 0.007897176754712 -0.002676215808949 0.033208769092892 0.000000000000000 -0.000000000000000 0.000000000000000 -0.000000000000000
146 0.001900000000000 0.946900000000000 0.946900000000000 0.051200000000000 -0.000334556813725 0.007349331788526 -0.002676215808949 0.033471345741029 0.000000000000000 -0.000000000000000 0.000000000000000 -0.000000000000000
147 0.001800000000000 0.947500000000000 0.947500000000000 0.050700000000000 -0.000302653777285 0.007504726703276 -0.002553092546269 0.033471345741029 0.000000000000000 -0.000000000000000 0.000000000000000 -0.000000000000000
153 0.002200000000000 0.944400000000000 0.944400000000000 0.053400000000000 -0.000460629149891 0.007119639190457 -0.002676215808949 0.028776257654203 0.000000000000000 -0.000000000000000 0.000000000000000 -0.000000000000000
153 0.001600000000000 0.943900000000000 0.943900000000000 0.054500000000000 -0.000187357936281 0.007647316686681 -0.000254484332248 0.033471345741029 0.000000000000000 -0.000000000000000 0.000000000000000 -0.000000000000000
155 0.001100000000000 0.949600000000000 0.949600000000000 0.049300000000000 -0.000170638771788 0.007373762480331 -0.000356947631238 0.029131480892822 0.000000000000000 -0.000000000000000 0.000000000000000 -0.000000000000000
156 0.001800000000000 0.946900000000000 0.946900000000000 0.051300000000000 -0.000209309134289 0.007149234121734 -0.000598647059383 0.033471345741029 0.000000000000000 -0.000000000000000 0.000000000000000 -0.000000000000000
156 0.001400000000000 0.943000000000000 0.943000000000000 0.055600000000000 -0.000552113746690 0.007646812370972 -0.002676215808949 0.030506725477711 0.000000000000000 -0.000000000000000 0.000000000000000 -0.000000000000000
157 0.001300000000000 0.945000000000000 0.945000000000000 0.053700000000000 -0.000462507915369 0.007228683882162 -0.002553092546269 0.029131480892822 0.000000000000000 -0.000000000000000 0.000000000000000 -0.000000000000000
167 0.001300000000000 0.951200000000000 0.951200000000000 0.047500000000000 -0.000284783138162 0.007566852458203 -0.001759059349492 0.038914735256477 0.000000000000000 -0.000000000000000 0.000000000000000 -0.000000000000000
172 0.001800000000000 0.947600000000000 0.947600000000000 0.050600000000000 -0.000228865536963 0.007657812646503 -0.000725768174792 0.039347701696019 0.000000000000000 -0.000000000000000 0.000000000000000 -0.000000000000000
173 0.001400000000000 0.947300000000000 0.947300000000000 0.051300000000000 -0.000371487889732 0.007655011519254 -0.002553085977751 0.038914735256477 0.000000000000000 -0.000000000000000 0.000000000000000 -0.000000000000000
176 0.001300000000000 0.947100000000000 0.947100000000000 0.051600000000000 -0.000392714851467 0.007562442959903 -0.002676215808949 0.039347701696019 0.000000000000000 -0.000000000000000 0.000000000000000 -0.000000000000000
178 0.001400000000000 0.945400000000000 0.945400000000000 0.053200000000000 -0.000397322138853 0.007971310978242 -0.001759059349492 0.039347701696019 0.000000000000000 -0.000000000000000 0.000000000000000 -0.000000000000000
180 0.000600000000000 0.946500000000000 0.946500000000000 0.052900000000000 -0.000251732158170 0.008027607221594 -0.000414716979999 0.032501765856730 0.000000000000000 -0.000000000000000 0.000000000000000 -0.000000000000000
181 0.001500000000000 0.946900000000000 0.946900000000000 0.051600000000000 -0.000223996060219 0.007680946751880 -0.000492340360293 0.039305432484858 0.000000000000000 -0.000000000000000 0.000000000000000 -0.000000000000000
182 0.001900000000000 0.944800000000000 0.944800000000000 0.053300000000000 -0.000204636180214 0.007425640431197 -0.000725768174792 0.038872466045316 0.000000000000000 -0.000000000000000 0.000000000000000 -0.000000000000000
182 0.001700000000000 0.950300000000000 0.950300000000000 0.048000000000000 -0.000295464810762 0.008535800571290 -0.000754236041110 0.038872466045316 0.000000000000000 -0.000000000000000 0.000000000000000 -0.000000000000000
186 0.001300000000000 0.945000000000000 0.945000000000000 0.053700000000000 -0.000199970498911 0.007902411907178 -0.000598647059383 0.039305432484858 0.000000000000000 -0.000000000000000 0.000000000000000 -0.000000000000000
186 0.002000000000000 0.948800000000000 0.948800000000000 0.049200000000000 -0.000238631914212 0.007744369392434 -0.000725768174792 0.038872466045316 0.000000000000000 -0.000000000000000 0.000000000000000 -0.000000000000000
187 0.001600000000000 0.946200000000000 0.946200000000000 0.052200000000000 -0.000224147706347 0.007659875700042 -0.000420708285256 0.032501765856730 0.000000000000000 -0.000000000000000 0.000000000000000 -0.000000000000000
190 0.001000000000000 0.948100000000000 0.948100000000000 0.050900000000000 -0.000315757472511 0.007434235276501 -0.000598647059383 0.038872466045316 0.000000000000000 -0.000000000000000 0.000000000000000 -0.000000000000000
194 0.001200000000000 0.952200000000000 0.952200000000000 0.046600000000000 -0.000128389654906 0.007724357258658 -0.000264850380632 0.031737204404068 0.000000000000000 -0.000000000000000 0.000000000000000 -0.000000000000000
194 0.001600000000000 0.948000000000000 0.948000000000000 0.050400000000000 -0.000221126681791 0.008186130224881 -0.000725768174792 0.038872466045316 0.000000000000000 -0.000000000000000 0.000000000000000 -0.000000000000000
195 0.001000000000000 0.949400000000000 0.949400000000000 0.049600000000000 -0.000219296743517 0.007809899479347 -0.000264850380632 0.032501765856730 0.000000000000000 -0.000000000000000 0.000000000000000 -0.000000000000000
198 0.000800000000000 0.949400000000000 0.949400000000000 0.049800000000000 -0.000166169522498 0.007814470265550 -0.000433562700721 0.039305432484858 0.000000000000000 -0.000000000000000 0.000000000000000 -0.000000000000000
198 0.001500000000000 0.950300000000000 0.950300000000000 0.048200000000000 -0.000472723866488 0.007455953201123 -0.004213030291356 0.038872466045316 0.000000000000000 -0.000000000000000 0.000000000000000 -0.000000000000000
200 0.001800000000000 0.949100000000000 0.949100000000000 0.049100000000000 -0.000199368050730 0.007586566867646 -0.000704719692859 0.031737204404068 0.000000000000000 -0.000000000000000 0.000000000000000 -0.000000000000000
202 0.001500000000000 0.948000000000000 0.948000000000000 0.050500000000000 -0.000169790828415 0.008026672160168 -0.000264850380632 0.038872466045316 0.000000000000000 -0.000000000000000 0.000000000000000 -0.000000000000000
206 0.000900000000000 0.952300000000000 0.952300000000000 0.046800000000000 -0.000308362153825 0.008048575030401 -0.000725768174792 0.039305432484858 0.000000000000000 -0.000000000000000 0.000000000000000 -0.000000000000000
207 0.001600000000000 0.949000000000000 0.949000000000000 0.049400000000000 -0.000220906056641 0.007379361763434 -0.000725768174792 0.038872466045316 0.000000000000000 -0.000000000000000 0.000000000000000 -0.000000000000000
208 0.000500000000000 0.949500000000000 0.949500000000000 0.050000000000000 -0.000332862501842 0.008491436885521 -0.000704719692859 0.031737204404068 0.000000000000000 -0.000000000000000 0.000000000000000 -0.000000000000000
211 0.000500000000000 0.949800000000000 0.949800000000000 0.049700000000000 -0.000236955511480 0.008314986108579 -0.000598647059383 0.032412722955022 0.000000000000000 -0.000000000000000 0.000000000000000 -0.000000000000000
212 0.000500000000000 0.950300000000000 0.950300000000000 0.049200000000000 -0.000097087597550 0.008484774018494 -0.000277323392257 0.031737204404068 0.000000000000000 -0.000000000000000 0.000000000000000 -0.000000000000000
218 0.000600000000000 0.947800000000000 0.947800000000000 0.051600000000000 -0.000428547863117 0.008007349056359 -0.000702469626649 0.039305432484858 0.000000000000000 -0.000000000000000 0.000000000000000 -0.000000000000000
223 0.001200000000000 0.947800000000000 0.947800000000000 0.051000000000000 -0.000900190946016 0.008319279297712 -0.004213030291356 0.039305432484858 0.000000000000000 -0.000000000000000 0.000000000000000 -0.000000000000000
223 0.001000000000000 0.949800000000000 0.949800000000000 0.049200000000000 -0.000242493724775 0.008346122479922 -0.000725768174792 0.038872466045316 0.000000000000000 -0.000000000000000 0.000000000000000 -0.000000000000000
223 0.000900000000000 0.952500000000000 0.952500000000000 0.046600000000000 -0.000675971239022 0.007938435311678 -0.004213030291356 0.039305432484858 0.000000000000000 -0.000000000000000 0.000000000000000 -0.000000000000000
223 0.000300000000000 0.951000000000000 0.951000000000000 0.048700000000000 -0.000052797405102 0.007814697726101 -0.000104022986612 0.038872466045316 0.000000000000000 -0.000000000000000 0.000000000000000 -0.000000000000000
224 0.000900000000000 0.950300000000000 0.950300000000000 0.048800000000000 -0.000444293855982 0.008247103321999 -0.000725768174792 0.038872466045316 0.000000000000000 -0.000000000000000 0.000000000000000 -0.000000000000000
225 0.000700000000000 0.950400000000000 0.950400000000000 0.048900000000000 -0.000267188541589 0.008449345615645 -0.000725768174792 0.039305432484858 0.000000000000000 -0.000000000000000 0.000000000000000 -0.000000000000000
227 0.000600000000000 0.954300000000000 0.954300000000000 0.045100000000000 -0.000094970170317 0.008186594768313 -0.000221580321761 0.038872466045316 0.000000000000000 -0.000000000000000 0.000000000000000 -0.00