0 0.003900000000000 0.966300000000000 0.966300000000000 0.029800000000000 -0.000722201196855 0.003349246060922 -0.003292383508049 0.003972834215392 0.000000000000000 -0.000000000000000 0.000000000000000 -0.000000000000000
1 0.003400000000000 0.930400000000000 0.930400000000000 0.066200000000000 -0.001320558784092 0.005158842140297 -0.005784188086193 0.013602399716076 0.000000000000000 -0.000000000000000 0.000000000000000 -0.000000000000000
2 0.004100000000000 0.930000000000000 0.930000000000000 0.065900000000000 -0.001226142795023 0.004936365025609 -0.006984126914286 0.013003107507461 0.000000000000000 -0.000000000000000 0.000000000000000 -0.000000000000000
4 0.005700000000000 0.898100000000000 0.898100000000000 0.096200000000000 -0.000902196516873 0.004665265958868 -0.004302654035419 0.014367257367874 0.000000000000000 -0.000000000000000 0.000000000000000 -0.000000000000000
11 0.064200000000000 0.892300000000000 0.892300000000000 0.043500000000000 -0.000543409283032 0.000298260445907 -0.009767940695988 0.006409769954330 0.000000000000000 -0.000000000000000 0.000000000000000 -0.000000000000000
13 0.059800000000000 0.897500000000000 0.897500000000000 0.042700000000000 -0.000565306823900 0.000285578971190 -0.009730885400305 0.005540056818776 0.000000000000000 -0.000000000000000 0.000000000000000 -0.000000000000000
15 0.061700000000000 0.878600000000000 0.878600000000000 0.059700000000000 -0.000485225972939 0.001067777308842 -0.010757086895260 0.006415534641628 0.000000000000000 -0.000000000000000 0.000000000000000 -0.000000000000000
22 0.057900000000000 0.881500000000000 0.881500000000000 0.060600000000000 -0.000358343035463 0.003403586277271 -0.009767940695988 0.008402942158939 0.000000000000000 -0.000000000000000 0.000000000000000 -0.000000000000000
26 0.058200000000000 0.886800000000000 0.886800000000000 0.055000000000000 -0.000405884541970 0.003350466849558 -0.008911301752678 0.010191634375706 0.000000000000000 -0.000000000000000 0.000000000000000 -0.000000000000000
26 0.057900000000000 0.882000000000000 0.882000000000000 0.060100000000000 -0.000394386334410 0.003392470115504 -0.010465540514159 0.007926225325712 0.000000000000000 -0.000000000000000 0.000000000000000 -0.000000000000000
31 0.053700000000000 0.886000000000000 0.886000000000000 0.060300000000000 -0.000409203569255 0.003395551645700 -0.012768777659045 0.008115671771887 0.000000000000000 -0.000000000000000 0.000000000000000 -0.000000000000000
33 0.003400000000000 0.879300000000000 0.879300000000000 0.117300000000000 -0.001069288509477 0.005519995874786 -0.004302654035419 0.020488237201617 0.000000000000000 -0.000000000000000 0.000000000000000 -0.000000000000000
34 0.003700000000000 0.881300000000000 0.881300000000000 0.115000000000000 -0.000843458233177 0.005693355343722 -0.004302654035419 0.024440058501489 0.000000000000000 -0.000000000000000 0.000000000000000 -0.000000000000000
35 0.070800000000000 0.880900000000000 0.880900000000000 0.048300000000000 -0.001610035642532 0.002167439097079 -0.007229997474883 0.013951256793209 0.000000000000000 -0.000000000000000 0.000000000000000 -0.000000000000000
37 0.060500000000000 0.887200000000000 0.887200000000000 0.052300000000000 -0.001031382426404 0.002346916689861 -0.010021908947417 0.013951256793209 0.000000000000000 -0.000000000000000 0.000000000000000 -0.000000000000000
39 0.031200000000000 0.897300000000000 0.897300000000000 0.071500000000000 -0.001800967634962 0.003289403836273 -0.007652472431284 0.012503351949495 0.000000000000000 -0.000000000000000 0.000000000000000 -0.000000000000000
40 0.006300000000000 0.888400000000000 0.888400000000000 0.105300000000000 -0.001445472548184 0.003278471254127 -0.007163922245127 0.013951256793209 0.000000000000000 -0.000000000000000 0.000000000000000 -0.000000000000000
44 0.004400000000000 0.889800000000000 0.889800000000000 0.105800000000000 -0.001723516714237 0.003958135401455 -0.007869345228329 0.015230798298271 0.000000000000000 -0.000000000000000 0.000000000000000 -0.000000000000000
44 0.006100000000000 0.883900000000000 0.883900000000000 0.110000000000000 -0.001225395080001 0.004008636737196 -0.007636044578220 0.012438089307939 0.000000000000000 -0.000000000000000 0.000000000000000 -0.000000000000000
45 0.005100000000000 0.887000000000000 0.887000000000000 0.107900000000000 -0.001256180742628 0.004013472390571 -0.009573653597300 0.013897558030740 0.000000000000000 -0.000000000000000 0.000000000000000 -0.000000000000000
48 0.038400000000000 0.854000000000000 0.854000000000000 0.107600000000000 -0.000048185925175 0.005397187915090 -0.003079365046667 0.016761435467004 0.000000000000000 -0.000000000000000 0.000000000000000 -0.000000000000000
50 0.095600000000000 0.800000000000000 0.800000000000000 0.104400000000000 -0.000023516873147 0.005476386702925 -0.006572942048144 0.022714157492291 0.000000000000000 -0.000000000000000 0.000000000000000 -0.000000000000000
52 0.102100000000000 0.789100000000000 0.789100000000000 0.108800000000000 -0.000020278066016 0.005267932668777 -0.004728767541650 0.016761435467004 0.000000000000000 -0.000000000000000 0.000000000000000 -0.000000000000000
56 0.080100000000000 0.808700000000000 0.808700000000000 0.111200000000000 -0.000033470193330 0.005547017909700 -0.007296543801295 0.022973837910644 0.000000000000000 -0.000000000000000 0.000000000000000 -0.000000000000000
59 0.130400000000000 0.761800000000000 0.761800000000000 0.107800000000000 -0.000031191758240 0.005366376542466 -0.006572942048144 0.022973837910644 0.000000000000000 -0.000000000000000 0.000000000000000 -0.000000000000000
59 0.002500000000000 0.892500000000000 0.892500000000000 0.105000000000000 -0.001097323118514 0.005407938127464 -0.006572942048144 0.019132895694890 0.000000000000000 -0.000000000000000 0.000000000000000 -0.000000000000000
59 0.001800000000000 0.892800000000000 0.892800000000000 0.105400000000000 -0.000936458727679 0.005553003829682 -0.006572942048144 0.017086168600717 0.000000000000000 -0.000000000000000 0.000000000000000 -0.000000000000000
60 0.001500000000000 0.889400000000000 0.889400000000000 0.109100000000000 -0.001367786629165 0.005495808666164 -0.006572942048144 0.023260384169180 0.000000000000000 -0.000000000000000 0.000000000000000 -0.000000000000000
61 0.000800000000000 0.889900000000000 0.889900000000000 0.109300000000000 -0.000525664542869 0.005546491475301 -0.002357460292781 0.026932634812937 0.000000000000000 -0.000000000000000 0.000000000000000 -0.000000000000000
63 0.002100000000000 0.887600000000000 0.887600000000000 0.110300000000000 -0.001089785798887 0.005765588171370 -0.006675062472674 0.022973837910644 0.000000000000000 -0.000000000000000 0.000000000000000 -0.000000000000000
64 0.001000000000000 0.894300000000000 0.894300000000000 0.104700000000000 -0.001492064211226 0.005539106696007 -0.006572942048144 0.021094376138557 0.000000000000000 -0.000000000000000 0.000000000000000 -0.000000000000000
67 0.002000000000000 0.890400000000000 0.890400000000000 0.107600000000000 -0.000767234998900 0.005546641737338 -0.006572942048144 0.023376786804375 0.000000000000000 -0.000000000000000 0.000000000000000 -0.000000000000000
72 0.001900000000000 0.886800000000000 0.886800000000000 0.111300000000000 -0.000508971219466 0.005418804859560 -0.002338292670526 0.023376786804375 0.000000000000000 -0.000000000000000 0.000000000000000 -0.000000000000000
74 0.001700000000000 0.888700000000000 0.888700000000000 0.109600000000000 -0.001401520397494 0.006175585977209 -0.003614882090506 0.024373090739690 0.000000000000000 -0.000000000000000 0.000000000000000 -0.000000000000000
75 0.001500000000000 0.893300000000000 0.893300000000000 0.105200000000000 -0.001180034613947 0.006226576870846 -0.003614882090506 0.021515413435897 0.000000000000000 -0.000000000000000 0.000000000000000 -0.000000000000000
79 0.032100000000000 0.884400000000000 0.884400000000000 0.083500000000000 -0.003529734824192 0.004299557140858 -0.009172870846272 0.014522056915930 0.000000000000000 -0.000000000000000 0.000000000000000 -0.000000000000000
81 0.036500000000000 0.883800000000000 0.883800000000000 0.079700000000000 -0.003349748950490 0.004421599870801 -0.006890179851166 0.014022974764041 0.000000000000000 -0.000000000000000 0.000000000000000 -0.000000000000000
81 0.033600000000000 0.886400000000000 0.886400000000000 0.080000000000000 -0.003516805537757 0.004288473560074 -0.009695618352889 0.015448743209900 0.000000000000000 -0.000000000000000 0.000000000000000 -0.000000000000000
81 0.003300000000000 0.903400000000000 0.903400000000000 0.093300000000000 -0.001471788046893 0.004457645785111 -0.007987263448737 0.018302038167678 0.000000000000000 -0.000000000000000 0.000000000000000 -0.000000000000000
84 0.004300000000000 0.897200000000000 0.897200000000000 0.098500000000000 -0.000815006265263 0.004449904812928 -0.003000711549156 0.015467204904328 0.000000000000000 -0.000000000000000 0.000000000000000 -0.000000000000000
85 0.005600000000000 0.897500000000000 0.897500000000000 0.096900000000000 -0.000987046908328 0.003362424239837 -0.004050597773497 0.011234277926266 0.000000000000000 -0.000000000000000 0.000000000000000 -0.000000000000000
87 0.005400000000000 0.898200000000000 0.898200000000000 0.096400000000000 -0.001185009212130 0.003390396155068 -0.005265355452137 0.016896459994731 0.000000000000000 -0.000000000000000 0.000000000000000 -0.000000000000000
91 0.005500000000000 0.894600000000000 0.894600000000000 0.099900000000000 -0.001020583992225 0.003405612499455 -0.005145811819476 0.018216421138201 0.000000000000000 -0.000000000000000 0.000000000000000 -0.000000000000000
91 0.004700000000000 0.896300000000000 0.896300000000000 0.099000000000000 -0.000774104725041 0.003425646413729 -0.003000711549156 0.018216421138201 0.000000000000000 -0.000000000000000 0.000000000000000 -0.000000000000000
94 0.004000000000000 0.897400000000000 0.897400000000000 0.098600000000000 -0.001252777058314 0.004996605199106 -0.007987263448737 0.018999028005345 0.000000000000000 -0.000000000000000 0.000000000000000 -0.000000000000000
96 0.004200000000000 0.897200000000000 0.897200000000000 0.098600000000000 -0.000924226518960 0.005080624012530 -0.003757379162143 0.018302038167678 0.000000000000000 -0.000000000000000 0.000000000000000 -0.000000000000000
101 0.004800000000000 0.895900000000000 0.895900000000000 0.099300000000000 -0.001355103538894 0.005036899534610 -0.007732493653987 0.017034816168900 0.000000000000000 -0.000000000000000 0.000000000000000 -0.000000000000000
101 0.029100000000000 0.901200000000000 0.901200000000000 0.069700000000000 -0.000948705222648 0.004344398111334 -0.004831764258820 0.015381077740218 0.000000000000000 -0.000000000000000 0.000000000000000 -0.000000000000000
102 0.034000000000000 0.894900000000000 0.894900000000000 0.071100000000000 -0.000898471351100 0.004421501271370 -0.005339004219682 0.015857713597306 0.000000000000000 -0.000000000000000 0.000000000000000 -0.000000000000000
104 0.029100000000000 0.897000000000000 0.897000000000000 0.073900000000000 -0.000919774187914 0.004514376542582 -0.004183941139731 0.019455885047345 0.000000000000000 -0.000000000000000 0.000000000000000 -0.000000000000000
105 0.026800000000000 0.899100000000000 0.899100000000000 0.074100000000000 -0.000915443431695 0.004437689032927 -0.005595665938231 0.023931923263781 0.000000000000000 -0.000000000000000 0.000000000000000 -0.000000000000000
105 0.030700000000000 0.894800000000000 0.894800000000000 0.074500000000000 -0.000882167137225 0.004398704750890 -0.004831764258820 0.014445809329950 0.000000000000000 -0.000000000000000 0.000000000000000 -0.000000000000000
106 0.028600000000000 0.897100000000000 0.897100000000000 0.074300000000000 -0.000928907855572 0.004469924570896 -0.005898946340447 0.014492514396249 0.000000000000000 -0.000000000000000 0.000000000000000 -0.000000000000000
106 0.029400000000000 0.896800000000000 0.896800000000000 0.073800000000000 -0.000902523202003 0.004471581700726 -0.003845547547675 0.015467204904328 0.000000000000000 -0.000000000000000 0.000000000000000 -0.000000000000000
108 0.028200000000000 0.896600000000000 0.896600000000000 0.075200000000000 -0.000893906160398 0.005152393746823 -0.003989415470919 0.015381077740218 0.000000000000000 -0.000000000000000 0.000000000000000 -0.000000000000000
110 0.031000000000000 0.895700000000000 0.895700000000000 0.073300000000000 -0.000881604327482 0.008014425703742 -0.004606801199576 0.030109305768262 0.000000000000000 -0.000000000000000 0.000000000000000 -0.000000000000000
111 0.003900000000000 0.853400000000000 0.853400000000000 0.142700000000000 -0.000551691757539 0.006292116590548 -0.002482401360778 0.031684194737690 0.000000000000000 -0.000000000000000 0.000000000000000 -0.000000000000000
119 0.002400000000000 0.853400000000000 0.853400000000000 0.144200000000000 -0.000930729067245 0.005846856236189 -0.004606801199576 0.031684194737690 0.000000000000000 -0.000000000000000 0.000000000000000 -0.000000000000000
123 0.002800000000000 0.767600000000000 0.767600000000000 0.229600000000000 -0.000515302616629 0.003799322834440 -0.003188151575404 0.031684194737690 0.000000000000000 -0.000000000000000 0.000000000000000 -0.000000000000000
123 0.612200000000000 0.272100000000000 0.272100000000000 0.115700000000000 -0.000002558820648 0.007253956824475 -0.004606801199576 0.030109305768262 0.000000000000000 -0.000000000000000 0.000000000000000 -0.000000000000000
123 0.003900000000000 0.704200000000000 0.704200000000000 0.291900000000000 -0.000814967641970 0.002781998625059 -0.004606801199576 0.031464891829845 0.000000000000000 -0.000000000000000 0.000000000000000 -0.000000000000000
123 0.002300000000000 0.756500000000000 0.756500000000000 0.241200000000000 -0.000522457906820 0.003917487309003 -0.001685649565808 0.052338329041838 0.000000000000000 -0.000000000000000 0.000000000000000 -0.000000000000000
123 0.003500000000000 0.756100000000000 0.756100000000000 0.240400000000000 -0.000639627447135 0.003901124622289 -0.003390097853837 0.029769375874745 0.000000000000000 -0.000000000000000 0.000000000000000 -0.000000000000000
130 0.003100000000000 0.688400000000000 0.688400000000000 0.308500000000000 -0.000480428506089 0.002953263228112 -0.001685649565808 0.033471345741029 0.000000000000000 -0.000000000000000 0.000000000000000 -0.000000000000000
131 0.002800000000000 0.810900000000000 0.810900000000000 0.186300000000000 -0.000314107560356 0.005246997862423 -0.001504411888399 0.033471345741029 0.000000000000000 -0.000000000000000 0.000000000000000 -0.000000000000000
135 0.003100000000000 0.442300000000000 0.442300000000000 0.554600000000000 -0.000344256505177 0.001847632600619 -0.003435145566556 0.029769375874745 0.000000000000000 -0.000000000000000 0.000000000000000 -0.000000000000000
135 0.390400000000000 0.472500000000000 0.472500000000000 0.137100000000000 -0.000001798329926 0.007721626845469 -0.003188088175649 0.036047378509601 0.000000000000000 -0.000000000000000 0.000000000000000 -0.000000000000000
138 0.404200000000000 0.464600000000000 0.464600000000000 0.131200000000000 -0.000002002199973 0.007273141485643 -0.000846098402259 0.036290995937266 0.000000000000000 -0.000000000000000 0.000000000000000 -0.000000000000000
144 0.002700000000000 0.673000000000000 0.673000000000000 0.324300000000000 -0.000228427247769 0.002964390464595 -0.000745477967983 0.036290995937266 0.000000000000000 -0.000000000000000 0.000000000000000 -0.000000000000000
146 0.002500000000000 0.433000000000000 0.433000000000000 0.564500000000000 -0.000235760943967 0.001878718746640 -0.000708966710375 0.033471345741029 0.000000000000000 -0.000000000000000 0.000000000000000 -0.000000000000000
147 0.001700000000000 0.488400000000000 0.488400000000000 0.509900000000000 -0.000296039360661 0.001971963041155 -0.001587149066487 0.036290995937266 0.000000000000000 -0.000000000000000 0.000000000000000 -0.000000000000000
153 0.003600000000000 0.416600000000000 0.416600000000000 0.579800000000000 -0.000240797987594 0.001686276499324 -0.000653891529384 0.029769375874745 0.000000000000000 -0.000000000000000 0.000000000000000 -0.000000000000000
153 0.002600000000000 0.716300000000000 0.716300000000000 0.281100000000000 -0.000253896052089 0.003688177732038 -0.001768538450380 0.037010444990513 0.000000000000000 -0.000000000000000 0.000000000000000 -0.000000000000000
155 0.002200000000000 0.662500000000000 0.662500000000000 0.335300000000000 -0.000238071507293 0.002846684374592 -0.000745477967983 0.036290995937266 0.000000000000000 -0.000000000000000 0.000000000000000 -0.000000000000000
156 0.002900000000000 0.664500000000000 0.664500000000000 0.332600000000000 -0.000236470429729 0.003052970824859 -0.000952380942857 0.039012885387141 0.000000000000000 -0.000000000000000 0.000000000000000 -0.000000000000000
156 0.002000000000000 0.655700000000000 0.655700000000000 0.342300000000000 -0.000251046083476 0.003051952971037 -0.000561331735681 0.029769375874745 0.000000000000000 -0.000000000000000 0.000000000000000 -0.000000000000000
157 0.002700000000000 0.654700000000000 0.654700000000000 0.342600000000000 -0.000292395243237 0.003039170701207 -0.002130441309431 0.035726647080828 0.000000000000000 -0.000000000000000 0.000000000000000 -0.000000000000000
167 0.002600000000000 0.608400000000000 0.608400000000000 0.389000000000000 -0.000257004102463 0.002654210686183 -0.000641668881265 0.035954212793892 0.000000000000000 -0.000000000000000 0.000000000000000 -0.000000000000000
172 0.002100000000000 0.613600000000000 0.613600000000000 0.384300000000000 -0.000232234145958 0.002754690854364 -0.000668124837088 0.036567643577247 0.000000000000000 -0.000000000000000 0.000000000000000 -0.000000000000000
173 0.002200000000000 0.759600000000000 0.759600000000000 0.238200000000000 -0.000227889213299 0.004215381066251 -0.000608512691187 0.028382744527242 0.000000000000000 -0.000000000000000 0.000000000000000 -0.000000000000000
176 0.423800000000000 0.456600000000000 0.456600000000000 0.119600000000000 -0.000001063357871 0.009218065842523 -0.000492340360293 0.039479084112915 0.000000000000000 -0.000000000000000 0.000000000000000 -0.000000000000000
178 0.422900000000000 0.457000000000000 0.457000000000000 0.120100000000000 -0.000002093543203 0.008922883619291 -0.002938529364503 0.039479084112915 0.000000000000000 -0.000000000000000 0.000000000000000 -0.000000000000000
180 0.002100000000000 0.578400000000000 0.578400000000000 0.419500000000000 -0.000239823190996 0.002715602954492 -0.000279334730063 0.041723544399494 0.000000000000000 -0.000000000000000 0.000000000000000 -0.000000000000000
181 0.337100000000000 0.537400000000000 0.537400000000000 0.125500000000000 -0.000002868956934 0.009148429447345 -0.001819229272582 0.035221518849833 0.000000000000000 -0.000000000000000 0.000000000000000 -0.000000000000000
182 0.374100000000000 0.505500000000000 0.505500000000000 0.120400000000000 -0.000001416893568 0.008871737024771 -0.000809800674579 0.031737204404068 0.000000000000000 -0.000000000000000 0.000000000000000 -0.000000000000000
182 0.366000000000000 0.514300000000000 0.514300000000000 0.119700000000000 -0.000000986168973 0.009389667397226 -0.000492340360293 0.038872466045316 0.000000000000000 -0.000000000000000 0.000000000000000 -0.000000000000000
186 0.358000000000000 0.518100000000000 0.518100000000000 0.123900000000000 -0.000001589431215 0.008983944645299 -0.001096539022966 0.033714183468699 0.000000000000000 -0.000000000000000 0.000000000000000 -0.000000000000000
186 0.001800000000000 0.274300000000000 0.274300000000000 0.723900000000000 -0.000281914839588 0.001365398399340 -0.001127260988865 0.039308175404064 0.000000000000000 -0.000000000000000 0.000000000000000 -0.000000000000000
187 0.162300000000000 0.484600000000000 0.484600000000000 0.353100000000000 -0.000003744617096 0.003112564180415 -0.000704719692859 0.033836108132918 0.000000000000000 -0.000000000000000 0.000000000000000 -0.000000000000000
190 0.178600000000000 0.466400000000000 0.466400000000000 0.355000000000000 -0.000007608542390 0.002887775574417 -0.002874590285606 0.036001638307450 0.000000000000000 -0.000000000000000 0.000000000000000 -0.000000000000000
194 0.266600000000000 0.587200000000000 0.587200000000000 0.146200000000000 -0.000004044107329 0.006968199351810 -0.002874590285606 0.035706432784269 0.000000000000000 -0.000000000000000 0.000000000000000 -0.000000000000000
194 0.138600000000000 0.680900000000000 0.680900000000000 0.180500000000000 -0.000003419848614 0.006115756569589 -0.000745477967983 0.033961749159816 0.000000000000000 -0.000000000000000 0.000000000000000 -0.000000000000000
195 0.136900000000000 0.690200000000000 0.690200000000000 0.172900000000000 -0.000005849264691 0.005921838777117 -0.003889097852505 0.032353766054841 0.000000000000000 -0.000000000000000 0.000000000000000 -0.000000000000000
198 0.058300000000000 0.778300000000000 0.778300000000000 0.163400000000000 -0.000021811901717 0.005937001312668 -0.004201007541696 0.036001638307450 0.000000000000000 -0.000000000000000 0.000000000000000 -0.000000000000000
198 0.055300000000000 0.779700000000000 0.779700000000000 0.165000000000000 -0.000026238156100 0.005956165380439 -0.004700592915654 0.041723544399494 0.000000000000000 -0.000000000000000 0.000000000000000 -0.000000000000000
200 0.024800000000000 0.590800000000000 0.590800000000000 0.384400000000000 -0.000051746272465 0.002549146596070 -0.004247295927770 0.031737204404068 0.000000000000000 -0.000000000000000 0.000000000000000 -0.000000000000000
202 0.611800000000000 0.270700000000000 0.270700000000000 0.117500000000000 -0.000000890210496 0.009136667625477 -0.001552546576037 0.038016094527352 0.000000000000000 -0.000000000000000 0.000000000000000 -0.000000000000000
206 0.606800000000000 0.281900000000000 0.281900000000000 0.111300000000000 -0.000001034645136 0.008709158625763 -0.000746565543252 0.036001638307450 0.000000000000000 -0.000000000000000 0.000000000000000 -0.000000000000000
207 0.156600000000000 0.675200000000000 0.675200000000000 0.168200000000000 -0.000002488973462 0.005959997350228 -0.000491509716555 0.041723544399494 0.000000000000000 -0.000000000000000 0.000000000000000 -0.000000000000000
208 0.160400000000000 0.722000000000000 0.722000000000000 0.117600000000000 -0.000000772739478 0.009950700350275 -0.000512821670892 0.041782501299675 0.000000000000000 -0.000000000000000 0.000000000000000 -0.000000000000000
211 0.091600000000000 0.790200000000000 0.790200000000000 0.118200000000000 -0.000005064352981 0.009528062064241 -0.002837032346133 0.033836108132918 0.000000000000000 -0.000000000000000 0.000000000000000 -0.000000000000000
212 0.001100000000000 0.880500000000000 0.880500000000000 0.118400000000000 -0.000247187449937 0.009541929667052 -0.000808206189030 0.035479240630430 0.000000000000000 -0.000000000000000 0.000000000000000 -0.000000000000000
218 0.001200000000000 0.882700000000000 0.882700000000000 0.116100000000000 -0.001127816825810 0.009423258820079 -0.003889097852505 0.035464683260317 0.000000000000000 -0.000000000000000 0.000000000000000 -0.000000000000000
223 0.029100000000000 0.853400000000000 0.853400000000000 0.117500000000000 -0.000018696359393 0.009457813047967 -0.004217026129066 0.034321912384376 0.000000000000000 -0.000000000000000 0.000000000000000 -0.000000000000000
223 0.008500000000000 0.873600000000000 0.873600000000000 0.117900000000000 -0.000145812763015 0.009552260792764 -0.008322894326429 0.041782501299675 0.000000000000000 -0.000000000000000 0.000000000000000 -0.000000000000000
223 0.009900000000000 0.877600000000000 0.877600000000000 0.112500000000000 -0.000047187277551 0.009648044386499 -0.002131418856839 0.037533117737131 0.000000000000000 -0.000000000000000 0.000000000000000 -0.000000000000000
223 0.007800000000000 0.875500000000000 0.875500000000000 0.116700000000000 -0.000003121950622 0.009556267689687 -0.000162710686915 0.039060443936240 0.000000000000000 -0.000000000000000 0.000000000000000 -0.000000000000000
224 0.007700000000000 0.873300000000000 0.873300000000000 0.119000000000000 -0.000030094443983 0.009656449315399 -0.001256398275954 0.035376575909855 0.000000000000000 -0.000000000000000 0.000000000000000 -0.000000000000000
225 0.027400000000000 0.861800000000000 0.861800000000000 0.110800000000000 -0.000035693627772 0.009515279976766 -0.003889097852505 0.031737204404068 0.000000000000000 -0.000000000000000 0.000000000000000 -0.000000000000000
227 0.024100000000000 0.867200000000000 0.867200000000000 0.108700000000000 -0.000010838904213 0.009377195613899 -0.002591205918047 0.039308175404064 0.000000000000000 -0.000000000000000 0.000000000000000 -0.000000000000000
228 0.024000000000000 0.861300000000000 0.861300000000000 0.114700000000000 -0.000011236564596 0.009179297687438 -0.000742091971278 0.035611392215621 0.000000000000000 -0.000000000000000 0.000000000000000 -0.000000000000000
228 0.025700000000000 0.855500000000000 0.855500000000000 0.118800000000000 -0.000004151491681 0.009370847237936 -0.000429218697292 0.036001638307451 0.000000000000000 -0.000000000000000 0.000000000000000 -0.000000000000000
229 0.025500000000000 0.846700000000000 0.846700000000000 0.127800000000000 -0.000005285356115 0.009821751503627 -0.000708966710375 0.033836108132918 0.000000000000000 -0.000000000000000 0.000000000000000 -0.000000000000000
231 0.026200000000000 0.849500000000000 0.849500000000000 0.124300000000000 -0.000001002840048 0.009548613072126 -0.000136657370945 0.036001638307451 0.000000000000000 -0.000000000000000 0.000000000000000 -0.000000000000000
236 0.026700000000000 0.844100000000000 0.844100000000000 0.129200000000000 -0.000009008732364 0.009392874225984 -0.000899442898946 0.031737204404068 0.000000000000000 -0.000000000000000 0.000000000000000 -0.000000000000000
236 0.024700000000000 0.841000000000000 0.841000000000000 0.134300000000000 -0.000002915878929 0.009606570316204 -0.000454284477872 0.036001638307451 0.000000000000000 -0.000000000000000 0.000000000000000 -0.000000000000000
237 0.027400000000000 0.844600000000000 0.844600000000000 0.128000000000000 -0.000001988160194 0.009558435635006 -0.000377354734646 0.038153932590951 0.000000000000000 -0.000000000000000 0.000000000000000 -0.000000000000000
241 0.024700000000000 0.845300000000000 0.845300000000000 0.130000000000000 -0.000007596744692 0.009807766928270 -0.000703139370260 0.036001638307451 0.000000000000000 -0.000000000000000 0.000000000000000 -0.000000000000000
244 0.014000000000000 0.858700000000000 0.858700000000000 0.127300000000000 -0.000006182943950 0.009887966522287 -0.000308008564901 0.031955865913022 0.000000000000000 -0.000000000000000 0.000000000000000 -0.000000000000000
244 0.001200000000000 0.386600000000000 0.386600000000000 0.612200000000000 -0.000179597911565 0.002056495508040 -0.000703139370260 0.043965787765897 0.000000000000000 -0.000000000000000 0.000000000000000 -0.000000000000000
245 0.000600000000000 0.383200000000000 0.383200000000000 0.616200000000000 -0.000172237188780 0.002095983195115 -0.000755635835588 0.036954349005201 0.000000000000000 -0.000000000000000 0.000000000000000 -0.000000000000000
247 0.087200000000000 0.789800000000000 0.789800000000000 0.123000000000000 -0.000001818083978 0.009825270521318 -0.000927503641507 0.036001638307451 0.000000000000000 -0.000000000000000 0.000000000000000 -0.000000000000000
247 0.193400000000000 0.684200000000000 0.684200000000000 0.122400000000000 -0.000001374621940 0.009464680929479 -0.000703139370260 0.041782501299675 0.000000000000000 -0.000000000000000 0.000000000000000 -0.000000000000000
249 0.181500000000000 0.691600000000000 0.691600000000000 0.126900000000000 -0.000001915626512 0.009552247929223 -0.001343887338946 0.034321912384376 0.000000000000000 -0.000000000000000 0.000000000000000 -0.000000000000000
253 0.220900000000000 0.658600000000000 0.658600000000000 0.120500000000000 -0.000000600568329 0.009501317366497 -0.000602551347409 0.035641553822626 0.000000000000000 -0.000000000000000 0.000000000000000 -0.000000000000000
254 0.218400000000000 0.660900000000000 0.660900000000000 0.120700000000000 -0.000000216216050 0.009695381758808 -0.000162710686915 0.031737204404068 0.000000000000000 -0.000000000000000 0.000000000000000 -0.000000000000000
255 0.224000000000000 0.654900000000000 0.654900000000000 0.121100000000000 -0.000000872986033 0.009804746617926 -0.000703139370260 0.036205854214561 0.000000000000000 -0.000000000000000 0.000000000000000 -0.000000000000000
255 0.216700000000000 0.662100000000000 0.662100000000000 0.121200000000000 -0.000000447517657 0.010001627930989 -0.000366479741068 0.036221525436970 0.000000000000000 -0.000000000000000 0.000000000000000 -0.000000000000000
257 0.001000000000000 0.881100000000000 0.88110000