0 0.479900000000000 0.513300000000000 0.513300000000000 0.006800000000000 -0.003288982434565 0.003159878349158 -0.004468649810493 0.003464566894488 0.000000000000000 -0.000000000000000 0.000000000000000 -0.000000000000000
1 0.577500000000000 0.405600000000000 0.405600000000000 0.016900000000000 -0.007477426930879 0.004876681911789 -0.013379225629661 0.013003107507461 0.000000000000000 -0.000000000000000 0.000000000000000 -0.000000000000000
2 0.579600000000000 0.404600000000000 0.404600000000000 0.015800000000000 -0.007512263797462 0.004944402673271 -0.012155936640909 0.016126983965714 0.000000000000000 -0.000000000000000 0.000000000000000 -0.000000000000000
4 0.078800000000000 0.194300000000000 0.194300000000000 0.726900000000000 -0.000310012475324 0.001669626955913 -0.010024884008061 0.009918029418459 0.000000000000000 -0.000000000000000 0.000000000000000 -0.000000000000000
11 0.006000000000000 0.138500000000000 0.138500000000000 0.855500000000000 -0.001372845485084 0.007652443002462 -0.007670731137566 0.016797411367117 0.000000000000000 -0.000000000000000 0.000000000000000 -0.000000000000000
13 0.006600000000000 0.120600000000000 0.120600000000000 0.872800000000000 -0.001027581249867 0.007537357633136 -0.006349206285714 0.014988587894147 0.000000000000000 -0.000000000000000 0.000000000000000 -0.000000000000000
15 0.003800000000000 0.094500000000000 0.094500000000000 0.901700000000000 -0.000742322187161 0.007466927437260 -0.006223319213449 0.017636816557300 0.000000000000000 -0.000000000000000 0.000000000000000 -0.000000000000000
22 0.031700000000000 0.088000000000000 0.088000000000000 0.880300000000000 -0.001839454383120 0.005205779698301 -0.006936123943966 0.012962766713666 0.000000000000000 -0.000000000000000 0.000000000000000 -0.000000000000000
26 0.007000000000000 0.100800000000000 0.100800000000000 0.892200000000000 -0.001505980006850 0.004891073249023 -0.007466666592000 0.013785863822999 0.000000000000000 -0.000000000000000 0.000000000000000 -0.000000000000000
26 0.010100000000000 0.109900000000000 0.109900000000000 0.880000000000000 -0.001432855084505 0.004851864309054 -0.008381131101162 0.013295508934410 0.000000000000000 -0.000000000000000 0.000000000000000 -0.000000000000000
31 0.006500000000000 0.112600000000000 0.112600000000000 0.880900000000000 -0.001315202643040 0.004936621440959 -0.007297840617965 0.015626045295118 0.000000000000000 -0.000000000000000 0.000000000000000 -0.000000000000000
33 0.267900000000000 0.121000000000000 0.121000000000000 0.611100000000000 -0.001876399880909 0.002954342884305 -0.013383105570081 0.019855283976487 0.000000000000000 -0.000000000000000 0.000000000000000 -0.000000000000000
34 0.262200000000000 0.126900000000000 0.126900000000000 0.610900000000000 -0.001890769953581 0.002945299189692 -0.006786414393996 0.024617222007108 0.000000000000000 -0.000000000000000 0.000000000000000 -0.000000000000000
35 0.003200000000000 0.074100000000000 0.074100000000000 0.922700000000000 -0.001473221252143 0.017929994984389 -0.002713868487786 0.036806588474898 0.000000000000000 -0.000000000000000 0.000000000000000 -0.000000000000000
37 0.002800000000000 0.076100000000000 0.076100000000000 0.921100000000000 -0.000995133984571 0.016341455936322 -0.004261262317548 0.031036652974083 0.000000000000000 -0.000000000000000 0.000000000000000 -0.000000000000000
39 0.002900000000000 0.102600000000000 0.102600000000000 0.894500000000000 -0.001439238896269 0.013882815591545 -0.003809523771429 0.029793761661715 0.000000000000000 -0.000000000000000 0.000000000000000 -0.000000000000000
40 0.000900000000000 0.121000000000000 0.121000000000000 0.878100000000000 -0.001391943782568 0.011945759434451 -0.006171263953427 0.028485247269517 0.000000000000000 -0.000000000000000 0.000000000000000 -0.000000000000000
44 0.001400000000000 0.115600000000000 0.115600000000000 0.883000000000000 -0.001428440427388 0.012562639893835 -0.004720341803291 0.026788071782423 0.000000000000000 -0.000000000000000 0.000000000000000 -0.000000000000000
44 0.000700000000000 0.125900000000000 0.125900000000000 0.873400000000000 -0.002484512686662 0.012580293058839 -0.010715166182645 0.026345604592949 0.000000000000000 -0.000000000000000 0.000000000000000 -0.000000000000000
45 0.000900000000000 0.121300000000000 0.121300000000000 0.877800000000000 -0.002284465595902 0.011790501408874 -0.004825396777143 0.026467281241080 0.000000000000000 -0.000000000000000 0.000000000000000 -0.000000000000000
48 0.000600000000000 0.118000000000000 0.118000000000000 0.881400000000000 -0.000894251629432 0.012405857216534 -0.003079365046667 0.032003206244783 0.000000000000000 -0.000000000000000 0.000000000000000 -0.000000000000000
50 0.000500000000000 0.103900000000000 0.103900000000000 0.895600000000000 -0.000711957993353 0.011971352415560 -0.002124122681345 0.034404500990994 0.000000000000000 -0.000000000000000 0.000000000000000 -0.000000000000000
52 0.001000000000000 0.100700000000000 0.100700000000000 0.898300000000000 -0.002516933179337 0.012034121128086 -0.006349206285714 0.029396178772002 0.000000000000000 -0.000000000000000 0.000000000000000 -0.000000000000000
56 0.000300000000000 0.106500000000000 0.106500000000000 0.893200000000000 -0.001157242282187 0.012077160009363 -0.001967130032098 0.032003206244783 0.000000000000000 -0.000000000000000 0.000000000000000 -0.000000000000000
59 0.000500000000000 0.115000000000000 0.115000000000000 0.884500000000000 -0.000828344924427 0.012145876838189 -0.001199938828093 0.027035841444888 0.000000000000000 -0.000000000000000 0.000000000000000 -0.000000000000000
59 0.001000000000000 0.090500000000000 0.090500000000000 0.908500000000000 -0.001616898598153 0.013974316406469 -0.006287776835437 0.034202393172793 0.000000000000000 -0.000000000000000 0.000000000000000 -0.000000000000000
59 0.000300000000000 0.080700000000000 0.080700000000000 0.919000000000000 -0.002280730424973 0.013780213754867 -0.006415144081524 0.031606038563990 0.000000000000000 -0.000000000000000 0.000000000000000 -0.000000000000000
60 0.000900000000000 0.085700000000000 0.085700000000000 0.913400000000000 -0.001075948127730 0.013987545038946 -0.003359669652674 0.032662146613069 0.000000000000000 -0.000000000000000 0.000000000000000 -0.000000000000000
61 0.000300000000000 0.088600000000000 0.088600000000000 0.911100000000000 -0.000833602872538 0.014006864197755 -0.001914580612150 0.031833898001515 0.000000000000000 -0.000000000000000 0.000000000000000 -0.000000000000000
63 0.001100000000000 0.078900000000000 0.078900000000000 0.920000000000000 -0.002928458857893 0.013895357396078 -0.012096339076223 0.033088919244256 0.000000000000000 -0.000000000000000 0.000000000000000 -0.000000000000000
64 0.000900000000000 0.080300000000000 0.080300000000000 0.918800000000000 -0.000769345003352 0.013872866956088 -0.002973849790411 0.034947738155282 0.000000000000000 -0.000000000000000 0.000000000000000 -0.000000000000000
67 0.000500000000000 0.075200000000000 0.075200000000000 0.924300000000000 -0.002540242761202 0.014102357989168 -0.008620811201270 0.037310234290660 0.000000000000000 -0.000000000000000 0.000000000000000 -0.000000000000000
72 0.001000000000000 0.075900000000000 0.075900000000000 0.923100000000000 -0.001338692721455 0.013899724030764 -0.004887206330349 0.035258501221872 0.000000000000000 -0.000000000000000 0.000000000000000 -0.000000000000000
74 0.060600000000000 0.076600000000000 0.076600000000000 0.862800000000000 -0.001505773079284 0.006575251046689 -0.007861689698605 0.026270667436470 0.000000000000000 -0.000000000000000 0.000000000000000 -0.000000000000000
75 0.058000000000000 0.079200000000000 0.079200000000000 0.862800000000000 -0.001438014034355 0.006623254051865 -0.004388675239275 0.026270667436470 0.000000000000000 -0.000000000000000 0.000000000000000 -0.000000000000000
79 0.024700000000000 0.064800000000000 0.064800000000000 0.910500000000000 -0.001705981491469 0.015501276202117 -0.006699158722507 0.035524546691315 0.000000000000000 -0.000000000000000 0.000000000000000 -0.000000000000000
81 0.019300000000000 0.064300000000000 0.064300000000000 0.916400000000000 -0.001701405401799 0.015386042379682 -0.004940099373014 0.035524546691315 0.000000000000000 -0.000000000000000 0.000000000000000 -0.000000000000000
81 0.021600000000000 0.061400000000000 0.061400000000000 0.917000000000000 -0.001688151777936 0.015598819904336 -0.006699158722507 0.036620004153882 0.000000000000000 -0.000000000000000 0.000000000000000 -0.000000000000000
81 0.047800000000000 0.065900000000000 0.065900000000000 0.886300000000000 -0.000995791622352 0.017418281258554 -0.005691590240555 0.038369380408221 0.000000000000000 -0.000000000000000 0.000000000000000 -0.000000000000000
84 0.026900000000000 0.068500000000000 0.068500000000000 0.904600000000000 -0.001747166697889 0.016829255177898 -0.003074219199072 0.035078024879705 0.000000000000000 -0.000000000000000 0.000000000000000 -0.000000000000000
85 0.000300000000000 0.065900000000000 0.065900000000000 0.933800000000000 -0.000809034952239 0.026052670093469 -0.001155637316771 0.052101746211125 0.000000000000000 -0.000000000000000 0.000000000000000 -0.000000000000000
87 0.000200000000000 0.058100000000000 0.058100000000000 0.941700000000000 -0.000716148986654 0.026415953406931 -0.001092196611583 0.051903737939121 0.000000000000000 -0.000000000000000 0.000000000000000 -0.000000000000000
91 0.000700000000000 0.062700000000000 0.062700000000000 0.936600000000000 -0.001398901139873 0.026510488298435 -0.002811689458258 0.049590593785120 0.000000000000000 -0.000000000000000 0.000000000000000 -0.000000000000000
91 0.000200000000000 0.060800000000000 0.060800000000000 0.939000000000000 -0.000952921528239 0.026722686980917 -0.001565741694754 0.050952740729037 0.000000000000000 -0.000000000000000 0.000000000000000 -0.000000000000000
94 0.051800000000000 0.066500000000000 0.066500000000000 0.881700000000000 -0.002489693502667 0.015246014927012 -0.006837405688471 0.033915769570874 0.000000000000000 -0.000000000000000 0.000000000000000 -0.000000000000000
96 0.059700000000000 0.066200000000000 0.066200000000000 0.874100000000000 -0.003167367201769 0.015358852756242 -0.006837405688471 0.040263990014009 0.000000000000000 -0.000000000000000 0.000000000000000 -0.000000000000000
101 0.097400000000000 0.067700000000000 0.067700000000000 0.834900000000000 -0.003945946252514 0.016153101108075 -0.006999984266441 0.040263990014009 0.000000000000000 -0.000000000000000 0.000000000000000 -0.000000000000000
101 0.013800000000000 0.053500000000000 0.053500000000000 0.932700000000000 -0.001735597479849 0.028134992405048 -0.002896100975654 0.056552495625532 0.000000000000000 -0.000000000000000 0.000000000000000 -0.000000000000000
102 0.013200000000000 0.046900000000000 0.046900000000000 0.939900000000000 -0.001721231933678 0.028192771446774 -0.003146187101556 0.058744282438203 0.000000000000000 -0.000000000000000 0.000000000000000 -0.000000000000000
104 0.014200000000000 0.045100000000000 0.045100000000000 0.940700000000000 -0.001715926942441 0.028093842154139 -0.002896100975654 0.054565358957596 0.000000000000000 -0.000000000000000 0.000000000000000 -0.000000000000000
105 0.010700000000000 0.047000000000000 0.047000000000000 0.942300000000000 -0.001674628535969 0.028371872372569 -0.001759059349492 0.062045818173627 0.000000000000000 -0.000000000000000 0.000000000000000 -0.000000000000000
105 0.012400000000000 0.044200000000000 0.044200000000000 0.943400000000000 -0.001724246543718 0.028762935193999 -0.002896100975654 0.057852030323101 0.000000000000000 -0.000000000000000 0.000000000000000 -0.000000000000000
106 0.004300000000000 0.051200000000000 0.051200000000000 0.944500000000000 -0.001683700554497 0.028633323860201 -0.001759059349492 0.062045818173627 0.000000000000000 -0.000000000000000 0.000000000000000 -0.000000000000000
106 0.002700000000000 0.053700000000000 0.053700000000000 0.943600000000000 -0.001507064772541 0.028443774772545 -0.002167177714501 0.055859331684020 0.000000000000000 -0.000000000000000 0.000000000000000 -0.000000000000000
108 0.003300000000000 0.049200000000000 0.049200000000000 0.947500000000000 -0.001564422520587 0.027678848174458 -0.002896100975654 0.059014570426089 0.000000000000000 -0.000000000000000 0.000000000000000 -0.000000000000000
110 0.012000000000000 0.059900000000000 0.059900000000000 0.928100000000000 -0.001447850108286 0.026450099232885 -0.003809523771429 0.056832833588606 0.000000000000000 -0.000000000000000 0.000000000000000 -0.000000000000000
111 0.023300000000000 0.061700000000000 0.061700000000000 0.915000000000000 -0.001708657431033 0.021154817228028 -0.004606801199576 0.049028321450684 0.000000000000000 -0.000000000000000 0.000000000000000 -0.000000000000000
119 0.024200000000000 0.065700000000000 0.065700000000000 0.910100000000000 -0.001646898248054 0.021039660545960 -0.002676215808949 0.059568821585428 0.000000000000000 -0.000000000000000 0.000000000000000 -0.000000000000000
123 0.039700000000000 0.067000000000000 0.067000000000000 0.893300000000000 -0.001192923777252 0.021545015402746 -0.002301144423130 0.059117765319165 0.000000000000000 -0.000000000000000 0.000000000000000 -0.000000000000000
123 0.036900000000000 0.061400000000000 0.061400000000000 0.901700000000000 -0.001115867248157 0.021739565498981 -0.007243364131271 0.046431966841881 0.000000000000000 -0.000000000000000 0.000000000000000 -0.000000000000000
123 0.036900000000000 0.056600000000000 0.056600000000000 0.906500000000000 -0.001171315738149 0.021266065893219 -0.002292375066846 0.063556933617557 0.000000000000000 -0.000000000000000 0.000000000000000 -0.000000000000000
123 0.000300000000000 0.066600000000000 0.066600000000000 0.933100000000000 -0.001446314730447 0.027200545798719 -0.002513120578370 0.061691730045383 0.000000000000000 -0.000000000000000 0.000000000000000 -0.000000000000000
123 0.000300000000000 0.057700000000000 0.057700000000000 0.942000000000000 -0.000467317697414 0.027142079466970 -0.000678347088462 0.056638489485945 0.000000000000000 -0.000000000000000 0.000000000000000 -0.000000000000000
130 0.000100000000000 0.064200000000000 0.064200000000000 0.935700000000000 -0.000828969811153 0.027075719127594 -0.000828969811153 0.061818885675602 0.000000000000000 -0.000000000000000 0.000000000000000 -0.000000000000000
131 0.000300000000000 0.078200000000000 0.078200000000000 0.921500000000000 -0.000405137818530 0.028005668714768 -0.000706444791095 0.058831019222187 0.000000000000000 -0.000000000000000 0.000000000000000 -0.000000000000000
135 0.000300000000000 0.087700000000000 0.087700000000000 0.912000000000000 -0.000233196387819 0.025808988034331 -0.000600889225595 0.065367176779859 0.000000000000000 -0.000000000000000 0.000000000000000 -0.000000000000000
135 0.000100000000000 0.086000000000000 0.086000000000000 0.913900000000000 -0.000254484332248 0.025784231049107 -0.000254484332248 0.053634835448407 0.000000000000000 -0.000000000000000 0.000000000000000 -0.000000000000000
138 0.000200000000000 0.083100000000000 0.083100000000000 0.916700000000000 -0.001216621967543 0.025567275024219 -0.001759059349492 0.054666780255525 0.000000000000000 -0.000000000000000 0.000000000000000 -0.000000000000000
144 0.000000000000000 0.080900000000000 0.080900000000000 0.919100000000000 nan 0.025585098784228 0.000000000000000 0.065367176779859 nan -0.000000000000000 0.000000000000000 -0.000000000000000
146 0.000000000000000 0.079100000000000 0.079100000000000 0.920900000000000 nan 0.025066896873116 0.000000000000000 0.058881477668167 nan -0.000000000000000 0.000000000000000 -0.000000000000000
147 0.000000000000000 0.083600000000000 0.083600000000000 0.916400000000000 nan 0.025337586035457 0.000000000000000 0.052010261031998 nan -0.000000000000000 0.000000000000000 -0.000000000000000
153 0.000100000000000 0.078300000000000 0.078300000000000 0.921600000000000 -0.000036274446493 0.025257783985990 -0.000036274446493 0.054666780255525 0.000000000000000 -0.000000000000000 0.000000000000000 -0.000000000000000
153 0.000300000000000 0.067300000000000 0.067300000000000 0.932400000000000 -0.000386860517496 0.025133224459924 -0.000773644691478 0.065367176779859 0.000000000000000 -0.000000000000000 0.000000000000000 -0.000000000000000
155 0.000300000000000 0.066700000000000 0.066700000000000 0.933000000000000 -0.000232554052528 0.024852313314416 -0.000358017806812 0.054666780255525 0.000000000000000 -0.0