0 0.001200000000000 0.487300000000000 0.487300000000000 0.511500000000000 -0.000621357973989 0.003461877700188 -0.001004082916005 0.005837995874788 0.000000000000000 -0.000000000000000 0.000000000000000 -0.000000000000000
1 0.001000000000000 0.387700000000000 0.387700000000000 0.611300000000000 -0.001234858829460 0.008260849040385 -0.003174603142857 0.016467674401949 0.000000000000000 -0.000000000000000 0.000000000000000 -0.000000000000000
2 0.001600000000000 0.381500000000000 0.381500000000000 0.616900000000000 -0.001355665336539 0.008257245290911 -0.005784188086193 0.017258722879148 0.000000000000000 -0.000000000000000 0.000000000000000 -0.000000000000000
4 0.001400000000000 0.173400000000000 0.173400000000000 0.825200000000000 -0.000833092407857 0.011503070813943 -0.004256761605758 0.018890344774444 0.000000000000000 -0.000000000000000 0.000000000000000 -0.000000000000000
11 0.286000000000000 0.115000000000000 0.115000000000000 0.599000000000000 -0.000148817967471 0.010714601323370 -0.008101114421880 0.025432525717480 0.000000000000000 -0.000000000000000 0.000000000000000 -0.000000000000000
13 0.272400000000000 0.111400000000000 0.111400000000000 0.616200000000000 -0.000160893147959 0.010248188097658 -0.004580370089204 0.025432525717480 0.000000000000000 -0.000000000000000 0.000000000000000 -0.000000000000000
15 0.169200000000000 0.080800000000000 0.080800000000000 0.750000000000000 -0.000163300237149 0.011335399974605 -0.007291483228843 0.026699850446417 0.000000000000000 -0.000000000000000 0.000000000000000 -0.000000000000000
22 0.049900000000000 0.081400000000000 0.081400000000000 0.868700000000000 -0.000248424731430 0.012906100397949 -0.001515964586204 0.026844865953096 0.000000000000000 -0.000000000000000 0.000000000000000 -0.000000000000000
26 0.046100000000000 0.089400000000000 0.089400000000000 0.864500000000000 -0.000277727545532 0.013316698875171 -0.009309649627008 0.026336598632192 0.000000000000000 -0.000000000000000 0.000000000000000 -0.000000000000000
26 0.030300000000000 0.096700000000000 0.096700000000000 0.873000000000000 -0.000252846660654 0.013523612089157 -0.000749799131817 0.026336598632192 0.000000000000000 -0.000000000000000 0.000000000000000 -0.000000000000000
31 0.070100000000000 0.099500000000000 0.099500000000000 0.830400000000000 -0.000248563317795 0.014178990304956 -0.002144295237466 0.030323833213939 0.000000000000000 -0.000000000000000 0.000000000000000 -0.000000000000000
33 0.000500000000000 0.120100000000000 0.120100000000000 0.879400000000000 -0.000939218043986 0.021709816422425 -0.003614882090506 0.042156350686686 0.000000000000000 -0.000000000000000 0.000000000000000 -0.000000000000000
34 0.000600000000000 0.110400000000000 0.110400000000000 0.889000000000000 -0.001419904478341 0.021887446618562 -0.003614882090506 0.045704253421610 0.000000000000000 -0.000000000000000 0.000000000000000 -0.000000000000000
35 0.182900000000000 0.067100000000000 0.067100000000000 0.750000000000000 -0.001449621597405 0.018306534932024 -0.004221261175649 0.037806480623984 0.000000000000000 -0.000000000000000 0.000000000000000 -0.000000000000000
37 0.076000000000000 0.076200000000000 0.076200000000000 0.847800000000000 -0.000910957964783 0.018120796692182 -0.005006343554837 0.040520349111769 0.000000000000000 -0.000000000000000 0.000000000000000 -0.000000000000000
39 0.040000000000000 0.095800000000000 0.095800000000000 0.864200000000000 -0.001827729692293 0.018761474814194 -0.003024672647405 0.040764480379186 0.000000000000000 -0.000000000000000 0.000000000000000 -0.000000000000000
40 0.000500000000000 0.115900000000000 0.115900000000000 0.883600000000000 -0.001435241297930 0.021133436063028 -0.002701181669493 0.043769278688246 0.000000000000000 -0.000000000000000 0.000000000000000 -0.000000000000000
44 0.000300000000000 0.123300000000000 0.123300000000000 0.876400000000000 -0.000576371115809 0.023520990740745 -0.001149206322603 0.047169258158775 0.000000000000000 -0.000000000000000 0.000000000000000 -0.000000000000000
44 0.000300000000000 0.119100000000000 0.119100000000000 0.880600000000000 -0.001982300512570 0.023592684047787 -0.002811689458258 0.045362806563936 0.000000000000000 -0.000000000000000 0.000000000000000 -0.000000000000000
45 0.000600000000000 0.119800000000000 0.119800000000000 0.879600000000000 -0.001892737526842 0.025035242192265 -0.007609213555355 0.048265641811597 0.000000000000000 -0.000000000000000 0.000000000000000 -0.000000000000000
48 0.000200000000000 0.114700000000000 0.114700000000000 0.885100000000000 -0.000790985980431 0.027348280726592 -0.001338901198388 0.048363518113092 0.000000000000000 -0.000000000000000 0.000000000000000 -0.000000000000000
50 0.000000000000000 0.092800000000000 0.092800000000000 0.907200000000000 nan 0.026327996334226 0.000000000000000 0.048363518113092 nan -0.000000000000000 0.000000000000000 -0.000000000000000
52 0.000100000000000 0.094800000000000 0.094800000000000 0.905100000000000 -0.000003074351701 0.026595685659648 -0.000003074351701 0.048363518113092 0.000000000000000 -0.000000000000000 0.000000000000000 -0.000000000000000
56 0.000500000000000 0.105400000000000 0.105400000000000 0.894100000000000 -0.000354662587578 0.026927348764348 -0.000772577559761 0.055017419334838 0.000000000000000 -0.000000000000000 0.000000000000000 -0.000000000000000
59 0.000000000000000 0.118100000000000 0.118100000000000 0.881900000000000 nan 0.027127826753131 0.000000000000000 0.058344184583664 nan -0.000000000000000 0.000000000000000 -0.000000000000000
59 0.000100000000000 0.088500000000000 0.088500000000000 0.911400000000000 -0.002556916877425 0.027658357665080 -0.002556916877425 0.052666172148510 0.000000000000000 -0.000000000000000 0.000000000000000 -0.000000000000000
59 0.000000000000000 0.083000000000000 0.083000000000000 0.917000000000000 nan 0.028006102746991 0.000000000000000 0.056800013480777 nan -0.000000000000000 0.000000000000000 -0.000000000000000
60 0.000200000000000 0.078800000000000 0.078800000000000 0.921000000000000 -0.002640639022148 0.027831930505752 -0.004272308182040 0.052666172148510 0.000000000000000 -0.000000000000000 0.000000000000000 -0.000000000000000
61 0.000000000000000 0.078800000000000 0.078800000000000 0.921200000000000 nan 0.027493024471931 0.000000000000000 0.052666172148510 nan -0.000000000000000 0.000000000000000 -0.000000000000000
63 0.000000000000000 0.076200000000000 0.076200000000000 0.923800000000000 nan 0.027646965240353 0.000000000000000 0.054680289815974 nan -0.000000000000000 0.000000000000000 -0.000000000000000
64 0.000000000000000 0.072600000000000 0.072600000000000 0.927400000000000 nan 0.028092772201483 0.000000000000000 0.052666172148510 nan -0.000000000000000 0.000000000000000 -0.000000000000000
67 0.000000000000000 0.073300000000000 0.073300000000000 0.926700000000000 nan 0.027831670067497 0.000000000000000 0.052666172148510 nan -0.000000000000000 0.000000000000000 -0.000000000000000
72 0.000100000000000 0.074600000000000 0.074600000000000 0.925300000000000 -0.000132452528762 0.027496938083816 -0.000132452528762 0.054885651182954 0.000000000000000 -0.000000000000000 0.000000000000000 -0.000000000000000
74 0.000000000000000 0.071500000000000 0.071500000000000 0.928500000000000 nan 0.030197705208265 0.000000000000000 0.056666584549003 nan -0.000000000000000 0.000000000000000 -0.000000000000000
75 0.000000000000000 0.068600000000000 0.068600000000000 0.931400000000000 nan 0.030371964393527 0.000000000000000 0.069611103974408 nan -0.000000000000000 0.000000000000000 -0.000000000000000
79 0.092900000000000 0.056500000000000 0.056500000000000 0.850600000000000 -0.001240332468589 0.024917566560625 -0.005117125080533 0.056939677898497 0.000000000000000 -0.000000000000000 0.000000000000000 -0.000000000000000
81 0.091400000000000 0.058900000000000 0.058900000000000 0.849700000000000 -0.001840693113226 0.025177400058986 -0.005117125080533 0.068114531852270 0.000000000000000 -0.000000000000000 0.000000000000000 -0.000000000000000
81 0.056200000000000 0.052200000000000 0.052200000000000 0.891600000000000 -0.001751130750825 0.025438199331711 -0.004940099373014 0.064912514746218 0.000000000000000 -0.000000000000000 0.000000000000000 -0.000000000000000
81 0.000100000000000 0.058000000000000 0.058000000000000 0.941900000000000 -0.001092196611583 0.029881854562316 -0.001092196611583 0.067709161010025 0.000000000000000 -0.000000000000000 0.000000000000000 -0.000000000000000
84 0.000100000000000 0.054200000000000 0.054200000000000 0.945700000000000 -0.002043015467870 0.029693399941486 -0.002043015467870 0.061055259788278 0.000000000000000 -0.000000000000000 0.000000000000000 -0.000000000000000
85 0.000300000000000 0.061100000000000 0.061100000000000 0.938600000000000 -0.000764436396473 0.029346726462666 -0.001092196611583 0.067644309092374 0.000000000000000 -0.000000000000000 0.000000000000000 -0.000000000000000
87 0.000200000000000 0.052000000000000 0.052000000000000 0.947800000000000 -0.000917156459457 0.028883954160270 -0.000917156459457 0.062814319137770 0.000000000000000 -0.000000000000000 0.000000000000000 -0.000000000000000
91 0.000400000000000 0.055500000000000 0.055500000000000 0.944100000000000 -0.000816652723055 0.028464664330506 -0.001092196611583 0.062814319137770 0.000000000000000 -0.000000000000000 0.000000000000000 -0.000000000000000
91 0.000300000000000 0.057400000000000 0.057400000000000 0.942300000000000 -0.000916287209967 0.027466390339353 -0.001092196611583 0.062814319137770 0.000000000000000 -0.000000000000000 0.000000000000000 -0.000000000000000
94 0.000300000000000 0.054300000000000 0.054300000000000 0.945400000000000 -0.001487561505878 0.033254642209013 -0.001759059349492 0.070579069216849 0.000000000000000 -0.000000000000000 0.000000000000000 -0.000000000000000
96 0.000200000000000 0.061700000000000 0.061700000000000 0.938100000000000 -0.000957915992740 0.033697126114985 -0.001661347653232 0.079411886462999 0.000000000000000 -0.000000000000000 0.000000000000000 -0.000000000000000
101 0.000400000000000 0.063200000000000 0.063200000000000 0.936400000000000 -0.001075060024444 0.033970979677679 -0.002676215808949 0.070579069216849 0.000000000000000 -0.000000000000000 0.000000000000000 -0.000000000000000
101 0.021800000000000 0.044700000000000 0.044700000000000 0.933500000000000 -0.001302428316120 0.032541340655410 -0.002752543917945 0.074070519810913 0.000000000000000 -0.000000000000000 0.000000000000000 -0.000000000000000
102 0.021400000000000 0.042000000000000 0.042000000000000 0.936600000000000 -0.001273890727031 0.033140527281961 -0.001586895744916 0.074070519810913 0.000000000000000 -0.000000000000000 0.000000000000000 -0.000000000000000
104 0.024600000000000 0.046200000000000 0.046200000000000 0.929200000000000 -0.001326103879876 0.032979168731929 -0.002679092356499 0.074070519810913 0.000000000000000 -0.000000000000000 0.000000000000000 -0.000000000000000
105 0.016200000000000 0.044100000000000 0.044100000000000 0.939700000000000 -0.001175630940737 0.032843320616918 -0.001586895744916 0.074070519810913 0.000000000000000 -0.000000000000000 0.000000000000000 -0.000000000000000
105 0.018200000000000 0.043500000000000 0.043500000000000 0.938300000000000 -0.001186590059744 0.032266159346173 -0.001586895744916 0.074070519810913 0.000000000000000 -0.000000000000000 0.000000000000000 -0.000000000000000
106 0.016600000000000 0.048100000000000 0.048100000000000 0.935300000000000 -0.001092459452962 0.032814704365853 -0.004263111553864 0.074070519810913 0.000000000000000 -0.000000000000000 0.000000000000000 -0.000000000000000
106 0.019000000000000 0.047300000000000 0.047300000000000 0.933700000000000 -0.000861979467189 0.033414011182933 -0.003553892009927 0.074070519810913 0.000000000000000 -0.000000000000000 0.000000000000000 -0.000000000000000
108 0.019000000000000 0.044800000000000 0.044800000000000 0.936200000000000 -0.000790479916149 0.035659579202466 -0.001260317434825 0.077981952379304 0.000000000000000 -0.000000000000000 0.000000000000000 -0.000000000000000
110 0.037000000000000 0.053800000000000 0.053800000000000 0.909200000000000 -0.001195424639004 0.040782706256031 -0.002371863714041 0.082836506499524 0.000000000000000 -0.000000000000000 0.000000000000000 -0.000000000000000
111 0.000000000000000 0.056100000000000 0.056100000000000 0.943900000000000 nan 0.042076896220102 0.000000000000000 0.096856156564193 nan -0.000000000000000 0.000000000000000 -0.000000000000000
119 0.000100000000000 0.056600000000000 0.056600000000000 0.943300000000000 -0.002066106498025 0.042222180677227 -0.002066106498025 0.093895801394108 0.000000000000000 -0.000000000000000 0.000000000000000 -0.000000000000000
123 0.000000000000000 0.049700000000000 0.049700000000000 0.950300000000000 nan 0.041944260051976 0.000000000000000 0.083915134923536 nan -0.000000000000000 0.000000000000000 -0.000000000000000
123 0.000400000000000 0.054200000000000 0.054200000000000 0.945400000000000 -0.000210511918919 0.041827126543502 -0.000356947631238 0.087982414714035 0.000000000000000 -0.000000000000000 0.000000000000000 -0.000000000000000
123 0.000100000000000 0.051500000000000 0.051500000000000 0.948400000000000 -0.000254484332248 0.041409926028889 -0.000254484332248 0.083915134923536 0.000000000000000 -0.000000000000000 0.000000000000000 -0.000000000000000
123 0.000200000000000 0.058800000000000 0.058800000000000 0.941000000000000 -0.000038203412715 0.043819702272798 -0.000070099562156 0.088521936123112 0.000000000000000 -0.000000000000000 0.000000000000000 -0.000000000000000
123 0.000100000000000 0.062700000000000 0.062700000000000 0.937200000000000 -0.001143970630346 0.044244389905453 -0.001143970630346 0.088521936123112 0.000000000000000 -0.000000000000000 0.000000000000000 -0.000000000000000
130 0.000000000000000 0.064700000000000 0.064700000000000 0.935300000000000 nan 0.044351591784861 0.000000000000000 0.091194457442816 nan -0.000000000000000 0.000000000000000 -0.000000000000000
131 0.000200000000000 0.074700000000000 0.074700000000000 0.925100000000000 -0.001368442846513 0.044646537792906 -0.002482401360778 0.088521936123112 0.000000000000000 -0.000000000000000 0.000000000000000 -0.000000000000000
135 0.000300000000000 0.087600000000000 0.087600000000000 0.912100000000000 -0.000168996935892 0.047123803387101 -0.000254484332248 0.103692820600912 0.000000000000000 -0.000000000000000 0.000000000000000 -0.000000000000000
135 0.000000000000000 0.077900000000000 0.077900000000000 0.922100000000000 nan 0.047372309251946 0.000000000000000 0.090359487400912 nan -0.000000000000000 0.000000000000000 -0.000000000000000
138 0.000000000000000 0.084500000000000 0.084500000000000 0.915500000000000 nan 0.047824240035910 0.000000000000000 0.097368367958646 nan -0.000000000000000 0.000000000000000 -0.000000000000000
144 0.000100000000000 0.079800000000000 0.079800000000000 0.920100000000000 -0.000070099562156 0.046874027209663 -0.000070099562156 0.090359487400912 0.000000000000000 -0.000000000000000 0.000000000000000 -0.000000000000000
146 0.000000000000000 0.076000000000000 0.076000000000000 0.924000000000000 nan 0.047378877063407 0.000000000000000 0.090359487400912 nan -0.000000000000000 0.000000000000000 -0.000000000000000
147 0.000000000000000 0.073900000000000 0.073900000000000 0.926100000000000 nan 0.046901604715210 0.000000000000000 0.090359487400912 nan -0.000000000000000 0.000000000000000 -0.000000000000000
153 0.000200000000000 0.065600000000000 0.065600000000000 0.934200000000000 -0.000239778374135 0.047079138551701 -0.000384442998473 0.090359487400912 0.000000000000000 -0.000000000000000 0.000000000000000 -0.000000000000000
153 0.000100000000000 0.055300000000000 0.055300000000000 0.944600000000000 -0.000070099562156 0.046648613304155 -0.000070099562156 0.090359487400912 0.000000000000000 -0.000000000000000 0.000000000000000 -0.000000000000000
155 0.000000000000000 0.057600000000000 0.057600000000000 0.942400000000000 nan 0.046332709465489 0.000000000000000 0.092732916381212 nan -0.000000000000000 0.000000000000000 -0.000000000000000
156 0.000000000000000 0.059300000000000 0.059300000000000 0.940700000000000 nan 0.046235068837817 0.000000000000000 0.098328051399429 nan -0.000000000000000 0.000000000000000 -0.000000000000000
156 0.000000000000000 0.058200000000000 0.058200000000000 0.941800000000000 nan 0.046281751718031 0.000000000000000 0.090716435032150 nan -0.000000000000000 0.000000000000000 -0.000000000000000
157 0.000100000000000 0.054700000000000 0.054700000000000 0.945200000000000 -0.000039760332785 0.046678924609510 -0.000039760332785 0.090716435032150 0.000000000000000 -0.000000000000000 0.000000000000000 -0.000000000000000
167 0.000200000000000 0.076900000000000 0.076900000000000 0.922900000000000 -0.000928942130398 0.049212285523996 -0.001603399928547 0.093904523207798 0.000000000000000 -0.000000000000000 0.000000000000000 -0.000000000000000
172 0.000100000000000 0.066900000000000 0.066900000000000 0.933000000000000 -0.000364331259405 0.049406499964705 -0.000364331259405 0.097093857535057 0.000000000000000 -0.000000000000000 0.000000000000000 -0.000000000000000
173 0.000100000000000 0.070000000000000 0.070000000000000 0.929900000000000 -0.000073825981585 0.049102308353982 -0.000073825981585 0.093904523207798 0.000000000000000 -0.000000000000000 0.000000000000000 -0.000000000000000
176 0.000000000000000 0.071900000000000 0.071900000000000 0.928100000000000 nan 0.048978493337646 0.000000000000000 0.100558424429545 nan -0.000000000000000 0.000000000000000 -0.000000000000000
178 0.000000000000000 0.079400000000000 0.079400000000000 0.920600000000000 nan 0.049268322196143 0.000000000000000 0.093904523207798 nan -0.000000000000000 0.000000000000000 -0.000000000000000
180 0.000100000000000 0.062700000000000 0.062700000000000 0.937200000000000 -0.000068885042550 0.050822190939399 -0.000068885042550 0.101112461353075 0.000000000000000 -0.000000000000000 0.000000000000000 -0.000000000000000
181 0.000200000000000 0.062000000000000 0.062000000000000 0.937800000000000 -0.000527287054077 0.050432838449061 -0.000746565543252 0.096148983494377 0.000000000000000 -0.000000000000000 0.000000000000000 -0.000000000000000
182 0.000000000000000 0.070600000000000 0.070600000000000 0.929400000000000 nan 0.050826724995348 0.000000000000000 0.099672347140643 nan -0.000000000000000 0.000000000000000 -0.000000000000000
182 0.000200000000000 0.074500000000000 0.074500000000000 0.925300000000000 -0.000264850380632 0.050995270270232 -0.000264850380632 0.096148983494377 0.000000000000000 -0.000000000000000 0.000000000000000 -0.000000000000000
186 0.000200000000000 0.071300000000000 0.071300000000000 0.928500000000000 -0.000155811949458 0.051403952912481 -0.000264850380632 0.107151520122162 0.000000000000000 -0.000000000000000 0.000000000000000 -0.000000000000000
186 0.000100000000000 0.079500000000000 0.079500000000000 0.920400000000000 -0.000236323977805 0.051081873212724 -0.000236323977805 0.096148983494377 0.000000000000000 -0.000000000000000 0.000000000000000 -0.000000000000000
187 0.000000000000000 0.069900000000000 0.069900000000000 0.930100000000000 nan 0.050473933690207 0.000000000000000 0.102512471876335 nan -0.000000000000000 0.000000000000000 -0.000000000000000
190 0.000000000000000 0.068800000000000 0.068800000000000 0.931200000000000 nan 0.050773374631839 0.000000000000000 0.100282824826644 nan -0.000000000000000 0.000000000000000 -0.000000000000000
194 0.000200000000000 0.059400000000000 0.059400000000000 0.940400000000000 -0.000148196548263 0.049879109143521 -0.000264850380632 0.096148983494377 0.000000000000000 -0.000000000000000 0.000000000000000 -0.000000000000000
194 0.000000000000000 0.065100000000000 0.065100000000000 0.934900000000000 nan 0.050296545742289 0.000000000000000 0.099672347140643 nan -0.000000000000000 0.000000000000000 -0.000000000000000
195 0.000200000000000 0.073700000000000 0.073700000000000 0.926100000000000 -0.000255138581573 0.050768027376611 -0.000264850380632 0.096148983494377 0.000000000000000 -0.000000000000000 0.000000000000000 -0.000000000000000
198 0.000000000000000 0.071500000000000 0.071500000000000 0.928500000000000 nan 0.050310261792249 0.000000000000000 0.101105294378689 nan -0.000000000000000 0.000000000000000 -0.000000000000000
198 0.000100000000000 0.079600000000000 0.079600000000000 0.920300000000000 -0.000264850380632 0.050986889123526 -0.000264850380632 0.100648525797101 0.000000000000000 -0.000000000000000 0.000000000000000 -0.000000000000000
200 0.000500000000000 0.101500000000000 0.101500000000000 0.898000000000000 -0.000179678995913 0.053017566556738 -0.000264850380632 0.096148983494377 0.000000000000000 -0.000000000000000 0.000000000000000 -0.000000000000000
202 0.000000000000000 0.097000000000000 0.097000000000000 0.903000000000000 nan 0.052193483260561 0.000000000000000 0.109093502919782 nan -0.000000000000000 0.000000000000000 -0.000000000000000
206 0.000000000000000 0.107600000000000 0.107600000000000 0.892400000000000 nan 0.052069026718014 0.000000000000000 0.096895276282417 nan -0.000000000000000 0.000000000000000 -0.000000000000000
207 0.000100000000000 0.097900000000000 0.097900000000000 0.902000000000000 -0.000495753912060 0.051542260743334 -0.000495753912060 0.100282824826644 0.000000000000000 -0.000000000000000 0.000000000000000 -0.000000000000000
208 0.000300000000000 0.104500000000000 0.104500000000000 0.895200000000000 -0.000079575762201 0.053878992627886 -0.000182406913272 0.096413833875009 0.000000000000000 -0.000000000000000 0.000000000000000 -0.000000000000000
211 0.000100000000000 0.079000000000000 0.079000000000000 0.920900000000000 -0.000236323977805 0.052544615362266 -0.000236323977805 0.106503379623825 0.000000000000000 -0.000000000000000 0.000000000000000 -0.000000000000000
212 0.000000000000000 0.081700000000000 0.081700000000000 0.918300000000000 nan 0.052382848837172 0.000000000000000 0.096685963959205 nan -0.000000000000000 0.000000000000000 -0.000000000000000
218 0.000000000000000 0.074800000000000 0.074800000000000 0.925200000000000 nan 0.052494224857931 0.000000000000000 0.104591517782124 nan -0.000000000000000 0.000000000000000 -0.000000000000000
223 0.000000000000000 0.074000000000000 0.074000000000000 0.926000000000000 nan 0.052363326689551 0.000000000000000 0.096413833875009 nan -0.000000000000000 0.000000000000000 -0.000000000000000
223 0.000100000000000 0.075700000000000 0.075700000000000 0.924200000000000 -0.000068885042550 0.051010862628650 -0.000068885042550 0.097018032537682 0.000000000000000 -0.000000000000000 0.000000000000000 -0.000000000000000
223 0.000100000000000 0.065500000000000 0.065500000000000 0.934400000000000 -0.000205602011906 0.051428708652656 -0.000205602011906 0.099861222980713 0.000000000000000 -0.000000000000000 0.000000000000000 -0.000000000000000
223 0.000000000000000 0.071000000000000 0.071000000000000 0.929000000000000 nan 0.051197586012944 0.000000000000000 0.096413833875009 nan -0.000000000000000 0.000000000000000 -0.000000000000000
224 0.000000000000000 0.070100000000000 0.070100000000000 0.929900000000000 nan 0.052055895169745 0.000000000000000 0.096413833875009 nan -0.000000000000000 0.000000000000000 -0.000000000000000
225 0.000000000000000 0.065900000000000 0.065900000000000 0.934100000000000 nan 0.051659723581125 0.000000000000000 0.106279857261315 nan -0.000000000000000 0.000000000000000 -0.000000000000000
227 0.000100000000000 0.071400000000000 0.071400000000000 0.928500000000000 -0.000176513597157 0.051468612278011 -0.000176513597157 0.096683660766034 0.000000000000000 -0.000000000000000 0.000000000000000 -0.000000000000000
228 0.000100000000000 0.065500000000000 0.065500000000000 0.934400000000000 -0.000091409932118 0.051344739757133 -0.000091409932118 0.096413833875009 0.000000000000000 -0.000000000000000 0.000000000000000 -0.000000000000000
228 0.000000000000000 0.069200000000000 0.069200000000000 0.930800000000000 nan 0.051574196702734 0.000000000000000 0.096413833875009 nan -0.000000000000000 0.000000000000000 -0.000000000000000
229 0.000000000000000 0.060300000000000 0.060300000000000 0.939700000000000 nan 0.056954875865921 0.000000000000000 0.106194822012160 nan -0.000000000000000 0.000000000000000 -0.000000000000000
231 0.000000000000000 0.058600000000000 0.058600000000000 0.941400000000000 nan 0.055850746250533 0.000000000000000 0.108317583042361 nan -0.000000000000000 0.000000000000000 -0.000000000000000
236 0.000200000000000 0.064400000000000 0.064400000000000 0.935400000000000 -0.000259675633713 0.057084438830981 -0.000512821670892 0.118793386156484 0.000000000000000 -0.000000000000000 0.000000000000000 -0.000000000000000
236 0.000000000000000 0.066400000000000 0.066400000000000 0.933600000000000 nan 0.056711579229082 0.000000000000000 0.110978028172712 nan -0.000000000000000 0.000000000000000 -0.000000000000000
237 0.000000000000000 0.067200000000000 0.067200000000000 0.932800000000000 nan 0.056870245465891 0.000000000000000 0.111921828463465 nan -0.000000000000000 0.000000000000000 -0.000000000000000
241 0.000000000000000 0.071200000000000 0.071200000000000 0.928800000000000 nan 0.057493163252659 0.000000000000000 0.106703089333064 nan -0.000000000000000 0.000000000000000 -0.000000000000000
244 0.000100000000000 0.069400000000000 0.069400000000000 0.930500000000000 -0.000010869709515 0.057384013990524 -0.000010869709515 0.108870675850917 0.000000000000000 -0.000000000000000 0.000000000000000 -0.000000000000000
244 0.000000000000000 0.074700000000000 0.074700000000000 0.925300000000000 nan 0.057336663658018 0.000000000000000 0.108094104357840 nan -0.000000000000000 0.000000000000000 -0.000000000000000
245 0.000100000000000 0.071800000000000 0.071800000000000 0.928100000000000 -0.000036274446493 0.057531263800868 -0.000036274446493 0.106194822012160 0.000000000000000 -0.000000000000000 0.000000000000000 -0.000000000000000
247 0.000000000000000 0.067300000000000 0.067300000000000 0.932700000000000 nan 0.056807559977825 0.000000000000000 0.106194822012160 nan -0.000000000000000 0.000000000000000 -0.000000000000000
247 0.000100000000000 0.074900000000000 0.074900000000000 0.925000000000000 -0.000293254903793 0.057269895866796 -0.000293254903793 0.106194822012160 0.000000000000000 -0.000000000000000 0.000000000000000 -0.000000000000000
249 0.000000000000000 0.076700000000000 0.076700000000000 0.923300000000000 nan 0.057053545324194 0.000000000000000 0.117773505306239 nan -0.000000000000000 0.000000000000000 -0.000000000000000
253 0.000000000000000 0.079400000000000 0.079400000000000 0.920600000000000 nan 0.058162452461389 0.000000000000000 0.113556798899719 nan -0.000000000000000 0.000000000000000 -0.000000000000000
254 0.000100000000000 0.074600000000000 0.074600000000000 0.925300000000000 -0.000132452528762 0.057498981778540 -0.000132452528762 0.106194822012160 0.000000000000000 -0.000000000000000 0.000000000000000 -0.000000000000000
255 0.000100000000000 0.080900000000000 0.080900000000000 0.919000000000000 -0.000199075917878 0.057862268529666 -0.000199075917878 0.109906721648615 0.000000000000000 -0.000000000000000 0.000000000000000 -0.000000000000000
255 0.000000000000000 0.078300000000000 0.078300000000000 0.921700000000000 nan 0.058373117310470 0.000000000000000 0.108672207881472 nan -0.000000000000000 0.000000000000000 -0.000000000000000
257 0.000000000000000 0.067900000000000 0.067900000000000 0.932100000000000 nan 0.057129596242944 0.000000000000000 0.106502830577062 nan -0.000000000000000 0.000000000000000 -0.000000000000000
259 0.000200000000000 0.058300000000000 0.058300000000000 0.941500000000000 -0.000256208905562 0.057081158632388 -0.000284830110921 0.106502830577062 0.000000000000000 -0.000000000000000 0.000000000000000 -0.000000000000000
261 0.000000000000000 0.057900000000000 0.057900000000000 0.942100000000000 nan 0.057318713149817 0.000000000000000 0.106502830577062 nan -0.000000000000000 0.000000000000000 -0.000000000000000
261 0.000000000000000 0.053500000000000 0.053500000000000 0.946500000000000 nan 0.056186811311644 0.000000000000000 0.106502830577062 nan -0.000000000000000 0.000000000000000 -0.000000000000000
261 0.000200000000000 0.053900000000000 0.053900000000000 0.945900000000000 -0.000128088595524 0.057102533267851 -0.000219902744556 0.106502830577062 0.000000000000000 -0.000000000000000 0.000000000000000 -0.000000000000000
262 0.000000000000000 0.052400000000000 0.052400000000000 0.947600000000000 nan 0.056208419221897 0.000000000000000 0.106502830577062 nan -0.000000000000000 0.000000000000000 -0.000000000000000
262 0.000100000000000 0.051000000000000 0.051000000000000 0.948900000000000 -0.000284830110921 0.056285612285031 -0.000284830110921 0.119447350002467 0.000000000000000 -0.00000