0 0.004300000000000 0.983400000000000 0.983400000000000 0.012300000000000 -0.000978425315961 0.003032590189970 -0.003292383508049 0.003464566894488 0.000000000000000 -0.000000000000000 0.000000000000000 -0.000000000000000
1 0.005600000000000 0.970000000000000 0.970000000000000 0.024400000000000 -0.001611622503299 0.004128293437274 -0.003428571394286 0.006349206285714 0.000000000000000 -0.000000000000000 0.000000000000000 -0.000000000000000
2 0.005500000000000 0.972500000000000 0.972500000000000 0.022000000000000 -0.001710814409330 0.004273226677731 -0.003428571394286 0.006349206285714 0.000000000000000 -0.000000000000000 0.000000000000000 -0.000000000000000
4 0.007700000000000 0.961700000000000 0.961700000000000 0.030600000000000 -0.000674548096374 0.004003230586962 -0.003236064866091 0.012133394371907 0.000000000000000 -0.000000000000000 0.000000000000000 -0.000000000000000
11 0.027600000000000 0.955800000000000 0.955800000000000 0.016600000000000 -0.000855963815194 0.000573141177634 -0.008324445172921 0.005540056818776 0.000000000000000 -0.000000000000000 0.000000000000000 -0.000000000000000
13 0.024600000000000 0.957200000000000 0.957200000000000 0.018200000000000 -0.000816733463666 0.000590578532559 -0.008324445172921 0.005540056818776 0.000000000000000 -0.000000000000000 0.000000000000000 -0.000000000000000
15 0.024100000000000 0.948900000000000 0.948900000000000 0.027000000000000 -0.000771494672450 0.001174758420741 -0.008324445172921 0.006461096367450 0.000000000000000 -0.000000000000000 0.000000000000000 -0.000000000000000
22 0.020600000000000 0.951000000000000 0.951000000000000 0.028400000000000 -0.000477235812218 0.002882636792228 -0.002256471461640 0.006495387611120 0.000000000000000 -0.000000000000000 0.000000000000000 -0.000000000000000
26 0.021900000000000 0.950300000000000 0.950300000000000 0.027800000000000 -0.000702255074681 0.002859265480922 -0.008324445172921 0.006495387611120 0.000000000000000 -0.000000000000000 0.000000000000000 -0.000000000000000
26 0.021500000000000 0.950300000000000 0.950300000000000 0.028200000000000 -0.000643705213724 0.003034460412754 -0.008324445172921 0.006495387611120 0.000000000000000 -0.000000000000000 0.000000000000000 -0.000000000000000
31 0.022500000000000 0.948000000000000 0.948000000000000 0.029500000000000 -0.000659273982447 0.003042203464588 -0.008324445172921 0.006495387611120 0.000000000000000 -0.000000000000000 0.000000000000000 -0.000000000000000
33 0.006100000000000 0.948500000000000 0.948500000000000 0.045400000000000 -0.000590359059710 0.004409144054460 -0.003614882090506 0.022444031578687 0.000000000000000 -0.000000000000000 0.000000000000000 -0.000000000000000
34 0.006000000000000 0.950000000000000 0.950000000000000 0.044000000000000 -0.000958994877153 0.004494582063103 -0.003614882090506 0.020488237201617 0.000000000000000 -0.000000000000000 0.000000000000000 -0.000000000000000
35 0.032300000000000 0.946600000000000 0.946600000000000 0.021100000000000 -0.001602452081174 0.002175760158488 -0.008324445172921 0.013951256793209 0.000000000000000 -0.000000000000000 0.000000000000000 -0.000000000000000
37 0.027300000000000 0.951500000000000 0.951500000000000 0.021200000000000 -0.001292929269777 0.002226055617580 -0.008324445172921 0.013951256793209 0.000000000000000 -0.000000000000000 0.000000000000000 -0.000000000000000
39 0.017900000000000 0.956300000000000 0.956300000000000 0.025800000000000 -0.001767859430229 0.003261818001880 -0.007869345228329 0.013951256793209 0.000000000000000 -0.000000000000000 0.000000000000000 -0.000000000000000
40 0.009400000000000 0.952400000000000 0.952400000000000 0.038200000000000 -0.001580560034339 0.002771293282568 -0.007869345228329 0.012133394371907 0.000000000000000 -0.000000000000000 0.000000000000000 -0.000000000000000
44 0.008600000000000 0.953000000000000 0.953000000000000 0.038400000000000 -0.001433538063585 0.003709247556763 -0.007869345228329 0.013951256793209 0.000000000000000 -0.000000000000000 0.000000000000000 -0.000000000000000
44 0.006700000000000 0.952500000000000 0.952500000000000 0.040800000000000 -0.001418881749808 0.003710877112391 -0.007869345228329 0.013951256793209 0.000000000000000 -0.000000000000000 0.000000000000000 -0.000000000000000
45 0.007000000000000 0.952900000000000 0.952900000000000 0.040100000000000 -0.001066505381198 0.003830943583999 -0.007869345228329 0.013951256793209 0.000000000000000 -0.000000000000000 0.000000000000000 -0.000000000000000
48 0.003700000000000 0.952500000000000 0.952500000000000 0.043800000000000 -0.000749351132566 0.004609139653120 -0.003236064866091 0.021447727643372 0.000000000000000 -0.000000000000000 0.000000000000000 -0.000000000000000
50 0.003300000000000 0.955400000000000 0.955400000000000 0.041300000000000 -0.000514195591968 0.004425415102846 -0.003236064866091 0.021447727643372 0.000000000000000 -0.000000000000000 0.000000000000000 -0.000000000000000
52 0.003900000000000 0.953200000000000 0.953200000000000 0.042900000000000 -0.000762396861010 0.004192247777035 -0.003236064866091 0.021071148393964 0.000000000000000 -0.000000000000000 0.000000000000000 -0.000000000000000
56 0.003500000000000 0.951800000000000 0.951800000000000 0.044700000000000 -0.000957927775514 0.004231264447814 -0.003236064866091 0.018050072289623 0.000000000000000 -0.000000000000000 0.000000000000000 -0.000000000000000
59 0.003500000000000 0.953700000000000 0.953700000000000 0.042800000000000 -0.000854465150040 0.004428809101871 -0.003236064866091 0.021069076024930 0.000000000000000 -0.000000000000000 0.000000000000000 -0.000000000000000
59 0.003600000000000 0.953400000000000 0.953400000000000 0.043000000000000 -0.000728043984675 0.004511477887199 -0.004977598698179 0.021447727643372 0.000000000000000 -0.000000000000000 0.000000000000000 -0.000000000000000
59 0.003400000000000 0.955200000000000 0.955200000000000 0.041400000000000 -0.000740672462345 0.004472201275213 -0.003833830292468 0.021071148393964 0.000000000000000 -0.000000000000000 0.000000000000000 -0.000000000000000
60 0.003800000000000 0.953500000000000 0.953500000000000 0.042700000000000 -0.000356700450419 0.004774459151332 -0.004977598698179 0.021447727643372 0.000000000000000 -0.000000000000000 0.000000000000000 -0.000000000000000
61 0.002200000000000 0.953400000000000 0.953400000000000 0.044400000000000 -0.001141620804959 0.004253328832844 -0.004977598698179 0.021069076024930 0.000000000000000 -0.000000000000000 0.000000000000000 -0.000000000000000
63 0.002900000000000 0.951300000000000 0.951300000000000 0.045800000000000 -0.000590141043415 0.004326670659222 -0.004977598698179 0.021447727643372 0.000000000000000 -0.000000000000000 0.000000000000000 -0.000000000000000
64 0.003400000000000 0.953600000000000 0.953600000000000 0.043000000000000 -0.000564220981729 0.004452391413258 -0.004977598698179 0.021071148393964 0.000000000000000 -0.000000000000000 0.000000000000000 -0.000000000000000
67 0.003600000000000 0.956200000000000 0.956200000000000 0.040200000000000 -0.000725991448154 0.004645362928317 -0.004977598698179 0.021447727643372 0.000000000000000 -0.000000000000000 0.000000000000000 -0.000000000000000
72 0.002800000000000 0.952700000000000 0.952700000000000 0.044500000000000 -0.000854821577102 0.004644468693172 -0.004977598698179 0.021447727643372 0.000000000000000 -0.000000000000000 0.000000000000000 -0.000000000000000
74 0.002900000000000 0.954400000000000 0.954400000000000 0.042700000000000 -0.001050594775876 0.005017062994744 -0.003833830292468 0.020488237201617 0.000000000000000 -0.000000000000000 0.000000000000000 -0.000000000000000
75 0.002800000000000 0.951900000000000 0.951900000000000 0.045300000000000 -0.001143023928772 0.004884950944173 -0.003833830292468 0.020488237201617 0.000000000000000 -0.000000000000000 0.000000000000000 -0.000000000000000
79 0.014700000000000 0.951300000000000 0.951300000000000 0.034000000000000 -0.002566990245982 0.003865907043205 -0.006377782458813 0.013951256793209 0.000000000000000 -0.000000000000000 0.000000000000000 -0.000000000000000
81 0.014400000000000 0.955300000000000 0.955300000000000 0.030300000000000 -0.002596109242380 0.004055488270097 -0.006377782458813 0.013951256793209 0.000000000000000 -0.000000000000000 0.000000000000000 -0.000000000000000
81 0.015500000000000 0.952300000000000 0.952300000000000 0.032200000000000 -0.002582275359531 0.003913911624696 -0.004940099373014 0.013538145743325 0.000000000000000 -0.000000000000000 0.000000000000000 -0.000000000000000
81 0.006400000000000 0.958200000000000 0.958200000000000 0.035400000000000 -0.000817774367812 0.004321431388569 -0.005169716773903 0.014976263422402 0.000000000000000 -0.000000000000000 0.000000000000000 -0.000000000000000
84 0.006900000000000 0.957400000000000 0.957400000000000 0.035700000000000 -0.000857283968647 0.004279071914488 -0.005169716773903 0.018302038167678 0.000000000000000 -0.000000000000000 0.000000000000000 -0.000000000000000
85 0.009200000000000 0.957900000000000 0.957900000000000 0.032900000000000 -0.000850257292525 0.003522838109372 -0.007764750079079 0.018216421138201 0.000000000000000 -0.000000000000000 0.000000000000000 -0.000000000000000
87 0.008100000000000 0.961700000000000 0.961700000000000 0.030200000000000 -0.000961044036290 0.003317185161471 -0.007764750079079 0.014329698150279 0.000000000000000 -0.000000000000000 0.000000000000000 -0.000000000000000
91 0.009100000000000 0.957500000000000 0.957500000000000 0.033400000000000 -0.000965857716517 0.003793090084954 -0.007764750079079 0.014329698150279 0.000000000000000 -0.000000000000000 0.000000000000000 -0.000000000000000
91 0.010000000000000 0.958000000000000 0.958000000000000 0.032000000000000 -0.000887039472272 0.003642866339712 -0.007764750079079 0.018216421138201 0.000000000000000 -0.000000000000000 0.000000000000000 -0.000000000000000
94 0.007500000000000 0.957000000000000 0.957000000000000 0.035500000000000 -0.000889399539115 0.004676495577905 -0.005169716773903 0.018302038167678 0.000000000000000 -0.000000000000000 0.000000000000000 -0.000000000000000
96 0.005300000000000 0.954700000000000 0.954700000000000 0.040000000000000 -0.001095053093905 0.004768738400609 -0.005169716773903 0.014976263422402 0.000000000000000 -0.000000000000000 0.000000000000000 -0.000000000000000
101 0.006500000000000 0.959000000000000 0.959000000000000 0.034500000000000 -0.000712022361924 0.004484631425186 -0.005169716773903 0.018836590299762 0.000000000000000 -0.000000000000000 0.000000000000000 -0.000000000000000
101 0.016300000000000 0.959300000000000 0.959300000000000 0.024400000000000 -0.000893791547337 0.003912771434955 -0.004977287363489 0.018302038167678 0.000000000000000 -0.000000000000000 0.000000000000000 -0.000000000000000
102 0.016000000000000 0.960500000000000 0.960500000000000 0.023500000000000 -0.000911234216393 0.003937530610344 -0.003094498389713 0.015438638101758 0.000000000000000 -0.000000000000000 0.000000000000000 -0.000000000000000
104 0.017600000000000 0.956800000000000 0.956800000000000 0.025600000000000 -0.000905528819191 0.004042492912708 -0.005169716773903 0.018302038167678 0.000000000000000 -0.000000000000000 0.000000000000000 -0.000000000000000
105 0.017600000000000 0.954500000000000 0.954500000000000 0.027900000000000 -0.000898738063723 0.003976227874922 -0.002676215808949 0.014976263422402 0.000000000000000 -0.000000000000000 0.000000000000000 -0.000000000000000
105 0.019000000000000 0.955500000000000 0.955500000000000 0.025500000000000 -0.000906391267133 0.003893230189890 -0.005169716773903 0.014391127210170 0.000000000000000 -0.000000000000000 0.000000000000000 -0.000000000000000
106 0.016100000000000 0.958400000000000 0.958400000000000 0.025500000000000 -0.000924926113016 0.004081656250053 -0.005169716773903 0.014976263422402 0.000000000000000 -0.000000000000000 0.000000000000000 -0.000000000000000
106 0.016600000000000 0.957900000000000 0.957900000000000 0.025500000000000 -0.000954661053691 0.004103937284018 -0.005169716773903 0.015438638101758 0.000000000000000 -0.000000000000000 0.000000000000000 -0.000000000000000
108 0.015100000000000 0.958500000000000 0.958500000000000 0.026400000000000 -0.000861518414861 0.003977798645691 -0.004977287363489 0.017893185640422 0.000000000000000 -0.000000000000000 0.000000000000000 -0.000000000000000
110 0.014500000000000 0.960600000000000 0.960600000000000 0.024900000000000 -0.000857359517087 0.006357568304693 -0.004977287363489 0.021493615512444 0.000000000000000 -0.000000000000000 0.000000000000000 -0.000000000000000
111 0.003500000000000 0.953900000000000 0.953900000000000 0.042600000000000 -0.000539198187284 0.005945509008502 -0.004606801199576 0.020128639297690 0.000000000000000 -0.000000000000000 0.000000000000000 -0.000000000000000
119 0.003900000000000 0.954500000000000 0.954500000000000 0.041600000000000 -0.000554821231719 0.005932459581012 -0.004606801199576 0.023014623033108 0.000000000000000 -0.000000000000000 0.000000000000000 -0.000000000000000
123 0.003700000000000 0.952000000000000 0.952000000000000 0.044300000000000 -0.000731393920632 0.006446904801909 -0.004606801199576 0.021942026172106 0.000000000000000 -0.000000000000000 0.000000000000000 -0.000000000000000
123 0.003700000000000 0.953000000000000 0.953000000000000 0.043300000000000 -0.000871663207486 0.006324599453889 -0.004606801199576 0.021942026172106 0.000000000000000 -0.000000000000000 0.000000000000000 -0.000000000000000
123 0.004600000000000 0.951800000000000 0.951800000000000 0.043600000000000 -0.000620549019542 0.006475275309363 -0.004606801199576 0.023014623033108 0.000000000000000 -0.000000000000000 0.000000000000000 -0.000000000000000
123 0.003800000000000 0.951300000000000 0.951300000000000 0.044900000000000 -0.000332959318084 0.006374552308076 -0.001685649565808 0.019788709404174 0.000000000000000 -0.000000000000000 0.000000000000000 -0.000000000000000
123 0.003000000000000 0.949800000000000 0.949800000000000 0.047200000000000 -0.000311493632820 0.006742743568135 -0.001143970630346 0.033379555401599 0.000000000000000 -0.000000000000000 0.000000000000000 -0.000000000000000
130 0.003900000000000 0.950600000000000 0.950600000000000 0.045500000000000 -0.000343787412889 0.006725456328771 -0.001685649565808 0.032289028502174 0.000000000000000 -0.000000000000000 0.000000000000000 -0.000000000000000
131 0.004300000000000 0.950900000000000 0.950900000000000 0.044800000000000 -0.000269208211147 0.005964610771936 -0.001143970630346 0.029131480892822 0.000000000000000 -0.000000000000000 0.000000000000000 -0.000000000000000
135 0.003900000000000 0.948600000000000 0.948600000000000 0.047500000000000 -0.000215369053403 0.006997767580030 -0.000492340360293 0.032289028502174 0.000000000000000 -0.000000000000000 0.000000000000000 -0.000000000000000
135 0.003900000000000 0.951500000000000 0.951500000000000 0.044600000000000 -0.000236800718487 0.007116466560776 -0.000492340360293 0.032289028502174 0.000000000000000 -0.000000000000000 0.000000000000000 -0.000000000000000
138 0.002700000000000 0.949700000000000 0.949700000000000 0.047600000000000 -0.000250414327188 0.006649063477351 -0.000817417981084 0.019788709404174 0.000000000000000 -0.000000000000000 0.000000000000000 -0.000000000000000
144 0.004400000000000 0.948900000000000 0.948900000000000 0.046700000000000 -0.000229906215426 0.006588692259249 -0.000492340360293 0.033379555401599 0.000000000000000 -0.000000000000000 0.000000000000000 -0.000000000000000
146 0.003900000000000 0.948500000000000 0.948500000000000 0.047600000000000 -0.000220206162801 0.006715949180460 -0.000426135535647 0.030733022168870 0.000000000000000 -0.000000000000000 0.000000000000000 -0.000000000000000
147 0.003100000000000 0.955600000000000 0.955600000000000 0.041300000000000 -0.000201854017941 0.006599968841733 -0.000817417981084 0.033379555401599 0.000000000000000 -0.000000000000000 0.000000000000000 -0.000000000000000
153 0.004100000000000 0.952300000000000 0.952300000000000 0.043600000000000 -0.000220158643577 0.006849650217686 -0.000817417981084 0.033379555401599 0.000000000000000 -0.000000000000000 0.000000000000000 -0.000000000000000
153 0.003400000000000 0.948500000000000 0.948500000000000 0.048100000000000 -0.000207609272207 0.006975726660161 -0.000492340360293 0.033379555401599 0.000000000000000 -0.000000000000000 0.000000000000000 -0.000000000000000
155 0.003800000000000 0.950200000000000 0.950200000000000 0.046000000000000 -0.000256580190340 0.006774341959302 -0.000817417981084 0.032289028502174 0.000000000000000 -0.000000000000000 0.000000000000000 -0.000000000000000
156 0.003500000000000 0.947100000000000 0.947100000000000 0.049400000000000 -0.000226270346158 0.006881523735098 -0.000492340360293 0.032289028502174 0.000000000000000 -0.000000000000000 0.000000000000000 -0.000000000000000
156 0.004300000000000 0.946100000000000 0.946100000000000 0.049600000000000 -0.000243897667342 0.006750119746419 -0.000880952370714 0.033379555401599 0.000000000000000 -0.000000000000000 0.000000000000000 -0.000000000000000
157 0.004100000000000 0.947600000000000 0.947600000000000 0.048300000000000 -0.000201027309510 0.007316765607585 -0.000492340360293 0.033379555401599 0.000000000000000 -0.000000000000000 0.000000000000000 -0.000000000000000
167 0.004300000000000 0.952600000000000 0.952600000000000 0.043100000000000 -0.000218282373690 0.007325477910069 -0.000743705944297 0.032319569068471 0.000000000000000 -0.000000000000000 0.000000000000000 -0.000000000000000
172 0.004900000000000 0.950200000000000 0.950200000000000 0.044900000000000 -0.000247355704420 0.007301983544395 -0.000743705944297 0.036590811444136 0.000000000000000 -0.000000000000000 0.000000000000000 -0.000000000000000
173 0.004800000000000 0.948200000000000 0.948200000000000 0.047000000000000 -0.000190624115376 0.007235045615548 -0.000491509716555 0.035820295011751 0.000000000000000 -0.000000000000000 0.000000000000000 -0.000000000000000
176 0.004000000000000 0.946100000000000 0.946100000000000 0.049900000000000 -0.000244262354470 0.006999801505101 -0.000492340360293 0.035820295011751 0.000000000000000 -0.000000000000000 0.000000000000000 -0.000000000000000
178 0.003900000000000 0.949000000000000 0.949000000000000 0.047100000000000 -0.000253265324107 0.007562279161389 -0.000743705944297 0.032319569068471 0.000000000000000 -0.000000000000000 0.000000000000000 -0.000000000000000
180 0.003500000000000 0.949200000000000 0.949200000000000 0.047300000000000 -0.000314076179676 0.007614850146320 -0.000780100286284 0.034893607344843 0.000000000000000 -0.000000000000000 0.000000000000000 -0.000000000000000
181 0.004200000000000 0.949100000000000 0.949100000000000 0.046700000000000 -0.000231893467725 0.007777378043760 -0.000780100286284 0.039305432484858 0.000000000000000 -0.000000000000000 0.000000000000000 -0.000000000000000
182 0.004800000000000 0.950500000000000 0.950500000000000 0.044700000000000 -0.000249464662263 0.007481354943171 -0.000694069077924 0.036548542232975 0.000000000000000 -0.000000000000000 0.000000000000000 -0.000000000000000
182 0.003900000000000 0.949300000000000 0.949300000000000 0.046800000000000 -0.000235479447882 0.007320591923185 -0.000492340360293 0.034893607344843 0.000000000000000 -0.000000000000000 0.000000000000000 -0.000000000000000
186 0.004900000000000 0.949000000000000 0.949000000000000 0.046100000000000 -0.000282065827297 0.007346453348343 -0.000780100286284 0.031737204404068 0.000000000000000 -0.000000000000000 0.000000000000000 -0.000000000000000
186 0.004100000000000 0.946000000000000 0.946000000000000 0.049900000000000 -0.000229729172845 0.007338163864024 -0.000780100286284 0.034893607344843 0.000000000000000 -0.000000000000000 0.000000000000000 -0.000000000000000
187 0.002900000000000 0.950200000000000 0.950200000000000 0.046900000000000 -0.000192971826339 0.007442798910292 -0.000492340360293 0.039305432484858 0.000000000000000 -0.000000000000000 0.000000000000000 -0.000000000000000
190 0.004400000000000 0.949800000000000 0.949800000000000 0.045800000000000 -0.000261969473843 0.007386653999991 -0.000880952370714 0.036548542232975 0.000000000000000 -0.000000000000000 0.000000000000000 -0.000000000000000
194 0.004200000000000 0.951100000000000 0.951100000000000 0.044700000000000 -0.000258057908402 0.007273157269366 -0.000780100286284 0.039305432484858 0.000000000000000 -0.000000000000000 0.000000000000000 -0.000000000000000
194 0.003600000000000 0.954700000000000 0.954700000000000 0.041700000000000 -0.000287744163537 0.007460138740967 -0.000880952370714 0.034893607344843 0.000000000000000 -0.000000000000000 0.000000000000000 -0.000000000000000
195 0.002800000000000 0.952000000000000 0.952000000000000 0.045200000000000 -0.000222721178981 0.007134130338359 -0.000694069077924 0.039305432484858 0.000000000000000 -0.000000000000000 0.000000000000000 -0.000000000000000
198 0.004200000000000 0.956500000000000 0.956500000000000 0.039300000000000 -0.000271169898088 0.007567095247656 -0.000780100286284 0.034893607344843 0.000000000000000 -0.000000000000000 0.000000000000000 -0.000000000000000
198 0.004300000000000 0.951300000000000 0.951300000000000 0.044400000000000 -0.000222302199220 0.007389656971080 -0.000492340360293 0.034893607344843 0.000000000000000 -0.000000000000000 0.000000000000000 -0.000000000000000
200 0.004500000000000 0.951900000000000 0.951900000000000 0.043600000000000 -0.000228461325805 0.007954046225860 -0.000694069077924 0.039305432484858 0.000000000000000 -0.000000000000000 0.000000000000000 -0.000000000000000
202 0.003400000000000 0.955400000000000 0.955400000000000 0.041200000000000 -0.000235642754231 0.007398692175184 -0.000780100286284 0.039305432484858 0.000000000000000 -0.000000000000000 0.000000000000000 -0.000000000000000
206 0.002900000000000 0.954300000000000 0.954300000000000 0.042800000000000 -0.000268358974911 0.007412062604062 -0.000880952370714 0.039305432484858 0.000000000000000 -0.000000000000000 0.000000000000000 -0.000000000000000
207 0.003300000000000 0.953800000000000 0.953800000000000 0.042900000000000 -0.000240891056433 0.006915776544501 -0.000880952370714 0.039305432484858 0.000000000000000 -0.000000000000000 0.000000000000000 -0.000000000000000
208 0.001900000000000 0.952700000000000 0.952700000000000 0.045400000000000 -0.000211946332727 0.007438504733132 -0.000703139370260 0.031737204404068 0.000000000000000 -0.000000000000000 0.000000000000000 -0.000000000000000
211 0.002300000000000 0.952800000000000 0.952800000000000 0.044900000000000 -0.000194189030999 0.007593587564540 -0.000703139370260 0.039305432484858 0.000000000000000 -0.000000000000000 0.000000000000000 -0.000000000000000
212 0.001700000000000 0.952500000000000 0.952500000000000 0.045800000000000 -0.000312996597518 0.007301948645582 -0.000880952370714 0.039305432484858 0.000000000000000 -0.000000000000000 0.000000000000000 -0.000000000000000
218 0.001800000000000 0.949700000000000 0.949700000000000 0.048500000000000 -0.000184530606948 0.007466355126895 -0.000880952370714 0.039305432484858 0.000000000000000 -0.000000000000000 0.000000000000000 -0.000000000000000
223 0.001800000000000 0.951800000000000 0.951800000000000 0.046400000000000 -0.000295745148112 0.007661802799630 -0.000880952370714 0.039305432484858 0.000000000000000 -0.000000000000000 0.000000000000000 -0.000000000000000
223 0.001800000000000 0.955900000000000 0.955900000000000 0.042300000000000 -0.000287534923800 0.007283375875070 -0.000880952370714 0.031737204404068 0.000000000000000 -0.000000000000000 0.000000000000000 -0.000000000000000
223 0.002000000000000 0.951900000000000 0.951900000000000 0.046100000000000 -0.000256232581214 0.007136937446825 -0.000880952370714 0.036548542232975 0.000000000000000 -0.000000000000000 0.000000000000000 -0.000000000000000
223 0.001100000000000 0.956300000000000 0.956300000000000 0.042600000000000 -0.000251410631132 0.007312866030806 -0.000703139370260 0.031737204404068 0.000000000000000 -0.000000000000000 0.000000000000000 -0.000000000000000
224 0.001600000000000 0.954800000000000 0.954800000000000 0.043600000000000 -0.000315596086830 0.007555798974100 -0.000880952370714 0.023588102205216 0.000000000000000 -0.000000000000000 0.000000000000000 -0.000000000000000
225 0.001500000000000 0.950600000000000 0.950600000000000 0.047900000000000 -0.000269385891815 0.007649808772316 -0.000492340360293 0.034893607344843 0.000000000000000 -0.000000000000000 0.000000000000000 -0.000000000000000
227 0.001200000000000 0.954100000000000 0.954100000000000 0.044700000000000 -0.000190078103389 0.007606425217583 -0.000492340360293 0.039305432484858 0.000000000000000 -0.000000000000000 0.000000000000000 -0.000000000000000
228 0.002200000000000 0.952900000000000 0.952900000000000 0.044900000000000 -0.000241747435769 0.007423396788674 -0.000780100286284 0.034893607344843 0.000000000000000 -0.000000000000000 0.000000000000000 -0.000000000000000
228 0.002000000000000 0.951100000000000 0.951100000000000 0.046900000000000 -0.000283912544543 0.008133510474055 -0.000880952370714 0.039305432484858 0.000000000000000 -0.000000000000000 0.000000000000000 -0.000000000000000
229 0.001200000000000 0.946600000000000 0.946600000000000 0.052200000000000 -0.000348352529966 0.007401346228602 -0.000880952370714 0.039305432484858 0.000000000000000 -0.000000000000000 0.000000000000000 -0.000000000000000
231 0.002600000000000 0.947000000000000 0.947000000000000 0.050400000000000 -0.000220761375398 0.007525997606876 -0.000880952370714 0.036964405786510 0.000000000000000 -0.000000000000000 0.000000000000000 -0.000000000000000
236 0.001100000000000 0.950500000000000 0.950500000000000 0.048400000000000 -0.000302021644021 0.007684658406336 -0.000880952370714 0.039305432484858 0.000000000000000 -0.000000000000000 0.000000000000000 -0.000000000000000
236 0.001100000000000 0.944700000000000 0.944700000000000 0.054200000000000 -0.000254893576373 0.007504197373913 -0.000880952370714 0.036964405786510 0.000000000000000 -0.000000000000000 0.000000000000000 -0.000000000000000
237 0.001400000000000 0.948400000000000 0.948400000000000 0.050200000000000 -0.000179004291093 0.007886579646427 -0.000492340360293 0.036964405786510 0.000000000000000 -0.000000000000000 0.000000000000000 -0.000000000000000
241 0.001400000000000 0.948900000000000 0.948900000000000 0.049700000000000 -0.000175047504140 0.007560058472289 -0.000880952370714 0.039305432484858 0.000000000000000 -0.000000000000000 0.000000000000000 -0.000000000000000
244 0.001000000000000 0.947700000000000 0.947700000000000 0.051300000000000 -0.000172270037567 0.007770268419146 -0.000343311589427 0.036964405786510 0.000000000000000 -0.000000000000000 0.000000000000000 -0.000000000000000
244 0.001400000000000 0.944600000000000 0.944600000000000 0.054000000000000 -0.000239631481553 0.007725885791844 -0.000492340360293 0.036548542232975 0.000000000000000 -0.000000000000000 0.000000000000000 -0.000000000000000
245 0.002100000000000 0.943100000000000 0.943100000000000 0.054800000000000 -0.000269854475010 0.007735406628486 -0.000780100286284 0.039305432484858 0.000000000000000 -0.000000000000000 0.000000000000000 -0.000000000000000
247 0.001400000000000 0.948400000000000 0.948400000000000 0.050200000000000 -0.000213501399427 0.007285827333321 -0.000780100286284 0.036964405786510 0.000000000000000 -0.000000000000000 0.000000000000000 -0.000000000000000
247 0.002100000000000 0.949200000000000 0.949200000000000 0.048700000000000 -0.000287228951418 0.007340207804010 -0.000780100286284 0.036964405786510 0.000000000000000 -0.000000000000000 0.000000000000000 -0.000000000000000
249 0.001500000000000 0.947400000000000 0.947400000000000 0.051100000000000 -0.000242982718426 0.007585666887938 -0.000780100286284 0.039305432484858 0.000000000000000 -0.000000000000000 0.000000000000000 -0.000000000000000
253 0.001700000000000 0.948900000000000 0.948900000000000 0.049400000000000 -0.000227015684793 0.007511676042078 -0.000780100286284 0.039305432484858 0.000000000000000 -0.000000000000000 0.000000000000000 -0.000000000000000
254 0.001700000000000 0.950300000000000 0.950300000000000 0.048000000000000 -0.000141983422376 0.007494735976385 -0.000492340360293 0.036964405786510 0.000000000000000 -0.000000000000000 0.000000000000000 -0.000000000000000
255 0.001700000000000 0.949800000000000 0.949800000000000 0.048500000000000 -0.000269251646632 0.007229797608881 -0.000880952370714 0.031737204404068 0.000000000000000 -0.000000000000000 0.000000000000000 -0.000000000000000
255 0.001600000000000 0.949300000000000 0.949300000000000 0.049100000000000 -0.000201147416078 0.007393839423799 -0.000364009833434 0.034893607344843 0.000000000000000 -0.000000000000000 0.000000000000000 -0.000000000000000
257 0.002300000000000 0.946000000000000 0.946000000000000 0.051700000000000 -0.000424146739043 0.007906426057404 -0.001499112410724 0.039305432484858 0.000000000000000 -0.000000000000000 0.000000000000000 -0.000000000000000
259 0.002400000000000 0.951800000000000 0.951800000000000 0.045800000000000 -0.000623758450876 0.008352201874794 -0.001754591714281 0.039305432484858 0.000000000000000 -0.000000000000000 0.000000000000000 -0.000000000000000
261 0.002400000000000 0.951800000000000 0.951800000000000 0.045800000000000 -0.000663500509083 0.007814565093324 -0.001754591714281 0.036964405786510 0.000000000000000 -0.000000000000000 0.000000000000000 -0.000000000000000
261 0.002100000000000 0.951300000000000 0.951300000000000 0.046600000000000 -0.000487603702054 0.007916574650870 -0.001499112410724 0.039305432484858 0.000000000000000 -0.000000000000000 0.000000000000000 -0.000000000000000
261 0.003400000000000 0.953600000000000 0.953600000000000 0.043000000000000 -0.000494476842969 0.007963066495291 -0.001499112410724 0.034893607344843 0.000000000000000 -0.000000000000000 0.000000000000000 -0.000000000000000
262 0.002900000000000 0.950900000000000 0.950900000000000 0.046200000000000 -0.000440498557420 0.007429253461351 -0.001499112410724 0.034893607344843 0.000000000000000 -0.000000000000000 0.000000000000000 -0.000000000000000
262 0.002500000000000 0.948600000000000 0.948600000000000 0.048900000000000 -0.000480715817228 0.007307775094642 -0.001499112410724 0.036964405786510 0.000000000000000 -0.000000000000000 0.000000000000000 -0.000000000000000
265 0.001900000000000 0.950100000000000 0.950100000000000 0.048000000000000 -0.000415632209096 0.007831783619215 -0.001754591714281 0.036548542232975 0.000000000000000 -0.000000000000000 0.000000000000000 -0.000000000000000
265 0.001100000000000 0.948800000000000 0.948800000000000 0.050100000000000 -0.000438458327402 0.007675451482856 -0.001499112410724 0.034893607344843 0.000000000000000 -0.000000000000000 0.000000000000000 -0.000000000000000
266 0.002200000000000 0.955000000000000 0.955000000000000 0.042800000000000 -0.000408254262778 0.007486254002065 -0.001499112410724 0.036964405786510 0.000000000000000 -0.000000000000000 0.000000000000000 -0.000000000000000
272 0.002000000000000 0.951800000000000 0.951800000000000 0.046200000000000 -0.000378495211431 0.007601162429997 -0.001754591714281 0.036964405786510 0.000000000000000 -0.000000000000000 0.000000000000000 -0.000000000000000
272 0.002000000000000 0.951000000000000 0.951000000000000 0.047000000000000 -0.000494972806358 0.008046854896345 -0.001499112410724 0.036964405786510 0.000000000000000 -0.000000000000000 0.000000000000000 -0.000000000000000
280 0.003100000000000 0.951200000000000 0.951200000000000 0.045700000000000 -0.000571128754816 0.007520358159155 -0.001754591714281 0.036964405786510 0.000000000000000 -0.000000000000000 0.000000000000000 -0.000000000000000
280 0.001800000000000 0.948600000000000 0.948600000000000 0.049600000000000 -0.000603000777761 0.007577074930934 -0.001754591714281 0.036964405786510 0.000000000000000 -0.000000000000000 0.000000000000000 -0.000000000000000
281 0.001700000000000 0.954600000000000 0.954600000000000 0.043700000000000 -0.000462453063831 0.007743300058139 -0.001754591714281 0.036964405786510 0.000000000000000 -0.000000000000000 0.000000000000000 -0.000000000000000
283 0.002500000000000 0.947300000000000 0.947300000000000 0.050200000000000 -0.000477257428143 0.007663516170375 -0.001499112410724 0.039305432484858 0.000000000000000 -0.000000000000000 0.000000000000000 -0.000000000000000
283 0.002300000000000 0.948700000000000 0.948700000000000 0.049000000000000 -0.000340223032271 0.007783602186615 -0.001499112410724 0.036964405786510 0.000000000000000 -0.000000000000000 0.000000000000000 -0.000000000000000
288 0.001700000000000 0.950300000000000 0.950300000000000 0.048000000000000 -0.000699857852515 0.008157170757638 -0.001754591714281 0.036964405786510 0.000000000000000 -0.000000000000000 0.000000000000000 -0.000000000000000
288 0.002500000000000 0.950500000000000 0.950500000000000 0.047000000000000 -0.000325423335080 0.007902706456879 -0.000957276336689 0.036964405786510 0.000000000000000 -0.000000000000000 0.000000000000000 -0.000000000000000
291 0.002500000000000 0.947200000000000 0.947200000000000 0.050300000000000 -0.000504422148066 0.007982692299677 -0.001754591714281 0.036964405786510 0.000000000000000 -0.000000000000000 0.000000000000000 -0.000000000000000
298 0.001700000000000 0.950900000000000 0.950900000000000 0.047400000000000 -0.000382157616708 0.006919520510746 -0.002882969400638 0.039305432484858 0.000000000000000 -0.000000000000000 0.000000000000000 -0.000000000000000
298 0.001500000000000 0.952400000000000 0.952400000000000 0.046100000000000 -0.000677560940814 0.006820524605202 -0.002882969400638 0.036964405786510 0.000000000000000 -0.000000000000000 0.000000000000000 -0.000000000000000
300 0.002100000000000 0.952800000000000 0.952800000000000 0.045100000000000 -0.000719997608719 0.006500296137690 -0.002882969400638 0.036548542232975 0.000000000000000 -0.000000000000000 0.000000000000000 -0.000000000000000
300 0.001800000000000 0.950800000000000 0.950800000000000 0.047400000000000 -0.000552565152420 0.007121554927579 -0.002882969400638 0.036964405786510 0.000000000000000 -0.000000000000000 0.000000000000000 -0.000000000000000
302 0.002100000000000 0.952600000000000 0.952600000000000 0.045300000000000 -0.000403285479634 0.006949898869387 -0.002676026892472 0.039305432484858 0.000000000000000 -0.000000000000000 0.000000000000000 -0.000000000000000
303 0.002000000000000 0.954500000000000 0.954500000000000 0.043500000000000 -0.000760725550905 0.006694204612708 -0.002882969400638 0.039305432484858 0.000000000000000 -0.000000000000000 0.000000000000000 -0.000000000000000
303 0.001100000000000 0.951300000000000 0.951300000000000 0.047600000000000 -0.000183210284591 0.006611681122771 -0.000780100286284 0.034893607344843 0.000000000000000 -0.000000000000000 0.000000000000000 -0.000000000000000
305 0.001800000000000 0.953700000000000 0.953700000000000 0.044500000000000 -0.000907324142397 0.006712112420857 -0.002676026892472 0.036964405786510 0.000000000000000 -0.000000000000000 0.000000000000000 -0.000000000000000
308 0.001600000000000 0.950200000000000 0.950200000000000 0.048200000000000 -0.000886830744715 0.006853545241020 -0.002882969400638 0.039305432484858 0.000000000000000 -0.000000000000000 0.000000000000000 -0.000000000000000
309 0.001900000000000 0.954300000000000 0.954300000000000 0.043800000000000 -0.000561441368195 0.007283817941849 -0.002676026892472 0.039305432484858 0.000000000000000 -0.000000000000000 0.000000000000000 -0.000000000000000
309 0.001500000000000 0.945000000000000 0.945000000000000 0.053500000000000 -0.000372523966890 0.006672753391201 -0.000880952370714 0.039305432484858 0.000000000000000 -0.000000000000000 0.000000000000000 -0.000000000000000
310 0.001800000000000 0.944300000000000 0.944300000000000 0.053900000000000 -0.000745207211718 0.006437911514771 -0.002882969400638 0.039305432484858 0.000000000000000 -0.000000000000000 0.000000000000000 -0.000000000000000
310 0.002100000000000 0.944600000000000 0.944600000000000 0.053300000000000 -0.000674493607905 0.006622087283700 -0.002882969400638 0.039305432484858 0.000000000000000 -0.000000000000000 0.000000000000000 -0.000000000000000
313 0.002000000000000 0.944200000000000 0.944200000000000 0.053800000000000 -0.000593964503131 0.007044050757000 -0.002668270568492 0.034893607344843 0.000000000000000 -0.000000000000000 0.000000000000000 -0.000000000000000
314 0.003000000000000 0.940700000000000 0.940700000000000 0.056300000000000 -0.000607322501475 0.006603838019227 -0.002736979012695 0.036964405786510 0.000000000000000 -0.000000000000000 0.000000000000000 -0.000000000000000
315 0.001500000000000 0.940500000000000 0.940500000000000 0.058000000000000 -0.000788347453187 0.007064300916725 -0.002736979012695 0.036964405786510 0.000000000000000 -0.000000000000000 0.000000000000000 -0.000000000000000
315 0.002600000000000 0.939700000000000 0.939700000000000 0.057700000000000 -0.000578482022877 0.006808502082299 -0.002668270568492 0.034728295121820 0.000000000000000 -0.000000000000000 0.000000000000000 -0.000000000000000
322 0.001900000000000 0.945500000000000 0.945500000000000 0.052600000000000 -0.000653182434310 0.006423873948309 -0.002736979012695 0.034728295121820 0.000000000000000 -0.000000000000000 0.000000000000000 -0.000000000000000
324 0.003100000000000 0.944400000000000 0.944400000000000 0.052500000000000 -0.000401974025572 0.006698090946309 -0.002736979012695 0.036349136517864 0.000000000000000 -0.000000000000000 0.000000000000000 -0.000000000000000
325 0.002900000000000 0.940100000000000 0.940100000000000 0.057000000000000 -0.000377718799151 0.006888659005203 -0.002668270568492 0.036349136517864 0.000000000000000 -0.000000000000000 0.000000000000000 -0.000000000000000
330 0.002700000000000 0.944100000000000 0.944100000000000 0.053200000000000 -0.000429229534395 0.006388820729335 -0.002736979012695 0.036349136517864 0.000000000000000 -0.000000000000000 0.000000000000000 -0.000000000000000
333 0.001700000000000 0.942900000000000 0.942900000000000 0.055400000000000 -0.000629477699366 0.006751691040311 -0.002668270568492 0.036349136517864 0.000000000000000 -0.000000000000000 0.000000000000000 -0.000000000000000
334 0.002700000000000 0.939900000000000 0.939900000000000 0.057400000000000 -0.000404917795319 0.006831535491992 -0.002378187633037 0.039486078341621 0.000000000000000 -0.000000000000000 0.000000000000000 -0.000000000000000
337 0.002800000000000 0.943500000000000 0.943500000000000 0.053700000000000 -0.000336190481814 0.006935598828270 -0.002378187633037 0.036349136517864 0.000000000000000 -0.000000000000000 0.000000000000000 -0.000000000000000
337 0.002200000000000 0.938100000000000 0.938100000000000 0.059700000000000 -0.000530949821829 0.006674528922286 -0.002736979012695 0.035137734089583 0.000000000000000 -0.000000000000000 0.000000000000000 -0.000000000000000
338 0.002700000000000 0.945400000000000 0.945400000000000 0.051900000000000 -0.000492130954317 0.006948118482188 -0.002668270568492 0.036349136517864 0.000000000000000 -0.000000000000000 0.000000000000000 -0.000000000000000
339 0.003200000000000 0.941800000000000 0.941800000000000 0.055000000000000 -0.000663462578359 0.007256319034390 -0.002736979012695 0.039486078341621 0.000000000000000 -0.000000000000000 0.000000000000000 -0.000000000000000
346 0.001800000000000 0.939700000000000 0.939700000000000 0.058500000000000 -0.000408198632925 0.007141978180915 -0.001910690252483 0.036349136517864 0.000000000000000 -0.000000000000000 0.000000000000000 -0.000000000000000
346 0.002400000000000 0.946100000000000 0.946100000000000 0.051500000000000 -0.000342044333273 0.007644297825189 -0.001910690252483 0.039486078341621 0.000000000000000 -0.000000000000000 0.000000000000000 -0.000000000000000
348 0.002600000000000 0.943400000000000 0.943400000000000 0.054000000000000 -0.000351735135770 0.007632621343548 -0.000944561839476 0.039486078341621 0.000000000000000 -0.000000000000000 0.000000000000000 -0.000000000000000
351 0.002100000000000 0.938200000000000 0.938200000000000 0.059700000000000 -0.000307360226982 0.007492407969288 -0.001910690252483 0.039486078341621 0.000000000000000 -0.000000000000000 0.000000000000000 -0.000000000000000
354 0.002600000000000 0.941700000000000 0.941700000000000 0.055700000000000 -0.000461106919193 0.007108397492590 -0.000944561839476 0.036349136517864 0.000000000000000 -0.000000000000000 0.000000000000000 -0.000000000000000
354 0.002800000000000 0.942400000000000 0.942400000000000 0.054800000000000 -0.000285860157702 0.007317045068465 -0.000944561839476 0.039486078341621 0.000000000000000 -0.000000000000000 0.000000000000000 -0.000000000000000
355 0.002900000000000 0.935500000000000 0.935500000000000 0.061600000000000 -0.000374040616293 0.007496272382770 -0.000944561839476 0.039486078341621 0.000000000000000 -0.000000000000000 0.000000000000000 -0.000000000000000
356 0.003100000000000 0.935400000000000 0.935400000000000 0.061500000000000 -0.000504003285669 0.006921023847516 -0.002220724784483 0.039486078341621 0.000000000000000 -0.000000000000000 0.000000000000000 -0.000000000000000
357 0.003800000000000 0.933200000000000 0.933200000000000 0.063000000000000 -0.000464737993880 0.005945722555956 -0.002103476953735 0.039486078341621 0.000000000000000 -0.000000000000000 0.000000000000000 -0.000000000000000
361 0.003800000000000 0.928900000000000 0.928900000000000 0.067300000000000 -0.000437887135412 0.006747650198712 -0.002220724784483 0.039486078341621 0.000000000000000 -0.000000000000000 0.000000000000000 -0.000000000000000
363 0.003300000000000 0.932400000000000 0.932400000000000 0.064300000000000 -0.000429755644766 0.006704948519544 -0.001493789588366 0.036349136517864 0.000000000000000 -0.000000000000000 0.000000000000000 -0.000000000000000
363 0.005100000000000 0.929600000000000 0.929600000000000 0.065300000000000 -0.000421070298667 0.006661496024781 -0.002220724784483 0.034728295121820 0.000000000000000 -0.000000000000000 0.000000000000000 -0.000000000000000
367 0.003800000000000 0.932500000000000 0.932500000000000 0.063700000000000 -0.000726165023905 0.005939404159071 -0.002220724784483 0.036349136517864 0.000000000000000 -0.000000000000000 0.000000000000000 -0.000000000000000
377 0.004400000000000 0.929600000000000 0.929600000000000 0.066000000000000 -0.000505681004944 0.006260892254413 -0.002220724784483 0.036349136517864 0.000000000000000 -0.000000000000000 0.000000000000000 -0.000000000000000
378 0.004200000000000 0.932400000000000 0.932400000000000 0.063400000000000 -0.000525918266472 0.006764176951563 -0.002220724784483 0.039486078341621 0.000000000000000 -0.000000000000000 0.000000000000000 -0.000000000000000
379 0.003900000000000 0.936600000000000 0.936600000000000 0.059500000000000 -0.000524532487382 0.006635834951569 -0.002018248902731 0.035137734089583 0.000000000000000 -0.000000000000000 0.000000000000000 -0.000000000000000
380 0.003700000000000 0.934400000000000 0.934400000000000 0.061900000000000 -0.000634964813146 0.006607081195381 -0.002018248902731 0.039486078341621 0.000000000000000 -0.000000000000000 0.000000000000000 -0.000000000000000
383 0.004700000000000 0.935300000000000 0.935300000000000 0.060000000000000 -0.000623619334190 0.006284510482928 -0.002018248902731 0.036349136517864 0.000000000000000 -0.000000000000000 0.000000000000000 -0.000000000000000
386 0.003200000000000 0.937200000000000 0.937200000000000 0.059600000000000 -0.000625941280745 0.006545920285942 -0.001961135929787 0.039486078341621 0.000000000000000 -0.000000000000000 0.000000000000000 -0.000000000000000
392 0.004400000000000 0.931200000000000 0.931200000000000 0.064400000000000 -0.000563892644594 0.007503133344653 -0.002018248902731 0.039486078341621 0.000000000000000 -0.000000000000000 0.000000000000000 -0.000000000000000
392 0.003800000000000 0.931500000000000 0.931500000000000 0.064700000000000 -0.000630563133692 0.006892297374448 -0.002018248902731 0.036349136517864 0.000000000000000 -0.000000000000000 0.000000000000000 -0.000000000000000
393 0.005400000000000 0.929500000000000 0.929500000000000 0.065100000000000 -0.000500249440130 0.006823839331777 -0.002018248902731 0.036349136517864 0.000000000000000 -0.000000000000000 0.000000000000000 -0.000000000000000
393 0.003600000000000 0.932200000000000 0.932200000000000 0.064200000000000 -0.000389866874789 0.005807400300137 -0.001209804198137 0.039486078341621 0.000000000000000 -0.000000000000000 0.000000000000000 -0.000000000000000
394 0.003200000000000 0.937300000000000 0.937300000000000 0.059500000000000 -0.000461140008613 0.006328452468989 -0.001909919450934 0.035137734089583 0.000000000000000 -0.000000000000000 0.000000000000000 -0.000000000000000
401 0.003800000000000 0.934300000000000 0.934300000000000 0.061900000000000 -0.000436387332963 0.005564822156496 -0.001493789588366 0.034010873145665 0.000000000000000 -0.000000000000000 0.000000000000000 -0.000000000000000
402 0.003700000000000 0.937900000000000 0.937900000000000 0.058400000000000 -0.000525204615928 0.006316616920011 -0.001909919450934 0.039486078341621 0.000000000000000 -0.000000000000000 0.000000000000000 -0.000000000000000
405 0.004700000000000 0.931300000000000 0.931300000000000 0.064000000000000 -0.000493170487902 0.005961696099333 -0.001909919450934 0.036349136517864 0.000000000000000 -0.000000000000000 0.000000000000000 -0.000000000000000
406 0.005400000000000 0.933900000000000 0.933900000000000 0.060700000000000 -0.000477043970244 0.006798495102850 -0.001910690252483 0.039486078341621 0.000000000000000 -0.000000000000000 0.000000000000000 -0.000000000000000
409 0.003400000000000 0.933400000000000 0.933400000000000 0.063200000000000 -0.000514194721195 0.006697344525419 -0.001910690252483 0.039486078341621 0.000000000000000 -0.000000000000000 0.000000000000000 -0.000000000000000
418 0.003000000000000 0.930400000000000 0.930400000000000 0.066600000000000 -0.000603252103613 0.006374938660690 -0.001241766318907 0.039486078341621 0.000000000000000 -0.000000000000000 0.000000000000000 -0.000000000000000
420 0.004500000000000 0.933000000000000 0.933000000000000 0.062500000000000 -0.000365314616524 0.006878503092825 -0.001241766318907 0.035137734089583 0.000000000000000 -0.000000000000000 0.000000000000000 -0.000000000000000
420 0.002800000000000 0.935700000000000 0.935700000000000 0.061500000000000 -0.000381468642551 0.006511173101328 -0.001910690252483 0.036349136517864 0.000000000000000 -0.000000000000000 0.000000000000000 -0.000000000000000
421 0.003600000000000 0.930300000000000 0.930300000000000 0.066100000000000 -0.000504765842962 0.005483059551158 -0.001493789588366 0.039486078341621 0.000000000000000 -0.000000000000000 0.000000000000000 -0.000000000000000
421 0.003400000000000 0.929700000000000 0.929700000000000 0.066900000000000 -0.000333938772455 0.005543802693089 -0.001493789588366 0.036349136517864 0.000000000000000 -0.000000000000000 0.000000000000000 -0.000000000000000
425 0.003300000000000 0.932600000000000 0.932600000000000 0.064100000000000 -0.000337630680263 0.005464042212990 -0.001431761337352 0.036349136517864 0.000000000000000 -0.000000000000000 0.000000000000000 -0.000000000000000
428 0.002700000000000 0.930500000000000 0.930500000000000 0.066800000000000 -0.000472683775738 0.005728129439464 -0.001909919450934 0.039486078341621 0.000000000000000 -0.000000000000000 0.000000000000000 -0.000000000000000
430 0.003100000000000 0.928300000000000 0.928300000000000 0.068600000000000 -0.000433031995491 0.005778646748169 -0.001493789588366 0.039486078341621 0.000000000000000 -0.000000000000000 0.000000000000000 -0.000000000000000
431 0.004200000000000 0.931700000000000 0.931700000000000 0.064100000000000 -0.000584119131154 0.005407686370669 -0.001909919450934 0.034728295121820 0.000000000000000 -0.000000000000000 0.000000000000000 -0.000000000000000
434 0.002900000000000 0.928800000000000 0.928800000000000 0.068300000000000 -0.000581598676446 0.005685279279862 -0.001909919450934 0.039486078341621 0.000000000000000 -0.000000000000000 0.000000000000000 -0.000000000000000
434 0.003600000000000 0.927200000000000 0.927200000000000 0.069200000000000 -0.000470188978585 0.005491768981052 -0.001909919450934 0.039486078341621 0.000000000000000 -0.000000000000000 0.000000000000000 -0.000000000000000
438 0.002200000000000 0.927200000000000 0.927200000000000 0.070600000000000 -0.000486704885761 0.006224141447809 -0.001493789588366 0.039486078341621 0.000000000000000 -0.000000000000000 0.000000000000000 -0.000000000000000
443 0.003500000000000 0.928100000000000 0.928100000000000 0.068400000000000 -0.000362797161261 0.005776675294616 -0.001431761337352 0.035137734089583 0.000000000000000 -0.000000000000000 0.000000000000000 -0.000000000000000
445 0.003500000000000 0.932800000000000 0.932800000000000 0.063700000000000 -0.000349673851381 0.005770520137470 -0.001493789588366 0.036349136517864 0.000000000000000 -0.000000000000000 0.000000000000000 -0.000000000000000
451 0.002100000000000 0.934000000000000 0.934000000000000 0.063900000000000 -0.000422459162735 0.005195961844597 -0.001431761337352 0.039486078341621 0.000000000000000 -0.000000000000000 0.000000000000000 -0.000000000000000
451 0.004000000000000 0.929600000000000 0.929600000000000 0.066400000000000 -0.000413949060274 0.005322192061821 -0.001493789588366 0.039486078341621 0.000000000000000 -0.000000000000000 0.000000000000000 -0.000000000000000
452 0.002500000000000 0.931900000000000 0.931900000000000 0.065600000000000 -0.000458261451565 0.005212168598947 -0.001493789588366 0.034010873145664 0.000000000000000 -0.000000000000000 0.000000000000000 -0.000000000000000
453 0.003000000000000 0.925700000000000 0.925700000000000 0.071300000000000 -0.000571796649312 0.005647123707038 -0.001493789588366 0.034728295121820 0.000000000000000 -0.000000000000000 0.000000000000000 -0.000000000000000
454 0.013000000000000 0.930000000000000 0.930000000000000 0.057000000000000 -0.000551594876088 0.006585189037214 -0.002151913886026 0.035137734089583 0.000000000000000 -0.000000000000000 0.000000000000000 -0.000000000000000
455 0.012600000000000 0.925800000000000 0.925800000000000 0.061600000000000 -0.000562225304642 0.006364105698824 -0.002151913886026 0.036349136517864 0.000000000000000 -0.000000000000000 0.000000000000000 -0.000000000000000
458 0.011200000000000 0.927300000000000 0.927300000000000 0.061500000000000 -0.000556376613149 0.006510023712576 -0.002230487605553 0.036349136517864 0.000000000000000 -0.000000000000000 0.000000000000000 -0.000000000000000
461 0.011100000000000 0.931300000000000 0.931300000000000 0.057600000000000 -0.000566946125915 0.006828163323519 -0.002230487605553 0.039486078341621 0.000000000000000 -0.000000000000000 0.000000000000000 -0.000000000000000
466 0.011600000000000 0.932800000000000 0.932800000000000 0.055600000000000 -0.000535693512634 0.006915082757317 -0.002230487605553 0.035137734089583 0.000000000000000 -0.000000000000000 0.000000000000000 -0.000000000000000
467 0.011100000000000 0.929000000000000 0.929000000000000 0.059900000000000 -0.000567388582326 0.006541157429896 -0.002230487605553 0.036349136517864 0.000000000000000 -0.000000000000000 0.000000000000000 -0.000000000000000
469 0.002000000000000 0.931000000000000 0.931000000000000 0.067000000000000 -0.000224170624660 0.006048090004557 -0.000944561839476 0.036349136517864 0.000000000000000 -0.000000000000001 0.000000000000001 -0.000000000000001
479 0.002400000000000 0.932100000000000 0.932100000000000 0.065500000000000 -0.000194066675726 0.006063052946423 -0.000787930952332 0.039486078341621 0.000000000000000 -0.000000000000001 0.000000000000000 -0.000000000000001
487 0.001300000000000 0.932600000000000 0.932600000000000 0.066100000000000 -0.000270493178753 0.005734133400770 -0.000944561839476 0.036349136517864 0.000000000000000 -0.000000000000001 0.000000000000000 -0.000000000000001
490 0.000900000000000 0.935100000000000 0.935100000000000 0.064000000000000 -0.000174372532770 0.005801433036345 -0.000491509716555 0.039486078341621 0.000000000000000 -0.000000000000002 0.000000000000001 -0.000000000000002
494 0.002200000000000 0.926000000000000 0.926000000000000 0.071800000000000 -0.000297907618215 0.005910457833258 -0.001855403160715 0.036349136517864 0.000000000000001 -0.000000000000002 0.000000000000000 -0.000000000000002
495 0.002300000000000 0.926600000000000 0.926600000000000 0.071100000000000 -0.000213376695451 0.005816003782223 -0.000944561839476 0.035137734089583 0.000000000000001 -0.000000000000002 0.000000000000000 -0.000000000000002
498 0.002100000000000 0.928900000000000 0.928900000000000 0.069000000000000 -0.000216320703729 0.005724041336623 -0.000944561839476 0.039486078341621 0.000000000000001 -0.000000000000002 0.000000000000000 -0.000000000000002
502 0.002000000000000 0.934100000000000 0.934100000000000 0.063900000000000 -0.000269915738424 0.006430969270228 -0.000944561839476 0.039486078341621 0.000000000000001 -0.000000000000002 0.000000000000003 -0.000000000000002
505 0.001800000000000 0.933600000000000 0.933600000000000 0.064600000000000 -0.000310681233987 0.006483643781982 -0.001855403160715 0.039486078341621 0.000000000000001 -0.000000000000002 0.000000000000001 -0.000000000000002
507 0.002200000000000 0.930900000000000 0.930900000000000 0.066900000000000 -0.000250102855062 0.005959625614169 -0.001855403160715 0.035137734089583 0.000000000000001 -0.000000000000002 0.000000000000000 -0.000000000000002
507 0.001900000000000 0.927800000000000 0.927800000000000 0.070300000000000 -0.000204861099881 0.006412718231986 -0.000944561839476 0.036349136517864 0.000000000000001 -0.000000000000002 0.000000000000000 -0.000000000000002
509 0.001800000000000 0.931200000000000 0.931200000000000 0.067000000000000 -0.000294545284244 0.006062320740096 -0.001855403160715 0.036349136517864 0.000000000000001 -0.000000000000002 0.000000000000000 -0.000000000000002
512 0.001800000000000 0.932600000000000 0.932600000000000 0.065600000000000 -0.000257550632196 0.006235930431918 -0.000944561839476 0.039486078341621 0.000000000000001 -0.000000000000002 0.000000000000000 -0.000000000000002
513 0.002900000000000 0.930400000000000 0.930400000000000 0.066700000000000 -0.000319057017788 0.005955346338658 -0.000944561839476 0.039486078341621 0.000000000000001 -0.000000000000002 0.000000000000001 -0.000000000000002
517 0.002000000000000 0.933200000000000 0.933200000000000 0.064800000000000 -0.000225751506332 0.006564608835657 -0.000944561839476 0.036349136517864 0.000000000000001 -0.000000000000002 0.000000000000002 -0.000000000000002
518 0.001500000000000 0.927800000000000 0.927800000000000 0.070700000000000 -0.000397810701620 0.006153536907979 -0.001855403160715 0.036349136517864 0.000000000000001 -0.000000000000002 0.000000000000000 -0.000000000000002
520 0.002100000000000 0.927900000000000 0.927900000000000 0.070000000000000 -0.000428725577561 0.006257016153191 -0.001855403160715 0.039486078341621 0.000000000000002 -0.000000000000002 0.000000000000000 -0.000000000000002
522 0.002000000000000 0.928400000000000 0.928400000000000 0.069600000000000 -0.000377112258481 0.006255982275357 -0.001855403160715 0.036349136517864 0.000000000000001 -0.000000000000002 0.000000000000001 -0.000000000000002
524 0.002600000000000 0.931000000000000 0.931000000000000 0.066400000000000 -0.000356316214402 0.006394267218074 -0.000944561839476 0.039486078341621 0.000000000000001 -0.000000000000002 0.000000000000003 -0.000000000000002
527 0.002400000000000 0.927100000000000 0.927100000000000 0.070500000000000 -0.000336325352767 0.006286903132228 -0.001855403160715 0.036349136517864 0.000000000000001 -0.000000000000002 0.000000000000000 -0.000000000000002
528 0.001700000000000 0.930200000000000 0.930200000000000 0.068100000000000 -0.000342187607697 0.006146642651798 -0.001855403160715 0.039486078341621 0.000000000000001 -0.000000000000002 0.000000000000001 -0.000000000000002
529 0.001500000000000 0.933800000000000 0.933800000000000 0.064700000000000 -0.000278506960482 0.006488454972785 -0.000944561839476 0.036349136517864 0.000000000000001 -0.000000000000002 0.000000000000000 -0.000000000000002
530 0.001600000000000 0.927700000000000 0.927700000000000 0.070700000000000 -0.000338175775334 0.006137412193507 -0.000944561839476 0.036349136517864 0.000000000000001 -0.000000000000002 0.000000000000003 -0.000000000000002
531 0.001900000000000 0.930100000000000 0.930100000000000 0.068000000000000 -0.000211493260960 0.006355471313154 -0.000944561839476 0.036349136517864 0.000000000000001 -0.000000000000002 0.000000000000001 -0.000000000000002
535 0.001600000000000 0.931700000000000 0.931700000000000 0.066700000000000 -0.000186399556439 0.006049711298312 -0.000702268549559 0.039486078341621 0.000000000000000 -0.000000000000002 0.000000000000001 -0.000000000000002
535 0.001800000000000 0.931700000000000 0.931700000000000 0.066500000000000 -0.000169150413760 0.006038178342679 -0.000369504166954 0.042190890315191 0.000000000000001 -0.000000000000004 0.000000000000002 -0.000000000000005
546 0.001200000000000 0.930700000000000 0.930700000000000 0.068100000000000 -0.000148747682770 0.006426136379303 -0.000350935126564 0.047097306781098 0.000000000000001 -0.000000000000004 0.000000000000000 -0.000000000000005
547 0.001400000000000 0.930500000000000 0.930500000000000 0.068100000000000 -0.000136055938107 0.006413063037807 -0.000702285134682 0.047097306781098 0.000000000000001 -0.000000000000004 0.000000000000000 -0.000000000000005
547 0.002400000000000 0.930700000000000 0.930700000000000 0.066900000000000 -0.000380295586107 0.006357471411106 -0.001855403160715 0.047097306781098 0.000000000000004 -0.000000000000004 0.000000000000000 -0.000000000000005
550 0.001800000000000 0.928600000000000 0.928600000000000 0.069600000000000 -0.000123128437933 0.006370401130076 -0.000491509716555 0.047097306781098 0.000000000000001 -0.000000000000004 0.000000000000000 -0.000000000000005
550 0.001500000000000 0.933300000000000 0.933300000000000 0.065200000000000 -0.000150534928415 0.006169262801254 -0.000554044561133 0.047097306781098 0.000000000000001 -0.000000000000004 0.000000000000002 -0.000000000000005
551 0.001700000000000 0.928400000000000 0.928400000000000 0.069900000000000 -0.000227439758576 0.006444059700159 -0.000702285134682 0.047097306781098 0.000000000000001 -0.000000000000004 0.000000000000001 -0.000000000000005
552 0.001400000000000 0.931500000000000 0.931500000000000 0.067100000000000 -0.000277712033848 0.006114688974361 -0.001855403160715 0.043677328244027 0.000000000000003 -0.000000000000004 0.000000000000000 -0.000000000000005
555 0.001700000000000 0.931400000000000 0.931400000000000 0.066900000000000 -0.000155121704839 0.006395260933857 -0.000702285134682 0.043677328244027 0.000000000000001 -0.000000000000004 0.000000000000002 -0.000000000000005
560 0.002000000000000 0.935700000000000 0.935700000000000 0.062300000000000 -0.000293977167037 0.006425911037811 -0.001855403160715 0.047097306781098 0.000000000000003 -0.000000000000004 0.000000000000004 -0.000000000000005
566 0.001800000000000 0.935100000000000 0.935100000000000 0.063100000000000 -0.000275800892851 0.006011429963284 -0.001855403160715 0.042604787230039 0.000000000000003 -0.000000000000005 0.000000000000000 -0.000000000000005
567 0.000900000000000 0.932400000000000 0.932400000000000 0.066700000000000 -0.000254738915068 0.006385066237014 -0.000658008193550 0.043677328244027 0.000000000000007 -0.000000000000019 0.000000000000002 -0.000000000000021
571 0.001800000000000 0.933500000000000 0.933500000000000 0.064700000000000 -0.000185683585798 0.006271224892852 -0.000658008193550 0.043677328244027 0.000000000000005 -0.000000000000019 0.000000000000010 -0.000000000000021
578 0.002000000000000 0.937100000000000 0.937100000000000 0.060900000000000 -0.000290914270786 0.006175102379059 -0.001855403160715 0.042190890315191 0.000000000000011 -0.000000000000019 0.000000000000010 -0.000000000000021
579 0.001700000000000 0.938700000000000 0.938700000000000 0.059600000000000 -0.000307415332174 0.006169363978074 -0.000702285134682 0.038847566522137 0.000000000000009 -0.000000000000019 0.000000000000009 -0.000000000000021
583 0.001500000000000 0.933700000000000 0.933700000000000 0.064800000000000 -0.000355330199049 0.006315644691122 -0.001855403160715 0.043677328244027 0.000000000000014 -0.000000000000019 0.000000000000020 -0.000000000000021
583 0.001400000000000 0.934500000000000 0.934500000000000 0.064100000000000 -0.000179201554726 0.006580817574393 -0.000658008193550 0.043677328244027 0.000000000000005 -0.000000000000019 0.000000000000001 -0.000000000000021
588 0.001300000000000 0.934400000000000 0.934400000000000 0.064300000000000 -0.000446991767648 0.006287014038805 -0.001855403160715 0.043677328244027 0.000000000000022 -0.000000000000019 0.000000000000001 -0.000000000000021
590 0.001500000000000 0.929600000000000 0.929600000000000 0.068900000000000 -0.000394800098477 0.006466144947080 -0.001855403160715 0.047097306781098 0.000000000000019 -0.000000000000019 0.000000000000001 -0.000000000000021
592 0.001200000000000 0.933700000000000 0.933700000000000 0.065100000000000 -0.000401524194295 0.006485033391954 -0.001855403160715 0.041345868256338 0.000000000000016 -0.000000000000019 0.000000000000001 -0.000000000000021
592 0.001500000000000 0.932700000000000 0.932700000000000 0.065800000000000 -0.000244881527502 0.005893491623948 -0.000702285134682 0.043677328244027 0.000000000000007 -0.000000000000018 0.000000000000006 -0.000000000000021
594 0.001300000000000 0.930200000000000 0.930200000000000 0.068500000000000 -0.000188359181293 0.006717657928386 -