0 0.006300000000000 0.938900000000000 0.938900000000000 0.054800000000000 -0.000594221154527 0.003301959095034 -0.001119935316191 0.007909011294488 0.000000000000000 -0.000000000000000 0.000000000000000 -0.000000000000000
1 0.009200000000000 0.866000000000000 0.866000000000000 0.124800000000000 -0.001155394112677 0.005112930746095 -0.006984126914286 0.013003107507461 0.000000000000000 -0.000000000000000 0.000000000000000 -0.000000000000000
2 0.007100000000000 0.870000000000000 0.870000000000000 0.122900000000000 -0.001277331572146 0.005070260496481 -0.006984126914286 0.013150957419238 0.000000000000000 -0.000000000000000 0.000000000000000 -0.000000000000000
4 0.012300000000000 0.815900000000000 0.815900000000000 0.171800000000000 -0.000879724167506 0.004736962937211 -0.006312150990031 0.012665908447483 0.000000000000000 -0.000000000000000 0.000000000000000 -0.000000000000000
11 0.124600000000000 0.795300000000000 0.795300000000000 0.080100000000000 -0.000633117494672 0.000512123037512 -0.012768777659045 0.012619728308123 0.000000000000000 -0.000000000000000 0.000000000000000 -0.000000000000000
13 0.122600000000000 0.797000000000000 0.797000000000000 0.080400000000000 -0.000589932475724 0.000426046859443 -0.008255282690919 0.007196875980407 0.000000000000000 -0.000000000000000 0.000000000000000 -0.000000000000000
15 0.115400000000000 0.778800000000000 0.778800000000000 0.105800000000000 -0.000454829994688 0.001329826126800 -0.010231059272123 0.008079739333061 0.000000000000000 -0.000000000000000 0.000000000000000 -0.000000000000000
22 0.099900000000000 0.787800000000000 0.787800000000000 0.112300000000000 -0.000369308237500 0.003488621297766 -0.013546340627176 0.012221140030287 0.000000000000000 -0.000000000000000 0.000000000000000 -0.000000000000000
26 0.101200000000000 0.782900000000000 0.782900000000000 0.115900000000000 -0.000378303507582 0.003500971295862 -0.011672702581703 0.012929567735949 0.000000000000000 -0.000000000000000 0.000000000000000 -0.000000000000000
26 0.105700000000000 0.785500000000000 0.785500000000000 0.108800000000000 -0.000388430034985 0.003483710000522 -0.012340470343640 0.009440590670962 0.000000000000000 -0.000000000000000 0.000000000000000 -0.000000000000000
31 0.097700000000000 0.784400000000000 0.784400000000000 0.117900000000000 -0.000365340876169 0.003498013766165 -0.008047588478194 0.010952046667316 0.000000000000000 -0.000000000000000 0.000000000000000 -0.000000000000000
33 0.006600000000000 0.785900000000000 0.785900000000000 0.207500000000000 -0.000827777202782 0.005793296684666 -0.003993589593807 0.021409237784858 0.000000000000000 -0.000000000000000 0.000000000000000 -0.000000000000000
34 0.006000000000000 0.787700000000000 0.787700000000000 0.206300000000000 -0.001088938398144 0.005800675700900 -0.004302654035419 0.021409237784858 0.000000000000000 -0.000000000000000 0.000000000000000 -0.000000000000000
35 0.131200000000000 0.777700000000000 0.777700000000000 0.091100000000000 -0.001636196394114 0.002250074683844 -0.012340470343640 0.013951256793209 0.000000000000000 -0.000000000000000 0.000000000000000 -0.000000000000000
37 0.116300000000000 0.789800000000000 0.789800000000000 0.093900000000000 -0.001104450802193 0.002262505243219 -0.009817784864717 0.013951256793209 0.000000000000000 -0.000000000000000 0.000000000000000 -0.000000000000000
39 0.054500000000000 0.807900000000000 0.807900000000000 0.137600000000000 -0.001747069835678 0.003366427103748 -0.009573653597300 0.016245096551162 0.000000000000000 -0.000000000000000 0.000000000000000 -0.000000000000000
40 0.010100000000000 0.784000000000000 0.784000000000000 0.205900000000000 -0.001783709902400 0.003433253576315 -0.009573653597300 0.015386116839237 0.000000000000000 -0.000000000000000 0.000000000000000 -0.000000000000000
44 0.008800000000000 0.796600000000000 0.796600000000000 0.194600000000000 -0.001248921425755 0.004216595443435 -0.009573653597300 0.016542312583633 0.000000000000000 -0.000000000000000 0.000000000000000 -0.000000000000000
44 0.007500000000000 0.798500000000000 0.798500000000000 0.194000000000000 -0.001271901258640 0.004206905029275 -0.005265355452137 0.019101848629749 0.000000000000000 -0.000000000000000 0.000000000000000 -0.000000000000000
45 0.008900000000000 0.791100000000000 0.791100000000000 0.200000000000000 -0.001436591091162 0.004250322314705 -0.009573653597300 0.015467204904328 0.000000000000000 -0.000000000000000 0.000000000000000 -0.000000000000000
48 0.058000000000000 0.740700000000000 0.740700000000000 0.201300000000000 -0.000076942901085 0.005666798307464 -0.004989558599764 0.022973837910644 0.000000000000000 -0.000000000000000 0.000000000000000 -0.000000000000000
50 0.104100000000000 0.698200000000000 0.698200000000000 0.197700000000000 -0.000050973476283 0.005643603024736 -0.004302654035419 0.022973837910644 0.000000000000000 -0.000000000000000 0.000000000000000 -0.000000000000000
52 0.100700000000000 0.699800000000000 0.699800000000000 0.199500000000000 -0.000029346624171 0.005652271104700 -0.003993589593807 0.023029794877792 0.000000000000000 -0.000000000000000 0.000000000000000 -0.000000000000000
56 0.140500000000000 0.650500000000000 0.650500000000000 0.209000000000000 -0.000022159299209 0.005699172725307 -0.004302654035419 0.024321747238226 0.000000000000000 -0.000000000000000 0.000000000000000 -0.000000000000000
59 0.137000000000000 0.658100000000000 0.658100000000000 0.204900000000000 -0.000032468039168 0.005607465781350 -0.004302654035419 0.023098175826453 0.000000000000000 -0.000000000000000 0.000000000000000 -0.000000000000000
59 0.003700000000000 0.792000000000000 0.792000000000000 0.204300000000000 -0.000824995204914 0.005804179065070 -0.007289315499927 0.024678462867458 0.000000000000000 -0.000000000000000 0.000000000000000 -0.000000000000000
59 0.002300000000000 0.797000000000000 0.797000000000000 0.200700000000000 -0.000432184651235 0.005936242657245 -0.002519881289736 0.026327453925643 0.000000000000000 -0.000000000000000 0.000000000000000 -0.000000000000000
60 0.002600000000000 0.792900000000000 0.792900000000000 0.204500000000000 -0.001116736675692 0.005798463951780 -0.004721472594995 0.022973837910644 0.000000000000000 -0.000000000000000 0.000000000000000 -0.000000000000000
61 0.003200000000000 0.797100000000000 0.797100000000000 0.199700000000000 -0.001198367119952 0.005742652976134 -0.005629310849145 0.030483224703284 0.000000000000000 -0.000000000000000 0.000000000000000 -0.000000000000000
63 0.003100000000000 0.798200000000000 0.798200000000000 0.198700000000000 -0.001248130791671 0.005648214778499 -0.006421094221246 0.027060201385928 0.000000000000000 -0.000000000000000 0.000000000000000 -0.000000000000000
64 0.002400000000000 0.791900000000000 0.791900000000000 0.205700000000000 -0.001171794981831 0.005700494857752 -0.006572942048144 0.026327453925643 0.000000000000000 -0.000000000000000 0.000000000000000 -0.000000000000000
67 0.002900000000000 0.794200000000000 0.794200000000000 0.202900000000000 -0.001001611361179 0.005899462876497 -0.003721431706060 0.026608481636065 0.000000000000000 -0.000000000000000 0.000000000000000 -0.000000000000000
72 0.002900000000000 0.790400000000000 0.790400000000000 0.206700000000000 -0.001016242025844 0.005861666334985 -0.008993623868898 0.022084949030644 0.000000000000000 -0.000000000000000 0.000000000000000 -0.000000000000000
74 0.003000000000000 0.790200000000000 0.790200000000000 0.206800000000000 -0.001313736041542 0.006411122519438 -0.006421094221246 0.024587024468278 0.000000000000000 -0.000000000000000 0.000000000000000 -0.000000000000000
75 0.004000000000000 0.795400000000000 0.795400000000000 0.200600000000000 -0.001162363229084 0.006432322973732 -0.003614882090506 0.024373090739690 0.000000000000000 -0.000000000000000 0.000000000000000 -0.000000000000000
79 0.064800000000000 0.787300000000000 0.787300000000000 0.147900000000000 -0.003362267287070 0.004377186631270 -0.006421473916625 0.018981779832104 0.000000000000000 -0.000000000000000 0.000000000000000 -0.000000000000000
81 0.069200000000000 0.783500000000000 0.783500000000000 0.147300000000000 -0.003251593620323 0.004426108563630 -0.007919236256220 0.019316818052320 0.000000000000000 -0.000000000000000 0.000000000000000 -0.000000000000000
81 0.068200000000000 0.781300000000000 0.781300000000000 0.150500000000000 -0.003346548281068 0.004413056283825 -0.015638304686307 0.016704142665232 0.000000000000000 -0.000000000000000 0.000000000000000 -0.000000000000000
81 0.008700000000000 0.808100000000000 0.808100000000000 0.183200000000000 -0.001195738141473 0.004747516967845 -0.005339004219682 0.018302038167678 0.000000000000000 -0.000000000000000 0.000000000000000 -0.000000000000000
84 0.008400000000000 0.803900000000000 0.803900000000000 0.187700000000000 -0.001203068950209 0.004669160216492 -0.005145811819476 0.018302038167678 0.000000000000000 -0.000000000000000 0.000000000000000 -0.000000000000000
85 0.010200000000000 0.805800000000000 0.805800000000000 0.184000000000000 -0.001037770278565 0.003657017817111 -0.005339004219682 0.018756852192720 0.000000000000000 -0.000000000000000 0.000000000000000 -0.000000000000000
87 0.009000000000000 0.813300000000000 0.813300000000000 0.177700000000000 -0.001234690875138 0.003569966601858 -0.005339004219682 0.018216421138201 0.000000000000000 -0.000000000000000 0.000000000000000 -0.000000000000000
91 0.011800000000000 0.801400000000000 0.801400000000000 0.186800000000000 -0.001195839613937 0.003602518471003 -0.006315846461307 0.018216421138201 0.000000000000000 -0.000000000000000 0.000000000000000 -0.000000000000000
91 0.008400000000000 0.810300000000000 0.810300000000000 0.181300000000000 -0.000965081465732 0.003564464708823 -0.005339004219682 0.018216421138201 0.000000000000000 -0.000000000000000 0.000000000000000 -0.000000000000000
94 0.008800000000000 0.803700000000000 0.803700000000000 0.187500000000000 -0.001418258697944 0.005327490421557 -0.005339004219682 0.018999028005345 0.000000000000000 -0.000000000000000 0.000000000000000 -0.000000000000000
96 0.008800000000000 0.810100000000000 0.810100000000000 0.181100000000000 -0.001429608558914 0.005268730846701 -0.008907711021348 0.022027161378067 0.000000000000000 -0.000000000000000 0.000000000000000 -0.000000000000000
101 0.007500000000000 0.808200000000000 0.808200000000000 0.184300000000000 -0.001064362145441 0.005206633813173 -0.004831764258820 0.023114784173254 0.000000000000000 -0.000000000000000 0.000000000000000 -0.000000000000000
101 0.058000000000000 0.802400000000000 0.802400000000000 0.139600000000000 -0.000913870796595 0.004618204231450 -0.005339004219682 0.020510177149579 0.000000000000000 -0.000000000000000 0.000000000000000 -0.000000000000000
102 0.054000000000000 0.810300000000000 0.810300000000000 0.135700000000000 -0.000908363691573 0.004602324881246 -0.006972981385171 0.019869903623823 0.000000000000000 -0.000000000000000 0.000000000000000 -0.000000000000000
104 0.052400000000000 0.801300000000000 0.801300000000000 0.146300000000000 -0.000919420271508 0.004547751474833 -0.005339004219682 0.017852184048923 0.000000000000000 -0.000000000000000 0.000000000000000 -0.000000000000000
105 0.051700000000000 0.807500000000000 0.807500000000000 0.140800000000000 -0.000925286163979 0.004516514849105 -0.005145811819476 0.022191701575547 0.000000000000000 -0.000000000000000 0.000000000000000 -0.000000000000000
105 0.054400000000000 0.804200000000000 0.804200000000000 0.141400000000000 -0.000885578396013 0.004613057245227 -0.006535519541078 0.020824723646601 0.000000000000000 -0.000000000000000 0.000000000000000 -0.000000000000000
106 0.053000000000000 0.811500000000000 0.811500000000000 0.135500000000000 -0.000922647479995 0.004661733642176 -0.004425531977499 0.018302038167678 0.000000000000000 -0.000000000000000 0.000000000000000 -0.000000000000000
106 0.059500000000000 0.793900000000000 0.793900000000000 0.146600000000000 -0.000910251484364 0.004448560069495 -0.004316085999102 0.018302038167678 0.000000000000000 -0.000000000000000 0.000000000000000 -0.000000000000000
108 0.051800000000000 0.807700000000000 0.807700000000000 0.140500000000000 -0.000908985758166 0.005378127534398 -0.004455013943212 0.018988298652070 0.000000000000000 -0.000000000000000 0.000000000000000 -0.000000000000000
110 0.051200000000