\BOOKMARK [0][-]{chapter*.1}{Abstract}{}% 1
\BOOKMARK [0][-]{chapter*.2}{List of Figures}{}% 2
\BOOKMARK [0][-]{chapter*.4}{List of Tables}{}% 3
\BOOKMARK [0][-]{chapter.1}{Introduction and Background}{}% 4
\BOOKMARK [1][-]{section.1.1}{Problem Statement}{chapter.1}% 5
\BOOKMARK [2][-]{subsection.1.1.1}{Report outline}{section.1.1}% 6
\BOOKMARK [0][-]{chapter.2}{Background}{}% 7
\BOOKMARK [1][-]{section.2.1}{In Silico Evolution}{chapter.2}% 8
\BOOKMARK [1][-]{section.2.2}{aevol}{chapter.2}% 9
\BOOKMARK [2][-]{subsection.2.2.1}{aevol's Architecture}{section.2.2}% 10
\BOOKMARK [2][-]{subsection.2.2.2}{aevol's Post-Treatments}{section.2.2}% 11
\BOOKMARK [1][-]{section.2.3}{Related Work}{chapter.2}% 12
\BOOKMARK [0][-]{chapter.3}{Approach}{}% 13
\BOOKMARK [1][-]{section.3.1}{Contributions}{chapter.3}% 14
\BOOKMARK [1][-]{section.3.2}{Experiment Designs}{chapter.3}% 15
\BOOKMARK [1][-]{section.3.3}{Expected Results}{chapter.3}% 16
\BOOKMARK [0][-]{chapter.4}{Experiments, Results, and Discussion}{}% 17
\BOOKMARK [1][-]{section.4.1}{Experiments}{chapter.4}% 18
\BOOKMARK [1][-]{section.4.2}{Evaluation Strategy}{chapter.4}% 19
\BOOKMARK [2][-]{subsection.4.2.1}{Robustness}{section.4.2}% 20
\BOOKMARK [2][-]{subsection.4.2.2}{Evolvability}{section.4.2}% 21
\BOOKMARK [2][-]{subsection.4.2.3}{Coalescing Time}{section.4.2}% 22
\BOOKMARK [1][-]{section.4.3}{Experiment Results}{chapter.4}% 23
\BOOKMARK [2][-]{subsection.4.3.1}{Discussion}{section.4.3}% 24
\BOOKMARK [2][-]{subsection.4.3.2}{Relation to Real-World Biological Entities}{section.4.3}% 25
\BOOKMARK [0][-]{chapter.5}{Conclusion and Future Work}{}% 26
\BOOKMARK [1][-]{section.5.1}{Conclusion}{chapter.5}% 27
\BOOKMARK [1][-]{section.5.2}{Future work}{chapter.5}% 28
