# #################################################################
#  Mutations in the lineage of the best indiv at generation 1000
# #################################################################
#  1.  Generation       (mut. occurred when producing the indiv. of this generation)
#  2.  Genetic unit     (which underwent the mutation, 0 = chromosome) 
#  3.  Mutation type    (0: switch, 1: smallins, 2: smalldel, 3:dupl, 4: del, 5:trans, 6:inv, 7:insert, 8:ins_HT, 9:repl_HT) 
#  4.  pos_0            (position for the small events, begin_segment for the rearrangements, begin_segment of the inserted segment for ins_HT, begin_segment of replaced segment for repl_HT) 
#  5.  pos_1            (-1 for the small events, end_segment for the rearrangements, end_segment of the inserted segment for ins_HT, begin_segment of donor segment for repl_HT) 
#  6.  pos_2            (reinsertion point for duplic., cutting point in segment for transloc., insertion point in the receiver for ins_HT, end_segment of the replaced segment for repl_HT, -1 for other events)
#  7.  pos_3            (reinsertion point for transloc., breakpoint in the donor for ins_HT, end_segment of the donor segment for repl_HT, -1 for other events)
#  8.  invert           (transloc, was the segment inverted (0/1)?, sense of insertion for ins_HT (0=DIRECT, 1=INDIRECT), sense of the donor segment for repl_HT (0=DIRECT, 1=INDIRECT),-1 for other events)
#  9.  align_score      (score that was needed for the rearrangement to occur, score of the first alignment for ins_HT and repl_HT)
#  10. align_score2     (score for the reinsertion for transloc, score of the second alignment for ins_HT and repl_HT)
#  11. seg_len          (segment length for rearrangement, donor segment length for ins_HT and repl_HT)
#  12. repl_seg_len     (replaced segment length for repl_HT, -1 for the others)
#  13. GU_length        (before the event)
#  14. Impact of the mutation on the metabolic error (negative value = smaller gap after = beneficial mutation) 
#  15. Number of coding RNAs possibly disrupted by the breakpoints 
#  16. Number of coding RNAs completely included in the segment (donor segment in the case of a transfer) 
#  17. Number of coding RNAs that were completely included in the replaced segment (meaningful only for repl_HT) 
####################################################################################################################
#
# Header for R
gener gen_unit mut_type pos_0 pos_1 pos_2 pos_3 invert align_score align_score_2 seg_len repl_seg_len GU_len impact nbgenesatbreak nbgenesinseg nbgenesinreplseg
1 0 5 1106 1856 1537 4126 0 -1 -1 750 -1 5000 -0.006349206285714 
2 0 6 1680 2770 -1 -1 -1 -1 -1 1090 -1 5000 0.000000000000000 
4 0 3 3993 1191 2504 -1 -1 -1 -1 2198 -1 5000 -0.009076571594242 
11 0 3 1098 3809 3292 -1 -1 -1 -1 2711 -1 7198 0.000111720278711 
13 0 6 555 9366 -1 -1 -1 -1 -1 8811 -1 9909 0.000000000000000 
15 0 3 4546 4836 3249 -1 -1 -1 -1 290 -1 9909 -0.004111702179255 
22 0 6 571 9868 -1 -1 -1 -1 -1 9297 -1 10199 -0.003446271957204 
26 0 6 655 5101 -1 -1 -1 -1 -1 4446 -1 10199 0.000000000000000 
26 0 5 1890 9753 3840 10062 0 -1 -1 7863 -1 10199 0.000000000000000 
31 0 6 813 8999 -1 -1 -1 -1 -1 8186 -1 10199 0.000000000000000 
33 0 5 5429 9103 5542 9769 1 -1 -1 3674 -1 10199 -0.011672702581703 
34 0 1 7757 -1 -1 -1 -1 -1 -1 2 -1 10199 0.000000000000000 
35 0 3 5197 1875 24 -1 -1 -1 -1 6879 -1 10201 0.000202820589912 
37 0 6 6226 10320 -1 -1 -1 -1 -1 4094 -1 17080 -0.002713868487786 
39 0 5 1029 7712 2067 13301 0 -1 -1 6683 -1 17080 -0.000244131267417 
40 0 4 6819 10126 -1 -1 -1 -1 -1 3307 -1 17080 -0.001828229358425 
44 0 5 1752 4131 1995 5151 1 -1 -1 2379 -1 13773 -0.002770096826325 
44 0 0 11908 -1 -1 -1 -1 -1 -1 -1 -1 13773 0.000000000000000 
45 0 6 1303 5928 -1 -1 -1 -1 -1 4625 -1 13773 0.000000000000000 
48 0 6 240 703 -1 -1 -1 -1 -1 463 -1 13773 -0.003000711549156 
50 0 5 214 10617 9741 12830 0 -1 -1 10403 -1 13773 0.000000000000000 
52 0 2 9897 -1 -1 -1 -1 -1 -1 5 -1 13773 0.000000000000000 
56 0 5 3463 4586 3496 13113 0 -1 -1 1123 -1 13768 0.000000000000000 
59 0 6 4568 7454 -1 -1 -1 -1 -1 2886 -1 13768 0.000000000000000 
59 0 5 3430 5530 4356 550 0 -1 -1 2100 -1 13768 -0.004302654035419 
59 0 5 11221 11950 11730 1185 1 -1 -1 729 -1 13768 0.000000000000000 
60 0 6 4227 6396 -1 -1 -1 -1 -1 2169 -1 13768 0.000000000000000 
61 0 5 3831 4038 3834 9393 0 -1 -1 207 -1 13768 0.000000000000000 
63 0 6 2047 7881 -1 -1 -1 -1 -1 5834 -1 13768 0.000000000000000 
64 0 6 7999 9035 -1 -1 -1 -1 -1 1036 -1 13768 0.000000000000000 
67 0 6 11209 12772 -1 -1 -1 -1 -1 1563 -1 13768 0.000000000000000 
72 0 6 4093 9272 -1 -1 -1 -1 -1 5179 -1 13768 0.000000000000000 
74 0 6 11701 12236 -1 -1 -1 -1 -1 535 -1 13768 -0.004000412400492 
75 0 5 2588 2915 2589 8232 0 -1 -1 327 -1 13768 0.000000000000000 
79 0 3 4428 7308 13077 -1 -1 -1 -1 2880 -1 13768 0.000551424133739 
81 0 6 3521 6050 -1 -1 -1 -1 -1 2529 -1 16648 0.000000000000000 
81 0 5 1209 7975 7702 15562 1 -1 -1 6766 -1 16648 0.000000000000000 
81 0 5 2537 3840 2886 15628 1 -1 -1 1303 -1 16648 -0.004940099373014 
84 0 5 6833 14847 10149 1988 0 -1 -1 8014 -1 16648 0.000000000000000 
85 0 3 10958 12981 14450 -1 -1 -1 -1 2023 -1 16648 -0.001759059349492 
87 0 5 974 17995 7899 561 1 -1 -1 17021 -1 18671 0.000000000000000 
91 0 6 12408 16160 -1 -1 -1 -1 -1 3752 -1 18671 0.000000000000000 
91 0 6 6915 17470 -1 -1 -1 -1 -1 10555 -1 18671 0.000000000000000 
94 0 0 14575 -1 -1 -1 -1 -1 -1 -1 -1 18671 -0.007764750079079 
96 0 6 12104 16226 -1 -1 -1 -1 -1 4122 -1 18671 0.000000000000000 
101 0 6 14857 18387 -1 -1 -1 -1 -1 3530 -1 18671 0.000000000000000 
101 0 3 11854 16930 8117 -1 -1 -1 -1 5076 -1 18671 -0.003491450594063 
102 0 5 9025 11073 10763 17552 1 -1 -1 2048 -1 23747 0.000000000000000 
104 0 1 16079 -1 -1 -1 -1 -1 -1 1 -1 23747 0.000000000000000 
105 0 6 2901 10139 -1 -1 -1 -1 -1 7238 -1 23748 0.000000000000000 
105 0 6 4640 14567 -1 -1 -1 -1 -1 9927 -1 23748 0.000000000000000 
106 0 6 6663 19839 -1 -1 -1 -1 -1 13176 -1 23748 0.000000000000000 
106 0 5 13512 18949 17101 20977 0 -1 -1 5437 -1 23748 0.000000000000000 
108 0 5 2356 18944 7055 23334 1 -1 -1 16588 -1 23748 -0.003911432568391 
110 0 5 3718 10833 6632 16357 0 -1 -1 7115 -1 23748 -0.004346286799317 
111 0 4 9208 15805 -1 -1 -1 -1 -1 6597 -1 23748 -0.001586895744916 
119 0 6 8380 12524 -1 -1 -1 -1 -1 4144 -1 17151 0.000000000000000 
123 0 5 2461 12582 7578 2368 1 -1 -1 10121 -1 17151 0.000000000000000 
123 0 5 1194 12097 11126 15414 1 -1 -1 10903 -1 17151 0.000000000000000 
123 0 5 5682 16224 15218 4261 1 -1 -1 10542 -1 17151 -0.000000000000000 
123 0 5 2660 9505 9340 9828 0 -1 -1 6845 -1 17151 -0.004606801199576 
123 0 1 13109 -1 -1 -1 -1 -1 -1 2 -1 17151 0.000000000000000 
130 0 6 11316 15102 -1 -1 -1 -1 -1 3786 -1 17153 0.000000000000000 
131 0 6 7886 13903 -1 -1 -1 -1 -1 6017 -1 17153 0.000000000000000 
135 0 5 10837 16771 15958 2651 0 -1 -1 5934 -1 17153 -0.001837551277800 
135 0 6 4102 14788 -1 -1 -1 -1 -1 10686 -1 17153 0.000000000000000 
138 0 5 885 13326 13180 14929 0 -1 -1 12441 -1 17153 0.000000000000000 
144 0 6 2691 5750 -1 -1 -1 -1 -1 3059 -1 17153 -0.000000000000000 
146 0 5 8882 13925 11403 13988 1 -1 -1 5043 -1 17153 0.000000000000000 
147 0 6 7103 10224 -1 -1 -1 -1 -1 3121 -1 17153 0.000000000000000 
153 0 5 98 7002 1382 11322 0 -1 -1 6904 -1 17153 0.000000000000000 
153 0 6 11506 14218 -1 -1 -1 -1 -1 2712 -1 17153 0.000000000000000 
155 0 6 7215 14586 -1 -1 -1 -1 -1 7371 -1 17153 0.000000000000000 
156 0 6 2887 3835 -1 -1 -1 -1 -1 948 -1 17153 -0.000356947631238 
156 0 0 10132 -1 -1 -1 -1 -1 -1 -1 -1 17153 0.000000000000000 
157 0 6 2478 9349 -1 -1 -1 -1 -1 6871 -1 17153 0.000000000000000 
167 0 5 4430 10540 9861 15252 1 -1 -1 6110 -1 17153 -0.003188088175649 
172 0 5 1995 6373 3787 10957 0 -1 -1 4378 -1 17153 0.000000000000000 
173 0 6 534 15799 -1 -1 -1 -1 -1 15265 -1 17153 0.000000000000000 
176 0 6 862 4470 -1 -1 -1 -1 -1 3608 -1 17153 0.000000000000000 
178 0 6 10183 11410 -1 -1 -1 -1 -1 1227 -1 17153 0.000000000000000 
180 0 5 728 14825 7422 16831 1 -1 -1 14097 -1 17153 -0.002244460286579 
181 0 6 2751 13723 -1 -1 -1 -1 -1 10972 -1 17153 0.000000000000000 
182 0 5 5562 10990 8040 13430 1 -1 -1 5428 -1 17153 0.000000000000000 
182 0 1 11287 -1 -1 -1 -1 -1 -1 6 -1 17153 0.000000000000000 
186 0 5 8711 14514 13636 7634 0 -1 -1 5803 -1 17159 0.000000000000000 
186 0 6 1209 14132 -1 -1 -1 -1 -1 12923 -1 17159 -0.000000000000000 
187 0 5 8625 10048 9696 13886 1 -1 -1 1423 -1 17159 0.000000000000000 
190 0 3 3621 4865 11976 -1 -1 -1 -1 1244 -1 17159 0.000000000000000 
194 0 6 8091 10717 -1 -1 -1 -1 -1 2626 -1 18403 0.000000000000000 
194 0 6 131 15508 -1 -1 -1 -1 -1 15377 -1 18403 0.000000000000000 
195 0 5 4980 6128 5787 10372 0 -1 -1 1148 -1 18403 0.000000000000000 
198 0 5 5160 13539 7151 1248 0 -1 -1 8379 -1 18403 0.000000000000000 
198 0 6 10790 14756 -1 -1 -1 -1 -1 3966 -1 18403 0.000000000000000 
200 0 6 8593 12505 -1 -1 -1 -1 -1 3912 -1 18403 0.000000000000000 
202 0 6 3174 18110 -1 -1 -1 -1 -1 14936 -1 18403 0.000000000000000 
206 0 1 15305 -1 -1 -1 -1 -1 -1 5 -1 18403 0.000000000000000 
207 0 6 11575 16314 -1 -1 -1 -1 -1 4739 -1 18408 -0.000000000000000 
208 0 5 1824 2392 2210 2923 0 -1 -1 568 -1 18408 -0.000264850380632 
211 0 5 1095 11047 5698 14419 1 -1 -1 9952 -1 18408 0.000000000000000 
212 0 6 63 18402 -1 -1 -1 -1 -1 18339 -1 18408 0.000000000000000 
218 0 6 6823 9793 -1 -1 -1 -1 -1 2970 -1 18408 0.000000000000000 
223 0 6 2483 15357 -1 -1 -1 -1 -1 12874 -1 18408 0.000000000000000 
223 0 6 7353 15524 -1 -1 -1 -1 -1 8171 -1 18408 0.000000000000000 
223 0 5 9658 10168 9924 15661 0 -1 -1 510 -1 18408 0.000000000000000 
223 0 1 17456 -1 -1 -1 -1 -1 -1 5 -1 18408 0.000000000000000 
224 0 0 15292 -1 -1 -1 -1 -1 -1 -1 -1 18413 0.000000000000000 
225 0 6 4358 15969 -1 -1 -1 -1 -1 11611 -1 18413 0.000000000000000 
227 0 2 1442 -1 -1 -1 -1 -1 -1 2 -1 18413 0.000000000000000 
228 0 5 1188 1965 1353 104 0 -1 -1 777 -1 18411 0.000000000000000 
228 0 0 9278 -1 -1 -1 -1 -1 -1 -1 -1 18411 0.000000000000000 
229 0 5 9691 11569 11376 12611 1 -1 -1 1878 -1 18411 -0.009780988137152 
231 0 5 8646 9227 8682 13513 0 -1 -1 581 -1 18411 0.000000000000000 
236 0 5 3078 4106 3658 6147 1 -1 -1 1028 -1 18411 0.000000000000000 
236 0 0 2178 -1 -1 -1 -1 -1 -1 -1 -1 18411 0.000000000000000 
237 0 6 4547 7439 -1 -1 -1 -1 -1 2892 -1 18411 0.000000000000000 
241 0 5 4637 6378 6252 1621 1 -1 -1 1741 -1 18411 0.000000000000000 
244 0 6 4946 8993 -1 -1 -1 -1 -1 4047 -1 18411 0.000000000000000 
244 0 5 4722 6989 5918 16940 1 -1 -1 2267 -1 18411 -0.000000000000000 
245 0 0 14923 -1 -1 -1 -1 -1 -1 -1 -1 18411 0.000000000000000 
247 0 5 4211 16271 7541 3006 1 -1 -1 12060 -1 18411 0.000000000000000 
247 0 5 7374 13845 9605 15631 1 -1 -1 6471 -1 18411 0.000000000000000 
249 0 5 7909 8337 8025 17311 1 -1 -1 428 -1 18411 0.000000000000000 
253 0 3 10279 11577 2823 -1 -1 -1 -1 1298 -1 18411 0.000000000000000 
254 0 1 1111 -1 -1 -1 -1 -1 -1 1 -1 19709 0.000000000000000 
255 0 5 9894 14786 11304 19648 1 -1 -1 4892 -1 19710 0.000000000000000 
255 0 5 11770 15682 15136 11745 0 -1 -1 3912 -1 19710 0.000000000000000 
257 0 5 11394 13202 12169 2095 1 -1 -1 1808 -1 19710 -0.000308008564901 
259 0 6 1597 7823 -1 -1 -1 -1 -1 6226 -1 19710 0.000000000000000 
261 0 3 17052 17345 11919 -1 -1 -1 -1 293 -1 19710 0.000000000000000 
261 0 5 13939 16211 15997 9949 0 -1 -1 2272 -1 20003 0.000000000000000 
261 0 5 5334 15047 14484 19030 0 -1 -1 9713 -1 20003 0.000000000000000 
262 0 6 17964 18471 -1 -1 -1 -1 -1 507 -1 20003 0.000000000000000 
262 0 1 1773 -1 -1 -1 -1 -1 -1 2 -1 20003 0.000000000000000 
265 0 5 4067 18297 9141 18696 1 -1 -1 14230 -1 20005 0.000000000000000 
265 0 6 7265 12709 -1 -1 -1 -1 -1 5444 -1 20005 0.000000000000000 
266 0 6 1029 9417 -1 -1 -1 -1 -1 8388 -1 20005 0.000000000000000 
272 0 5 12630 13756 13060 16471 0 -1 -1 1126 -1 20005 0.000000000000000 
272 0 0 9616 -1 -1 -1 -1 -1 -1 -1 -1 20005 0.000000000000000 
280 0 6 2660 9008 -1 -1 -1 -1 -1 6348 -1 20005 0.000000000000000 
280 0 6 657 13570 -1 -1 -1 -1 -1 12913 -1 20005 0.000000000000000 
281 0 6 12649 15859 -1 -1 -1 -1 -1 3210 -1 20005 0.000000000000000 
283 0 6 9423 14625 -1 -1 -1 -1 -1 5202 -1 20005 0.000000000000000 
283 0 5 2216 13070 11853 18705 1 -1 -1 10854 -1 20005 0.000000000000000 
288 0 5 8168 19396 17943 6934 1 -1 -1 11228 -1 20005 0.000000000000000 
288 0 6 3182 16721 -1 -1 -1 -1 -1 13539 -1 20005 0.000000000000000 
291 0 5 16 16305 7070 19859 0 -1 -1 16289 -1 20005 0.000000000000000 
298 0 3 8895 10874 5628 -1 -1 -1 -1 1979 -1 20005 -0.000957276336689 
298 0 6 10440 14795 -1 -1 -1 -1 -1 4355 -1 21984 0.000000000000000 
300 0 5 5721 7881 6554 13796 0 -1 -1 2160 -1 21984 0.000000000000000 
300 0 5 4123 10729 8786 15668 0 -1 -1 6606 -1 21984 0.000000000000000 
302 0 5 6716 11108 7931 6586 1 -1 -1 4392 -1 21984 0.000000000000000 
303 0 5 11916 15159 14826 19634 0 -1 -1 3243 -1 21984 0.000000000000000 
303 0 6 2782 17334 -1 -1 -1 -1 -1 14552 -1 21984 0.000000000000000 
305 0 6 7969 8445 -1 -1 -1 -1 -1 476 -1 21984 0.000000000000000 
308 0 3 1262 1292 9201 -1 -1 -1 -1 30 -1 21984 0.000000000000000 
309 0 5 3994 13009 12186 3218 1 -1 -1 9015 -1 22014 0.000000000000000 
309 0 4 4417 7975 -1 -1 -1 -1 -1 3558 -1 22014 0.000000000000000 
310 0 5 3925 11402 6735 3277 0 -1 -1 7477 -1 18456 0.000000000000000 
310 0 5 2018 8793 5768 18369 1 -1 -1 6775 -1 18456 0.000000000000000 
313 0 0 16200 -1 -1 -1 -1 -1 -1 -1 -1 18456 -0.000415978070273 
314 0 6 8197 18116 -1 -1 -1 -1 -1 9919 -1 18456 0.000000000000000 
315 0 5 16678 17648 17085 977 1 -1 -1 970 -1 18456 0.000000000000000 
315 0 5 4395 10207 7447 18 1 -1 -1 5812 -1 18456 -0.000177902937557 
322 0 5 4815 5761 5544 12806 0 -1 -1 946 -1 18456 0.000000000000000 
324 0 2 17514 -1 -1 -1 -1 -1 -1 2 -1 18456 0.000000000000000 
325 0 6 4007 11660 -1 -1 -1 -1 -1 7653 -1 18454 0.000000000000000 
330 0 2 13069 -1 -1 -1 -1 -1 -1 1 -1 18454 0.000000000000000 
333 0 6 5132 12868 -1 -1 -1 -1 -1 7736 -1 18453 0.000000000000000 
334 0 6 3171 10634 -1 -1 -1 -1 -1 7463 -1 18453 0.000000000000000 
337 0 6 2642 17536 -1 -1 -1 -1 -1 14894 -1 18453 0.000000000000000 
337 0 2 13284 -1 -1 -1 -1 -1 -1 4 -1 18453 0.000000000000000 
338 0 5 12883 15165 12997 725 0 -1 -1 2282 -1 18449 0.000000000000000 
339 0 6 3737 8041 -1 -1 -1 -1 -1 4304 -1 18449 0.000000000000000 
346 0 6 1252 3445 -1 -1 -1 -1 -1 2193 -1 18449 -0.000860754131270 
346 0 5 10490 15269 12368 5946 0 -1 -1 4779 -1 18449 0.000000000000000 
348 0 6 10980 16001 -1 -1 -1 -1 -1 5021 -1 18449 0.000000000000000 
351 0 6 8905 18334 -1 -1 -1 -1 -1 9429 -1 18449 0.000000000000000 
354 0 5 8641 16078 10584 5604 0 -1 -1 7437 -1 18449 0.000000000000000 
354 0 6 5672 15289 -1 -1 -1 -1 -1 9617 -1 18449 -0.000000000000000 
355 0 4 11751 13961 -1 -1 -1 -1 -1 2210 -1 18449 0.000000000000000 
356 0 3 10748 11044 7906 -1 -1 -1 -1 296 -1 16239 -0.000267764856227 
357 0 5 6391 8320 7310 955 0 -1 -1 1929 -1 16535 0.000000000000000 
361 0 0 10124 -1 -1 -1 -1 -1 -1 -1 -1 16535 0.000000000000000 
363 0 5 825 14883 12602 16253 0 -1 -1 14058 -1 16535 0.000000000000000 
363 0 6 9561 15748 -1 -1 -1 -1 -1 6187 -1 16535 0.000000000000000 
367 0 6 7208 16271 -1 -1 -1 -1 -1 9063 -1 16535 0.000000000000000 
377 0 0 5438 -1 -1 -1 -1 -1 -1 -1 -1 16535 0.000000000000000 
378 0 5 3316 6517 3427 8303 1 -1 -1 3201 -1 16535 0.000000000000000 
379 0 6 3621 11691 -1 -1 -1 -1 -1 8070 -1 16535 -0.002363109300047 
380 0 6 2161 7884 -1 -1 -1 -1 -1 5723 -1 16535 -0.000000000000000 
383 0 1 5514 -1 -1 -1 -1 -1 -1 5 -1 16535 0.000000000000000 
386 0 5 3512 8782 5380 14613 0 -1 -1 5270 -1 16540 0.000000000000000 
392 0 6 15117 16224 -1 -1 -1 -1 -1 1107 -1 16540 0.000000000000000 
392 0 5 3747 13398 4818 15533 0 -1 -1 9651 -1 16540 0.000000000000000 
393 0 4 11267 12071 -1 -1 -1 -1 -1 804 -1 16540 0.000000000000000 
393 0 3 6417 8619 10031 -1 -1 -1 -1 2202 -1 15736 -0.000713019683705 
394 0 6 6722 8997 -1 -1 -1 -1 -1 2275 -1 17938 0.000000000000000 
401 0 5 158 3306 2761 12674 1 -1 -1 3148 -1 17938 0.000000000000000 
402 0 6 1135 11262 -1 -1 -1 -1 -1 10127 -1 17938 0.000000000000000 
405 0 6 1177 6150 -1 -1 -1 -1 -1 4973 -1 17938 0.000000000000000 
406 0 5 12463 13368 13185 519 1 -1 -1 905 -1 17938 -0.001299010479945 
409 0 6 903 2181 -1 -1 -1 -1 -1 1278 -1 17938 0.000000000000000 
418 0 5 5158 7993 7348 1142 0 -1 -1 2835 -1 17938 0.000000000000000 
420 0 5 9598 17859 15896 7737 0 -1 -1 8261 -1 17938 -0.000000000000000 
420 0 5 9774 12809 10383 14309 1 -1 -1 3035 -1 17938 0.000000000000000 
421 0 3 17735 874 5260 -1 -1 -1 -1 1077 -1 17938 -0.001434330193340 
421 0 0 14998 -1 -1 -1 -1 -1 -1 -1 -1 19015 0.000000000000000 
425 0 5 664 12005 2853 14332 1 -1 -1 11341 -1 19015 0.000000000000000 
428 0 1 8662 -1 -1 -1 -1 -1 -1 2 -1 19015 0.000000000000000 
430 0 6 11720 13683 -1 -1 -1 -1 -1 1963 -1 19017 0.000000000000000 
431 0 5 15552 15752 15695 11920 1 -1 -1 200 -1 19017 0.000000000000000 
434 0 6 12293 17712 -1 -1 -1 -1 -1 5419 -1 19017 0.000000000000000 
434 0 2 880 -1 -1 -1 -1 -1 -1 3 -1 19017 0.000000000000000 
438 0 5 5249 13217 8755 17722 0 -1 -1 7968 -1 19014 0.000000000000000 
443 0 6 7828 17614 -1 -1 -1 -1 -1 9786 -1 19014 0.000000000000000 
445 0 5 3195 5207 4793 1629 1 -1 -1 2012 -1 19014 0.000000000000000 
451 0 5 7111 16843 14145 6178 1 -1 -1 9732 -1 19014 0.000000000000000 
451 0 1 12909 -1 -1 -1 -1 -1 -1 6 -1 19014 0.000000000000000 
452 0 0 3249 -1 -1 -1 -1 -1 -1 -1 -1 19020 0.000000000000000 
453 0 6 4241 16502 -1 -1 -1 -1 -1 12261 -1 19020 0.000000000000000 
454 0 5 1825 12423 5436 15776 0 -1 -1 10598 -1 19020 -0.000909620686127 
455 0 5 2432 18678 10381 677 0 -1 -1 16246 -1 19020 0.000000000000000 
458 0 5 4776 5101 4783 2826 0 -1 -1 325 -1 19020 0.000000000000000 
461 0 5 2132 4841 2974 17811 0 -1 -1 2709 -1 19020 0.000000000000000 
466 0 5 1589 9285 1884 14058 0 -1 -1 7696 -1 19020 -0.000000000000000 
467 0 0 12677 -1 -1 -1 -1 -1 -1 -1 -1 19020 0.000000000000000 
469 0 6 15463 18902 -1 -1 -1 -1 -1 3439 -1 19020 -0.002280066508119 
479 0 5 3588 17200 3636 830 0 -1 -1 13612 -1 19020 0.000000000000000 
487 0 3 13268 13381 9770 -1 -1 -1 -1 113 -1 19020 0.000000000000000 
490 0 6 6376 12770 -1 -1 -1 -1 -1 6394 -1 19133 -0.000426900658180 
494 0 6 4081 15148 -1 -1 -1 -1 -1 11067 -1 19133 0.000000000000000 
495 0 5 2061 13561 12493 1631 0 -1 -1 11500 -1 19133 0.000000000000000 
498 0 2 6073 -1 -1 -1 -1 -1 -1 5 -1 19133 0.000000000000000 
502 0 6 931 12814 -1 -1 -1 -1 -1 11883 -1 19128 0.000000000000000 
505 0 5 14845 17029 14952 1096 1 -1 -1 2184 -1 19128 0.000000000000000 
507 0 6 4760 11414 -1 -1 -1 -1 -1 6654 -1 19128 0.000000000000000 
507 0 6 624 10035 -1 -1 -1 -1 -1 9411 -1 19128 0.000000000000000 
509 0 6 941 10253 -1 -1 -1 -1 -1 9312 -1 19128 0.000000000000000 
512 0 5 818 13537 6151 16845 1 -1 -1 12719 -1 19128 -0.000000000000000 
513 0 5 5378 12475 8007 16391 0 -1 -1 7097 -1 19128 0.000000000000000 
517 0 6 10611 14235 -1 -1 -1 -1 -1 3624 -1 19128 0.000000000000000 
518 0 5 12415 12491 12479 13260 1 -1 -1 76 -1 19128 0.000000000000000 
520 0 5 600 17409 5016 17913 0 -1 -1 16809 -1 19128 0.000000000000000 
522 0 5 4589 17541 7610 4324 0 -1 -1 12952 -1 19128 0.000000000000000 
524 0 1 6883 -1 -1 -1 -1 -1 -1 6 -1 19128 0.000000000000000 
527 0 6 9935 13515 -1 -1 -1 -1 -1 3580 -1 19134 0.000000000000000 
528 0 6 107 14584 -1 -1 -1 -1 -1 14477 -1 19134 -0.000000000000000 
529 0 6 10421 13184 -1 -1 -1 -1 -1 2763 -1 19134 0.000000000000000 
530 0 5 8119 14935 10632 16078 0 -1 -1 6816 -1 19134 0.000000000000000 
531 0 6 6913 12483 -1 -1 -1 -1 -1 5570 -1 19134 -0.000000000000000 
535 0 3 8524 8688 9826 -1 -1 -1 -1 164 -1 19134 0.000000000000000 
535 0 0 4366 -1 -1 -1 -1 -1 -1 -1 -1 19298 -0.000944561839476 
546 0 5 14712 17739 15079 8746 1 -1 -1 3027 -1 19298 0.000000000000000 
547 0 5 1983 9547 6047 17374 0 -1 -1 7564 -1 19298 0.000000000000000 
547 0 5 312 15412 11409 18453 0 -1 -1 15100 -1 19298 0.000000000000000 
550 0 5 4124 18249 4391 444 1 -1 -1 14125 -1 19298 0.000000000000000 
550 0 5 6330 7478 7412 14889 1 -1 -1 1148 -1 19298 0.000000000000000 
551 0 5 9818 17338 11241 18637 0 -1 -1 7520 -1 19298 0.000000000000000 
552 0 3 17108 17949 4448 -1 -1 -1 -1 841 -1 19298 0.000000000000000 
555 0 6 6420 14849 -1 -1 -1 -1 -1 8429 -1 20139 0.000000000000000 
560 0 6 15553 18562 -1 -1 -1 -1 -1 3009 -1 20139 -0.000000000000000 
566 0 5 12647 17466 13889 5618 1 -1 -1 4819 -1 20139 0.000000000000000 
567 0 6 3009 16416 -1 -1 -1 -1 -1 13407 -1 20139 -0.001439162854930 
571 0 3 19971 20108 10499 -1 -1 -1 -1 137 -1 20139 0.000000000000000 
578 0 5 9920 16498 14293 5484 1 -1 -1 6578 -1 20276 0.000000000000000 
579 0 6 4411 11541 -1 -1 -1 -1 -1 7130 -1 20276 0.000000000000000 
583 0 5 10870 19240 17815 470 1 -1 -1 8370 -1 20276 0.000000000000000 
583 0 6 17616 19813 -1 -1 -1 -1 -1 2197 -1 20276 0.000000000000000 
588 0 6 6058 17487 -1 -1 -1 -1 -1 11429 -1 20276 0.000000000000000 
590 0 1 20240 -1 -1 -1 -1 -1 -1 3 -1 20276 0.000000000000000 
592 0 5 9399 20039 19755 6816 0 -1 -1 10640 -1 20279 0.000000000000000 
592 0 5 7368 16592 16498 980 1 -1 -1 9224 -1 20279 0.000000000000000 
594 0 6 1202 3702 -1 -1 -1 -1 -1 2500 -1 20279 0.000000000000000 
594 0 5 17338 19916 19298 9390 0 -1 -1 2578 -1 20279 0.000000000000000 
595 0 5 3078 12967 7889 18916 0 -1 -1 9889 -1 20279 0.000000000000000 
596 0 5 12647 14767 13219 7926 1 -1 -1 2120 -1 20279 -0.000270357231427 
596 0 6 10395 15314 -1 -1 -1 -1 -1 4919 -1 20279 0.000000000000000 
600 0 5 5404 19252 16322 1419 0 -1 -1 13848 -1 20279 0.000000000000000 
603 0 6 12869 18434 -1 -1 -1 -1 -1 5565 -1 20279 0.000000000000000 
603 0 6 14578 16413 -1 -1 -1 -1 -1 1835 -1 20279 0.000000000000000 
606 0 3 1119 1520 8238 -1 -1 -1 -1 401 -1 20279 0.000000000000000 
607 0 6 369 15998 -1 -1 -1 -1 -1 15629 -1 20680 -0.000000000000000 
608 0 6 13908 20078 -1 -1 -1 -1 -1 6170 -1 20680 0.000000000000000 
609 0 3 8229 8401 12710 -1 -1 -1 -1 172 -1 20680 0.000000000000000 
610 0 6 12470 17004 -1 -1 -1 -1 -1 4534 -1 20852 0.000000000000000 
610 0 6 6285 13024 -1 -1 -1 -1 -1 6739 -1 20852 -0.001065727149244 
611 0 5 17741 19131 19014 1641 1 -1 -1 1390 -1 20852 0.000000000000000 
619 0 1 17925 -1 -1 -1 -1 -1 -1 1 -1 20852 0.000000000000000 
621 0 6 1042 8279 -1 -1 -1 -1 -1 7237 -1 20853 0.000000000000000 
622 0 5 11663 16308 12511 18511 1 -1 -1 4645 -1 20853 0.000000000000000 
623 0 0 17518 -1 -1 -1 -1 -1 -1 -1 -1 20853 0.000000000000000 
625 0 6 1948 12585 -1 -1 -1 -1 -1 10637 -1 20853 0.000000000000000 
625 0 6 1143 15932 -1 -1 -1 -1 -1 14789 -1 20853 0.000000000000000 
627 0 6 11978 16956 -1 -1 -1 -1 -1 4978 -1 20853 0.000000000000000 
630 0 6 14339 18486 -1 -1 -1 -1 -1 4147 -1 20853 0.000000000000000 
631 0 5 2151 10455 4491 13037 1 -1 -1 8304 -1 20853 0.000000000000000 
631 0 6 112 6972 -1 -1 -1 -1 -1 6860 -1 20853 -0.000000000000000 
634 0 6 4071 9654 -1 -1 -1 -1 -1 5583 -1 20853 0.000000000000000 
638 0 5 4079 17367 8100 1484 0 -1 -1 13288 -1 20853 0.000000000000000 
646 0 6 4087 12806 -1 -1 -1 -1 -1 8719 -1 20853 0.000000000000000 
647 0 6 9322 14117 -1 -1 -1 -1 -1 4795 -1 20853 0.000000000000000 
653 0 6 7649 16057 -1 -1 -1 -1 -1 8408 -1 20853 -0.000000000000000 
653 0 5 3941 5478 4170 10715 1 -1 -1 1537 -1 20853 0.000000000000000 
654 0 2 6523 -1 -1 -1 -1 -1 -1 2 -1 20853 0.000000000000000 
656 0 2 13029 -1 -1 -1 -1 -1 -1 1 -1 20851 0.000000000000000 
659 0 5 2611 17394 10055 20435 0 -1 -1 14783 -1 20850 0.000000000000000 
660 0 6 12995 17877 -1 -1 -1 -1 -1 4882 -1 20850 0.000000000000000 
661 0 5 4085 10440 8769 12018 1 -1 -1 6355 -1 20850 0.000000000000000 
663 0 6 5361 13675 -1 -1 -1 -1 -1 8314 -1 20850 -0.000934202265620 
663 0 5 9401 20797 16061 6846 1 -1 -1 11396 -1 20850 0.000000000000000 
663 0 6 3166 4025 -1 -1 -1 -1 -1 859 -1 20850 0.000000000000000 
668 0 6 1399 8399 -1 -1 -1 -1 -1 7000 -1 20850 -0.000000000000000 
670 0 2 4918 -1 -1 -1 -1 -1 -1 1 -1 20850 0.000000000000000 
672 0 5 2550 10570 2587 15386 0 -1 -1 8020 -1 20849 0.000000000000000 
673 0 6 1364 4883 -1 -1 -1 -1 -1 3519 -1 20849 -0.000303180341867 
675 0 6 367 13818 -1 -1 -1 -1 -1 13451 -1 20849 0.000000000000000 
679 0 5 4723 17093 14987 577 0 -1 -1 12370 -1 20849 0.000000000000000 
683 0 5 15377 15877 15602 19132 1 -1 -1 500 -1 20849 0.000000000000000 
688 0 6 165 13108 -1 -1 -1 -1 -1 12943 -1 20849 -0.000000000000000 
692 0 6 3146 8636 -1 -1 -1 -1 -1 5490 -1 20849 0.000000000000000 
692 0 6 7675 15989 -1 -1 -1 -1 -1 8314 -1 20849 0.000000000000000 
694 0 6 3091 19218 -1 -1 -1 -1 -1 16127 -1 20849 -0.000000000000000 
694 0 5 4195 12768 6073 13505 1 -1 -1 8573 -1 20849 0.000000000000000 
694 0 0 8733 -1 -1 -1 -1 -1 -1 -1 -1 20849 0.000000000000000 
694 0 2 7001 -1 -1 -1 -1 -1 -1 3 -1 20849 0.000000000000000 
700 0 5 1237 13545 2693 1210 0 -1 -1 12308 -1 20846 -0.000350174675760 
703 0 3 4297 5524 18754 -1 -1 -1 -1 1227 -1 20846 0.000000000000000 
703 0 6 10114 14389 -1 -1 -1 -1 -1 4275 -1 22073 -0.000000000000000 
703 0 5 6817 20271 18744 21228 0 -1 -1 13454 -1 22073 0.000000000000000 
707 0 6 7039 13924 -1 -1 -1 -1 -1 6885 -1 22073 -0.000000000000000 
709 0 5 8701 18749 10849 8638 1 -1 -1 10048 -1 22073 0.000000000000000 
711 0 6 8551 8702 -1 -1 -1 -1 -1 151 -1 22073 0.000000000000000 
711 0 6 8306 9039 -1 -1 -1 -1 -1 733 -1 22073 0.000000000000000 
712 0 4 484 2371 -1 -1 -1 -1 -1 1887 -1 22073 0.000000000000000 
713 0 5 9866 11818 11508 1536 1 -1 -1 1952 -1 20186 -0.000000000000000 
723 0 6 5155 15164 -1 -1 -1 -1 -1 10009 -1 20186 -0.000000000000000 
724 0 5 1117 18336 11589 18964 0 -1 -1 17219 -1 20186 0.000000000000000 
725 0 4 7148 8605 -1 -1 -1 -1 -1 1457 -1 20186 0.000000000000000 
728 0 6 10588 16505 -1 -1 -1 -1 -1 5917 -1 18729 0.000000000000000 
728 0 5 6956 12265 11791 298 1 -1 -1 5309 -1 18729 0.000000000000000 
728 0 1 15586 -1 -1 -1 -1 -1 -1 1 -1 18729 0.000000000000000 
732 0 6 2805 4097 -1 -1 -1 -1 -1 1292 -1 18730 0.000000000000000 
732 0 0 1530 -1 -1 -1 -1 -1 -1 -1 -1 18730 0.000000000000000 
734 0 5 2021 15522 7317 16302 1 -1 -1 13501 -1 18730 0.000000000000000 
735 0 6 2197 8521 -1 -1 -1 -1 -1 6324 -1 18730 0.000000000000000 
738 0 6 1543 2038 -1 -1 -1 -1 -1 495 -1 18730 0.000000000000000 
739 0 6 10751 16748 -1 -1 -1 -1 -1 5997 -1 18730 0.000000000000000 
740 0 2 12004 -1 -1 -1 -1 -1 -1 1 -1 18730 0.000000000000000 
743 0 6 17479 18192 -1 -1 -1 -1 -1 713 -1 18729 0.000000000000000 
745 0 6 9983 11012 -1 -1 -1 -1 -1 1029 -1 18729 0.000000000000000 
745 0 5 6049 17553 12512 5597 0 -1 -1 11504 -1 18729 0.000000000000000 
745 0 2 8577 -1 -1 -1 -1 -1 -1 1 -1 18729 0.000000000000000 
746 0 5 1560 5455 4568 12088 1 -1 -1 3895 -1 18728 0.000000000000000 
757 0 6 13433 16144 -1 -1 -1 -1 -1 2711 -1 18728 -0.000282824968568 
762 0 6 3075 11724 -1 -1 -1 -1 -1 8649 -1 18728 0.000000000000000 
765 0 6 10234 14621 -1 -1 -1 -1 -1 4387 -1 18728 0.000000000000000 
766 0 6 12594 15295 -1 -1 -1 -1 -1 2701 -1 18728 0.000000000000000 
767 0 6 9759 11732 -1 -1 -1 -1 -1 1973 -1 18728 0.000000000000000 
768 0 6 4501 7373 -1 -1 -1 -1 -1 2872 -1 18728 0.000000000000000 
768 0 3 17229 17703 14078 -1 -1 -1 -1 474 -1 18728 0.000000000000000 
769 0 6 3530 17993 -1 -1 -1 -1 -1 14463 -1 19202 0.000000000000000 
771 0 5 2447 13480 7162 1244 1 -1 -1 11033 -1 19202 0.000000000000000 
772 0 5 9145 16668 12760 1538 0 -1 -1 7523 -1 19202 0.000000000000000 
777 0 5 10826 17571 11472 6287 1 -1 -1 6745 -1 19202 0.000000000000000 
779 0 6 5782 11121 -1 -1 -1 -1 -1 5339 -1 19202 0.000000000000000 
781 0 6 1441 8386 -1 -1 -1 -1 -1 6945 -1 19202 0.000000000000000 
782 0 6 807 3770 -1 -1 -1 -1 -1 2963 -1 19202 0.000000000000000 
785 0 5 1883 9334 8473 12108 0 -1 -1 7451 -1 19202 0.000000000000000 
787 0 6 15503 18666 -1 -1 -1 -1 -1 3163 -1 19202 0.000000000000000 
790 0 6 2367 16583 -1 -1 -1 -1 -1 14216 -1 19202 -0.000214293186155 
798 0 6 8438 14613 -1 -1 -1 -1 -1 6175 -1 19202 0.000000000000000 
798 0 6 9078 9803 -1 -1 -1 -1 -1 725 -1 19202 0.000000000000000 
805 0 5 12981 14323 13781 18100 0 -1 -1 1342 -1 19202 0.000000000000000 
807 0 5 14258 19197 18516 882 0 -1 -1 4939 -1 19202 0.000000000000000 
808 0 6 16540 17852 -1 -1 -1 -1 -1 1312 -1 19202 0.000000000000000 
809 0 5 10384 10901 10508 15493 1 -1 -1 517 -1 19202 0.000000000000000 
812 0 6 13329 13860 -1 -1 -1 -1 -1 531 -1 19202 0.000000000000000 
821 0 6 4928 8633 -1 -1 -1 -1 -1 3705 -1 19202 0.000000000000000 
822 0 3 2063 2137 207 -1 -1 -1 -1 74 -1 19202 -0.000638363379325 
823 0 2 13278 -1 -1 -1 -1 -1 -1 6 -1 19276 0.000000000000000 
826 0 5 4049 16017 10026 1874 0 -1 -1 11968 -1 19270 0.000000000000000 
827 0 2 12962 -1 -1 -1 -1 -1 -1 1 -1 19270 0.000000000000000 
831 0 6 1406 17446 -1 -1 -1 -1 -1 16040 -1 19269 0.000000000000000 
831 0 5 5898 18613 10819 19121 1 -1 -1 12715 -1 19269 0.000000000000000 
831 0 0 13017 -1 -1 -1 -1 -1 -1 -1 -1 19269 0.000000000000000 
833 0 6 12460 14217 -1 -1 -1 -1 -1 1757 -1 19269 0.000000000000000 
834 0 5 4663 12447 10408 4417 1 -1 -1 7784 -1 19269 0.000000000000000 
836 0 6 7723 18826 -1 -1 -1 -1 -1 11103 -1 19269 0.000000000000000 
837 0 5 10264 19159 18896 3838 0 -1 -1 8895 -1 19269 0.000000000000000 
837 0 0 3398 -1 -1 -1 -1 -1 -1 -1 -1 19269 0.000000000000000 
838 0 3 1959 2104 2756 -1 -1 -1 -1 145 -1 19269 0.000000000000000 
838 0 5 934 5659 4998 8755 0 -1 -1 4725 -1 19414 0.000000000000000 
848 0 5 7425 14089 8508 6532 1 -1 -1 6664 -1 19414 0.000000000000000 
852 0 6 7953 8731 -1 -1 -1 -1 -1 778 -1 19414 0.000000000000000 
852 0 4 19297 181 -1 -1 -1 -1 -1 298 -1 19414 -0.000862207204280 
859 0 5 4377 12691 10782 12955 0 -1 -1 8314 -1 19116 0.000000000000000 
861 0 6 5912 16109 -1 -1 -1 -1 -1 10197 -1 19116 0.000000000000000 
863 0 3 18330 190 16943 -1 -1 -1 -1 976 -1 19116 -0.000227046030595 
865 0 1 8264 -1 -1 -1 -1 -1 -1 5 -1 20092 0.000000000000000 
866 0 6 5267 14667 -1 -1 -1 -1 -1 9400 -1 20097 -0.000000000000000 
873 0 5 12755 13680 12885 14362 1 -1 -1 925 -1 20097 0.000000000000000 
873 0 6 2963 12126 -1 -1 -1 -1 -1 9163 -1 20097 0.000000000000000 
874 0 6 12865 17168 -1 -1 -1 -1 -1 4303 -1 20097 -0.000000000000000 
879 0 6 12980 14133 -1 -1 -1 -1 -1 1153 -1 20097 0.000000000000000 
879 0 0 18941 -1 -1 -1 -1 -1 -1 -1 -1 20097 0.000000000000000 
880 0 5 13962 18037 16992 19130 0 -1 -1 4075 -1 20097 0.000000000000000 
881 0 5 266 12709 8778 14846 0 -1 -1 12443 -1 20097 0.000000000000000 
885 0 6 6494 9751 -1 -1 -1 -1 -1 3257 -1 20097 0.000000000000000 
885 0 5 1185 9679 8627 19569 1 -1 -1 8494 -1 20097 -0.000000000000000 
888 0 0 12668 -1 -1 -1 -1 -1 -1 -1 -1 20097 0.000000000000000 
889 0 6 10446 18102 -1 -1 -1 -1 -1 7656 -1 20097 0.000000000000000 
890 0 5 5260 16646 14894 2080 1 -1 -1 11386 -1 20097 0.000000000000000 
891 0 4 2031 2420 -1 -1 -1 -1 -1 389 -1 20097 0.000000000000000 
892 0 5 11885 18851 12830 625 0 -1 -1 6966 -1 19708 0.000000000000000 
895 0 5 3913 13308 7131 15801 0 -1 -1 9395 -1 19708 0.000000000000000 
895 0 6 1419 1809 -1 -1 -1 -1 -1 390 -1 19708 0.000000000000000 
898 0 0 6396 -1 -1 -1 -1 -1 -1 -1 -1 19708 0.000000000000000 
900 0 5 12952 16880 14543 1234 0 -1 -1 3928 -1 19708 -0.000000000000000 
900 0 5 3862 12741 6453 797 1 -1 -1 8879 -1 19708 0.000000000000000 
903 0 5 11201 19221 11542 19707 0 -1 -1 8020 -1 19708 -0.001282299151644 
906 0 6 11141 15334 -1 -1 -1 -1 -1 4193 -1 19708 0.000000000000000 
910 0 6 2528 11097 -1 -1 -1 -1 -1 8569 -1 19708 0.000000000000000 
911 0 5 8192 19085 11581 4680 0 -1 -1 10893 -1 19708 -0.000000000000000 
913 0 6 2506 3155 -1 -1 -1 -1 -1 649 -1 19708 0.000000000000000 
916 0 6 2932 7408 -1 -1 -1 -1 -1 4476 -1 19708 0.000000000000000 
916 0 5 2450 6996 3807 747 1 -1 -1 4546 -1 19708 0.000000000000000 
916 0 1 14047 -1 -1 -1 -1 -1 -1 2 -1 19708 0.000000000000000 
917 0 6 649 13506 -1 -1 -1 -1 -1 12857 -1 19710 0.000000000000000 
920 0 5 2628 4283 3180 16624 0 -1 -1 1655 -1 19710 0.000000000000000 
921 0 6 10314 14649 -1 -1 -1 -1 -1 4335 -1 19710 0.000000000000000 
928 0 6 14201 18467 -1 -1 -1 -1 -1 4266 -1 19710 0.000000000000000 
935 0 6 10530 15847 -1 -1 -1 -1 -1 5317 -1 19710 0.000000000000000 
937 0 5 5904 18497 13211 4423 1 -1 -1 12593 -1 19710 0.000000000000000 
950 0 6 1978 5486 -1 -1 -1 -1 -1 3508 -1 19710 -0.000000000000000 
950 0 1 6233 -1 -1 -1 -1 -1 -1 1 -1 19710 0.000000000000000 
955 0 6 11736 18162 -1 -1 -1 -1 -1 6426 -1 19711 0.000000000000000 
957 0 2 4405 -1 -1 -1 -1 -1 -1 3 -1 19711 0.000000000000000 
963 0 5 15226 18737 16898 9058 1 -1 -1 3511 -1 19708 0.000000000000000 
965 0 6 173 1983 -1 -1 -1 -1 -1 1810 -1 19708 0.000000000000000 
966 0 5 7266 7723 7352 15930 0 -1 -1 457 -1 19708 -0.000110421749548 
970 0 5 7621 16269 13739 18045 1 -1 -1 8648 -1 19708 0.000000000000000 
971 0 6 2148 4229 -1 -1 -1 -1 -1 2081 -1 19708 0.000000000000000 
975 0 5 150 10433 751 19644 1 -1 -1 10283 -1 19708 0.000000000000000 
981 0 3 19167 366 7797 -1 -1 -1 -1 907 -1 19708 -0.000433970967419 
983 0 0 4190 -1 -1 -1 -1 -1 -1 -1 -1 20615 0.000000000000000 
985 0 6 1528 9240 -1 -1 -1 -1 -1 7712 -1 20615 0.000000000000000 
990 0 5 3655 8627 6896 13970 1 -1 -1 4972 -1 20615 0.000000000000000 
991 0 5 5740 8470 7172 19839 0 -1 -1 2730 -1 20615 0.000000000000000 
991 0 0 18157 -1 -1 -1 -1 -1 -1 -1 -1 20615 0.000000000000000 
992 0 5 10677 16787 14285 3770 1 -1 -1 6110 -1 20615 0.000000000000000 
993 0 5 1750 14931 5753 16829 0 -1 -1 13181 -1 20615 0.000000000000000 
993 0 2 17390 -1 -1 -1 -1 -1 -1 4 -1 20615 0.000000000000000 
997 0 6 16800 20236 -1 -1 -1 -1 -1 3436 -1 20611 0.000000000000000 
998 0 6 5723 7359 -1 -1 -1 -1 -1 1636 -1 20611 -0.000000000000000 
1000 0 6 4628 14425 -1 -1 -1 -1 -1 9797 -1 20611 -0.000000000000000 
1000 0 5 7523 17888 9127 882 0 -1 -1 10365 -1 20611 0.000000000000000 
