# ------------------------------------------
#  Fittest individual non-coding statistics 
# ------------------------------------------
# 
#  1. Generation
#  2. Number of bp not included in any CDS
#  3. Number of bp not included in any functional CDS
#  4. Number of bp not included in any non functional CDS
#  5. Number of bp not included in any RNA
#  6. Number of bp not included in any coding RNA
#  7. Number of bp not included in any non coding RNA
#  8. Number of non essential bp
#  9. Number of non essential bp including non fonctional genes
# 
# NOTE: a bp is considered "essential" when it is part of any [functional] CDS
#   or any promoter or terminator corresponding to an RNA transcribing a [functional] CDS.
# 
0 4939 4939 5000 3933 4876 4057 4906 4906
1 4902 4902 5000 4000 4767 4124 4841 4841
2 4902 4902 5000 4000 4767 4124 4841 4841
3 9679 9679 9838 8027 9481 8275 9585 9585
4 14966 14966 15223 12263 14633 12635 14811 14811
5 12555 12555 12812 10237 12222 10609 12400 12400
6 14966 14966 15223 12263 14633 12635 14811 14811
7 14966 14966 15223 12263 14633 12635 14811 14811
8 14966 14966 15223 12263 14633 12635 14811 14811
9 14966 14966 15223 12263 14633 12635 14811 14811
10 14966 14966 15223 12263 14633 12635 14811 14811
11 10101 10101 10358 8082 9768 8454 9946 9946
12 19961 19961 20218 16436 19628 16808 19806 19806
13 17852 17852 18192 14470 17419 14889 17645 17645
14 21562 21562 21920 17454 21093 18063 21345 21345
15 17328 17328 17625 13933 16922 14418 17144 17144
16 21623 21623 21920 17427 21217 17912 21439 21439
17 21623 21623 21920 17427 21217 17912 21439 21439
18 21623 21623 21920 17427 21217 17912 21439 21439
19 21623 21623 21920 17427 21217 17912 21439 21439
20 21623 21623 21920 17427 21217 17912 21439 21439
21 18254 18254 18591 14653 17760 15266 18037 18037
22 18254 18254 18591 14653 17760 15266 18037 18037
23 21632 21632 21920 17516 21261 17957 21457 21457
24 21632 21632 21920 17516 21261 17957 21457 21457
25 21632 21632 21920 17516 21261 17957 21457 21457
26 26414 26414 26806 21280 25903 21856 26173 26173
27 18227 18227 18591 14662 17769 15266 18020 18020
28 18227 18227 18591 14662 17769 15266 18020 18020
29 21010 21010 21462 16909 20525 17628 20780 20780
30 21010 21010 21462 16909 20525 17628 20780 20780
31 24651 24651 25103 19855 24166 20574 24421 24421
32 24651 24651 25103 19846 24166 20565 24421 24421
33 9859 9859 10199 7905 9378 8530 9643 9643
34 9859 9859 10199 7905 9378 8530 9643 9643
35 9857 9857 10197 7903 9376 8528 9641 9641
36 35055 35055 35680 27907 34102 29158 34645 34645
37 28902 28902 29297 23291 28385 23867 28656 28656
38 28902 28902 29297 23291 28385 23867 28656 28656
39 28902 28902 29297 23291 28385 23867 28656 28656
40 28902 28902 29297 23291 28385 23867 28656 28656
41 28902 28902 29297 23299 28385 23875 28656 28656
42 28902 28902 29297 23278 28385 23854 28656 28656
43 24679 24679 25135 19643 24132 20310 24407 24407
44 24679 24679 25135 19643 24132 20310 24407 24407
45 26602 26602 27119 21305 26025 22063 26304 26304
46 29478 29478 29971 23208 28892 23842 29185 29185
47 27699 27699 28192 21709 27113 22343 27406 27406
48 26954 26954 27447 21095 26368 21729 26661 26661
49 24663 24663 25140 19668 24134 20321 24391 24391
50 24663 24663 25140 19664 24134 20317 24391 24391
51 24663 24663 25140 19625 24134 20278 24391 24391
52 29456 29456 30090 22963 28435 24395 29049 29049
53 29456 29456 30090 22963 28435 24395 29049 29049
54 29456 29456 30090 22963 28435 24395 29049 29049
55 29456 29456 30090 22963 28435 24395 29049 29049
56 29456 29456 30090 22963 28435 24395 29049 29049
57 10431 10431 10851 8060 9845 8881 10165 10165
58 41577 41577 42152 33444 40946 34188 41251 41251
59 13357 13357 13768 10696 12812 11368 13099 13099
60 13357 13357 13768 10696 12812 11368 13099 13099
61 13357 13357 13768 10696 12812 11368 13099 13099
62 13357 13357 13768 10730 12846 11368 13110 13110
63 21582 21582 22120 16877 21003 17621 21264 21264
64 43423 43423 44050 34813 42731 35687 43064 43064
65 43423 43423 44050 34813 42731 35687 43064 43064
66 43423 43423 44050 34871 42731 35745 43064 43064
67 43423 43423 44050 34844 42731 35718 43064 43064
68 43460 43460 44050 34967 42840 35841 43129 43129
69 43460 43460 44050 35009 42840 35883 43129 43129
70 41877 41877 42467 33718 41257 34592 41546 41546
71 46150 46150 46749 37027 45521 37902 45826 45826
72 46150 46150 46749 37084 45521 38068 45826 45826
73 46150 46150 46749 37081 45521 38065 45826 45826
74 13354 13354 13768 10721 12783 11422 13086 13086
75 57496 57496 58217 46213 56767 47310 57120 57120
76 57496 57496 58217 46213 56767 47310 57120 57120
77 57557 57557 58217 46276 56858 47282 57207 57207
78 57557 57557 58217 46165 56858 47171 57207 57207
79 57557 57557 58217 46165 56858 47171 57207 57207
80 57557 57557 58217 46165 56858 47171 57207 57207
81 16197 16197 16648 12988 15557 13708 15904 15904
82 16197 16197 16648 12988 15557 13708 15904 15904
83 16197 16197 16648 12988 15557 13708 15904 15904
84 42905 42905 43626 33809 42136 34946 42529 42529
85 18174 18174 18671 14318 17441 15090 17848 17848
86 18174 18174 18671 14316 17441 15088 17848 17848
87 18174 18174 18671 14284 17441 15056 17848 17848
88 18174 18174 18671 14284 17441 15056 17848 17848
89 18174 18174 18671 14284 17441 15056 17848 17848
90 18174 18174 18671 14284 17441 15056 17848 17848
91 18174 18174 18671 14318 17434 15097 17848 17848
92 18174 18174 18671 14297 17434 15076 17848 17848
93 18174 18174 18671 14289 17553 14932 17881 17881
94 18174 18174 18671 14296 17441 15068 17848 17848
95 18174 18174 18671 14296 17441 15068 17848 17848
96 18174 18174 18671 14296 17441 15068 17848 17848
97 18174 18174 18671 14296 17441 15068 17848 17848
98 19897 19897 20440 15533 19071 16357 19538 19538
99 19897 19897 20440 15533 19071 16357 19538 19538
100 19897 19897 20440 15533 19071 16357 19538 19538
101 23103 23103 23747 17955 22138 19019 22678 22678
102 20997 20997 21540 16268 20171 17092 20638 20638
103 20997 20997 21540 16268 20171 17092 20638 20638
104 31745 31745 32389 24789 30740 25806 31320 31320
105 31745 31745 32389 24890 30740 25907 31320 31320
106 31745 31745 32389 24944 30740 25961 31320 31320
107 31745 31745 32389 24890 30740 25907 31320 31320
108 23095 23095 23748 17899 22132 18970 22672 22672
109 23095 23095 23748 17899 22132 18970 22672 22672
110 23093 23093 23748 17895 22202 18886 22698 22698
111 16597 16597 17151 13076 15845 13827 16268 16268
112 16597 16597 17151 13076 15845 13827 16268 16268
113 16597 16597 17151 13076 15845 13827 16268 16268
114 16597 16597 17151 13076 15845 13827 16268 16268
115 16597 16597 17151 13076 15845 13827 16268 16268
116 16597 16597 17151 13076 15845 13827 16268 16268
117 18543 18543 19189 14655 17695 15507 18166 18166
118 18543 18543 19189 14655 17695 15507 18166 18166
119 18543 18543 19189 14637 17695 15489 18166 18166
120 18543 18543 19189 14637 17695 15489 18166 18166
121 18543 18543 19189 14637 17695 15489 18166 18166
122 18543 18543 19189 14637 17695 15489 18166 18166
123 16599 16599 17153 13088 15826 13855 16249 16249
124 16599 16599 17153 13088 15826 13855 16249 16249
125 16599 16599 17153 13088 15826 13855 16249 16249
126 16796 16796 17350 13285 16023 14052 16446 16446
127 16599 16599 17153 13088 15826 13855 16249 16249
128 16599 16599 17153 13088 15826 13855 16249 16249
129 16599 16599 17153 13088 15826 13855 16249 16249
130 16599 16599 17153 13088 15826 13855 16249 16249
131 16599 16599 17153 13088 15826 13855 16249 16249
132 15744 15744 16350 12372 14843 13176 15389 15389
133 15744 15744 16350 12372 14843 13176 15389 15389
134 15744 15744 16350 12372 14843 13176 15389 15389
135 16581 16581 17153 13072 15811 13803 16237 16237
136 16581 16581 17153 13072 15811 13803 16237 16237
137 16581 16581 17153 13072 15811 13803 16237 16237
138 16581 16581 17153 13047 15795 13778 16237 16237
139 16581 16581 17153 13047 15795 13778 16237 16237
140 14788 14788 15360 11694 14018 12425 14444 14444
141 16581 16581 17153 13102 15811 13833 16237 16237
142 16581 16581 17153 13095 15791 13830 16231 16231
143 16581 16581 17153 13095 15791 13830 16231 16231
144 16581 16581 17153 13095 15791 13830 16231 16231
145 16581 16581 17153 13095 15791 13830 16231 16231
146 16576 16576 17148 13090 15786 13825 16226 16226
147 16581 16581 17153 13095 15791 13830 16231 16231
148 19709 19709 20281 15624 18909 16369 19359 19359
149 18797 18797 19369 14817 18007 15552 18447 18447
150 18797 18797 19369 14817 18007 15552 18447 18447
151 18797 18797 19369 14817 18007 15552 18447 18447
152 16575 16575 17147 13027 15800 13763 16225 16225
153 16575 16575 17147 13027 15800 13763 16225 16225
154 16575 16575 17147 13027 15800 13763 16225 16225
155 16575 16575 17147 13027 15800 13763 16225 16225
156 16584 16584 17153 13100 15840 13802 16250 16250
157 16584 16584 17153 13157 15840 13859 16250 16250
158 16584 16584 17153 13103 15840 13805 16250 16250
159 16584 16584 17153 13103 15840 13805 16250 16250
160 16584 16584 17153 13103 15840 13805 16250 16250
161 16584 16584 17153 13103 15840 13805 16250 16250
162 16584 16584 17153 13103 15840 13805 16250 16250
163 16584 16584 17153 13103 15840 13805 16250 16250
164 16590 16590 17159 13109 15846 13811 16256 16256
165 16585 16585 17157 13059 15815 13790 16241 16241
166 16587 16587 17153 13050 15811 13781 16243 16243
167 16574 16574 17153 13075 15856 13756 16250 16250
168 16574 16574 17153 13075 15856 13756 16250 16250
169 16574 16574 17153 13075 15856 13756 16250 16250
170 16574 16574 17153 13075 15856 13756 16250 16250
171 16574 16574 17153 13075 15856 13756 16250 16250
172 16574 16574 17153 13075 15856 13756 16250 16250
173 16574 16574 17153 13075 15856 13756 16250 16250
174 16574 16574 17153 13075 15856 13756 16250 16250
175 16284 16284 16863 12875 15566 13556 15960 15960
176 16574 16574 17153 13093 15856 13774 16250 16250
177 16574 16574 17153 13093 15856 13774 16250 16250
178 16574 16574 17153 13093 15856 13774 16250 16250
179 16574 16574 17153 13057 15856 13738 16250 16250
180 16580 16580 17153 13029 15878 13710 16256 16256
181 16580 16580 17153 13029 15878 13710 16256 16256
182 16580 16580 17153 13072 15878 13753 16256 16256
183 16580 16580 17153 13072 15878 13753 16256 16256
184 16580 16580 17153 13072 15878 13753 16256 16256
185 16580 16580 17153 13072 15878 13753 16256 16256
186 16586 16586 17159 13141 15884 13822 16262 16262
187 16586 16586 17159 13141 15884 13822 16262 16262
188 16586 16586 17159 13032 15884 13713 16262 16262
189 16580 16580 17153 13072 15878 13753 16256 16256
190 16580 16580 17153 13161 15878 13842 16256 16256
191 16580 16580 17153 13161 15878 13842 16256 16256
192 16586 16586 17159 13108 15884 13789 16262 16262
193 16580 16580 17153 13018 15878 13699 16256 16256
194 18303 18303 18879 14460 17653 15092 17982 17982
195 16580 16580 17153 13018 15878 13699 16256 16256
196 16580 16580 17153 13018 15878 13699 16256 16256
197 16586 16586 17159 13023 15884 13704 16262 16262
198 17827 17827 18403 13672 17131 14401 17497 17497
199 16584 16584 17157 13167 15882 13848 16260 16260
200 16584 16584 17157 13167 15882 13848 16260 16260
201 16584 16584 17157 13167 15882 13848 16260 16260
202 16579 16579 17158 13145 15876 13833 16254 16254
203 16579 16579 17158 13178 15876 13866 16254 16254
204 16579 16579 17158 13178 15876 13866 16254 16254
205 16579 16579 17158 13145 15876 13833 16254 16254
206 16579 16579 17158 13145 15876 13833 16254 16254
207 16579 16579 17158 13271 15876 13959 16254 16254
208 16579 16579 17158 13271 15876 13959 16254 16254
209 13355 13355 13934 10577 12652 11265 13030 13030
210 16578 16578 17157 13144 15875 13832 16253 16253
211 16578 16578 17157 13144 15875 13832 16253 16253
212 16579 16579 17158 13271 15876 13959 16254 16254
213 16579 16579 17158 13224 15876 13912 16254 16254
214 16579 16579 17158 13091 15876 13779 16254 16254
215 16579 16579 17158 13230 15876 13918 16254 16254
216 16581 16581 17160 13093 15878 13781 16256 16256
217 16579 16579 17158 13189 15876 13877 16254 16254
218 16579 16579 17158 13189 15876 13877 16254 16254
219 16579 16579 17158 13189 15876 13877 16254 16254
220 16579 16579 17158 13189 15876 13877 16254 16254
221 16579 16579 17158 13189 15876 13877 16254 16254
222 16579 16579 17158 13189 15876 13877 16254 16254
223 16560 16579 17139 13100 15773 13819 16254 16202
224 18317 18317 18893 14660 17647 15422 18001 18001
225 18317 18317 18893 14685 17647 15447 18001 18001
226 18317 18317 18893 14685 17647 15447 18001 18001
227 18316 18316 18892 14684 17646 15446 18000 18000
228 18317 18317 18893 14685 17647 15447 18001 18001
229 17762 17762 18411 13792 16982 14520 17402 17402
230 17762 17762 18411 13792 16982 14520 17402 17402
231 17762 17762 18411 13792 16982 14520 17402 17402
232 17762 17762 18411 13736 16982 14464 17402 17402
233 17762 17762 18411 13736 16982 14464 17402 17402
234 17762 17762 18411 13778 16982 14488 17402 17402
235 17760 17760 18409 13734 16980 14462 17400 17400
236 17760 17760 18409 13734 16980 14462 17400 17400
237 17762 17762 18411 13885 16982 14613 17402 17402
238 17558 17558 18207 13583 16773 14316 17193 17193
239 17558 17558 18207 13583 16773 14316 17193 17193
240 17558 17558 18207 13583 16773 14316 17193 17193
241 17558 17558 18207 13583 16773 14316 17193 17193
242 17558 17558 18207 13657 16773 14390 17193 17193
243 17762 17762 18411 13815 16995 14515 17413 17413
244 17558 17558 18207 13583 16773 14316 17193 17193
245 17561 17561 18210 13586 16776 14319 17196 17196
246 17558 17558 18207 13583 16773 14316 17193 17193
247 17558 17558 18207 13602 16766 14342 17193 17193
248 17558 17558 18207 13602 16766 14342 17193 17193
249 17558 17558 18207 13605 16766 14345 17193 17193
250 17558 17558 18207 13605 16766 14345 17193 17193
251 17748 17748 18406 13843 16963 14574 17383 17383
252 17748 17748 18406 13843 16963 14574 17383 17383
253 17748 17748 18406 13752 16963 14473 17383 17383
254 17748 17748 18406 13866 16978 14602 17383 17383
255 17748 17748 18406 13891 16963 14622 17383 17383
256 17748 17748 18406 13891 16963 14622 17383 17383
257 19055 19055 19710 14756 18297 15468 18695 18695
258 19055 19055 19710 14756 18297 15468 18695 18695
259 19055 19055 19710 14756 18297 15468 18695 18695
260 19055 19055 19710 14756 18297 15468 18695 18695
261 19348 19348 20003 15012 18590 15724 18988 18988
262 19350 19350 20005 15014 18592 15726 18990 18990
263 19350 19350 20005 15014 18592 15726 18990 18990
264 19350 19350 20005 15014 18592 15726 18990 18990
265 19350 19350 20005 15014 18592 15726 18990 18990
266 19350 19350 20005 14987 18592 15699 18990 18990
267 19350 19350 20005 14987 18592 15699 18990 18990
268 19350 19350 20005 14987 18592 15699 18990 18990
269 19350 19350 20005 14987 18592 15699 18990 18990
270 19350 19350 20005 14987 18592 15699 18990 18990
271 19350 19350 20005 14987 18592 15699 18990 18990
272 26971 26971 27727 21202 26123 22105 26556 26556
273 19350 19350 20005 14902 18592 15614 18990 18990
274 19350 19350 20005 14902 18592 15614 18990 18990
275 19350 19350 20005 14902 18592 15614 18990 18990
276 19350 19350 20005 14902 18592 15614 18990 18990
277 19350 19350 20005 14902 18592 15614 18990 18990
278 19350 19350 20005 14902 18592 15614 18990 18990
279 19350 19350 20005 14902 18592 15614 18990 18990
280 19350 19350 20005 14902 18592 15614 18990 18990
281 19350 19350 20005 14861 18592 15573 18990 18990
282 21137 21137 21807 16599 20360 17334 20778 20778
283 19622 19622 20274 15350 18837 16078 19262 19262
284 21137 21137 21807 16599 20360 17334 20778 20778
285 21137 21137 21807 16599 20360 17334 20778 20778
286 21137 21137 21807 16599 20360 17334 20778 20778
287 21137 21137 21807 16599 20360 17334 20778 20778
288 21137 21137 21807 16599 20360 17334 20778 20778
289 21137 21137 21807 16611 20360 17346 20778 20778
290 21137 21137 21807 16611 20360 17346 20778 20778
291 25233 25233 25943 19497 24436 20303 24840 24840
292 21137 21137 21807 16611 20360 17346 20778 20778
293 21132 21132 21802 16606 20355 17341 20773 20773
294 24543 24543 25280 19316 23735 20149 24157 24157
295 24543 24543 25280 19316 23735 20149 24157 24157
296 24543 24543 25280 19316 23735 20149 24157 24157
297 24543 24543 25280 19316 23735 20149 24157 24157
298 21274 21274 21984 16287 20477 17093 20881 20881
299 21274 21274 21984 16287 20477 17093 20881 20881
300 21274 21274 21984 16347 20477 17153 20881 20881
301 21274 21274 21984 16347 20477 17153 20881 20881
302 24554 24554 25276 19289 23774 20150 24179 24179
303 24554 24554 25276 19289 23774 20150 24179 24179
304 24554 24554 25276 19289 23774 20150 24179 24179
305 24554 24554 25276 19289 23774 20150 24179 24179
306 24554 24554 25276 19287 23774 20148 24179 24179
307 24058 24058 24780 19046 23278 19907 23683 23683
308 24059 24059 24781 19046 23279 19907 23684 23684
309 24059 24059 24781 19046 23279 19907 23684 23684
310 24059 24059 24781 19046 23279 19907 23684 23684
311 24059 24059 24781 19009 23279 19870 23684 23684
312 24059 24059 24781 18931 23279 19792 23684 23684
313 17746 17746 18456 13559 16946 14368 17353 17353
314 17746 17746 18456 13559 16946 14368 17353 17353
315 17738 17738 18456 13604 16888 14476 17334 17334
316 17738 17738 18456 13604 16888 14476 17334 17334
317 17738 17738 18456 13604 16888 14476 17334 17334
318 17738 17738 18456 13604 16888 14476 17334 17334
319 17738 17738 18456 13604 16888 14476 17334 17334
320 17738 17738 18456 13604 16888 14476 17334 17334
321 17738 17738 18456 13604 16888 14476 17334 17334
322 17738 17738 18456 13529 16888 14401 17334 17334
323 17738 17738 18456 13604 16888 14476 17334 17334
324 17738 17738 18456 13600 16888 14472 17334 17334
325 17744 17744 18462 13606 16894 14478 17340 17340
326 17738 17738 18456 13529 16888 14401 17334 17334
327 17739 17739 18457 13530 16889 14402 17335 17335
328 17738 17738 18456 13473 16888 14345 17334 17334
329 17738 17738 18456 13473 16888 14345 17334 17334
330 17743 17743 18461 13701 16893 14573 17339 17339
331 17738 17738 18456 13425 16853 14392 17334 17334
332 16913 16913 17616 13072 16096 13967 16520 16520
333 16913 16913 17616 13072 16096 13967 16520 16520
334 17739 17739 18457 13455 16889 14327 17335 17335
335 17738 17738 18456 13652 16888 14524 17334 17334
336 17739 17739 18457 13455 16889 14327 17335 17335
337 17735 17735 18453 13649 16885 14521 17331 17331
338 17738 17738 18456 13499 16874 14366 17339 17339
339 17742 17742 18460 13546 16857 14421 17337 17337
340 17724 17724 18435 13558 16868 14448 17314 17314
341 17724 17724 18435 13558 16868 14448 17314 17314
342 17733 17733 18451 13647 16883 14519 17329 17329
343 17742 17742 18460 13546 16857 14421 17337 17337
344 17718 17737 18436 13661 16817 14603 17333 17281
345 17733 17733 18451 13647 16883 14519 17329 17329
346 17740 17740 18449 13681 16895 14539 17339 17339
347 17740 17740 18449 13681 16895 14539 17339 17339
348 17740 17740 18449 13669 16895 14527 17339 17339
349 17740 17740 18449 13669 16895 14527 17339 17339
350 17740 17740 18449 13669 16895 14527 17339 17339
351 17740 17740 18449 13669 16895 14527 17339 17339
352 17740 17740 18449 13669 16895 14527 17339 17339
353 17740 17740 18449 13669 16895 14527 17339 17339
354 17740 17740 18449 13669 16895 14527 17339 17339
355 17740 17740 18449 13669 16895 14527 17339 17339
356 15771 15771 16535 12167 14884 13122 15337 15337
357 15771 15771 16535 12167 14884 13122 15337 15337
358 15771 15771 16535 12167 14884 13122 15337 15337
359 15771 15771 16535 12167 14884 13122 15337 15337
360 19721 19721 20485 15553 18853 16599 19287 19287
361 18676 18676 19440 14682 17789 15637 18242 18242
362 18676 18676 19440 14756 17789 15711 18242 18242
363 21883 21883 22635 16808 21025 17722 21450 21450
364 21883 21883 22635 16808 21025 17722 21450 21450
365 21883 21883 22635 16808 21025 17722 21450 21450
366 21883 21883 22635 16808 21025 17722 21450 21450
367 21883 21883 22635 16808 21025 17722 21450 21450
368 21883 21883 22635 16808 21025 17722 21450 21450
369 18457 18476 19227 14151 17466 15163 18042 17990
370 18457 18476 19227 14173 17469 15182 18045 17993
371 21883 21883 22635 16808 21025 17722 21450 21450
372 19181 19181 19951 14988 18272 15971 18747 18747
373 19181 19181 19951 14988 18272 15971 18747 18747
374 19181 19181 19951 14988 18272 15971 18747 18747
375 19181 19181 19951 14988 18272 15971 18747 18747
376 19181 19181 19951 14988 18272 15971 18747 18747
377 19181 19181 19951 14988 18272 15971 18747 18747
378 19181 19181 19951 14988 18272 15971 18747 18747
379 15777 15777 16535 12251 14889 13201 15342 15342
380 15777 15777 16535 12251 14889 13201 15342 15342
381 15777 15777 16535 12251 14889 13201 15342 15342
382 15777 15777 16535 12251 14889 13201 15342 15342
383 15777 15777 16535 12294 14889 13244 15342 15342
384 15782 15782 16540 12256 14894 13206 15347 15347
385 20002 20002 20800 15488 19079 16513 19536 19536
386 20002 20002 20800 15488 19079 16513 19536 19536
387 17585 17585 18383 13630 16662 14655 17119 17119
388 17585 17585 18383 13630 16662 14655 17119 17119
389 18021 18021 18819 13897 17087 14922 17549 17549
390 17585 17585 18383 13646 16662 14665 17119 17119
391 17585 17585 18383 13646 16662 14665 17119 17119
392 15780 15780 16535 12226 14886 13179 15345 15345
393 15780 15780 16535 12226 14886 13179 15345 15345
394 15780 15780 16535 12226 14886 13179 15345 15345
395 15774 15774 16535 12142 14896 13085 15344 15344
396 15774 15774 16535 12142 14896 13085 15344 15344
397 15774 15774 16535 12142 14896 13085 15344 15344
398 15774 15774 16535 12186 14896 13129 15344 15344
399 15774 15774 16535 12186 14896 13129 15344 15344
400 15774 15774 16535 12186 14896 13129 15344 15344
401 15774 15774 16535 12186 14896 13129 15344 15344
402 15774 15774 16535 12229 14896 13172 15344 15344
403 15774 15774 16535 12229 14896 13172 15344 15344
404 15774 15774 16535 12138 14896 13081 15344 15344
405 15774 15774 16535 12105 14896 13048 15344 15344
406 16694 16694 17495 12829 15781 13847 16233 16233
407 16694 16694 17495 12829 15781 13847 16233 16233
408 16694 16694 17495 12829 15781 13847 16233 16233
409 16694 16694 17495 12829 15781 13847 16233 16233
410 17409 17409 18210 13409 16496 14427 16948 16948
411 17409 17409 18210 13409 16496 14427 16948 16948
412 17409 17409 18210 13462 16496 14480 16948 16948
413 17409 17409 18210 13462 16496 14480 16948 16948
414 17409 17409 18210 13462 16496 14480 16948 16948
415 19520 19520 20376 15143 18529 16294 19021 19021
416 17409 17409 18210 13462 16496 14480 16948 16948
417 17409 17409 18210 13462 16496 14480 16948 16948
418 17007 17007 17808 13156 16122 14146 16546 16546
419 17007 17007 17808 13156 16122 14146 16546 16546
420 17007 17007 17808 13156 16122 14146 16546 16546
421 18101 18101 19015 14058 17042 15335 17569 17569
422 18101 18101 19015 14044 17028 15335 17563 17563
423 18101 18101 19015 14044 17028 15335 17563 17563
424 18101 18101 19015 14044 17028 15335 17563 17563
425 18101 18101 19015 14081 17028 15372 17563 17563
426 18101 18101 19015 14081 17028 15372 17563 17563
427 18101 18101 19015 14107 17065 15361 17569 17569
428 18101 18101 19015 14107 17065 15361 17569 17569
429 18086 18086 19015 13995 17015 15272 17554 17554
430 18086 18086 19015 13995 17015 15272 17554 17554
431 18099 18099 19013 14105 17063 15359 17567 17567
432 18099 18099 19013 14105 17063 15359 17567 17567
433 18108 18108 19022 13965 17049 15242 17576 17576
434 18101 18101 19015 13999 17036 15302 17563 17563
435 18101 18101 19015 14047 17028 15338 17563 17563
436 18101 18101 19015 14047 17028 15338 17563 17563
437 18101 18101 19015 14070 17042 15347 17569 17569
438 18101 18101 19015 14070 17042 15347 17569 17569
439 18101 18101 19015 14050 17042 15327 17569 17569
440 18101 18101 19015 13951 17028 15242 17563 17563
441 18101 18101 19015 14039 17028 15330 17569 17569
442 18104 18104 19018 14050 17031 15341 17566 17566
443 18101 18101 19015 14036 17039 15316 17569 17569
444 18101 18101 19015 14036 17039 15316 17569 17569
445 17932 17932 18785 13986 16919 15147 17426 17426
446 17932 17932 18785 13986 16919 15147 17426 17426
447 17932 17932 18785 13986 16919 15147 17426 17426
448 17932 17932 18785 13986 16919 15147 17426 17426
449 17932 17932 18785 13986 16919 15147 17426 17426
450 17932 17932 18785 13986 16919 15147 17426 17426
451 17932 17932 18785 13986 16919 15147 17426 17426
452 17932 17932 18785 13986 16919 15147 17426 17426
453 17932 17932 18785 13986 16919 15147 17426 17426
454 18097 18097 19020 14260 17045 15539 17572 17572
455 18097 18097 19020 14260 17045 15539 17572 17572
456 17381 17381 18295 13658 16328 14832 16847 16847
457 17381 17381 18295 13658 16328 14832 16847 16847
458 17381 17381 18295 13658 16328 14832 16847 16847
459 17381 17381 18295 13658 16328 14832 16847 16847
460 17381 17381 18295 13658 16328 14832 16847 16847
461 17381 17381 18295 13658 16328 14832 16847 16847
462 18158 18158 19020 14252 17170 15406 17666 17666
463 18158 18158 19020 14304 17170 15458 17666 17666
464 18158 18158 19020 14304 17170 15458 17666 17666
465 18158 18158 19020 14304 17170 15458 17666 17666
466 18158 18158 19020 14304 17170 15458 17666 17666
467 18158 18158 19023 14179 17172 15134 17666 17666
468 18158 18158 19023 14179 17172 15134 17666 17666
469 18091 18091 19020 14190 17048 15444 17570 17570
470 18091 18091 19020 14190 17048 15444 17570 17570
471 18091 18091 19020 14190 17048 15444 17570 17570
472 18091 18091 19020 14190 17048 15444 17570 17570
473 18091 18091 19020 14190 17048 15444 17570 17570
474 18091 18091 19020 14190 17048 15444 17570 17570
475 18091 18091 19020 14190 17048 15444 17570 17570
476 18091 18091 19020 14196 17048 15450 17570 17570
477 18091 18091 19020 14187 17048 15441 17570 17570
478 18091 18091 19020 14196 17048 15450 17570 17570
479 18091 18091 19020 14196 17048 15450 17570 17570
480 14825 14825 15754 11552 13805 12783 14304 14304
481 14825 14825 15754 11552 13805 12783 14304 14304
482 14825 14825 15754 11552 13805 12783 14304 14304
483 14825 14825 15754 11552 13805 12783 14304 14304
484 14825 14825 15754 11552 13805 12783 14304 14304
485 14825 14825 15754 11552 13805 12783 14304 14304
486 14825 14825 15754 11552 13805 12783 14304 14304
487 14825 14825 15754 11552 13805 12783 14304 14304
488 14825 14825 15754 11552 13805 12783 14304 14304
489 18091 18091 19023 14074 17013 15465 17570 17570
490 18207 18207 19133 14208 17197 15366 17715 17715
491 18207 18207 19133 14208 17197 15366 17715 17715
492 18207 18207 19133 14208 17197 15366 17715 17715
493 18207 18207 19133 14208 17197 15366 17715 17715
494 18207 18207 19133 14208 17197 15366 17715 17715
495 18207 18207 19133 14208 17197 15366 17715 17715
496 18206 18206 19132 14207 17196 15365 17714 17714
497 18206 18206 19132 14207 17196 15365 17714 17714
498 18206 18206 19132 14207 17196 15365 17714 17714
499 16930 16930 17868 13079 15894 14331 16409 16409
500 18206 18206 19132 14207 17196 15365 17714 17714
501 18206 18206 19132 14201 17196 15359 17714 17714
502 18202 18202 19128 14161 17192 15319 17710 17710
503 18208 18208 19134 14167 17198 15325 17716 17716
504 18204 18204 19130 14163 17194 15321 17712 17712
505 18204 18204 19130 14163 17194 15321 17712 17712
506 18203 18203 19129 14120 17193 15278 17711 17711
507 18204 18204 19130 14093 17194 15251 17712 17712
508 18218 18218 19144 14218 17207 15376 17726 17726
509 18218 18218 19144 14243 17207 15401 17726 17726
510 18218 18218 19144 14243 17207 15401 17726 17726
511 18218 18218 19144 14210 17207 15368 17726 17726
512 18177 18196 19109 14002 17081 15135 17700 17648
513 16372 16372 17283 12670 15381 13865 15900 15900
514 16372 16372 17283 12670 15381 13865 15900 15900
515 16372 16372 17283 12670 15381 13865 15900 15900
516 16372 16372 17283 12670 15381 13865 15900 15900
517 16372 16372 17283 12712 15381 13907 15900 15900
518 16372 16372 17283 12670 15381 13865 15900 15900
519 16372 16372 17283 12670 15381 13865 15900 15900
520 17925 17925 18857 14013 16916 15306 17405 17405
521 17925 17925 18857 14013 16916 15306 17405 17405
522 17925 17925 18857 14013 16916 15306 17405 17405
523 17925 17925 18857 14013 16916 15306 17405 17405
524 17925 17925 18857 14013 16916 15306 17405 17405
525 17925 17925 18857 13987 16916 15280 17405 17405
526 17925 17925 18857 13955 16916 15248 17405 17405
527 17925 17925 18857 14015 16916 15308 17405 17405
528 17925 17925 18857 14015 16916 15308 17405 17405
529 17925 17925 18857 14015 16916 15308 17405 17405
530 17925 17925 18857 14013 16916 15306 17405 17405
531 17925 17925 18857 14015 16916 15308 17405 17405
532 17925 17925 18857 14025 16916 15318 17405 17405
533 17925 17925 18857 14025 16916 15318 17405 17405
534 17925 17925 18857 14025 16916 15318 17405 17405
535 18353 18372 19279 14198 17261 15385 17880 17828
536 18353 18372 19279 14198 17261 15385 17880 17828
537 18353 18372 19279 14198 17261 15385 17880 17828
538 18353 18372 19279 14198 17261 15385 17880 17828
539 18353 18372 19279 14198 17261 15385 17880 17828
540 18353 18372 19279 14198 17261 15385 17880 17828
541 18353 18372 19279 14198 17261 15385 17880 17828
542 18353 18372 19279 14198 17261 15385 17880 17828
543 18353 18372 19279 14198 17261 15385 17880 17828
544 18353 18372 19279 14198 17261 15385 17880 17828
545 18353 18372 19279 14164 17261 15351 17880 17828
546 18353 18372 19279 14164 17261 15351 17880 17828
547 18356 18375 19282 14201 17264 15388 17883 17831
548 18356 18375 19282 14166 17264 15353 17883 17831
549 18353 18372 19279 14164 17261 15351 17880 17828
550 18356 18375 19282 14166 17264 15353 17883 17831
551 18357 18376 19283 14147 17265 15334 17884 17832
552 19344 19363 20325 15044 18217 16252 18838 18786
553 19347 19366 20328 15047 18220 16255 18841 18789
554 19347 19366 20328 15047 18220 16255 18841 18789
555 19347 19366 20328 15047 18220 16255 18841 18789
556 19342 19361 20323 15042 18215 16250 18836 18784
557 19347 19366 20328 15047 18220 16255 18841 18789
558 17918 17918 18850 13748 16937 15035 17399 17399
559 17918 17918 18850 13748 16937 15035 17399 17399
560 17918 17918 18850 13748 16937 15035 17399 17399
561 17918 17918 18850 13748 16937 15035 17399 17399
562 19114 19133 20049 14960 18130 16038 18655 18603
563 19114 19133 20049 14960 18130 16038 18655 18603
564 19108 19127 20043 14929 18124 16007 18649 18597
565 19108 19127 20043 14929 18124 16007 18649 18597
566 19114 19133 20049 15001 18130 16079 18655 18603
567 19179 19198 20101 14945 18131 16093 18703 18651
568 19179 19198 20101 14945 18131 16093 18703 18651
569 19179 19198 20101 14945 18131 16093 18703 18651
570 19179 19198 20101 14945 18131 16093 18703 18651
571 19316 19335 20238 15082 18268 16230 18840 18788
572 19316 19335 20238 15082 18268 16230 18840 18788
573 19316 19335 20238 15082 18268 16230 18840 18788
574 19316 19335 20238 15082 18268 16230 18840 18788
575 19316 19335 20238 15082 18268 16230 18840 18788
576 19316 19335 20238 15123 18268 16271 18840 18788
577 19179 19198 20101 14824 18127 15972 18703 18651
578 19179 19198 20101 14824 18127 15972 18703 18651
579 19179 19198 20101 14944 18131 16092 18703 18651
580 19173 19192 20095 14818 18121 15966 18697 18645
581 19331 19350 20238 15035 18311 16211 18866 18814
582 19173 19192 20095 14818 18121 15966 18697 18645
583 20319 20338 21241 15940 19248 17107 19843 19791
584 20319 20338 21241 15940 19248 17107 19843 19791
585 20319 20338 21241 15940 19248 17107 19843 19791
586 20319 20338 21241 15893 19248 17060 19843 19791
587 20319 20338 21241 15948 19248 17115 19843 19791
588 20319 20338 21241 15906 19248 17073 19843 19791
589 20319 20338 21241 15906 19248 17073 19843 19791
590 20319 20338 21241 15906 19248 17073 19843 19791
591 20319 20338 21241 15906 19248 17073 19843 19791
592 20319 20338 21241 15990 19248 17157 19843 19791
593 20319 20338 21241 15893 19248 17060 19843 19791
594 20319 20338 21241 15875 19248 17042 19843 19791
595 20359 20359 21260 15883 19347 17079 19872 19872
596 20359 20359 21260 15883 19347 17079 19872 19872
597 20359 20359 21260 15883 19347 17079 19872 19872
598 20359 20359 21260 15883 19347 17079 19872 19872
599 20359 20359 21260 15883 19347 17079 19872 19872
600 20359 20359 21260 15870 19347 17066 19872 19872
601 20359 20359 21260 15870 19347 17066 19872 19872
602 20359 20359 21260 15870 19347 17066 19872 19872
603 20359 20359 21260 15846 19343 17046 19872 19872
604 20359 20359 21260 15797 19347 16993 19872 19872
605 20359 20359 21260 15797 19347 16993 19872 19872
606 20354 20354 21255 15920 19343 17115 19868 19868
607 19012 19012 19913 14898 18001 16093 18526 18526
608 20360 20360 21261 15884 19348 17080 19873 19873
609 20360 20360 21261 15884 19348 17080 19873 19873
610 19892 19911 20814 15647 18881 16813 19416 19364
611 20310 20329 21238 15879 19275 16983 19834 19782
612 19892 19911 20814 15613 18881 16779 19416 19364
613 19892 19911 20814 15613 18881 16779 19416 19364
614 19892 19911 20814 15613 18881 16779 19416 19364
615 19892 19911 20814 15613 18881 16779 19416 19364
616 19892 19911 20814 15613 18881 16779 19416 19364
617 19892 19911 20814 15613 18881 16779 19416 19364
618 19892 19911 20814 15613 18881 16779 19416 19364
619 19892 19911 20814 15613 18881 16779 19416 19364
620 19892 19911 20814 15613 18881 16779 19416 19364
621 19887 19906 20809 15608 18876 16774 19411 19359
622 19892 19911 20814 15580 18881 16746 19416 19364
623 19892 19911 20814 15580 18881 16746 19416 19364
624 19892 19911 20814 15580 18881 16746 19416 19364
625 19892 19911 20814 15571 18881 16737 19416 19364
626 19892 19911 20814 15571 18881 16737 19416 19364
627 19892 19911 20814 15571 18881 16737 19416 19364
628 19892 19911 20814 15571 18881 16737 19416 19364
629 19892 19911 20814 15609 18881 16775 19416 19364
630 19892 19911 20814 15593 18881 16757 19416 19364
631 20315 20334 21237 15845 19304 17011 19839 19787
632 19892 19911 20814 15629 18881 16795 19416 19364
633 19883 19902 20808 15718 18879 16880 19407 19355
634 19883 19902 20808 15718 18879 16880 19407 19355
635 19883 19902 20808 15770 18879 16932 19407 19355
636 19881 19900 20806 15724 18877 16886 19405 19353
637 19883 19902 20808 15770 18879 16932 19407 19355
638 19883 19902 20808 15770 18879 16932 19407 19355
639 19883 19902 20808 15807 18879 16969 19407 19355
640 19883 19902 20808 15807 18879 16969 19407 19355
641 19882 19901 20807 15769 18878 16931 19406 19354
642 20354 20354 21267 15872 19385 17034 19867 19867
643 20354 20354 21267 15872 19385 17034 19867 19867
644 20354 20354 21267 15876 19385 17038 19867 19867
645 20354 20354 21267 15872 19385 17034 19867 19867
646 20354 20354 21267 15958 19385 17120 19867 19867
647 20354 20354 21267 15872 19385 17034 19867 19867
648 20354 20354 21267 15872 19385 17034 19867 19867
649 20354 20354 21267 15872 19385 17034 19867 19867
650 20354 20354 21267 15872 19385 17034 19867 19867
651 20354 20354 21267 15876 19385 17038 19867 19867
652 19064 19064 19977 14851 18095 16013 18577 18577
653 19870 19889 20808 15578 18875 16744 19394 19342
654 20354 20354 21267 15831 19385 16993 19867 19867
655 20354 20354 21267 15872 19385 17034 19867 19867
656 20354 20354 21267 15867 19385 17029 19867 19867
657 19062 19062 19975 14925 18088 16092 18575 18575
658 19062 19062 19975 14925 18088 16092 18575 18575
659 19062 19062 19975 14925 18088 16092 18575 18575
660 17713 17713 18626 13761 16744 14923 17226 17226
661 20354 20354 21267 15837 19385 16999 19867 19867
662 20354 20354 21267 15837 19385 16999 19867 19867
663 19882 19882 20831 15633 18955 16770 19389 19389
664 19882 19882 20831 15633 18955 16770 19389 19389
665 19882 19882 20831 15633 18955 16770 19389 19389
666 19882 19882 20831 15633 18955 16770 19389 19389
667 18829 18829 19778 14695 17902 15832 18336 18336
668 18829 18829 19778 14695 17902 15832 18336 18336
669 18829 18829 19778 14695 17902 15832 18336 18336
670 18829 18829 19778 14695 17902 15832 18336 18336
671 19882 19882 20831 15673 18955 16810 19389 19389
672 21502 21502 22451 17078 20575 18215 21009 21009
673 19872 19872 20830 15609 18974 16726 19388 19388
674 19872 19872 20830 15609 18974 16726 19388 19388
675 19872 19872 20830 15609 18974 16726 19388 19388
676 19872 19872 20830 15602 18974 16719 19388 19388
677 19872 19872 20830 15643 18974 16760 19388 19388
678 20959 20959 21917 16576 20061 17693 20475 20475
679 19872 19872 20830 15650 18974 16767 19388 19388
680 19872 19872 20830 15650 18974 16767 19388 19388
681 19872 19872 20830 15650 18974 16767 19388 19388
682 19817 19817 20830 15767 18883 16892 19300 19300
683 19875 19875 20830 15592 18973 16710 19391 19391
684 19872 19872 20830 15689 19004 16776 19388 19388
685 19872 19872 20830 15689 19004 16776 19388 19388
686 19872 19872 20830 15689 19004 16776 19388 19388
687 19432 19432 20390 15340 18534 16457 18948 18948
688 19432 19432 20390 15408 18534 16525 18948 18948
689 19872 19872 20830 15689 19004 16776 19388 19388
690 19874 19874 20832 15723 19006 16810 19390 19390
691 19874 19874 20832 15723 19006 16810 19390 19390
692 19872 19872 20830 15689 19004 16776 19388 19388
693 19872 19872 20830 15691 19004 16778 19388 19388
694 19850 19869 20811 15742 18918 16796 19383 19364
695 19850 19869 20811 15742 18918 16796 19383 19364
696 19850 19869 20811 15742 18918 16796 19383 19364
697 19850 19869 20811 15742 18918 16796 19383 19364
698 19791 19810 20752 15683 18859 16737 19324 19305
699 19791 19810 20752 15683 18859 16737 19324 19305
700 19863 19863 20827 15770 18948 16892 19376 19376
701 19863 19863 20827 15770 18948 16892 19376 19376
702 19863 19863 20827 15770 18948 16892 19376 19376
703 21090 21090 22054 16739 20175 17861 20603 20603
704 21090 21090 22054 16739 20175 17861 20603 20603
705 21090 21090 22054 16739 20175 17861 20603 20603
706 21090 21090 22054 16739 20175 17861 20603 20603
707 21090 21090 22054 16739 20175 17861 20603 20603
708 21090 21090 22054 16739 20175 17861 20603 20603
709 21090 21090 22054 16739 20175 17861 20603 20603
710 21090 21090 22054 16739 20175 17861 20603 20603
711 21090 21090 22054 16696 20175 17818 20603 20603
712 21090 21090 22054 16739 20175 17861 20603 20603
713 21095 21095 22059 16701 20180 17823 20608 20608
714 21095 21095 22059 16701 20180 17823 20608 20608
715 21095 21095 22059 16701 20180 17823 20608 20608
716 21096 21096 22060 16712 20181 17824 20609 20609
717 21095 21095 22059 16701 20180 17823 20608 20608
718 21096 21096 22060 16712 20181 17824 20609 20609
719 21091 21091 22055 16697 20176 17819 20604 20604
720 21096 21096 22060 16687 20181 17799 20609 20609
721 21095 21095 22059 16731 20180 17853 20608 20608
722 21085 21085 22049 16594 20127 17759 20598 20598
723 21093 21093 22057 16711 20178 17833 20606 20606
724 21086 21086 22050 16751 20171 17873 20599 20599
725 21086 21086 22050 16751 20171 17873 20599 20599
726 21086 21086 22050 16751 20171 17873 20599 20599
727 20288 20288 21295 15901 19379 17063 19771 19771
728 20285 20285 21292 15901 19376 17063 19768 19768
729 21094 21094 22058 16770 20179 17902 20607 20607
730 21095 21095 22059 16749 20180 17871 20608 20608
731 21094 21094 22058 16746 20179 17868 20607 20607
732 21094 21094 22058 16746 20179 17868 20607 20607
733 20753 20753 21717 16594 19838 17716 20266 20266
734 21283 21283 22247 16849 20368 17971 20796 20796
735 21283 21283 22247 16849 20368 17971 20796 20796
736 21978 21978 22942 17266 21063 18388 21491 21491
737 21090 21090 22054 16767 20175 17889 20603 20603
738 21090 21090 22054 16767 20175 17889 20603 20603
739 21090 21090 22054 16579 20132 17744 20603 20603
740 21274 21274 22244 16798 20342 17909 20787 20787
741 19188 19188 20167 15204 18262 16337 18701 18701
742 21090 21090 22054 16570 20132 17735 20603 20603
743 19203 19203 20167 15171 18288 16293 18716 18716
744 19201 19205 20153 15190 18305 16300 18718 18714
745 19279 19279 20240 15301 18378 16415 18797 18797
746 19852 19852 20816 15377 18937 16499 19365 19365
747 21096 21096 22060 16752 20182 17883 20610 20610
748 21096 21096 22060 16806 20182 17937 20610 20610
749 21096 21096 22060 16806 20182 17937 20610 20610
750 21096 21096 22060 16806 20182 17937 20610 20610
751 19148 19148 20167 15022 18195 16156 18628 18628
752 19148 19148 20167 15022 18195 16156 18628 18628
753 21096 21096 22060 16806 20182 17937 20610 20610
754 21096 21096 22060 16739 20182 17860 20610 20610
755 21096 21096 22060 16806 20182 17937 20610 20610
756 21096 21096 22060 16673 20182 17804 20610 20610
757 17727 17727 18709 13791 16795 15019 17240 17240
758 17727 17727 18709 13791 16795 15019 17240 17240
759 17727 17727 18709 13791 16795 15019 17240 17240
760 17727 17727 18709 13791 16795 15019 17240 17240
761 17727 17727 18709 13791 16795 15019 17240 17240
762 17672 17672 18709 13823 16699 15063 17152 17152
763 17672 17672 18709 13823 16699 15063 17152 17152
764 17672 17672 18709 13826 16699 15066 17152 17152
765 17672 17672 18709 13823 16699 15063 17152 17152
766 17672 17672 18709 13823 16699 15063 17152 17152
767 17672 17672 18709 13823 16699 15063 17152 17152
768 17672 17672 18709 13823 16699 15063 17152 17152
769 17672 17672 18709 13839 16699 15079 17152 17152
770 17672 17672 18709 13839 16699 15079 17152 17152
771 17672 17672 18709 13839 16699 15079 17152 17152
772 17672 17672 18709 13839 16699 15079 17152 17152
773 17672 17672 18709 13839 16699 15079 17152 17152
774 17672 17672 18709 13839 16699 15079 17152 17152
775 17672 17672 18709 13757 16699 14997 17152 17152
776 17672 17672 18709 13838 16699 15078 17152 17152
777 17672 17672 18709 13838 16699 15078 17152 17152
778 17672 17672 18709 13838 16699 15078 17152 17152
779 17672 17672 18709 13838 16699 15078 17152 17152
780 17672 17672 18709 13838 16699 15078 17152 17152
781 17672 17672 18709 13839 16699 15079 17152 17152
782 17672 17672 18709 13839 16699 15079 17152 17152
783 17666 17666 18703 13868 16693 15108 17146 17146
784 17888 17888 18925 14032 16915 15272 17368 17368
785 17666 17666 18703 13868 16693 15108 17146 17146
786 18095 18095 19132 14170 17122 15410 17575 17575
787 17666 17666 18703 13959 16693 15199 17146 17146
788 17666 17666 18703 13920 16693 15160 17146 17146
789 17891 17891 18928 14026 16918 15266 17371 17371
790 18195 18195 19183 14218 17252 15463 17708 17708
791 18195 18195 19183 14218 17252 15463 17708 17708
792 18195 18195 19183 14218 17252 15463 17708 17708
793 18890 18890 19878 14768 17947 16013 18403 18403
794 18195 18195 19183 14218 17252 15463 17708 17708
795 18195 18195 19183 14218 17252 15463 17708 17708
796 18195 18195 19183 14218 17252 15463 17708 17708
797 18195 18195 19183 14218 17252 15463 17708 17708
798 18193 18193 19181 14216 17250 15461 17706 17706
799 18193 18193 19181 14216 17250 15461 17706 17706
800 18193 18193 19181 14180 17250 15425 17706 17706
801 17965 17965 18953 14053 17022 15298 17478 17478
802 17965 17965 18953 14053 17022 15298 17478 17478
803 17965 17965 18953 14053 17022 15298 17478 17478
804 17965 17965 18953 14053 17022 15298 17478 17478
805 17965 17965 18953 14105 17022 15350 17478 17478
806 17965 17965 18953 13994 17022 15239 17478 17478
807 17965 17965 18953 13994 17022 15239 17478 17478
808 18195 18195 19183 14104 17252 15349 17708 17708
809 18195 18195 19183 14104 17252 15349 17708 17708
810 18195 18195 19183 14104 17252 15349 17708 17708
811 18193 18193 19181 14259 17273 15481 17706 17706
812 18193 18193 19181 14259 17273 15481 17706 17706
813 18193 18193 19181 14200 17250 15445 17706 17706
814 18193 18193 19181 14200 17250 15445 17706 17706
815 18193 18193 19181 14200 17250 15445 17706 17706
816 17687 17687 18675 13872 16744 15117 17200 17200
817 17687 17687 18675 13872 16744 15117 17200 17200
818 18193 18193 19181 14200 17250 15445 17706 17706
819 18193 18193 19181 14192 17250 15437 17706 17706
820 18195 18195 19183 14208 17252 15453 17708 17708
821 18192 18192 19183 14185 17229 15453 17695 17695
822 18217 18217 19257 14154 17195 15527 17697 17697
823 18217 18217 19257 14154 17195 15527 17697 17697
824 18217 18217 19257 14154 17195 15527 17697 17697
825 18211 18211 19251 14148 17189 15521 17691 17691
826 18211 18211 19251 14148 17189 15521 17691 17691
827 18211 18211 19251 14148 17189 15521 17691 17691
828 18211 18211 19251 14148 17189 15521 17691 17691
829 18211 18211 19251 14148 17189 15521 17691 17691
830 18211 18211 19251 14148 17189 15521 17691 17691
831 18217 18217 19257 14154 17195 15527 17697 17697
832 18217 18217 19257 14146 17195 15519 17697 17697
833 18217 18217 19257 14149 17195 15522 17697 17697
834 18217 18217 19257 14146 17195 15519 17697 17697
835 18212 18212 19252 14101 17190 15474 17692 17692
836 18217 18217 19257 14149 17195 15522 17697 17697
837 18212 18212 19252 14101 17190 15474 17692 17692
838 18210 18210 19250 14075 17188 15448 17690 17690
839 18210 18210 19250 14075 17188 15448 17690 17690
840 18210 18210 19250 14075 17188 15448 17690 17690
841 18217 18217 19257 14141 17195 15514 17697 17697
842 19036 19036 20076 14711 18014 16084 18516 18516
843 18210 18210 19250 14056 17188 15429 17690 17690
844 18532 18532 19572 14376 17542 15720 18012 18012
845 18261 18261 19304 14186 17292 15512 17752 17752
846 18261 18261 19304 14186 17292 15512 17752 17752
847 18261 18261 19304 14117 17292 15443 17752 17752
848 18261 18261 19304 14145 17292 15471 17752 17752
849 18261 18261 19304 14145 17292 15471 17752 17752
850 18261 18261 19304 14184 17292 15510 17752 17752
851 18261 18261 19304 14145 17292 15471 17752 17752
852 18030 18030 19097 14035 17053 15393 17513 17513
853 18030 18030 19097 14035 17053 15393 17513 17513
854 18030 18030 19097 14035 17053 15393 17513 17513
855 18030 18030 19097 14035 17053 15393 17513 17513
856 18030 18030 19097 14035 17053 15393 17513 17513
857 18507 18507 19574 14387 17530 15745 17990 17990
858 18507 18507 19574 14387 17530 15745 17990 17990
859 18507 18507 19574 14387 17530 15745 17990 17990
860 18507 18507 19574 14387 17530 15745 17990 17990
861 18507 18507 19574 14387 17530 15745 17990 17990
862 18030 18030 19097 14035 17053 15393 17513 17513
863 18927 18927 20073 14691 17916 16162 18380 18380
864 18927 18927 20073 14691 17916 16162 18380 18380
865 18932 18932 20078 14696 17921 16167 18385 18385
866 18932 18932 20078 14683 17921 16154 18385 18385
867 18932 18932 20078 14683 17921 16154 18385 18385
868 20540 20540 21686 16073 19529 17544 19993 19993
869 20540 20540 21686 16073 19529 17544 19993 19993
870 20540 20540 21686 16073 19529 17544 19993 19993
871 18932 18932 20078 14683 17921 16154 18385 18385
872 18932 18932 20078 14683 17921 16154 18385 18385
873 18929 18929 20075 14699 17918 16170 18382 18382
874 18932 18932 20078 14697 17921 16168 18385 18385
875 18932 18932 20078 14683 17921 16154 18385 18385
876 18514 18514 19581 14431 17537 15789 17997 17997
877 18938 18938 20084 14719 17957 16160 18391 18391
878 18932 18932 20078 14683 17921 16154 18385 18385
879 18938 18938 20084 14683 17957 16124 18391 18391
880 18938 18938 20084 14683 17957 16124 18391 18391
881 18938 18938 20084 14683 17957 16124 18391 18391
882 18938 18938 20084 14683 17957 16124 18391 18391
883 18938 18938 20084 14683 17957 16124 18391 18391
884 18445 18445 19591 14241 17434 15712 17898 17898
885 18445 18445 19591 14241 17434 15712 17898 17898
886 18445 18445 19591 14241 17434 15712 17898 17898
887 18445 18445 19591 14277 17434 15748 17898 17898
888 18938 18938 20084 14689 17927 16160 18391 18391
889 18939 18939 20085 14727 17965 16161 18399 18399
890 18939 18939 20085 14727 17965 16161 18399 18399
891 18940 18940 20086 14730 17966 16164 18400 18400
892 18939 18939 20085 14727 17965 16161 18399 18399
893 18939 18939 20085 14727 17965 16161 18399 18399
894 18939 18939 20085 14824 17965 16258 18399 18399
895 18938 18938 20084 14683 17957 16124 18391 18391
896 18962 18962 20081 14635 17909 16121 18412 18412
897 18962 18962 20081 14635 17909 16121 18412 18412
898 18962 18962 20081 14635 17909 16121 18412 18412
899 18939 18939 20085 14707 17965 16141 18399 18399
900 18935 18935 20081 14789 17961 16223 18395 18395
901 18935 18935 20081 14758 17961 16192 18395 18395
902 18953 18953 20075 14552 17950 15989 18414 18414
903 18567 18567 19689 14382 17542 15817 18017 18017
904 18567 18567 19689 14382 17542 15817 18017 18017
905 18561 18561 19683 14376 17536 15811 18011 18011
906 18567 18567 19689 14284 17542 15719 18017 18017
907 18567 18567 19689 14284 17542 15719 18017 18017
908 18561 18561 19683 14376 17536 15811 18011 18011
909 18567 18567 19689 14284 17542 15719 18017 18017
910 18561 18561 19683 14376 17536 15811 18011 18011
911 18561 18561 19683 14376 17536 15811 18011 18011
912 18566 18566 19688 14381 17541 15816 18016 18016
913 18566 18566 19688 14381 17541 15816 18016 18016
914 18566 18566 19688 14381 17541 15816 18016 18016
915 18497 18497 19686 14312 17406 15880 17924 17924
916 18497 18497 19686 14312 17406 15880 17924 17924
917 18497 18497 19686 14312 17406 15880 17924 17924
918 18947 18947 20078 14608 17961 16039 18397 18397
919 18947 18947 20078 14608 17961 16039 18397 18397
920 18947 18947 20078 14608 17961 16039 18397 18397
921 18947 18947 20078 14608 17961 16039 18397 18397
922 18947 18947 20078 14608 17961 16039 18397 18397
923 18947 18947 20078 14608 17961 16039 18397 18397
924 18947 18947 20078 14608 17961 16039 18397 18397
925 18947 18947 20078 14608 17961 16039 18397 18397
926 18947 18947 20078 14608 17961 16039 18397 18397
927 18940 18940 20071 14640 17954 16071 18390 18390
928 18940 18940 20071 14640 17954 16071 18390 18390
929 18940 18940 20071 14640 17954 16071 18390 18390
930 18947 18947 20078 14590 17961 16021 18397 18397
931 18928 18947 20050 14574 17945 16021 18397 18380
932 18940 18940 20071 14668 17954 16099 18390 18390
933 16401 16401 17526 12638 15375 14077 15848 15848
934 16401 16401 17526 12638 15375 14077 15848 15848
935 16401 16401 17526 12638 15375 14077 15848 15848
936 16401 16401 17526 12638 15375 14077 15848 15848
937 18947 18947 20078 14538 17961 15969 18397 18397
938 18947 18947 20078 14538 17961 15969 18397 18397
939 20845 20845 21964 16546 19826 17972 20301 20301
940 18968 18968 20078 14611 17975 16028 18415 18415
941 18968 18968 20078 14611 17975 16028 18415 18415
942 18968 18968 20078 14611 17975 16028 18415 18415
943 18968 18968 20078 14611 17975 16028 18415 18415
944 18859 18859 19978 14812 17835 16253 18310 18310
945 18968 18968 20078 14611 17975 16028 18415 18415
946 18968 18968 20078 14579 17975 15996 18415 18415
947 18968 18968 20078 14611 17975 16028 18415 18415
948 18968 18968 20078 14611 17975 16028 18415 18415
949 18968 18968 20078 14611 17975 16028 18415 18415
950 18968 18968 20078 14611 17975 16028 18415 18415
951 18968 18968 20078 14611 17975 16028 18415 18415
952 18557 18557 19679 14338 17548 15735 18003 18003
953 18968 18968 20081 14629 17982 16042 18421 18421
954 16119 16119 17299 12481 14981 14072 15536 15536
955 18965 18965 20078 14626 17979 16039 18418 18418
956 18575 18575 19694 14323 17554 15761 18026 18026
957 18574 18574 19693 14322 17553 15760 18025 18025
958 18574 18574 19693 14322 17553 15760 18025 18025
959 18574 18574 19693 14322 17553 15760 18025 18025
960 18574 18574 19693 14322 17553 15760 18025 18025
961 18574 18574 19693 14322 17553 15760 18025 18025
962 18574 18574 19693 14322 17553 15760 18025 18025
963 18574 18574 19693 14322 17553 15760 18025 18025
964 18556 18556 19678 14375 17517 15824 18004 18004
965 18556 18556 19678 14375 17517 15824 18004 18004
966 18556 18556 19678 14416 17517 15865 18004 18004
967 18556 18556 19678 14416 17517 15865 18004 18004
968 18556 18556 19678 14416 17517 15865 18004 18004
969 18556 18556 19678 14428 17529 15865 18004 18004
970 18556 18556 19678 14428 17529 15865 18004 18004
971 18556 18556 19678 14428 17529 15865 18004 18004
972 18556 18556 19678 14430 17517 15879 18004 18004
973 18554 18554 19676 14428 17515 15877 18002 18002
974 18554 18554 19676 14428 17515 15877 18002 18002
975 18554 18554 19676 14428 17515 15877 18002 18002
976 18556 18556 19678 14446 17517 15895 18004 18004
977 18556 18556 19678 14446 17517 15895 18004 18004
978 18556 18556 19678 14446 17517 15895 18004 18004
979 18556 18556 19678 14446 17517 15895 18004 18004
980 18556 18556 19678 14446 17517 15895 18004 18004
981 19455 19455 20596 15093 18416 16523 18876 18876
982 19455 19455 20596 15093 18416 16523 18876 18876
983 19455 19455 20596 15093 18416 16523 18876 18876
984 19455 19455 20596 15093 18416 16523 18876 18876
985 19455 19455 20596 15093 18416 16523 18876 18876
986 19455 19455 20596 15093 18416 16523 18876 18876
987 19455 19455 20596 15093 18416 16523 18876 18876
988 19452 19452 20593 15087 18410 16520 18873 18873
989 19455 19455 20596 15093 18416 16523 18876 18876
990 19451 19451 20592 15091 18412 16521 18872 18872
991 19455 19455 20596 15093 18416 16523 18876 18876
992 19452 19452 20593 15078 18413 16508 18873 18873
993 19455 19455 20596 15093 18416 16523 18876 18876
994 19457 19457 20598 15095 18418 16525 18878 18878
995 19457 19457 20598 15095 18418 16525 18878 18878
996 19454 19454 20595 15078 18415 16508 18875 18875
997 18697 18697 19838 14481 17658 15911 18118 18118
998 18700 18700 19841 14484 17661 15914 18121 18121
999 19452 19452 20593 15117 18413 16547 18873 18873
1000 19452 19452 20593 15117 18413 16547 18873 18873
