# ------------------------------------
#  Fittest individual gene statistics 
# ------------------------------------
# 
#  1. Generation
#  2. Number of coding RNAs (at least one gene on RNA)
#  3. Number of non-coding RNAs
#  4. Average size of coding RNAs (at least one gene on RNA)
#  5. Average size of non-coding RNAs
#  6. Number of functional genes
#  7. Nb of non functional genes
#  8. Average size of functional genes
#  9. Average size of non functional genes (WARNING : bias towards 0)
# 
0 1 19 102.000000 29.736842 1 0 45.000000 0.000000 
1 2 18 94.500000 28.888889 2 0 33.000000 0.000000 
2 2 18 94.500000 28.888889 2 0 33.000000 0.000000 
3 3 34 97.000000 28.588235 3 0 37.000000 0.000000 
4 5 55 96.000000 30.036364 5 0 35.400000 0.000000 
5 5 46 96.000000 30.978261 5 0 35.400000 0.000000 
6 5 55 96.000000 30.036364 5 0 35.400000 0.000000 
7 5 55 96.000000 30.036364 5 0 35.400000 0.000000 
8 5 55 96.000000 30.036364 5 0 35.400000 0.000000 
9 5 55 96.000000 30.036364 5 0 35.400000 0.000000 
10 5 55 96.000000 30.036364 5 0 35.400000 0.000000 
11 5 40 96.000000 27.700000 5 0 35.400000 0.000000 
12 5 74 96.000000 28.675676 5 0 35.400000 0.000000 
13 7 67 88.428571 28.417910 7 0 32.571429 0.000000 
14 7 77 96.142857 29.155844 7 0 35.142857 0.000000 
15 6 63 95.166667 30.253968 6 0 33.500000 0.000000 
16 6 79 95.166667 29.772152 6 0 33.500000 0.000000 
17 6 79 95.166667 29.772152 6 0 33.500000 0.000000 
18 6 79 95.166667 29.772152 6 0 33.500000 0.000000 
19 6 79 95.166667 29.772152 6 0 33.500000 0.000000 
20 6 79 95.166667 29.772152 6 0 33.500000 0.000000 
21 7 65 96.714286 29.984615 7 0 32.142857 0.000000 
22 7 65 96.714286 29.984615 7 0 32.142857 0.000000 
23 6 79 87.833333 29.329114 6 0 32.000000 0.000000 
24 6 79 87.833333 29.329114 6 0 32.000000 0.000000 
25 6 79 87.833333 29.329114 6 0 32.000000 0.000000 
26 8 96 90.875000 30.562500 8 0 33.000000 0.000000 
27 7 65 95.428571 29.984615 7 0 36.000000 0.000000 
28 7 65 95.428571 29.984615 7 0 36.000000 0.000000 
29 8 75 95.125000 30.026667 8 0 40.500000 0.000000 
30 8 75 95.125000 30.026667 8 0 40.500000 0.000000 
31 8 88 95.125000 30.477273 8 0 40.500000 0.000000 
32 8 88 95.125000 30.704545 8 0 40.500000 0.000000 
33 7 35 95.285714 27.971429 7 0 32.571429 0.000000 
34 7 35 95.285714 27.971429 7 0 32.571429 0.000000 
35 7 35 95.285714 27.971429 7 0 32.571429 0.000000 
36 13 128 99.384615 30.085938 13 0 32.076923 0.000000 
37 8 104 92.000000 31.201923 8 0 33.375000 0.000000 
38 8 104 92.000000 31.201923 8 0 33.375000 0.000000 
39 8 104 92.000000 31.201923 8 0 33.375000 0.000000 
40 8 104 92.000000 31.201923 8 0 33.375000 0.000000 
41 8 105 92.000000 30.619048 8 0 33.375000 0.000000 
42 8 106 92.000000 30.320755 8 0 33.375000 0.000000 
43 9 94 89.444444 30.276596 9 0 34.666667 0.000000 
44 9 94 89.444444 30.276596 9 0 34.666667 0.000000 
45 10 100 87.400000 29.520000 10 0 35.700000 0.000000 
46 10 116 85.900000 32.129310 10 0 33.300000 0.000000 
47 10 111 85.900000 31.981982 10 0 33.300000 0.000000 
48 10 110 85.900000 31.581818 10 0 33.300000 0.000000 
49 9 94 89.777778 30.212766 9 0 37.000000 0.000000 
50 9 94 89.777778 30.180851 9 0 37.000000 0.000000 
51 9 95 89.777778 30.042105 9 0 37.000000 0.000000 
52 13 119 105.307692 28.268908 13 0 32.769231 0.000000 
53 13 119 105.307692 28.268908 13 0 32.769231 0.000000 
54 13 119 105.307692 28.268908 13 0 32.769231 0.000000 
55 13 119 105.307692 28.268908 13 0 32.769231 0.000000 
56 13 119 105.307692 28.268908 13 0 32.769231 0.000000 
57 9 41 89.777778 28.780488 9 0 30.666667 0.000000 
58 11 156 87.636364 30.083333 11 0 36.272727 0.000000 
59 9 51 84.222222 28.686275 9 0 29.666667 0.000000 
60 9 51 84.222222 28.686275 9 0 29.666667 0.000000 
61 9 51 84.222222 28.686275 9 0 29.666667 0.000000 
62 9 51 81.666667 28.686275 9 0 29.666667 0.000000 
63 11 83 89.454545 32.879518 10 0 37.800000 0.000000 
64 12 164 87.916667 30.079268 12 0 36.250000 0.000000 
65 12 164 87.916667 30.079268 12 0 36.250000 0.000000 
66 12 163 87.916667 30.042945 12 0 36.250000 0.000000 
67 12 163 87.916667 30.165644 12 0 36.250000 0.000000 
68 11 163 88.000000 29.895706 11 0 37.636364 0.000000 
69 11 162 88.000000 29.956790 11 0 37.636364 0.000000 
70 11 155 88.000000 30.374194 11 0 37.636364 0.000000 
71 11 174 89.636364 29.844828 11 0 38.454545 0.000000 
72 11 173 89.636364 29.184971 11 0 38.454545 0.000000 
73 11 173 89.636364 29.161850 11 0 38.454545 0.000000 
74 9 50 87.444444 28.620000 9 0 30.000000 0.000000 
75 13 214 89.538462 29.943925 13 0 39.461538 0.000000 
76 13 214 89.538462 29.943925 13 0 39.461538 0.000000 
77 12 214 91.250000 30.042056 12 0 39.000000 0.000000 
78 12 216 91.250000 30.074074 12 0 39.000000 0.000000 
79 12 216 91.250000 30.074074 12 0 39.000000 0.000000 
80 12 216 91.250000 30.074074 12 0 39.000000 0.000000 
81 10 61 87.100000 29.229508 10 0 29.100000 0.000000 
82 10 61 87.100000 29.229508 10 0 29.100000 0.000000 
83 10 61 87.100000 29.229508 10 0 29.100000 0.000000 
84 13 168 92.615385 30.196429 13 0 39.461538 0.000000 
85 11 72 89.818182 30.847222 11 0 29.181818 0.000000 
86 11 72 89.818182 30.875000 11 0 29.181818 0.000000 
87 11 72 89.818182 31.319444 11 0 29.181818 0.000000 
88 11 72 89.818182 31.319444 11 0 29.181818 0.000000 
89 11 72 89.818182 31.319444 11 0 29.181818 0.000000 
90 11 72 89.818182 31.319444 11 0 29.181818 0.000000 
91 11 72 90.454545 30.750000 11 0 29.181818 0.000000 
92 11 73 90.454545 31.054795 11 0 29.181818 0.000000 
93 10 73 89.800000 32.287671 11 0 29.181818 0.000000 
94 11 73 89.818182 30.575342 11 0 29.181818 0.000000 
95 11 73 89.818182 30.575342 11 0 29.181818 0.000000 
96 11 73 89.818182 30.575342 11 0 29.181818 0.000000 
97 11 73 89.818182 30.575342 11 0 29.181818 0.000000 
98 12 80 92.083333 31.975000 12 0 29.250000 0.000000 
99 12 80 92.083333 31.975000 12 0 29.250000 0.000000 
100 12 80 92.083333 31.975000 12 0 29.250000 0.000000 
101 14 95 92.928571 31.000000 14 0 30.000000 0.000000 
102 12 89 92.083333 31.056180 12 0 29.250000 0.000000 
103 12 89 92.083333 31.056180 12 0 29.250000 0.000000 
104 14 134 95.785714 30.432836 14 0 30.000000 0.000000 
105 14 134 95.785714 29.813433 14 0 30.000000 0.000000 
106 14 132 95.785714 29.977273 14 0 30.000000 0.000000 
107 14 134 95.785714 29.813433 14 0 30.000000 0.000000 
108 14 95 93.428571 31.526316 14 0 30.642857 0.000000 
109 14 95 93.428571 31.526316 14 0 30.642857 0.000000 
110 13 97 96.923077 32.577320 14 0 34.071429 0.000000 
111 11 67 96.727273 33.567164 12 0 34.000000 0.000000 
112 11 67 96.727273 33.567164 12 0 34.000000 0.000000 
113 11 67 96.727273 33.567164 12 0 34.000000 0.000000 
114 11 67 96.727273 33.567164 12 0 34.000000 0.000000 
115 11 67 96.727273 33.567164 12 0 34.000000 0.000000 
116 11 67 96.727273 33.567164 12 0 34.000000 0.000000 
117 13 75 92.923077 32.946667 14 0 33.428571 0.000000 
118 13 75 92.923077 32.946667 14 0 33.428571 0.000000 
119 13 75 92.923077 33.186667 14 0 33.428571 0.000000 
120 13 75 92.923077 33.186667 14 0 33.428571 0.000000 
121 13 75 92.923077 33.186667 14 0 33.428571 0.000000 
122 13 75 92.923077 33.186667 14 0 33.428571 0.000000 
123 12 66 98.750000 34.015152 12 0 34.000000 0.000000 
124 12 66 98.750000 34.015152 12 0 34.000000 0.000000 
125 12 66 98.750000 34.015152 12 0 34.000000 0.000000 
126 12 66 98.750000 34.015152 12 0 34.000000 0.000000 
127 12 66 98.750000 34.015152 12 0 34.000000 0.000000 
128 12 66 98.750000 34.015152 12 0 34.000000 0.000000 
129 12 66 98.750000 34.015152 12 0 34.000000 0.000000 
130 12 66 98.750000 34.015152 12 0 34.000000 0.000000 
131 12 66 98.750000 34.015152 12 0 34.000000 0.000000 
132 12 63 103.583333 33.476190 13 0 34.153846 0.000000 
133 12 63 103.583333 33.476190 13 0 34.153846 0.000000 
134 12 63 103.583333 33.476190 13 0 34.153846 0.000000 
135 12 68 100.500000 34.970588 12 0 35.500000 0.000000 
136 12 68 100.500000 34.970588 12 0 35.500000 0.000000 
137 12 68 100.500000 34.970588 12 0 35.500000 0.000000 
138 12 68 101.833333 34.926471 12 0 35.500000 0.000000 
139 12 68 101.833333 34.926471 12 0 35.500000 0.000000 
140 12 58 100.500000 36.396552 12 0 35.500000 0.000000 
141 12 68 100.500000 34.529412 12 0 35.500000 0.000000 
142 12 67 101.666667 35.000000 12 0 35.500000 0.000000 
143 12 67 101.666667 35.000000 12 0 35.500000 0.000000 
144 12 67 101.666667 35.000000 12 0 35.500000 0.000000 
145 12 67 101.666667 35.000000 12 0 35.500000 0.000000 
146 12 67 101.666667 35.000000 12 0 35.500000 0.000000 
147 12 67 101.666667 35.000000 12 0 35.500000 0.000000 
148 12 81 102.500000 33.308642 12 0 35.500000 0.000000 
149 12 77 101.666667 34.870130 12 0 35.500000 0.000000 
150 12 77 101.666667 34.870130 12 0 35.500000 0.000000 
151 12 77 101.666667 34.870130 12 0 35.500000 0.000000 
152 12 68 100.416667 34.897059 12 0 35.500000 0.000000 
153 12 68 100.416667 34.897059 12 0 35.500000 0.000000 
154 12 68 100.416667 34.897059 12 0 35.500000 0.000000 
155 12 68 100.416667 34.897059 12 0 35.500000 0.000000 
156 12 69 98.083333 34.318841 12 0 35.250000 0.000000 
157 12 68 98.083333 34.308824 12 0 35.250000 0.000000 
158 12 69 98.083333 34.275362 12 0 35.250000 0.000000 
159 12 69 98.083333 34.275362 12 0 35.250000 0.000000 
160 12 69 98.083333 34.275362 12 0 35.250000 0.000000 
161 12 69 98.083333 34.275362 12 0 35.250000 0.000000 
162 12 69 98.083333 34.275362 12 0 35.250000 0.000000 
163 12 69 98.083333 34.275362 12 0 35.250000 0.000000 
164 12 69 98.083333 34.275362 12 0 35.250000 0.000000 
165 12 68 100.500000 34.647059 12 0 35.500000 0.000000 
166 12 69 100.500000 34.057971 12 0 35.000000 0.000000 
167 12 70 127.416667 34.171429 12 0 36.250000 0.000000 
168 12 70 127.416667 34.171429 12 0 36.250000 0.000000 
169 12 70 127.416667 34.171429 12 0 36.250000 0.000000 
170 12 70 127.416667 34.171429 12 0 36.250000 0.000000 
171 12 70 127.416667 34.171429 12 0 36.250000 0.000000 
172 12 70 127.416667 34.171429 12 0 36.250000 0.000000 
173 12 70 127.416667 34.171429 12 0 36.250000 0.000000 
174 12 70 127.416667 34.171429 12 0 36.250000 0.000000 
175 12 68 127.416667 34.500000 12 0 36.250000 0.000000 
176 12 70 127.416667 33.914286 12 0 36.250000 0.000000 
177 12 70 127.416667 33.914286 12 0 36.250000 0.000000 
178 12 70 127.416667 33.914286 12 0 36.250000 0.000000 
179 12 71 127.416667 34.028169 12 0 36.250000 0.000000 
180 12 72 125.583333 33.250000 12 0 35.250000 0.000000 
181 12 72 125.583333 33.250000 12 0 35.250000 0.000000 
182 12 71 125.583333 33.267606 12 0 35.250000 0.000000 
183 12 71 125.583333 33.267606 12 0 35.250000 0.000000 
184 12 71 125.583333 33.267606 12 0 35.250000 0.000000 
185 12 71 125.583333 33.267606 12 0 35.250000 0.000000 
186 12 71 125.583333 33.000000 12 0 35.250000 0.000000 
187 12 71 125.583333 33.000000 12 0 35.250000 0.000000 
188 12 74 125.583333 32.378378 12 0 35.250000 0.000000 
189 12 71 125.583333 33.267606 12 0 35.250000 0.000000 
190 12 70 125.583333 32.785714 12 0 35.250000 0.000000 
191 12 70 125.583333 32.785714 12 0 35.250000 0.000000 
192 12 73 125.583333 32.082192 12 0 35.250000 0.000000 
193 12 73 125.583333 32.643836 12 0 35.250000 0.000000 
194 12 79 121.500000 32.772152 12 0 35.500000 0.000000 
195 12 73 125.583333 32.643836 12 0 35.250000 0.000000 
196 12 73 125.583333 32.643836 12 0 35.250000 0.000000 
197 12 73 125.583333 32.506849 12 0 35.250000 0.000000 
198 12 84 124.833333 32.845238 12 0 35.500000 0.000000 
199 12 71 125.583333 32.647887 12 0 35.250000 0.000000 
200 12 71 125.583333 32.647887 12 0 35.250000 0.000000 
201 12 71 125.583333 32.647887 12 0 35.250000 0.000000 
202 12 70 126.166667 32.985714 12 0 35.750000 0.000000 
203 12 70 126.166667 32.542857 12 0 35.750000 0.000000 
204 12 70 126.166667 32.542857 12 0 35.750000 0.000000 
205 12 70 126.166667 32.985714 12 0 35.750000 0.000000 
206 12 70 126.166667 32.985714 12 0 35.750000 0.000000 
207 12 69 126.166667 31.956522 12 0 35.750000 0.000000 
208 12 69 126.166667 31.956522 12 0 35.750000 0.000000 
209 12 54 126.166667 35.074074 12 0 35.750000 0.000000 
210 12 70 126.166667 32.985714 12 0 35.750000 0.000000 
211 12 70 126.166667 32.985714 12 0 35.750000 0.000000 
212 12 69 126.166667 31.956522 12 0 35.750000 0.000000 
213 12 70 126.166667 31.857143 12 0 35.750000 0.000000 
214 12 71 126.166667 33.098592 12 0 35.750000 0.000000 
215 12 70 126.166667 31.771429 12 0 35.750000 0.000000 
216 12 71 126.166667 33.098592 12 0 35.750000 0.000000 
217 12 71 126.166667 31.591549 12 0 35.750000 0.000000 
218 12 71 126.166667 31.591549 12 0 35.750000 0.000000 
219 12 71 126.166667 31.591549 12 0 35.750000 0.000000 
220 12 71 126.166667 31.591549 12 0 35.750000 0.000000 
221 12 71 126.166667 31.591549 12 0 35.750000 0.000000 
222 12 71 126.166667 31.591549 12 0 35.750000 0.000000 
223 13 70 122.692308 32.628571 12 1 35.750000 9.000000 
224 12 75 123.166667 32.560000 12 0 35.500000 0.000000 
225 12 75 123.166667 32.226667 12 0 35.500000 0.000000 
226 12 75 123.166667 32.226667 12 0 35.500000 0.000000 
227 12 75 123.166667 32.226667 12 0 35.500000 0.000000 
228 12 75 123.166667 32.226667 12 0 35.500000 0.000000 
229 13 81 125.615385 34.851852 13 0 37.153846 0.000000 
230 13 81 125.615385 34.851852 13 0 37.153846 0.000000 
231 13 81 125.615385 34.851852 13 0 37.153846 0.000000 
232 13 82 125.615385 34.841463 13 0 37.153846 0.000000 
233 13 82 125.615385 34.841463 13 0 37.153846 0.000000 
234 13 82 125.615385 34.548780 13 0 37.153846 0.000000 
235 13 82 125.615385 34.841463 13 0 37.153846 0.000000 
236 13 82 125.615385 34.841463 13 0 37.153846 0.000000 
237 13 81 125.615385 33.703704 13 0 37.153846 0.000000 
238 13 81 126.000000 34.851852 13 0 37.153846 0.000000 
239 13 81 126.000000 34.851852 13 0 37.153846 0.000000 
240 13 81 126.000000 34.851852 13 0 37.153846 0.000000 
241 13 81 126.000000 34.851852 13 0 37.153846 0.000000 
242 13 80 126.000000 34.637500 13 0 37.153846 0.000000 
243 13 82 124.615385 34.695122 13 0 37.153846 0.000000 
244 13 81 126.000000 34.851852 13 0 37.153846 0.000000 
245 13 81 126.000000 34.851852 13 0 37.153846 0.000000 
246 13 81 126.000000 34.851852 13 0 37.153846 0.000000 
247 13 80 126.538462 35.100000 13 0 37.153846 0.000000 
248 13 80 126.538462 35.100000 13 0 37.153846 0.000000 
249 13 80 126.538462 35.062500 13 0 37.153846 0.000000 
250 13 80 126.538462 35.062500 13 0 37.153846 0.000000 
251 13 81 126.692308 34.172840 13 0 37.846154 0.000000 
252 13 81 126.692308 34.172840 13 0 37.846154 0.000000 
253 13 82 126.692308 34.719512 13 0 37.846154 0.000000 
254 13 80 125.538462 32.737500 13 0 37.846154 0.000000 
255 13 80 126.692308 34.275000 13 0 37.846154 0.000000 
256 13 80 126.692308 34.275000 13 0 37.846154 0.000000 
257 13 89 124.384615 34.191011 13 0 37.615385 0.000000 
258 13 89 124.384615 34.191011 13 0 37.615385 0.000000 
259 13 89 124.384615 34.191011 13 0 37.615385 0.000000 
260 13 89 124.384615 34.191011 13 0 37.615385 0.000000 
261 13 89 124.384615 34.606742 13 0 37.615385 0.000000 
262 13 89 124.384615 34.606742 13 0 37.615385 0.000000 
263 13 89 124.384615 34.606742 13 0 37.615385 0.000000 
264 13 89 124.384615 34.606742 13 0 37.615385 0.000000 
265 13 89 124.384615 34.606742 13 0 37.615385 0.000000 
266 13 89 124.384615 34.910112 13 0 37.615385 0.000000 
267 13 89 124.384615 34.910112 13 0 37.615385 0.000000 
268 13 89 124.384615 34.910112 13 0 37.615385 0.000000 
269 13 89 124.384615 34.910112 13 0 37.615385 0.000000 
270 13 89 124.384615 34.910112 13 0 37.615385 0.000000 
271 13 89 124.384615 34.910112 13 0 37.615385 0.000000 
272 15 117 117.600000 33.025641 15 0 37.200000 0.000000 
273 13 91 124.384615 34.593407 13 0 37.615385 0.000000 
274 13 91 124.384615 34.593407 13 0 37.615385 0.000000 
275 13 91 124.384615 34.593407 13 0 37.615385 0.000000 
276 13 91 124.384615 34.593407 13 0 37.615385 0.000000 
277 13 91 124.384615 34.593407 13 0 37.615385 0.000000 
278 13 91 124.384615 34.593407 13 0 37.615385 0.000000 
279 13 91 124.384615 34.593407 13 0 37.615385 0.000000 
280 13 91 124.384615 34.593407 13 0 37.615385 0.000000 
281 13 92 124.384615 34.423913 13 0 37.615385 0.000000 
282 13 90 127.000000 35.555556 13 0 38.769231 0.000000 
283 13 89 126.230769 33.539326 13 0 37.615385 0.000000 
284 13 90 127.000000 35.555556 13 0 38.769231 0.000000 
285 13 90 127.000000 35.555556 13 0 38.769231 0.000000 
286 13 90 127.000000 35.555556 13 0 38.769231 0.000000 
287 13 90 127.000000 35.555556 13 0 38.769231 0.000000 
288 13 90 127.000000 35.555556 13 0 38.769231 0.000000 
289 13 90 127.000000 35.111111 13 0 38.769231 0.000000 
290 13 90 127.000000 35.111111 13 0 38.769231 0.000000 
291 14 121 120.642857 31.859504 14 0 37.714286 0.000000 
292 13 90 127.000000 35.111111 13 0 38.769231 0.000000 
293 13 90 127.000000 35.111111 13 0 38.769231 0.000000 
294 14 108 123.357143 33.472222 14 0 39.642857 0.000000 
295 14 108 123.357143 33.472222 14 0 39.642857 0.000000 
296 14 108 123.357143 33.472222 14 0 39.642857 0.000000 
297 14 108 123.357143 33.472222 14 0 39.642857 0.000000 
298 14 104 120.642857 33.875000 14 0 37.714286 0.000000 
299 14 104 120.642857 33.875000 14 0 37.714286 0.000000 
300 14 102 120.642857 34.058824 14 0 37.714286 0.000000 
301 14 102 120.642857 34.058824 14 0 37.714286 0.000000 
302 14 109 120.285714 31.761468 14 0 38.571429 0.000000 
303 14 109 120.285714 31.761468 14 0 38.571429 0.000000 
304 14 109 120.285714 31.761468 14 0 38.571429 0.000000 
305 14 109 120.285714 31.761468 14 0 38.571429 0.000000 
306 14 109 120.285714 31.779817 14 0 38.571429 0.000000 
307 14 105 120.285714 31.400000 14 0 38.571429 0.000000 
308 14 105 120.285714 31.409524 14 0 38.571429 0.000000 
309 14 105 120.285714 31.409524 14 0 38.571429 0.000000 
310 14 105 120.285714 31.409524 14 0 38.571429 0.000000 
311 14 106 120.285714 31.254717 14 0 38.571429 0.000000 
312 14 107 120.285714 31.485981 14 0 38.571429 0.000000 
313 14 86 120.857143 34.279070 14 0 37.714286 0.000000 
314 14 86 120.857143 34.279070 14 0 37.714286 0.000000 
315 14 84 103.285714 34.333333 14 0 38.142857 0.000000 
316 14 84 103.285714 34.333333 14 0 38.142857 0.000000 
317 14 84 103.285714 34.333333 14 0 38.142857 0.000000 
318 14 84 103.285714 34.333333 14 0 38.142857 0.000000 
319 14 84 103.285714 34.333333 14 0 38.142857 0.000000 
320 14 84 103.285714 34.333333 14 0 38.142857 0.000000 
321 14 84 103.285714 34.333333 14 0 38.142857 0.000000 
322 14 85 103.285714 34.552941 14 0 38.142857 0.000000 
323 14 84 103.285714 34.333333 14 0 38.142857 0.000000 
324 14 85 103.285714 34.105882 14 0 38.142857 0.000000 
325 14 85 103.285714 34.105882 14 0 38.142857 0.000000 
326 14 85 103.285714 34.552941 14 0 38.142857 0.000000 
327 14 85 103.285714 34.552941 14 0 38.142857 0.000000 
328 14 86 103.285714 34.546512 14 0 38.142857 0.000000 
329 14 86 103.285714 34.546512 14 0 38.142857 0.000000 
330 14 83 103.285714 33.903614 14 0 38.142857 0.000000 
331 14 85 105.785714 32.023529 14 0 38.142857 0.000000 
332 14 75 99.857143 32.640000 14 0 37.071429 0.000000 
333 14 75 99.857143 32.640000 14 0 37.071429 0.000000 
334 14 86 103.285714 34.988372 14 0 38.142857 0.000000 
335 14 82 103.285714 34.621951 14 0 38.142857 0.000000 
336 14 86 103.285714 34.988372 14 0 38.142857 0.000000 
337 14 82 103.285714 34.621951 14 0 38.142857 0.000000 
338 14 84 104.285714 35.238095 14 0 38.142857 0.000000 
339 14 84 105.785714 35.261905 14 0 38.142857 0.000000 
340 14 84 104.571429 34.761905 14 1 39.000000 3.000000 
341 14 84 104.571429 34.761905 14 1 39.000000 3.000000 
342 14 82 103.285714 34.621951 14 0 38.142857 0.000000 
343 14 84 105.785714 35.261905 14 0 38.142857 0.000000 
344 15 81 99.600000 34.333333 14 1 38.142857 9.000000 
345 14 82 103.285714 34.621951 14 0 38.142857 0.000000 
346 14 83 102.285714 34.168675 14 0 37.500000 0.000000 
347 14 83 102.285714 34.168675 14 0 37.500000 0.000000 
348 14 83 102.285714 34.180723 14 0 37.500000 0.000000 
349 14 83 102.285714 34.180723 14 0 37.500000 0.000000 
350 14 83 102.285714 34.180723 14 0 37.500000 0.000000 
351 14 83 102.285714 34.180723 14 0 37.500000 0.000000 
352 14 83 102.285714 34.180723 14 0 37.500000 0.000000 
353 14 83 102.285714 34.180723 14 0 37.500000 0.000000 
354 14 83 102.285714 34.180723 14 0 37.500000 0.000000 
355 14 83 102.285714 34.180723 14 0 37.500000 0.000000 
356 15 74 100.466667 34.135135 15 0 37.600000 0.000000 
357 15 74 100.466667 34.135135 15 0 37.600000 0.000000 
358 15 74 100.466667 34.135135 15 0 37.600000 0.000000 
359 15 74 100.466667 34.135135 15 0 37.600000 0.000000 
360 15 87 99.200000 31.241379 15 0 37.600000 0.000000 
361 15 84 100.466667 32.214286 15 0 37.600000 0.000000 
362 15 83 100.466667 31.975904 15 0 37.600000 0.000000 
363 15 101 97.733333 34.861386 15 0 36.800000 0.000000 
364 15 101 97.733333 34.861386 15 0 36.800000 0.000000 
365 15 101 97.733333 34.861386 15 0 36.800000 0.000000 
366 15 101 97.733333 34.861386 15 0 36.800000 0.000000 
367 15 101 97.733333 34.861386 15 0 36.800000 0.000000 
368 15 101 97.733333 34.861386 15 0 36.800000 0.000000 
369 16 86 100.875000 34.604651 15 1 38.000000 9.000000 
370 16 85 100.687500 35.929412 15 1 38.000000 3.000000 
371 15 101 97.733333 34.861386 15 0 36.800000 0.000000 
372 15 87 102.333333 32.770115 15 0 38.000000 0.000000 
373 15 87 102.333333 32.770115 15 0 38.000000 0.000000 
374 15 87 102.333333 32.770115 15 0 38.000000 0.000000 
375 15 87 102.333333 32.770115 15 0 38.000000 0.000000 
376 15 87 102.333333 32.770115 15 0 38.000000 0.000000 
377 15 87 102.333333 32.770115 15 0 38.000000 0.000000 
378 15 87 102.333333 32.770115 15 0 38.000000 0.000000 
379 15 73 100.133333 33.821918 15 0 37.200000 0.000000 
380 15 73 100.133333 33.821918 15 0 37.200000 0.000000 
381 15 73 100.133333 33.821918 15 0 37.200000 0.000000 
382 15 73 100.133333 33.821918 15 0 37.200000 0.000000 
383 15 72 100.133333 34.000000 15 0 37.200000 0.000000 
384 15 73 100.133333 33.821918 15 0 37.200000 0.000000 
385 16 90 97.187500 35.033333 16 0 36.375000 0.000000 
386 16 90 97.187500 35.033333 16 0 36.375000 0.000000 
387 16 84 97.187500 32.250000 16 0 36.375000 0.000000 
388 16 84 97.187500 32.250000 16 0 36.375000 0.000000 
389 16 86 97.875000 32.755814 16 0 36.375000 0.000000 
390 16 84 97.187500 32.130952 16 0 36.375000 0.000000 
391 16 84 97.187500 32.130952 16 0 36.375000 0.000000 
392 15 73 100.333333 34.123288 15 0 37.000000 0.000000 
393 15 73 100.333333 34.123288 15 0 37.000000 0.000000 
394 15 73 100.333333 34.123288 15 0 37.000000 0.000000 
395 15 74 99.666667 34.635135 15 0 37.400000 0.000000 
396 15 74 99.666667 34.635135 15 0 37.400000 0.000000 
397 15 74 99.666667 34.635135 15 0 37.400000 0.000000 
398 15 73 99.666667 34.808219 15 0 37.400000 0.000000 
399 15 73 99.666667 34.808219 15 0 37.400000 0.000000 
400 15 73 99.666667 34.808219 15 0 37.400000 0.000000 
401 15 73 99.666667 34.808219 15 0 37.400000 0.000000 
402 15 73 99.666667 34.219178 15 0 37.400000 0.000000 
403 15 73 99.666667 34.219178 15 0 37.400000 0.000000 
404 15 74 99.666667 34.689189 15 0 37.400000 0.000000 
405 15 75 99.666667 34.373333 15 0 37.400000 0.000000 
406 16 81 96.750000 33.271605 16 0 36.562500 0.000000 
407 16 81 96.750000 33.271605 16 0 36.562500 0.000000 
408 16 81 96.750000 33.271605 16 0 36.562500 0.000000 
409 16 81 96.750000 33.271605 16 0 36.562500 0.000000 
410 16 85 96.750000 32.552941 16 0 36.562500 0.000000 
411 16 85 96.750000 32.552941 16 0 36.562500 0.000000 
412 16 84 96.750000 32.571429 16 0 36.562500 0.000000 
413 16 84 96.750000 32.571429 16 0 36.562500 0.000000 
414 16 84 96.750000 32.571429 16 0 36.562500 0.000000 
415 17 93 97.588235 31.258065 17 0 36.705882 0.000000 
416 16 84 96.750000 32.571429 16 0 36.562500 0.000000 
417 16 84 96.750000 32.571429 16 0 36.562500 0.000000 
418 16 80 93.250000 33.600000 16 0 36.562500 0.000000 
419 16 80 93.250000 33.600000 16 0 36.562500 0.000000 
420 16 80 93.250000 33.600000 16 0 36.562500 0.000000 
421 18 83 97.944444 31.927711 18 0 37.000000 0.000000 
422 18 83 98.722222 31.927711 18 0 37.000000 0.000000 
423 18 83 98.722222 31.927711 18 0 37.000000 0.000000 
424 18 83 98.722222 31.927711 18 0 37.000000 0.000000 
425 18 82 98.722222 32.134146 18 0 37.000000 0.000000 
426 18 82 98.722222 32.134146 18 0 37.000000 0.000000 
427 18 82 95.388889 31.390244 18 0 37.000000 0.000000 
428 18 82 95.388889 31.390244 18 0 37.000000 0.000000 
429 18 84 99.444444 32.035714 18 0 38.666667 0.000000 
430 18 84 99.444444 32.035714 18 0 38.666667 0.000000 
431 18 82 95.388889 31.390244 18 0 37.000000 0.000000 
432 18 82 95.388889 31.390244 18 0 37.000000 0.000000 
433 18 84 97.944444 32.011905 18 0 37.000000 0.000000 
434 18 82 98.277778 31.243902 18 0 37.000000 0.000000 
435 18 82 98.722222 32.548780 18 0 37.000000 0.000000 
436 18 81 98.722222 32.740741 18 0 37.000000 0.000000 
437 18 83 97.944444 31.783133 18 0 37.000000 0.000000 
438 18 83 97.944444 31.783133 18 0 37.000000 0.000000 
439 18 84 97.944444 31.380952 18 0 37.000000 0.000000 
440 18 85 98.722222 31.752941 18 0 37.000000 0.000000 
441 18 84 98.722222 31.345238 18 0 37.000000 0.000000 
442 18 81 98.722222 32.740741 18 0 37.000000 0.000000 
443 18 82 98.111111 32.695122 18 0 37.000000 0.000000 
444 18 82 98.111111 32.695122 18 0 37.000000 0.000000 
445 17 83 98.705882 32.506024 17 0 36.529412 0.000000 
446 17 83 98.705882 32.506024 17 0 36.529412 0.000000 
447 17 83 98.705882 32.506024 17 0 36.529412 0.000000 
448 17 83 98.705882 32.506024 17 0 36.529412 0.000000 
449 17 83 98.705882 32.506024 17 0 36.529412 0.000000 
450 17 83 98.705882 32.506024 17 0 36.529412 0.000000 
451 17 83 98.705882 32.506024 17 0 36.529412 0.000000 
452 17 83 98.705882 32.506024 17 0 36.529412 0.000000 
453 17 83 98.705882 32.506024 17 0 36.529412 0.000000 
454 18 79 98.055556 31.860759 18 0 37.500000 0.000000 
455 18 79 98.055556 31.860759 18 0 37.500000 0.000000 
456 18 80 97.611111 32.425000 18 0 37.000000 0.000000 
457 18 80 97.611111 32.425000 18 0 37.000000 0.000000 
458 18 80 97.611111 32.425000 18 0 37.000000 0.000000 
459 18 80 97.611111 32.425000 18 0 37.000000 0.000000 
460 18 80 97.611111 32.425000 18 0 37.000000 0.000000 
461 18 80 97.611111 32.425000 18 0 37.000000 0.000000 
462 17 81 97.764706 32.172840 17 0 37.058824 0.000000 
463 17 80 97.764706 32.200000 17 0 37.058824 0.000000 
464 17 80 97.764706 32.200000 17 0 37.058824 0.000000 
465 17 80 97.764706 32.200000 17 0 37.058824 0.000000 
466 17 80 97.764706 32.200000 17 0 37.058824 0.000000 
467 17 84 97.823529 32.892857 17 0 37.235294 0.000000 
468 17 84 97.823529 32.892857 17 0 37.235294 0.000000 
469 18 81 97.888889 31.703704 18 0 37.833333 0.000000 
470 18 81 97.888889 31.703704 18 0 37.833333 0.000000 
471 18 81 97.888889 31.703704 18 0 37.833333 0.000000 
472 18 81 97.888889 31.703704 18 0 37.833333 0.000000 
473 18 81 97.888889 31.703704 18 0 37.833333 0.000000 
474 18 81 97.888889 31.703704 18 0 37.833333 0.000000 
475 18 81 97.888889 31.703704 18 0 37.833333 0.000000 
476 18 81 97.888889 31.765432 18 0 37.833333 0.000000 
477 18 81 97.888889 31.876543 18 0 37.833333 0.000000 
478 18 81 97.888889 31.765432 18 0 37.833333 0.000000 
479 18 81 97.888889 31.765432 18 0 37.833333 0.000000 
480 18 65 96.611111 33.830769 18 0 37.833333 0.000000 
481 18 65 96.611111 33.830769 18 0 37.833333 0.000000 
482 18 65 96.611111 33.830769 18 0 37.833333 0.000000 
483 18 65 96.611111 33.830769 18 0 37.833333 0.000000 
484 18 65 96.611111 33.830769 18 0 37.833333 0.000000 
485 18 65 96.611111 33.830769 18 0 37.833333 0.000000 
486 18 65 96.611111 33.830769 18 0 37.833333 0.000000 
487 18 65 96.611111 33.830769 18 0 37.833333 0.000000 
488 18 65 96.611111 33.830769 18 0 37.833333 0.000000 
489 18 81 100.000000 31.481481 18 0 38.000000 0.000000 
490 17 85 102.823529 32.141176 18 0 38.500000 0.000000 
491 17 85 102.823529 32.141176 18 0 38.500000 0.000000 
492 17 85 102.823529 32.141176 18 0 38.500000 0.000000 
493 17 85 102.823529 32.141176 18 0 38.500000 0.000000 
494 17 85 102.823529 32.141176 18 0 38.500000 0.000000 
495 17 85 102.823529 32.141176 18 0 38.500000 0.000000 
496 17 85 102.823529 32.141176 18 0 38.500000 0.000000 
497 17 85 102.823529 32.141176 18 0 38.500000 0.000000 
498 17 85 102.823529 32.141176 18 0 38.500000 0.000000 
499 18 80 98.000000 32.425000 18 0 38.333333 0.000000 
500 17 85 102.823529 32.141176 18 0 38.500000 0.000000 
501 17 85 102.823529 32.341176 18 0 38.500000 0.000000 
502 17 85 102.823529 32.635294 18 0 38.500000 0.000000 
503 17 85 102.823529 32.635294 18 0 38.500000 0.000000 
504 17 85 102.823529 32.635294 18 0 38.500000 0.000000 
505 17 85 102.823529 32.635294 18 0 38.500000 0.000000 
506 17 86 102.823529 32.488372 18 0 38.500000 0.000000 
507 17 86 102.823529 32.813953 18 0 38.500000 0.000000 
508 17 85 102.882353 32.152941 18 0 38.500000 0.000000 
509 17 85 102.882353 31.976471 18 0 38.500000 0.000000 
510 17 85 102.882353 31.976471 18 0 38.500000 0.000000 
511 17 86 102.882353 31.732558 18 0 38.500000 0.000000 
512 18 87 102.055556 33.494253 18 1 38.833333 9.000000 
513 17 77 102.000000 29.740260 18 0 37.666667 0.000000 
514 17 77 102.000000 29.740260 18 0 37.666667 0.000000 
515 17 77 102.000000 29.740260 18 0 37.666667 0.000000 
516 17 77 102.000000 29.740260 18 0 37.666667 0.000000 
517 17 76 102.000000 29.868421 18 0 37.666667 0.000000 
518 17 77 102.000000 29.740260 18 0 37.666667 0.000000 
519 17 77 102.000000 29.740260 18 0 37.666667 0.000000 
520 18 82 96.166667 30.048780 18 0 38.000000 0.000000 
521 18 82 96.166667 30.048780 18 0 38.000000 0.000000 
522 18 82 96.166667 30.048780 18 0 38.000000 0.000000 
523 18 82 96.166667 30.048780 18 0 38.000000 0.000000 
524 18 82 96.166667 30.048780 18 0 38.000000 0.000000 
525 18 83 96.166667 30.204819 18 0 38.000000 0.000000 
526 18 84 96.166667 29.964286 18 0 38.000000 0.000000 
527 18 82 96.166667 30.024390 18 0 38.000000 0.000000 
528 18 82 96.166667 30.024390 18 0 38.000000 0.000000 
529 18 82 96.166667 30.024390 18 0 38.000000 0.000000 
530 18 82 96.166667 30.048780 18 0 38.000000 0.000000 
531 18 82 96.166667 30.024390 18 0 38.000000 0.000000 
532 18 82 96.166667 29.902439 18 0 38.000000 0.000000 
533 18 82 96.166667 29.902439 18 0 38.000000 0.000000 
534 18 82 96.166667 29.902439 18 0 38.000000 0.000000 
535 18 88 101.500000 32.318182 18 1 38.500000 9.000000 
536 18 88 101.500000 32.318182 18 1 38.500000 9.000000 
537 18 88 101.500000 32.318182 18 1 38.500000 9.000000 
538 18 88 101.500000 32.318182 18 1 38.500000 9.000000 
539 18 88 101.500000 32.318182 18 1 38.500000 9.000000 
540 18 88 101.500000 32.318182 18 1 38.500000 9.000000 
541 18 88 101.500000 32.318182 18 1 38.500000 9.000000 
542 18 88 101.500000 32.318182 18 1 38.500000 9.000000 
543 18 88 101.500000 32.318182 18 1 38.500000 9.000000 
544 18 88 101.500000 32.318182 18 1 38.500000 9.000000 
545 18 89 101.500000 32.089888 18 1 38.500000 9.000000 
546 18 89 101.500000 32.089888 18 1 38.500000 9.000000 
547 18 88 101.500000 32.318182 18 1 38.500000 9.000000 
548 18 89 101.500000 32.101124 18 1 38.500000 3.000000 
549 18 89 101.500000 32.089888 18 1 38.500000 9.000000 
550 18 89 101.500000 32.101124 18 1 38.500000 3.000000 
551 18 90 101.500000 31.722222 18 1 38.500000 3.000000 
552 19 93 99.736842 32.161290 19 1 38.526316 3.000000 
553 19 93 99.736842 32.161290 19 1 38.526316 3.000000 
554 19 93 99.736842 32.161290 19 1 38.526316 3.000000 
555 19 93 99.736842 32.161290 19 1 38.526316 3.000000 
556 19 93 99.736842 32.161290 19 1 38.526316 3.000000 
557 19 93 99.736842 32.161290 19 1 38.526316 3.000000 
558 18 87 94.611111 30.045977 18 0 38.000000 0.000000 
559 18 87 94.611111 30.045977 18 0 38.000000 0.000000 
560 18 87 94.611111 30.045977 18 0 38.000000 0.000000 
561 18 87 94.611111 30.045977 18 0 38.000000 0.000000 
562 18 90 93.388889 32.477778 18 1 39.000000 3.000000 
563 18 90 93.388889 32.477778 18 1 39.000000 3.000000 
564 18 90 93.388889 32.755556 18 1 39.000000 9.000000 
565 18 90 93.388889 32.755556 18 1 39.000000 9.000000 
566 18 89 93.388889 32.629213 18 1 39.000000 3.000000 
567 18 90 97.277778 32.344444 18 2 39.333333 9.000000 
568 18 90 97.277778 32.344444 18 2 39.333333 9.000000 
569 18 90 97.277778 32.344444 18 2 39.333333 9.000000 
570 18 90 97.277778 32.344444 18 2 39.333333 9.000000 
571 18 90 97.277778 32.344444 18 2 39.333333 9.000000 
572 18 90 97.277778 32.344444 18 2 39.333333 9.000000 
573 18 90 97.277778 32.344444 18 2 39.333333 9.000000 
574 18 90 97.277778 32.344444 18 2 39.333333 6.000000 
575 18 90 97.277778 32.344444 18 2 39.333333 6.000000 
576 18 88 97.277778 32.556818 18 2 39.333333 3.000000 
577 18 92 97.500000 32.478261 18 2 39.333333 9.000000 
578 18 92 97.500000 32.478261 18 2 39.333333 9.000000 
579 18 90 97.277778 32.355556 18 2 39.333333 6.000000 
580 18 92 97.500000 32.478261 18 2 39.333333 9.000000 
581 18 90 94.888889 30.966667 18 2 38.500000 6.000000 
582 18 92 97.500000 32.478261 18 2 39.333333 9.000000 
583 18 92 98.555556 32.673913 18 2 39.333333 3.000000 
584 18 92 98.555556 32.673913 18 2 39.333333 3.000000 
585 18 92 98.555556 32.673913 18 2 39.333333 3.000000 
586 18 93 98.555556 32.591398 18 2 39.333333 3.000000 
587 18 93 98.555556 32.236559 18 2 39.333333 3.000000 
588 18 94 98.555556 32.106383 18 2 39.333333 6.000000 
589 18 94 98.555556 32.106383 18 2 39.333333 6.000000 
590 18 94 98.555556 32.106383 18 2 39.333333 6.000000 
591 18 94 98.555556 32.106383 18 2 39.333333 6.000000 
592 18 92 98.555556 32.369565 18 2 39.333333 6.000000 
593 18 95 98.555556 32.010526 18 2 39.333333 3.000000 
594 18 95 98.555556 31.863158 18 2 39.333333 3.000000 
595 17 94 99.823529 32.042553 18 1 38.166667 9.000000 
596 17 94 99.823529 32.042553 18 1 38.166667 9.000000 
597 17 94 99.823529 32.042553 18 1 38.166667 9.000000 
598 17 94 99.823529 32.042553 18 1 38.166667 9.000000 
599 17 94 99.823529 32.042553 18 1 38.166667 9.000000 
600 17 94 99.823529 32.180851 18 1 38.166667 9.000000 
601 17 94 99.823529 32.180851 18 1 38.166667 9.000000 
602 17 94 99.823529 32.180851 18 1 38.166667 9.000000 
603 17 95 100.058824 31.821053 18 1 38.166667 9.000000 
604 17 96 99.823529 31.927083 18 1 38.166667 9.000000 
605 17 96 99.823529 31.927083 18 1 38.166667 9.000000 
606 17 93 99.764706 32.182796 18 1 38.166667 9.000000 
607 17 86 99.764706 32.872093 18 1 38.166667 9.000000 
608 17 94 99.823529 32.042553 18 1 38.166667 9.000000 
609 17 94 99.823529 32.042553 18 1 38.166667 9.000000 
610 18 95 95.222222 31.778947 18 2 39.333333 6.000000 
611 18 98 96.888889 31.520408 18 2 39.666667 9.000000 
612 18 96 95.222222 31.572917 18 2 39.333333 6.000000 
613 18 96 95.222222 31.572917 18 2 39.333333 6.000000 
614 18 96 95.222222 31.572917 18 2 39.333333 6.000000 
615 18 96 95.222222 31.572917 18 2 39.333333 6.000000 
616 18 96 95.222222 31.572917 18 2 39.333333 3.000000 
617 18 96 95.222222 31.572917 18 2 39.333333 6.000000 
618 18 96 95.222222 31.572917 18 2 39.333333 6.000000 
619 18 96 95.222222 31.572917 18 2 39.333333 6.000000 
620 18 96 95.222222 31.572917 18 2 39.333333 6.000000 
621 18 96 95.222222 31.572917 18 2 39.333333 6.000000 
622 18 97 95.222222 31.329897 18 2 39.333333 6.000000 
623 18 97 95.222222 31.329897 18 2 39.333333 6.000000 
624 18 97 95.222222 31.329897 18 2 39.333333 6.000000 
625 18 97 95.222222 31.453608 18 2 39.333333 3.000000 
626 18 97 95.222222 31.453608 18 2 39.333333 3.000000 
627 18 97 95.222222 31.453608 18 2 39.333333 3.000000 
628 18 97 95.222222 31.453608 18 2 39.333333 6.000000 
629 18 96 95.222222 31.614583 18 2 39.333333 3.000000 
630 18 98 95.222222 31.040816 18 2 39.333333 3.000000 
631 18 99 95.222222 33.777778 18 2 39.333333 6.000000 
632 18 95 95.222222 31.852632 18 2 39.333333 3.000000 
633 18 93 95.000000 32.086022 18 2 39.500000 9.000000 
634 18 93 95.000000 32.086022 18 2 39.500000 9.000000 
635 18 92 95.000000 32.108696 18 2 39.500000 6.000000 
636 18 93 95.000000 32.000000 18 2 39.500000 6.000000 
637 18 92 95.000000 32.108696 18 2 39.500000 6.000000 
638 18 92 95.000000 32.108696 18 2 39.500000 6.000000 
639 18 91 95.000000 32.296703 18 2 39.500000 6.000000 
640 18 91 95.000000 32.296703 18 2 39.500000 6.000000 
641 18 92 95.000000 32.108696 18 2 39.500000 9.000000 
642 17 97 98.000000 32.237113 18 1 38.833333 9.000000 
643 17 97 98.000000 32.237113 18 1 38.833333 9.000000 
644 17 97 98.000000 32.195876 18 1 38.833333 9.000000 
645 17 97 98.000000 32.237113 18 1 38.833333 9.000000 
646 17 95 98.000000 32.126316 18 1 38.833333 9.000000 
647 17 97 98.000000 32.237113 18 1 38.833333 9.000000 
648 17 97 98.000000 32.237113 18 1 38.833333 9.000000 
649 17 97 98.000000 32.237113 18 1 38.833333 9.000000 
650 17 97 98.000000 32.237113 18 1 38.833333 9.000000 
651 17 97 98.000000 32.195876 18 1 38.833333 9.000000 
652 17 90 98.000000 32.233333 18 1 38.833333 9.000000 
653 18 96 95.222222 32.322917 18 2 38.000000 6.000000 
654 17 98 98.000000 33.183673 18 1 38.833333 9.000000 
655 17 97 98.000000 32.175258 18 1 38.833333 9.000000 
656 17 97 98.000000 32.288660 18 1 38.833333 9.000000 
657 17 88 98.294118 32.545455 18 1 38.833333 3.000000 
658 17 88 98.294118 32.545455 18 1 38.833333 3.000000 
659 17 88 98.294118 32.545455 18 1 38.833333 3.000000 
660 17 85 98.000000 31.800000 18 1 38.833333 3.000000 
661 17 98 98.000000 31.979592 18 1 38.833333 9.000000 
662 17 98 98.000000 31.979592 18 1 38.833333 9.000000 
663 17 95 97.647059 31.694737 18 1 42.333333 3.000000 
664 17 95 97.647059 31.694737 18 1 42.333333 3.000000 
665 17 95 97.647059 31.694737 18 1 42.333333 3.000000 
666 17 95 97.647059 31.694737 18 1 42.333333 3.000000 
667 17 91 97.647059 32.054945 18 1 42.333333 3.000000 
668 17 91 97.647059 32.054945 18 1 42.333333 3.000000 
669 17 91 97.647059 32.054945 18 1 42.333333 3.000000 
670 17 91 97.647059 32.054945 18 1 42.333333 3.000000 
671 17 93 97.647059 31.666667 18 1 42.333333 3.000000 
672 17 101 97.647059 30.564356 18 1 42.333333 3.000000 
673 17 96 96.470588 31.583333 18 1 42.833333 3.000000 
674 17 96 96.470588 31.583333 18 1 42.833333 3.000000 
675 17 96 96.470588 31.583333 18 1 42.833333 3.000000 
676 17 96 96.470588 31.656250 18 1 42.833333 3.000000 
677 17 95 96.470588 31.789474 18 1 42.833333 3.000000 
678 17 98 96.470588 31.714286 18 1 42.833333 3.000000 
679 17 95 96.470588 31.715789 18 1 42.833333 3.000000 
680 17 95 96.470588 31.715789 18 1 42.833333 3.000000 
681 17 95 96.470588 31.715789 18 1 42.833333 3.000000 
682 18 93 94.944444 31.526882 19 1 42.631579 9.000000 
683 17 96 96.529412 31.854167 18 1 42.666667 3.000000 
684 17 95 94.705882 31.621053 18 1 42.833333 3.000000 
685 17 95 94.705882 31.621053 18 1 42.833333 3.000000 
686 17 95 94.705882 31.621053 18 1 42.833333 3.000000 
687 17 92 96.470588 32.293478 18 1 42.833333 3.000000 
688 17 91 96.470588 31.241758 18 1 42.833333 3.000000 
689 17 94 94.705882 31.712766 18 1 42.833333 3.000000 
690 17 94 94.705882 31.372340 18 1 42.833333 3.000000 
691 17 94 94.705882 31.372340 18 1 42.833333 3.000000 
692 17 95 94.705882 31.621053 18 1 42.833333 3.000000 
693 17 95 94.705882 31.600000 18 1 42.833333 3.000000 
694 17 94 99.764706 31.212766 18 2 43.000000 9.000000 
695 17 94 99.764706 31.212766 18 2 43.000000 9.000000 
696 17 94 99.764706 31.212766 18 2 43.000000 9.000000 
697 17 94 99.764706 31.212766 18 2 43.000000 9.000000 
698 17 94 99.764706 31.212766 18 2 43.000000 9.000000 
699 17 94 99.764706 31.212766 18 2 43.000000 9.000000 
700 17 93 97.823529 30.580645 18 1 43.166667 3.000000 
701 17 93 97.823529 30.580645 18 1 43.166667 3.000000 
702 17 93 97.823529 30.580645 18 1 43.166667 3.000000 
703 17 98 97.823529 30.530612 18 1 43.166667 9.000000 
704 17 98 97.823529 30.530612 18 1 43.166667 9.000000 
705 17 98 97.823529 30.530612 18 1 43.166667 9.000000 
706 17 98 97.823529 30.530612 18 1 43.166667 9.000000 
707 17 98 97.823529 30.530612 18 1 43.166667 3.000000 
708 17 98 97.823529 30.530612 18 1 43.166667 9.000000 
709 17 98 97.823529 30.530612 18 1 43.166667 9.000000 
710 17 98 97.823529 30.530612 18 1 43.166667 9.000000 
711 17 99 97.823529 30.434343 18 1 43.166667 9.000000 
712 17 98 97.823529 30.530612 18 1 43.166667 9.000000 
713 17 99 97.823529 30.434343 18 1 43.166667 9.000000 
714 17 99 97.823529 30.434343 18 1 43.166667 9.000000 
715 17 99 97.823529 30.434343 18 1 43.166667 9.000000 
716 17 99 97.823529 30.434343 18 1 43.166667 3.000000 
717 17 99 97.823529 30.434343 18 1 43.166667 9.000000 
718 17 99 97.823529 30.434343 18 1 43.166667 3.000000 
719 17 99 97.823529 30.434343 18 1 43.166667 9.000000 
720 17 100 97.823529 30.490000 18 1 43.166667 3.000000 
721 17 99 97.823529 30.131313 18 1 43.166667 9.000000 
722 17 100 100.352941 30.450000 18 1 43.166667 3.000000 
723 17 97 97.823529 30.989691 18 1 43.166667 9.000000 
724 17 96 97.823529 31.052083 18 1 43.166667 9.000000 
725 17 96 97.823529 31.052083 18 1 43.166667 9.000000 
726 17 96 97.823529 31.052083 18 1 43.166667 9.000000 
727 18 99 93.222222 31.424242 19 1 42.315789 3.000000 
728 18 99 93.222222 31.393939 19 1 42.315789 3.000000 
729 17 98 97.823529 29.928571 18 1 43.166667 9.000000 
730 17 99 97.823529 30.393939 18 1 43.166667 9.000000 
731 17 99 97.823529 29.747475 18 1 43.166667 9.000000 
732 17 99 97.823529 29.747475 18 1 43.166667 9.000000 
733 17 94 97.823529 29.436170 18 1 43.166667 3.000000 
734 17 100 97.823529 30.560000 18 1 43.166667 9.000000 
735 17 100 97.823529 30.560000 18 1 43.166667 9.000000 
736 17 106 97.823529 31.367925 18 1 43.166667 9.000000 
737 17 97 97.823529 29.587629 18 1 43.166667 9.000000 
738 17 97 97.823529 29.587629 18 1 43.166667 9.000000 
739 17 100 100.352941 30.540000 18 1 43.166667 9.000000 
740 17 103 99.176471 29.805825 18 1 43.500000 9.000000 
741 17 89 99.352941 31.011236 18 1 44.000000 3.000000 
742 17 100 100.352941 30.630000 18 1 43.166667 9.000000 
743 17 91 97.823529 30.549451 18 1 43.166667 9.000000 
744 17 91 97.117647 30.703297 18 2 43.333333 6.000000 
745 17 90 98.705882 30.655556 18 1 43.000000 3.000000 
746 17 102 97.823529 29.705882 18 1 43.166667 9.000000 
747 17 99 97.705882 29.828283 18 1 43.166667 9.000000 
748 17 97 97.705882 30.051546 18 1 43.166667 9.000000 
749 17 97 97.705882 30.051546 18 1 43.166667 9.000000 
750 17 97 97.705882 30.051546 18 1 43.166667 9.000000 
751 18 94 96.333333 30.329787 19 1 42.947368 9.000000 
752 18 94 96.333333 30.329787 19 1 42.947368 9.000000 
753 17 97 97.705882 30.051546 18 1 43.166667 9.000000 
754 17 99 97.705882 29.818182 18 1 43.166667 9.000000 
755 17 97 97.705882 30.051546 18 1 43.166667 9.000000 
756 17 100 97.705882 30.150000 18 1 43.166667 3.000000 
757 17 83 99.882353 28.204819 18 1 44.166667 9.000000 
758 17 83 99.882353 28.204819 18 1 44.166667 9.000000 
759 17 83 99.882353 28.204819 18 1 44.166667 9.000000 
760 17 83 99.882353 28.204819 18 1 44.166667 9.000000 
761 17 83 99.882353 28.204819 18 1 44.166667 9.000000 
762 18 81 98.444444 28.629630 19 1 43.894737 9.000000 
763 18 81 98.444444 28.629630 19 1 43.894737 9.000000 
764 18 81 98.444444 28.592593 19 1 43.894737 9.000000 
765 18 81 98.444444 28.629630 19 1 43.894737 9.000000 
766 18 81 98.444444 28.629630 19 1 43.894737 9.000000 
767 18 81 98.444444 28.629630 19 1 43.894737 9.000000 
768 18 81 98.444444 28.629630 19 1 43.894737 9.000000 
769 18 81 98.444444 28.432099 19 1 43.894737 3.000000 
770 18 81 98.444444 28.432099 19 1 43.894737 3.000000 
771 18 81 98.444444 28.432099 19 1 43.894737 3.000000 
772 18 81 98.444444 28.432099 19 1 43.894737 3.000000 
773 18 81 98.444444 28.432099 19 1 43.894737 9.000000 
774 18 81 98.444444 28.432099 19 1 43.894737 3.000000 
775 18 83 98.444444 28.518072 19 1 43.894737 9.000000 
776 18 81 98.444444 28.444444 19 1 43.894737 3.000000 
777 18 81 98.444444 28.444444 19 1 43.894737 3.000000 
778 18 81 98.444444 28.444444 19 1 43.894737 3.000000 
779 18 81 98.444444 28.444444 19 1 43.894737 9.000000 
780 18 81 98.444444 28.444444 19 1 43.894737 9.000000 
781 18 81 98.444444 28.432099 19 1 43.894737 3.000000 
782 18 81 98.444444 28.432099 19 1 43.894737 3.000000 
783 18 80 98.444444 28.625000 19 1 43.894737 3.000000 
784 18 81 98.444444 28.370370 19 1 43.894737 3.000000 
785 18 80 98.444444 28.625000 19 1 43.894737 3.000000 
786 18 83 98.444444 28.325301 19 1 43.894737 3.000000 
787 18 78 98.444444 28.756410 19 1 43.894737 9.000000 
788 18 79 98.444444 28.607595 19 1 43.894737 9.000000 
789 18 81 98.444444 29.086420 19 1 43.894737 9.000000 
790 17 86 100.882353 28.662791 18 1 44.500000 9.000000 
791 17 86 100.882353 28.662791 18 1 44.500000 9.000000 
792 17 86 100.882353 28.662791 18 1 44.500000 9.000000 
793 17 89 100.882353 28.393258 18 1 44.500000 9.000000 
794 17 86 100.882353 28.662791 18 1 44.500000 3.000000 
795 17 86 100.882353 28.662791 18 1 44.500000 3.000000 
796 17 86 100.882353 28.662791 18 1 44.500000 9.000000 
797 17 86 100.882353 28.662791 18 1 44.500000 3.000000 
798 17 86 100.882353 28.662791 18 1 44.500000 3.000000 
799 17 86 100.882353 28.662791 18 1 44.500000 3.000000 
800 17 87 100.882353 28.494253 18 1 44.500000 3.000000 
801 17 84 100.882353 29.035714 18 1 44.500000 3.000000 
802 17 84 100.882353 29.035714 18 1 44.500000 3.000000 
803 17 84 100.882353 29.035714 18 1 44.500000 3.000000 
804 17 84 100.882353 29.035714 18 1 44.500000 3.000000 
805 17 83 100.882353 29.024096 18 1 44.500000 3.000000 
806 17 85 100.882353 29.129412 18 1 44.500000 3.000000 
807 17 85 100.882353 29.129412 18 1 44.500000 3.000000 
808 17 89 100.882353 28.730337 18 1 44.500000 9.000000 
809 17 89 100.882353 28.730337 18 1 44.500000 9.000000 
810 17 89 100.882353 28.730337 18 1 44.500000 9.000000 
811 17 86 99.529412 28.488372 18 1 44.500000 9.000000 
812 17 86 99.529412 28.488372 18 1 44.500000 9.000000 
813 17 87 100.882353 28.402299 18 1 44.500000 9.000000 
814 17 87 100.882353 28.402299 18 1 44.500000 9.000000 
815 17 87 100.882353 28.402299 18 1 44.500000 9.000000 
816 17 84 100.882353 27.690476 18 1 44.500000 3.000000 
817 17 84 100.882353 27.690476 18 1 44.500000 3.000000 
818 17 87 100.882353 28.402299 18 1 44.500000 3.000000 
819 17 86 100.882353 29.081395 18 1 44.500000 9.000000 
820 17 85 100.882353 28.341176 18 1 44.500000 9.000000 
821 17 85 102.235294 28.341176 18 1 44.666667 9.000000 
822 18 85 101.333333 28.341176 19 1 44.052632 9.000000 
823 18 85 101.333333 28.341176 19 1 44.052632 9.000000 
824 18 85 101.333333 28.341176 19 1 44.052632 9.000000 
825 18 85 101.333333 28.341176 19 1 44.052632 9.000000 
826 18 85 101.333333 28.341176 19 1 44.052632 9.000000 
827 18 85 101.333333 28.341176 19 1 44.052632 9.000000 
828 18 85 101.333333 28.341176 19 1 44.052632 9.000000 
829 18 85 101.333333 28.341176 19 1 44.052632 9.000000 
830 18 85 101.333333 28.341176 19 1 44.052632 9.000000 
831 18 85 101.333333 28.341176 19 1 44.052632 3.000000 
832 18 84 101.333333 28.511905 19 1 44.052632 3.000000 
833 18 85 101.333333 28.400000 19 1 44.052632 3.000000 
834 18 84 101.333333 28.511905 19 1 44.052632 3.000000 
835 18 86 101.333333 28.860465 19 1 44.052632 3.000000 
836 18 85 101.333333 28.400000 19 1 44.052632 3.000000 
837 18 86 101.333333 28.860465 19 1 44.052632 3.000000 
838 18 86 101.333333 28.593023 19 1 44.052632 9.000000 
839 18 86 101.333333 28.593023 19 1 44.052632 9.000000 
840 18 86 101.333333 28.593023 19 1 44.052632 9.000000 
841 18 85 101.333333 28.494118 19 1 44.052632 3.000000 
842 18 91 101.333333 28.142857 19 1 44.052632 3.000000 
843 18 84 101.333333 29.107143 19 1 44.052632 3.000000 
844 18 87 99.555556 28.643678 19 1 44.052632 9.000000 
845 18 85 98.555556 29.129412 19 1 44.210526 9.000000 
846 18 85 98.555556 29.129412 19 1 44.210526 9.000000 
847 18 86 98.555556 29.337209 19 1 44.210526 9.000000 
848 18 86 98.555556 29.011628 19 1 44.210526 9.000000 
849 18 86 98.555556 29.011628 19 1 44.210526 9.000000 
850 18 85 98.555556 28.835294 19 1 44.210526 9.000000 
851 18 86 98.555556 29.011628 19 1 44.210526 9.000000 
852 18 82 100.333333 29.731707 19 1 45.473684 9.000000 
853 18 82 100.333333 29.731707 19 1 45.473684 9.000000 
854 18 82 100.333333 29.731707 19 1 45.473684 9.000000 
855 18 82 100.333333 29.731707 19 1 45.473684 9.000000 
856 18 82 100.333333 29.731707 19 1 45.473684 9.000000 
857 18 85 100.333333 29.376471 19 1 45.473684 9.000000 
858 18 85 100.333333 29.376471 19 1 45.473684 9.000000 
859 18 85 100.333333 29.376471 19 1 45.473684 9.000000 
860 18 85 100.333333 29.376471 19 1 45.473684 9.000000 
861 18 85 100.333333 29.376471 19 1 45.473684 9.000000 
862 18 82 100.333333 29.731707 19 1 45.473684 9.000000 
863 19 88 99.842105 28.806818 20 1 46.350000 9.000000 
864 19 88 99.842105 28.806818 20 1 46.350000 9.000000 
865 19 88 99.842105 28.806818 20 1 46.350000 9.000000 
866 19 89 99.842105 28.696629 20 1 46.350000 9.000000 
867 19 89 99.842105 28.696629 20 1 46.350000 9.000000 
868 19 94 99.842105 28.021277 20 1 46.350000 9.000000 
869 19 94 99.842105 28.021277 20 1 46.350000 9.000000 
870 19 94 99.842105 28.021277 20 1 46.350000 9.000000 
871 19 89 99.842105 28.696629 20 1 46.350000 9.000000 
872 19 89 99.842105 28.696629 20 1 46.350000 9.000000 
873 19 88 99.842105 28.545455 20 1 46.350000 9.000000 
874 19 88 99.842105 28.863636 20 1 46.350000 9.000000 
875 19 89 99.842105 28.696629 20 1 46.350000 9.000000 
876 18 84 100.333333 29.547619 19 1 45.473684 9.000000 
877 19 89 98.263158 28.696629 20 1 46.350000 9.000000 
878 19 89 99.842105 28.696629 20 1 46.350000 9.000000 
879 19 90 98.263158 28.533333 20 1 46.350000 9.000000 
880 19 90 98.263158 28.533333 20 1 46.350000 3.000000 
881 19 90 98.263158 28.533333 20 1 46.350000 9.000000 
882 19 90 98.263158 28.533333 20 1 46.350000 9.000000 
883 19 90 98.263158 28.533333 20 1 46.350000 9.000000 
884 19 88 99.842105 29.306818 20 1 46.350000 9.000000 
885 19 88 99.842105 29.306818 20 1 46.350000 9.000000 
886 19 88 99.842105 29.306818 20 1 46.350000 9.000000 
887 19 87 99.842105 29.482759 20 1 46.350000 9.000000 
888 19 89 99.842105 28.696629 20 1 46.350000 9.000000 
889 19 89 97.894737 28.696629 20 1 46.350000 9.000000 
890 19 89 97.894737 28.696629 20 1 46.350000 9.000000 
891 19 89 97.894737 28.674157 20 1 46.350000 9.000000 
892 19 89 97.894737 28.696629 20 1 46.350000 9.000000 
893 19 89 97.894737 28.696629 20 1 46.350000 9.000000 
894 19 87 97.894737 28.689655 20 1 46.350000 3.000000 
895 19 90 98.263158 28.533333 20 1 46.350000 3.000000 
896 19 90 100.631579 28.533333 20 1 45.000000 3.000000 
897 19 90 100.631579 28.533333 20 1 45.000000 3.000000 
898 19 90 100.631579 28.533333 20 1 45.000000 3.000000 
899 19 89 97.894737 28.921348 20 1 46.350000 3.000000 
900 19 86 97.894737 29.372093 20 1 46.350000 9.000000 
901 19 88 97.894737 28.875000 20 1 46.350000 9.000000 
902 19 92 98.157895 29.217391 20 1 45.150000 3.000000 
903 19 87 99.315789 28.574713 20 1 45.150000 9.000000 
904 19 87 99.315789 28.574713 20 1 45.150000 9.000000 
905 19 87 99.315789 28.574713 20 1 45.150000 9.000000 
906 19 90 99.315789 28.766667 20 1 45.150000 9.000000 
907 19 90 99.315789 28.766667 20 1 45.150000 9.000000 
908 19 87 99.315789 28.574713 20 1 45.150000 9.000000 
909 19 90 99.315789 28.766667 20 1 45.150000 9.000000 
910 19 87 99.315789 28.574713 20 1 45.150000 9.000000 
911 19 87 99.315789 28.574713 20 1 45.150000 9.000000 
912 19 87 99.315789 28.574713 20 1 45.150000 9.000000 
913 19 87 99.315789 28.574713 20 1 45.150000 9.000000 
914 19 87 99.315789 28.574713 20 1 45.150000 9.000000 
915 20 86 99.900000 28.395349 21 1 45.428571 3.000000 
916 20 86 99.900000 28.395349 21 1 45.428571 3.000000 
917 20 86 99.900000 28.395349 21 1 45.428571 3.000000 
918 19 92 97.736842 28.771739 20 1 45.600000 3.000000 
919 19 92 97.736842 28.771739 20 1 45.600000 3.000000 
920 19 92 97.736842 28.771739 20 1 45.600000 3.000000 
921 19 92 97.736842 28.771739 20 1 45.600000 3.000000 
922 19 92 97.736842 28.771739 20 1 45.600000 3.000000 
923 19 92 97.736842 28.771739 20 1 45.600000 3.000000 
924 19 92 97.736842 28.771739 20 1 45.600000 3.000000 
925 19 92 97.736842 28.771739 20 1 45.600000 3.000000 
926 19 92 97.736842 28.771739 20 1 45.600000 3.000000 
927 19 91 97.736842 28.901099 20 1 45.600000 3.000000 
928 19 91 97.736842 28.901099 20 1 45.600000 3.000000 
929 19 91 97.736842 28.901099 20 1 45.600000 3.000000 
930 19 92 97.736842 29.163043 20 1 45.600000 3.000000 
931 19 92 98.578947 29.163043 20 2 45.600000 7.500000 
932 19 90 97.736842 28.722222 20 1 45.600000 3.000000 
933 19 77 99.526316 28.714286 20 1 45.300000 9.000000 
934 19 77 99.526316 28.714286 20 1 45.300000 9.000000 
935 19 77 99.526316 28.714286 20 1 45.300000 9.000000 
936 19 77 99.526316 28.714286 20 1 45.300000 9.000000 
937 19 92 97.736842 29.728261 20 1 45.600000 9.000000 
938 19 92 97.736842 29.728261 20 1 45.600000 9.000000 
939 19 91 98.842105 27.406593 20 1 45.000000 9.000000 
940 19 92 97.000000 29.086957 20 1 44.550000 3.000000 
941 19 92 97.000000 29.086957 20 1 44.550000 9.000000 
942 19 92 97.000000 29.086957 20 1 44.550000 9.000000 
943 19 92 97.000000 29.086957 20 1 44.550000 9.000000 
944 19 84 98.894737 28.559524 20 1 45.000000 9.000000 
945 19 92 97.000000 29.086957 20 1 44.550000 9.000000 
946 19 93 97.000000 29.000000 20 1 44.550000 3.000000 
947 19 92 97.000000 29.086957 20 1 44.550000 3.000000 
948 19 92 97.000000 29.086957 20 1 44.550000 3.000000 
949 19 92 97.000000 29.086957 20 1 44.550000 3.000000 
950 19 92 97.000000 29.086957 20 1 44.550000 3.000000 
951 19 92 97.000000 29.086957 20 1 44.550000 3.000000 
952 19 88 98.473684 29.090909 20 1 45.150000 3.000000 
953 19 92 96.789474 28.315217 20 1 44.700000 9.000000 
954 20 75 101.800000 27.773333 21 1 45.000000 3.000000 
955 19 92 96.789474 28.315217 20 1 44.700000 9.000000 
956 19 88 98.736842 27.977273 20 1 45.000000 3.000000 
957 19 88 98.736842 27.977273 20 1 45.000000 3.000000 
958 19 88 98.736842 27.977273 20 1 45.000000 3.000000 
959 19 88 98.736842 27.977273 20 1 45.000000 3.000000 
960 19 88 98.736842 27.977273 20 1 45.000000 3.000000 
961 19 88 98.736842 27.977273 20 1 45.000000 9.000000 
962 19 88 98.736842 27.977273 20 1 45.000000 3.000000 
963 19 88 98.736842 27.977273 20 1 45.000000 3.000000 
964 19 89 100.052632 28.730337 20 1 45.150000 9.000000 
965 19 89 100.052632 28.730337 20 1 45.150000 9.000000 
966 19 88 100.052632 28.840909 20 1 45.150000 9.000000 
967 19 88 100.052632 28.840909 20 1 45.150000 9.000000 
968 19 88 100.052632 28.840909 20 1 45.150000 9.000000 
969 19 88 99.421053 28.840909 20 1 45.150000 9.000000 
970 19 88 99.421053 28.840909 20 1 45.150000 9.000000 
971 19 88 99.421053 28.840909 20 1 45.150000 9.000000 
972 19 86 100.052632 29.151163 20 1 45.150000 9.000000 
973 19 86 100.052632 29.151163 20 1 45.150000 9.000000 
974 19 86 100.052632 29.151163 20 1 45.150000 9.000000 
975 19 86 100.052632 29.151163 20 1 45.150000 9.000000 
976 19 85 100.052632 29.105882 20 1 45.150000 9.000000 
977 19 85 100.052632 29.105882 20 1 45.150000 9.000000 
978 19 85 100.052632 29.105882 20 1 45.150000 9.000000 
979 19 85 100.052632 29.105882 20 1 45.150000 9.000000 
980 19 85 100.052632 29.105882 20 1 45.150000 9.000000 
981 20 89 94.900000 29.382022 21 1 43.142857 3.000000 
982 20 89 94.900000 29.382022 21 1 43.142857 3.000000 
983 20 89 94.900000 29.382022 21 1 43.142857 3.000000 
984 20 89 94.900000 29.382022 21 1 43.142857 3.000000 
985 20 89 94.900000 29.382022 21 1 43.142857 3.000000 
986 20 89 94.900000 29.382022 21 1 43.142857 3.000000 
987 20 89 94.900000 29.382022 21 1 43.142857 3.000000 
988 20 89 95.050000 29.382022 21 1 43.142857 3.000000 
989 20 89 94.900000 29.382022 21 1 43.142857 3.000000 
990 20 89 94.900000 29.359551 21 1 43.142857 3.000000 
991 20 89 94.900000 29.382022 21 1 43.142857 3.000000 
992 20 89 94.900000 29.516854 21 1 43.142857 9.000000 
993 20 89 94.900000 29.382022 21 1 43.142857 9.000000 
994 20 89 94.900000 29.382022 21 1 43.142857 3.000000 
995 20 89 94.900000 29.382022 21 1 43.142857 3.000000 
996 20 89 94.900000 29.539326 21 1 43.142857 9.000000 
997 20 86 94.900000 29.220930 21 1 43.142857 9.000000 
998 20 86 94.900000 29.220930 21 1 43.142857 9.000000 
999 20 89 94.900000 29.078652 21 1 43.142857 9.000000 
1000 20 89 94.900000 29.078652 21 1 43.142857 9.000000 
