# ---------------------------------------------
#  Average gene statistics over the population 
# ---------------------------------------------
# 
#  1. Generation
#  2. Number of coding RNAs (at least one gene on RNA)
#  3. Number of non-coding RNAs
#  4. Average size of coding RNAs (at least one gene on RNA)
#  5. Average size of non-coding RNAs
#  6. Number of functional genes
#  7. Nb of non functional genes
#  8. Average size of functional genes
#  9. Average size of non functional genes (WARNING : bias towards 0)
# 
0 1 19 102.000000 29.736842 1 0 45.000000 0.000000 
1 0 18 98.588867 29.673168 0 0 43.514648 0.017578 
2 1 20 98.687500 29.778467 1 0 43.417969 0.020508 
3 1 23 99.440918 29.664782 1 0 43.578613 0.020508 
4 1 27 98.242269 29.577175 1 0 42.864893 0.000000 
5 2 30 98.718506 29.668276 2 0 42.861133 0.033691 
6 2 32 99.526576 29.706478 2 0 42.926018 0.026367 
7 2 32 98.560454 29.802718 2 0 42.221245 0.105469 
8 2 32 97.942797 29.701534 2 0 41.449581 0.158203 
9 2 33 97.206405 29.777995 2 0 40.572112 0.108398 
10 2 34 97.447590 29.699614 2 0 40.328537 0.128906 
11 3 34 97.124399 29.688506 3 0 39.530963 0.131836 
12 3 34 96.016931 29.763334 3 0 38.340776 0.090820 
13 3 35 94.515616 29.594853 3 0 37.175450 0.064453 
14 3 35 94.272131 29.786319 3 0 36.240458 0.035156 
15 3 36 93.121873 29.736255 3 0 34.729814 0.055664 
16 4 37 92.585075 29.742785 4 0 33.660084 0.055664 
17 4 38 92.262034 29.810958 4 0 32.918710 0.099609 
18 4 39 91.930560 29.765242 4 0 32.637698 0.024902 
19 4 41 91.840926 29.887667 4 0 32.467811 0.017578 
20 5 45 91.043020 29.830167 5 0 32.233038 0.032227 
21 5 47 90.707116 29.872632 5 0 32.055274 0.005859 
22 5 50 90.808261 30.148399 5 0 32.006722 0.043945 
23 5 53 91.163356 30.090751 5 0 32.235598 0.123047 
24 5 57 90.169855 30.120419 5 0 31.839357 0.134766 
25 5 61 91.010515 30.184895 5 0 32.049035 0.133301 
26 6 64 90.118128 29.968945 6 0 31.726458 0.106934 
27 5 62 90.313654 29.823543 5 0 31.591545 0.084961 
28 6 65 91.428809 29.847393 6 0 31.952147 0.082031 
29 6 63 90.364669 29.787324 6 0 31.546637 0.125977 
30 6 64 90.072273 29.802861 6 0 31.704049 0.029297 
31 6 63 89.868964 29.711294 6 0 31.858068 0.005859 
32 6 65 89.998733 29.684931 6 0 32.050445 0.014648 
33 6 67 89.092250 29.788434 6 0 32.206997 0.029297 
34 6 70 89.637837 29.765575 6 0 32.662596 0.017578 
35 7 71 88.949436 29.781129 7 0 32.838678 0.090820 
36 7 73 89.276594 29.457962 7 0 33.206627 0.084961 
37 7 74 88.816509 29.339015 7 0 33.042351 0.149414 
38 7 79 89.759052 29.414864 7 0 33.636886 0.237305 
39 8 86 90.477458 29.619491 8 0 33.909756 0.310547 
40 8 90 90.566163 29.487555 8 0 33.599614 0.161133 
41 8 90 90.728634 29.414202 8 0 33.356945 0.064453 
42 8 92 90.676172 29.166710 8 0 33.121127 0.046875 
43 9 92 90.182003 29.240553 9 0 32.615850 0.067383 
44 9 93 91.025605 29.367512 9 0 32.246561 0.108398 
45 9 98 91.679149 29.360149 9 0 32.218940 0.111328 
46 9 93 91.490837 29.336019 9 0 31.896333 0.055664 
47 9 92 91.400868 29.589539 9 0 31.485730 0.043945 
48 9 94 92.040270 29.522040 9 0 31.586756 0.000000 
49 9 91 91.325007 29.725199 9 0 31.446343 0.061523 
50 9 89 91.434679 29.851216 9 0 31.730649 0.008789 
51 9 91 89.771147 29.670644 9 0 31.684036 0.026367 
52 9 92 89.512424 29.944392 9 0 31.642088 0.021973 
53 9 92 89.429024 29.928657 9 0 31.816571 0.090820 
54 9 91 88.527819 29.697949 9 0 31.952127 0.058594 
55 9 92 88.175733 29.700550 9 0 32.129506 0.032227 
56 9 91 87.643111 29.673903 9 0 31.935685 0.076172 
57 9 88 87.848637 29.483936 9 0 32.054462 0.084961 
58 9 90 89.170192 29.513300 9 0 32.539324 0.114258 
59 9 92 88.096173 29.415616 9 0 32.253857 0.024902 
60 9 94 88.598762 29.330923 9 0 32.647505 0.014648 
61 10 98 89.155013 29.587119 10 0 32.714131 0.035156 
62 10 98 88.629947 29.423722 10 0 32.760086 0.087891 
63 10 100 89.495982 29.560888 10 0 33.159557 0.049805 
64 10 96 88.376485 29.661181 10 0 32.911157 0.055664 
65 10 96 88.050233 29.746381 10 0 33.118538 0.120117 
66 9 95 86.933837 29.695777 9 0 32.924712 0.111328 
67 9 95 86.392430 30.107839 9 0 33.053640 0.162598 
68 10 94 86.772949 29.896115 10 0 33.265009 0.184570 
69 9 87 85.884618 29.875865 9 0 32.936933 0.137695 
70 9 83 85.350909 29.907498 9 0 32.461071 0.084961 
71 9 83 85.496361 29.910582 9 0 32.605778 0.073242 
72 9 81 84.471608 29.917545 9 0 32.427058 0.079102 
73 10 83 84.621689 30.115839 9 0 32.643355 0.058594 
74 9 85 84.032985 29.948678 9 0 32.531370 0.032227 
75 9 82 83.961266 29.979030 9 0 32.621384 0.038086 
76 10 92 84.792653 29.706047 10 0 32.845880 0.014648 
77 9 91 83.158680 29.730883 9 0 32.339422 0.039551 
78 9 94 83.960106 29.627188 9 0 32.502945 0.045410 
79 10 102 84.378535 29.652625 10 0 32.919762 0.098145 
80 10 104 84.356434 29.624096 10 0 33.000767 0.174316 
81 10 113 84.954843 29.446745 10 0 33.301892 0.225586 
82 10 115 84.878741 29.529516 10 0 33.687142 0.317871 
83 10 126 85.829820 29.712318 10 0 34.242223 0.417480 
84 10 128 84.527542 29.363644 10 0 33.650261 0.446289 
85 10 131 85.164374 29.468470 10 0 33.914830 0.503906 
86 10 132 85.482508 29.549824 10 0 33.963052 0.647461 
87 10 131 85.308320 29.384366 10 0 33.916912 0.758789 
88 11 135 85.555751 29.365029 11 0 33.768361 0.926270 
89 11 133 86.520114 29.636123 11 0 34.095221 1.059766 
90 11 131 85.974612 29.483529 11 0 33.469040 1.241699 
91 11 121 86.595496 29.578020 11 0 33.113280 0.982910 
92 11 119 87.305429 29.527303 11 0 32.657525 0.939648 
93 11 111 87.321592 29.501661 11 0 32.022074 0.559570 
94 11 108 88.380105 29.802924 11 0 32.100782 0.506836 
95 11 96 87.958491 29.670493 11 0 31.081086 0.397461 
96 11 93 88.304795 29.744730 11 0 31.088582 0.246094 
97 11 86 87.898542 29.850436 11 0 30.169172 0.215332 
98 10 81 88.393070 29.909697 10 0 30.173535 0.168457 
99 11 83 89.127672 30.112181 11 0 30.191194 0.133301 
100 10 77 88.140943 30.269964 10 0 29.463170 0.111328 
101 10 75 89.162416 30.176597 11 0 29.620561 0.102539 
102 10 72 88.901307 30.412722 10 0 29.396798 0.061523 
103 10 71 89.097393 30.535490 10 0 29.133866 0.137695 
104 11 73 88.962891 30.503196 11 0 28.956638 0.101074 
105 11 74 89.670319 30.487346 11 0 29.041010 0.093750 
106 11 76 89.961897 30.747905 11 0 29.094854 0.084961 
107 11 79 90.481882 30.726778 11 0 29.240226 0.312012 
108 11 83 90.354110 30.681326 11 0 29.091159 0.385254 
109 12 86 90.967611 30.738280 12 0 29.068043 0.483398 
110 12 90 90.612187 30.764461 12 0 28.901568 0.701660 
111 12 92 91.335557 30.801036 12 0 29.071796 0.987305 
112 12 96 91.725757 30.909234 12 0 29.177851 1.081055 
113 12 97 91.309529 30.868085 12 0 29.036013 1.098633 
114 12 97 90.969820 30.702544 12 0 28.965126 1.100586 
115 12 100 92.581198 31.001751 12 0 29.629900 1.168945 
116 13 103 92.178311 30.946927 13 0 29.623882 1.271484 
117 12 102 92.562320 31.018592 12 0 29.963669 1.415039 
118 12 101 92.466624 31.142822 12 0 30.048699 1.429688 
119 12 100 92.473983 31.196245 12 0 30.243254 1.576172 
120 12 98 93.127756 31.442058 12 0 30.712384 1.652344 
121 12 95 92.532559 31.505214 12 0 30.763512 1.884277 
122 12 91 92.781539 31.606187 12 0 31.059905 1.804199 
123 12 89 92.948026 31.718671 12 0 31.560852 1.861816 
124 12 87 93.878898 31.930329 12 0 32.060177 1.831055 
125 11 83 94.379820 32.369697 12 0 32.608592 1.402832 
126 11 80 94.781999 32.709543 12 0 32.784885 0.990723 
127 11 79 94.926850 32.706845 12 0 33.021909 0.666504 
128 11 75 95.690600 32.897115 12 0 33.152093 0.497559 
129 11 73 95.846123 32.981137 12 0 33.255728 0.222656 
130 11 72 96.007440 33.181442 12 0 33.464159 0.137695 
131 11 72 96.709287 33.250649 12 0 33.624647 0.158203 
132 11 71 96.044693 33.215492 12 0 33.431139 0.123047 
133 11 71 96.253060 33.181069 12 0 33.381532 0.125977 
134 12 72 95.961229 33.205792 12 0 33.286683 0.120117 
135 11 71 96.286482 33.307543 12 0 33.306193 0.165527 
136 12 71 97.914415 33.507727 12 0 33.719385 0.114258 
137 11 68 96.382975 33.439899 12 0 33.237714 0.093750 
138 11 66 96.682081 33.450554 11 0 33.266943 0.061523 
139 12 67 97.341884 33.762289 12 0 33.357823 0.073242 
140 11 66 97.074123 33.714654 11 0 33.285779 0.070312 
141 11 65 97.852917 33.958569 11 0 33.574883 0.083496 
142 11 65 98.029944 33.909778 11 0 33.705825 0.147949 
143 11 66 97.800796 33.934357 12 0 33.629791 0.104004 
144 11 66 98.013705 33.880004 12 0 33.617412 0.077637 
145 11 66 98.381560 34.032500 12 0 33.896208 0.076172 
146 11 66 98.012327 34.038535 12 0 33.848596 0.101074 
147 11 67 98.748625 34.302452 12 0 34.019855 0.076172 
148 11 67 98.881934 34.289707 12 0 34.255228 0.046875 
149 12 68 98.827714 34.283518 12 0 34.223425 0.105469 
150 11 66 98.872400 34.348882 11 0 34.424899 0.087891 
151 11 66 98.156911 34.271147 11 0 34.227948 0.046875 
152 12 70 99.235275 34.941016 12 0 34.707286 0.061523 
153 11 68 99.561267 34.734804 11 0 34.804539 0.142090 
154 11 68 99.155975 34.826036 11 0 34.775257 0.120117 
155 11 67 98.506088 34.724016 11 0 34.525782 0.161133 
156 11 67 98.511021 34.894867 11 0 34.664448 0.111328 
157 11 67 99.584749 34.972487 11 0 35.052470 0.178711 
158 11 67 98.869307 34.932364 11 0 34.697501 0.149414 
159 11 66 99.208347 34.911257 11 0 34.892371 0.082031 
160 11 67 98.961909 35.115428 11 0 34.902053 0.120117 
161 12 68 99.405641 34.968213 12 0 35.053590 0.125977 
162 12 68 99.464039 35.139773 12 0 35.036580 0.079102 
163 11 67 98.588445 34.972110 11 0 34.644701 0.177246 
164 11 67 99.289664 35.125402 11 0 35.041754 0.158203 
165 11 66 99.105339 34.964368 11 0 34.972219 0.131836 
166 11 65 98.089853 34.758263 11 0 34.624273 0.175781 
167 11 67 98.613234 35.093726 11 0 34.702916 0.166992 
168 11 67 99.329941 35.027823 11 0 34.906746 0.240234 
169 12 69 100.030223 34.995121 12 0 35.071040 0.235840 
170 11 67 100.029174 34.970918 11 0 34.804355 0.213867 
171 12 67 101.010363 35.025719 11 0 34.962379 0.256348 
172 12 68 101.460684 34.898970 12 0 34.890507 0.250000 
173 11 67 102.500460 35.015246 11 0 35.014040 0.212402 
174 11 67 103.077508 34.683543 11 0 34.868949 0.196289 
175 11 67 104.595784 34.778942 11 0 34.953604 0.232910 
176 11 68 106.832189 34.827653 11 0 35.224001 0.134766 
177 12 68 109.231465 34.839678 12 0 35.482307 0.140625 
178 11 68 110.012392 34.704150 11 0 35.245837 0.145020 
179 11 69 111.491477 34.336975 11 0 35.199600 0.070312 
180 11 69 113.824867 34.441952 11 0 35.384854 0.046875 
181 11 69 116.346963 34.339259 11 0 35.564417 0.058594 
182 11 69 118.933347 34.064227 11 0 35.547647 0.035156 
183 11 70 120.736769 34.084609 12 0 35.539822 0.029297 
184 12 71 123.011461 33.786149 12 0 35.580639 0.076172 
185 11 68 123.493839 33.759992 11 0 35.587040 0.049805 
186 12 71 123.910202 33.840617 12 0 35.600579 0.055664 
187 11 70 123.192057 33.577226 11 0 35.265317 0.079102 
188 11 70 123.911517 33.629896 11 0 35.422043 0.076172 
189 11 70 123.294142 33.361483 11 0 35.371784 0.064453 
190 11 70 123.117133 33.519677 11 0 35.004932 0.041016 
191 12 71 123.820295 33.638810 12 0 35.387745 0.002930 
192 12 72 124.158939 33.322100 12 0 35.479467 0.049805 
193 12 71 123.461603 33.402645 12 0 35.488200 0.035156 
194 11 72 123.034072 33.139228 11 0 35.328715 0.033691 
195 12 73 122.293087 33.048645 12 0 35.064157 0.029297 
196 11 71 121.280817 32.812837 11 0 34.729457 0.049805 
197 11 72 122.131119 32.691428 11 0 34.954883 0.032227 
198 11 71 121.240693 32.629887 11 0 34.520324 0.099609 
199 11 72 121.210563 32.539564 11 0 34.724834 0.111328 
200 11 73 121.580445 32.598156 11 0 34.876524 0.111328 
201 11 72 121.762650 32.541906 11 0 34.684892 0.151611 
202 11 72 121.712639 32.571439 11 0 34.562929 0.181641 
203 11 71 120.784475 32.536776 11 0 34.347626 0.215332 
204 12 75 121.259559 32.691061 12 0 34.663509 0.221191 
205 11 71 121.351244 32.826024 11 0 34.740803 0.254883 
206 12 73 120.612758 32.602405 11 0 34.428014 0.246094 
207 11 72 121.244884 32.613672 11 0 34.572473 0.219727 
208 11 70 120.954027 32.622865 11 0 34.547262 0.243164 
209 11 72 121.264610 32.602375 11 0 34.642268 0.169922 
210 11 71 120.972579 32.545017 11 0 34.464388 0.152344 
211 11 71 121.191893 32.754929 11 0 34.729867 0.161133 
212 11 70 120.570310 32.742572 11 0 34.387924 0.140625 
213 11 72 120.950704 32.575233 11 0 34.551152 0.159668 
214 11 71 122.569938 32.752324 11 0 34.781251 0.147949 
215 11 70 121.407064 32.776211 11 0 34.708706 0.208008 
216 11 71 121.378427 32.642978 11 0 34.591297 0.190430 
217 12 71 120.909493 32.569600 12 0 34.708721 0.193359 
218 11 69 121.181008 32.586583 11 0 34.499173 0.225586 
219 11 69 122.007894 32.657145 11 0 34.907327 0.205078 
220 11 69 122.514971 32.774808 11 0 35.065215 0.228516 
221 12 70 121.942755 32.580690 11 0 34.687229 0.222656 
222 11 69 121.132334 32.611889 11 0 34.689717 0.228516 
223 11 68 121.484477 32.518280 11 0 34.750699 0.298828 
224 12 70 122.271784 32.743891 12 0 35.037524 0.285645 
225 12 70 122.411177 32.722223 12 0 34.982862 0.292969 
226 11 69 121.296202 32.620385 11 0 34.742787 0.249023 
227 11 69 121.418483 32.683660 11 0 34.811435 0.190430 
228 12 69 122.169399 32.553904 12 0 34.738057 0.161133 
229 12 69 123.306875 32.719177 12 0 35.161442 0.134766 
230 11 67 120.981372 32.728105 11 0 34.610087 0.120117 
231 11 67 121.606052 32.587967 11 0 34.665152 0.099609 
232 12 68 122.949675 33.180573 12 0 35.042911 0.117188 
233 11 67 122.820830 32.987379 11 0 35.105319 0.120117 
234 11 67 122.660251 33.161059 11 0 35.275930 0.108398 
235 11 67 121.933003 33.126047 11 0 35.133319 0.090820 
236 12 68 122.061378 33.139138 12 0 35.227931 0.123047 
237 12 70 123.078247 33.310367 12 0 35.463947 0.152344 
238 12 71 122.430122 33.230666 12 0 35.399979 0.197754 
239 12 70 122.760197 33.419702 12 0 35.556146 0.106934 
240 12 74 121.969077 33.674765 12 0 35.615791 0.068848 
241 12 76 123.220622 33.742228 12 0 35.800966 0.131836 
242 12 75 122.590851 33.770893 12 0 35.991943 0.070312 
243 12 78 121.973434 34.112314 12 0 36.033031 0.079102 
244 12 80 121.861660 34.094042 12 0 36.247009 0.093750 
245 12 78 122.708334 34.284855 12 0 36.398561 0.067383 
246 12 80 120.954274 34.330783 12 0 35.964377 0.043945 
247 13 82 123.408027 34.550457 13 0 36.580309 0.087891 
248 12 81 123.097217 34.462234 12 0 36.750412 0.073242 
249 12 81 121.010296 34.308298 12 0 36.241486 0.123047 
250 13 82 123.671897 34.511595 13 0 36.703063 0.158203 
251 12 79 123.188407 34.582341 12 0 36.811363 0.149414 
252 12 80 123.245447 34.471786 12 0 36.757982 0.169922 
253 12 81 123.301021 34.537280 12 0 36.664636 0.216797 
254 13 82 122.880788 34.525789 12 0 36.725489 0.137695 
255 12 79 122.204585 34.331829 12 0 36.399525 0.228516 
256 12 80 121.527145 34.346265 12 0 36.480071 0.284180 
257 12 80 122.047220 34.687266 12 0 36.613808 0.301758 
258 12 82 122.731521 34.550519 12 0 36.504449 0.345703 
259 12 81 123.153675 34.356889 12 0 36.683555 0.306152 
260 12 80 121.169030 34.565684 12 0 36.369507 0.445312 
261 13 81 122.470858 34.559437 12 0 36.565388 0.352539 
262 12 81 122.924867 34.652503 12 0 36.620983 0.284180 
263 13 81 122.443243 34.707808 12 0 36.544276 0.248047 
264 12 81 122.366467 34.450224 12 0 36.582113 0.254883 
265 12 81 122.585495 34.314776 12 0 36.556734 0.254883 
266 12 80 122.605601 34.341821 12 0 36.662640 0.237305 
267 12 80 122.237864 34.460796 12 0 36.370423 0.354492 
268 12 79 122.112225 34.482688 12 0 36.471423 0.244629 
269 12 80 121.764126 34.274652 12 0 36.410344 0.228516 
270 12 80 120.849376 34.177932 12 0 36.218665 0.248047 
271 12 80 121.892973 34.304695 12 0 36.578595 0.292969 
272 13 81 123.543933 34.501050 13 0 36.876455 0.341309 
273 13 82 121.827698 34.298906 13 0 36.572972 0.411035 
274 12 80 122.132278 34.443115 12 0 36.669779 0.393555 
275 13 81 121.429220 34.375166 12 0 36.504760 0.419922 
276 12 80 121.259920 34.110811 12 0 36.359018 0.490234 
277 12 79 120.401730 34.226037 12 0 36.285044 0.431152 
278 12 81 122.607789 34.391518 12 0 36.771473 0.610449 
279 12 82 122.353363 34.212455 12 0 36.633820 0.634277 
280 13 82 122.255024 34.293240 12 0 36.799849 0.595117 
281 13 83 122.329259 34.319080 13 0 36.603864 0.593750 
282 12 82 122.255485 34.376431 12 0 36.670813 0.703125 
283 13 83 121.661076 34.120717 13 0 36.597362 0.771810 
284 13 81 122.250370 34.247751 12 0 36.818010 0.810059 
285 13 79 121.949026 34.292361 12 0 36.584983 0.949219 
286 13 81 122.822059 34.380895 12 0 36.953920 0.807617 
287 13 80 121.782955 34.512324 12 0 36.750214 0.805664 
288 13 80 121.987121 34.365544 13 0 36.845313 0.836426 
289 12 77 120.201485 34.156758 12 0 36.313432 0.758301 
290 12 79 121.653635 34.413815 12 0 36.740948 0.758301 
291 12 78 120.739623 34.399276 12 0 36.646550 0.790039 
292 13 80 121.107973 34.389203 13 0 36.683190 0.769531 
293 13 81 122.030817 34.427283 13 0 36.783257 0.723145 
294 12 79 120.434999 34.295032 12 0 36.475673 0.693848 
295 13 81 120.815699 34.355990 13 0 36.891035 0.848633 
296 13 81 120.525402 34.359772 13 0 36.795104 0.970313 
297 13 79 120.779615 34.156807 12 0 36.747874 0.922852 
298 13 80 120.447432 34.265258 13 0 36.864913 0.909180 
299 13 79 121.964923 34.378184 13 0 37.093662 0.896484 
300 13 78 121.638506 34.485930 12 0 37.193013 0.746582 
301 13 79 120.151950 34.380948 12 0 36.885699 0.615039 
302 13 79 120.716875 34.174412 12 0 37.013464 0.633301 
303 13 81 121.132114 34.505690 13 0 37.121285 0.689941 
304 13 80 120.902307 34.424249 12 0 37.129215 0.621582 
305 13 81 121.673951 34.373883 13 0 37.366660 0.535156 
306 13 81 120.955748 34.398546 12 0 37.306996 0.550293 
307 12 81 120.229016 34.154124 12 0 37.222620 0.580811 
308 12 80 119.219696 34.327880 12 0 36.953296 0.679688 
309 13 84 119.556911 33.995328 13 0 37.018780 0.626953 
310 13 85 120.313367 34.098548 13 0 37.204163 0.585938 
311 13 87 120.013182 34.368276 13 0 37.350655 0.635742 
312 13 88 119.450048 34.192203 13 0 37.348483 0.616699 
313 13 90 120.389996 34.341029 13 0 37.406292 0.541992 
314 13 88 119.083327 34.222384 13 0 37.343864 0.506836 
315 13 91 119.004851 33.973430 13 0 37.275176 0.506836 
316 13 94 119.062072 34.046000 13 0 37.433957 0.500977 
317 13 93 118.935362 34.017203 13 0 37.564444 0.404297 
318 13 95 118.607017 33.962191 13 0 37.381189 0.435059 
319 13 96 118.329239 33.796838 13 0 37.534215 0.336914 
320 13 96 117.437520 33.732223 13 0 37.366258 0.225586 
321 14 98 117.467883 33.932493 13 0 37.720151 0.222656 
322 13 99 116.238746 33.767185 13 0 37.370745 0.263672 
323 14 98 117.640825 33.688427 13 0 37.787820 0.210938 
324 14 100 117.219983 33.666061 14 0 37.777239 0.228516 
325 14 99 115.982165 33.502976 14 0 37.472506 0.254883 
326 13 97 115.313805 33.683966 13 0 37.483774 0.169922 
327 13 98 114.655254 33.668166 13 0 37.354581 0.146484 
328 14 98 114.857297 33.720899 14 0 37.398208 0.196289 
329 13 96 114.480876 33.747025 13 0 37.543613 0.146484 
330 13 96 113.855895 33.556951 13 0 37.406299 0.169922 
331 13 96 114.214208 33.782021 13 0 37.454329 0.190430 
332 14 96 113.012417 33.690875 13 0 37.446423 0.213867 
333 14 96 111.890285 33.763842 14 0 37.200662 0.202148 
334 14 95 112.346378 33.620533 14 0 37.360257 0.276855 
335 13 92 111.690671 33.938385 13 0 37.624229 0.249023 
336 14 93 111.081499 33.672002 13 0 37.349874 0.222656 
337 14 93 111.319095 33.908468 14 0 37.452776 0.240234 
338 13 89 111.045337 34.252320 13 0 37.581096 0.251953 
339 14 91 110.455022 33.951392 14 0 37.551124 0.216797 
340 13 87 108.443611 33.879930 13 0 37.042770 0.199219 
341 14 89 109.401316 34.237498 14 0 37.313835 0.251953 
342 14 89 108.796966 34.004041 14 0 37.736519 0.209473 
343 13 86 107.891056 33.854134 13 0 37.409468 0.244141 
344 13 85 107.507377 34.189874 13 0 37.439798 0.338379 
345 14 86 107.450569 33.963225 14 0 37.550579 0.295898 
346 14 87 106.760966 34.065982 14 0 37.596104 0.338379 
347 13 84 106.674089 34.273454 13 0 37.503237 0.388184 
348 13 82 105.410777 34.177123 13 0 37.383635 0.317871 
349 14 84 105.946132 33.990130 14 0 37.506174 0.272461 
350 13 83 105.840300 34.208217 13 0 37.546662 0.368164 
351 13 82 104.422717 34.008708 13 0 37.171732 0.439453 
352 14 83 104.253497 34.071878 14 0 37.284873 0.491211 
353 14 82 105.098897 34.026353 13 0 37.617407 0.521484 
354 13 81 104.464330 33.957819 13 0 37.323293 0.436523 
355 13 82 103.345883 33.916235 13 0 37.129564 0.357422 
356 14 83 103.905202 34.021011 14 0 37.495114 0.394043 
357 14 82 102.799331 33.631219 13 0 37.131085 0.307617 
358 13 80 104.193327 33.914081 13 0 37.562515 0.310547 
359 13 80 103.922440 33.832852 13 0 37.697989 0.331055 
360 14 82 103.762497 33.882106 14 0 37.453611 0.300293 
361 13 80 102.871045 33.752808 13 0 37.415318 0.304688 
362 13 79 102.630930 33.907251 13 0 37.299784 0.266602 
363 13 80 102.400005 33.783278 13 0 37.277724 0.312012 
364 14 80 102.891179 33.860503 13 0 37.554666 0.445312 
365 14 81 102.418382 33.984763 13 0 37.353690 0.498047 
366 14 81 100.929508 33.742304 14 0 37.043111 0.433594 
367 13 80 100.671282 33.679735 13 0 37.060497 0.492188 
368 14 80 100.868122 33.865766 13 0 37.161862 0.571289 
369 13 80 100.755894 33.764827 13 0 37.285945 0.650391 
370 14 81 100.784203 33.913980 14 0 37.298396 0.665039 
371 14 80 100.644125 33.914275 13 0 37.107604 0.571289 
372 14 82 100.446355 33.869217 14 0 37.113395 0.632812 
373 14 80 99.778321 33.793329 14 0 37.009326 0.645996 
374 14 81 100.338935 33.864060 14 0 37.208904 0.597168 
375 14 82 100.107313 33.995978 14 0 37.191804 0.744141 
376 14 81 98.947293 33.851843 14 0 36.762468 0.588867 
377 14 82 99.751223 33.940040 14 0 37.280381 0.583008 
378 14 80 99.466308 34.006604 14 0 37.078921 0.537598 
379 14 82 98.872813 33.917550 14 0 36.805304 0.544922 
380 14 81 98.909951 33.978222 14 0 36.791458 0.480469 
381 14 82 99.528968 34.158321 14 0 37.046536 0.545898 
382 14 83 99.185162 33.966813 14 0 37.091737 0.486328 
383 14 80 98.500777 33.761439 14 0 36.858449 0.369141 
384 14 83 99.672720 33.867526 14 0 37.215475 0.388184 
385 14 81 98.966502 33.785577 14 0 36.916058 0.316406 
386 14 82 98.621480 33.837997 14 0 36.906665 0.301758 
387 14 79 98.861314 34.010266 14 0 36.876242 0.445312 
388 14 81 98.385031 33.768085 14 0 36.681115 0.508301 
389 14 78 98.637472 34.056235 14 0 36.836457 0.613770 
390 14 79 99.376455 33.900512 14 0 37.113890 0.681152 
391 14 78 98.623335 34.059383 14 0 36.833690 0.688477 
392 14 79 98.249620 33.905449 14 0 36.695711 0.581543 
393 14 77 98.433247 33.870602 14 0 36.822736 0.373535 
394 14 79 98.745446 33.862697 14 0 36.789736 0.376465 
395 14 77 98.216450 33.884789 14 0 36.528762 0.298828 
396 14 77 97.561830 33.565374 14 0 36.359332 0.279785 
397 14 76 97.904044 33.664673 14 0 36.398445 0.331055 
398 14 75 98.343699 33.578792 14 0 36.625263 0.237305 
399 14 75 97.706172 33.569838 14 0 36.475668 0.175781 
400 15 76 98.135815 33.533445 15 0 36.485878 0.136230 
401 15 76 97.360421 33.562570 15 0 36.196334 0.240234 
402 15 76 97.262214 33.311997 15 0 36.283778 0.105469 
403 15 77 97.477178 33.466042 15 0 36.294078 0.149414 
404 15 76 97.026161 33.359540 15 0 36.164482 0.149414 
405 15 77 97.194601 33.304353 15 0 36.334928 0.143555 
406 15 77 97.219952 33.402379 15 0 36.295314 0.222656 
407 15 77 97.332235 33.369138 15 0 36.313029 0.336914 
408 15 77 96.828121 33.547573 15 0 36.207624 0.266602 
409 15 79 96.752575 33.331603 15 0 36.184475 0.190430 
410 15 77 95.987956 33.360482 15 0 35.935899 0.288574 
411 15 77 97.151076 33.388442 15 0 36.386459 0.313477 
412 15 76 96.647723 33.344570 15 0 36.204928 0.222656 
413 15 78 97.150677 33.496735 15 0 36.356530 0.254883 
414 15 78 96.465192 33.382059 15 0 36.334256 0.205078 
415 15 78 97.468462 33.602611 15 0 36.663095 0.208008 
416 15 77 97.161436 33.815924 15 0 36.569443 0.219727 
417 15 77 97.342481 33.478655 15 0 36.591964 0.202148 
418 15 77 97.403750 33.460540 15 0 36.603737 0.351562 
419 15 78 96.251549 33.503359 15 0 36.216174 0.332520 
420 15 77 96.519297 33.435792 15 0 36.389823 0.360352 
421 15 79 96.928837 33.424809 15 0 36.515586 0.345703 
422 15 79 96.700048 33.405651 15 0 36.376221 0.312012 
423 15 78 96.037588 33.248055 15 0 36.212416 0.310547 
424 15 78 96.777993 33.491258 15 0 36.579975 0.263672 
425 15 78 96.577464 33.486643 15 0 36.412482 0.287109 
426 15 77 96.153093 33.324473 15 0 36.293740 0.295898 
427 15 79 95.757248 33.135588 15 0 36.185397 0.279785 
428 16 80 96.704541 33.478845 16 0 36.499620 0.196289 
429 16 82 96.184347 33.108085 16 0 36.440572 0.234375 
430 16 80 95.866441 32.967913 16 0 36.217036 0.208008 
431 16 81 95.915030 32.973609 16 0 36.304259 0.171387 
432 16 80 95.822987 33.050627 16 0 36.303348 0.210938 
433 16 80 95.205854 32.742254 16 0 36.137497 0.227051 
434 16 81 96.656248 32.926535 16 0 36.529912 0.171387 
435 16 79 95.717805 32.522694 16 0 36.228352 0.190430 
436 16 80 96.458435 32.630476 16 0 36.512106 0.162598 
437 16 81 95.789443 32.461217 16 0 36.260297 0.146484 
438 16 80 95.640072 32.482394 16 0 36.107880 0.202148 
439 17 83 96.632152 32.214270 17 0 36.483513 0.150879 
440 17 83 96.150087 32.287959 17 0 36.339045 0.123047 
441 17 83 96.141270 32.249370 17 0 36.323617 0.102539 
442 17 82 96.534594 32.046838 17 0 36.553323 0.149414 
443 17 81 96.506525 32.136300 17 0 36.511199 0.093750 
444 17 82 96.015243 31.802249 17 0 36.271540 0.147949 
445 17 81 96.171867 31.846394 17 0 36.295923 0.146484 
446 17 81 97.257359 32.017631 17 0 36.749801 0.164062 
447 17 81 96.910329 31.900419 17 0 36.533995 0.142090 
448 17 82 96.294667 31.972309 17 0 36.432723 0.127441 
449 17 83 96.906996 31.901165 17 0 36.546239 0.164062 
450 17 82 96.825190 31.766605 17 0 36.542163 0.102539 
451 17 83 96.921065 32.192058 17 0 36.595053 0.265137 
452 17 82 96.936037 32.015598 17 0 36.694770 0.121582 
453 17 83 96.667614 31.910102 17 0 36.677379 0.178711 
454 17 81 96.541224 31.823638 17 0 36.486431 0.131836 
455 17 81 96.154444 31.819166 17 0 36.248665 0.142090 
456 17 82 95.875142 31.859501 17 0 36.268381 0.171387 
457 17 82 95.695796 31.848542 17 0 36.120355 0.187500 
458 17 83 97.228565 32.015588 17 0 36.697879 0.096680 
459 17 83 96.369075 32.132619 17 0 36.317042 0.194824 
460 17 83 96.569011 31.841932 17 0 36.444834 0.123047 
461 17 82 96.886502 32.152105 17 0 36.649636 0.096680 
462 17 82 95.864594 31.991436 17 0 36.327794 0.184570 
463 17 82 96.626171 32.159205 17 0 36.308078 0.199219 
464 17 82 97.222557 32.413607 17 0 36.554692 0.231445 
465 17 81 97.004251 31.922274 17 0 36.525697 0.250488 
466 17 82 97.174232 32.189347 17 0 36.596431 0.313477 
467 17 83 96.388256 31.907074 17 0 36.219204 0.355957 
468 17 81 96.850201 32.124500 17 0 36.387567 0.376465 
469 17 81 96.487153 31.962477 17 0 36.285288 0.333984 
470 17 81 96.824302 31.955540 17 0 36.510603 0.407227 
471 17 81 97.579419 32.280698 17 0 36.678060 0.490723 
472 17 82 97.276532 32.229280 17 0 36.685001 0.566895 
473 17 82 97.345600 32.117731 17 0 36.623044 0.493164 
474 17 81 95.980647 32.057839 17 0 36.169431 0.698730 
475 17 80 96.281104 32.087903 16 0 36.349704 0.711914 
476 17 82 97.141568 32.228261 17 0 36.613068 0.640137 
477 17 80 96.916161 32.161617 17 0 36.555485 0.624023 
478 17 81 97.303417 32.219558 17 0 36.662641 0.647461 
479 17 81 96.017468 31.930370 17 0 36.442012 0.421875 
480 17 81 96.683599 32.053179 17 0 36.661872 0.379395 
481 17 81 96.839549 32.053546 17 0 36.819615 0.427734 
482 17 80 95.963291 31.805242 17 0 36.571631 0.383789 
483 17 80 96.885383 31.806656 17 0 36.988053 0.398438 
484 17 81 96.636939 31.903035 17 0 37.001218 0.377930 
485 17 80 96.164891 31.831777 17 0 36.881376 0.396240 
486 17 81 96.730593 31.863145 17 0 37.114809 0.345703 
487 17 80 96.676375 31.803322 17 0 37.219006 0.263184 
488 17 79 96.202814 31.626200 17 0 37.133158 0.177734 
489 18 82 96.772923 31.800706 18 0 37.381114 0.284180 
490 17 79 95.952217 31.522381 17 0 37.172022 0.266602 
491 17 80 95.957253 31.621978 17 0 37.130572 0.313477 
492 17 79 95.682205 31.384565 17 0 37.017182 0.359863 
493 18 81 95.502769 31.386094 18 0 37.027591 0.285645 
494 17 79 97.263143 31.767139 17 0 37.497954 0.295898 
495 17 79 95.842087 31.783048 17 0 37.088644 0.382324 
496 18 81 96.486586 31.671621 18 0 37.295013 0.375000 
497 18 81 97.123268 31.728900 18 0 37.548169 0.449707 
498 17 80 96.646284 31.698249 17 0 37.333739 0.464355 
499 18 80 96.757177 31.717060 18 0 37.388249 0.464355 
500 17 79 97.326274 31.792713 17 0 37.568255 0.580078 
501 18 80 96.723413 31.858885 18 0 37.245029 0.509766 
502 17 79 96.636925 31.639296 17 0 37.357690 0.492188 
503 17 79 96.646687 31.711900 17 0 37.277072 0.559570 
504 18 81 97.094622 31.866405 18 0 37.483014 0.467285 
505 17 79 96.800680 31.714180 17 0 37.485924 0.372070 
506 17 80 96.349546 31.806894 17 0 37.212021 0.473145 
507 17 80 97.038666 31.950850 17 0 37.470866 0.517090 
508 17 78 96.551697 31.823132 17 0 37.247379 0.457031 
509 18 81 96.914357 31.861229 18 0 37.401191 0.529785 
510 17 79 97.574766 31.857944 17 0 37.684452 0.559570 
511 17 78 97.018266 31.772387 17 0 37.450590 0.518555 
512 18 81 97.091290 31.798977 18 0 37.438044 0.470215 
513 17 78 96.139492 31.763010 17 0 37.235248 0.547852 
514 17 79 97.380172 31.771807 17 0 37.476385 0.581543 
515 18 80 96.908130 31.746260 18 0 37.389222 0.669434 
516 17 79 97.401932 31.777269 17 0 37.513872 0.647461 
517 18 81 97.093087 31.609503 18 0 37.390102 0.823730 
518 18 82 97.042408 31.773187 18 0 37.473308 0.959961 
519 17 79 97.064134 31.651082 17 0 37.455621 1.073730 
520 17 80 97.103570 31.748720 17 0 37.554947 1.029785 
521 18 81 97.658471 31.632287 18 0 37.622739 1.013672 
522 17 79 96.626266 31.554205 17 0 37.298099 0.919922 
523 17 79 97.431723 31.756944 17 0 37.503068 0.889160 
524 17 78 97.532284 31.968257 17 0 37.607399 0.916992 
525 18 81 97.113737 31.711019 18 0 37.436224 0.975586 
526 17 79 97.160450 31.724267 17 0 37.438753 1.078125 
527 17 78 96.753271 31.620356 17 0 37.371341 1.201172 
528 17 81 97.771068 31.659806 17 0 37.618060 1.122070 
529 17 80 97.278584 31.734248 17 0 37.324164 0.980957 
530 17 81 97.214314 31.842028 17 0 37.383014 0.988770 
531 18 82 98.269077 31.929945 18 0 37.687702 0.839355 
532 17 80 98.071053 31.661616 17 0 37.589386 0.881836 
533 17 80 97.696254 31.590838 17 0 37.422338 1.006348 
534 17 81 97.094799 31.680637 17 0 37.330587 1.037109 
535 17 81 97.743949 31.779969 17 0 37.544650 0.962402 
536 17 83 97.955498 31.691080 18 0 37.596736 1.049805 
537 17 82 97.809945 31.647122 18 0 37.485645 1.012939 
538 17 81 98.222305 31.602446 17 0 37.598207 1.146240 
539 17 82 98.408625 31.580701 17 0 37.737070 0.965332 
540 17 80 97.683067 31.253397 17 0 37.385944 0.979492 
541 17 82 98.370661 31.628646 17 0 37.733384 0.933105 
542 17 81 97.948383 31.544439 17 0 37.440971 0.912598 
543 17 81 98.496179 31.244747 17 0 37.574501 0.936035 
544 17 82 97.580142 31.075738 18 0 37.298773 0.955078 
545 17 83 98.961159 31.325368 18 0 37.779739 1.045898 
546 17 80 98.323770 31.432037 17 0 37.541586 1.011230 
547 17 82 98.900597 31.306519 17 0 37.837527 0.893555 
548 17 83 98.540339 31.171631 18 0 37.557163 0.938965 
549 17 83 98.074067 31.010720 18 0 37.426674 1.067871 
550 17 82 98.020245 31.129527 17 0 37.472655 0.999023 
551 17 81 98.894923 31.109355 17 0 37.674284 1.097168 
552 17 83 98.300158 30.947075 18 0 37.556722 1.008301 
553 17 82 98.664416 31.154505 17 0 37.783860 0.948242 
554 17 82 98.884232 31.059969 17 0 37.768945 1.267090 
555 17 82 98.261391 30.962295 17 0 37.555723 1.211914 
556 17 83 98.070392 31.010248 18 0 37.526876 1.412109 
557 17 82 98.038457 31.236710 17 0 37.614382 1.605469 
558 17 84 98.102081 31.128966 18 0 37.665714 1.626953 
559 18 84 97.801781 30.856280 18 0 37.557824 1.833705 
560 17 83 98.408207 31.087025 18 0 37.768148 1.797852 
561 17 82 97.544724 31.061743 17 0 37.547943 2.090332 
562 17 83 97.323351 31.139062 17 0 37.489687 2.191406 
563 17 83 97.910586 31.267457 17 0 37.766379 2.403320 
564 17 83 97.907615 31.315896 17 0 37.746980 2.462402 
565 17 82 97.353648 31.285243 17 0 37.590475 2.561035 
566 17 82 97.652206 31.411224 17 0 37.652618 2.767090 
567 17 84 97.386396 31.523314 17 0 37.706855 3.067578 
568 17 84 97.593156 31.398821 17 0 37.785257 3.330078 
569 17 85 98.335036 31.841351 17 0 38.101960 3.634766 
570 18 86 98.310563 31.708607 18 0 38.098748 3.817871 
571 17 84 97.417756 31.943164 17 0 37.811694 4.030420 
572 17 86 97.622585 31.777123 17 0 37.919970 4.321791 
573 17 87 97.417546 31.928295 17 0 37.783025 4.518066 
574 18 87 98.272467 32.085703 18 0 38.240617 4.777832 
575 18 89 97.906891 31.840628 18 1 38.175962 4.947656 
576 18 88 97.549004 31.819934 17 1 38.070440 4.818848 
577 18 87 97.072685 31.853004 17 1 37.922412 4.777295 
578 18 88 97.413740 31.946824 18 1 38.034679 4.848947 
579 18 88 97.048156 31.906056 18 1 38.099585 4.903418 
580 18 89 96.766643 31.805057 18 1 38.108634 4.741455 
581 17 88 96.863644 31.981360 17 1 38.257999 4.750663 
582 17 85 96.233245 31.700013 17 1 38.063448 4.546875 
583 17 88 96.627360 31.851030 17 1 38.167945 4.721861 
584 18 90 96.364445 31.682703 18 1 38.256664 4.697628 
585 18 90 96.601175 31.736423 18 1 38.361967 4.761882 
586 17 89 96.251471 31.678784 17 1 38.392001 5.012305 
587 18 91 95.607168 31.660589 18 1 38.257274 5.032617 
588 18 91 95.687522 31.589896 18 1 38.292825 5.188553 
589 18 91 96.516527 31.913298 18 1 38.691354 5.332213 
590 17 89 96.694100 31.937145 17 1 38.810717 5.313428 
591 17 90 94.873977 31.641838 17 1 38.187061 5.190939 
592 17 90 95.956649 31.905878 17 1 38.545086 5.178739 
593 18 90 96.151627 32.013778 18 1 38.596690 5.252999 
594 17 91 96.560360 31.909846 17 1 38.856897 5.217557 
595 17 88 95.588000 31.785127 17 1 38.437767 5.118436 
596 17 90 96.203552 31.830480 17 1 38.812814 5.266127 
597 18 92 96.615180 31.945281 18 1 38.824176 5.561356 
598 18 91 96.622216 31.912316 18 1 38.801317 5.756787 
599 17 89 96.146703 31.870622 17 1 38.586602 5.639258 
600 17 88 96.723237 31.885893 17 1 38.835457 5.596701 
601 17 91 95.133496 31.800746 18 1 38.220737 5.672754 
602 17 91 96.657778 31.970371 17 1 38.760078 5.656564 
603 17 89 96.099205 31.769463 17 1 38.519238 5.536698 
604 17 91 96.453150 31.857197 17 1 38.602846 5.719189 
605 17 90 96.499908 31.984356 17 1 38.540704 5.750753 
606 17 91 96.778767 31.933811 17 1 38.579872 5.834277 
607 17 92 96.809384 32.133797 18 1 38.628538 5.605664 
608 17 92 96.461020 31.970701 18 1 38.592657 5.692146 
609 18 93 97.481575 32.158117 18 1 38.676228 5.736942 
610 17 91 97.083832 31.957776 17 1 38.526370 5.676090 
611 17 90 97.315073 32.192014 17 1 38.592336 5.619713 
612 17 92 97.531508 32.180262 17 1 38.652837 5.330859 
613 17 92 97.462837 32.128691 17 1 38.507906 5.162012 
614 17 93 96.247841 31.918481 18 1 37.994809 5.221191 
615 17 93 97.871607 31.990834 17 1 38.566905 5.385379 
616 17 91 97.700291 32.147579 17 1 38.540836 5.448926 
617 17 95 97.521380 32.102005 18 1 38.328108 5.432422 
618 17 92 97.879503 31.944086 17 1 38.446970 5.565611 
619 17 94 97.641290 32.007212 17 1 38.330990 5.450711 
620 17 95 97.385673 31.847492 18 1 38.240214 5.398256 
621 17 96 97.379410 31.799778 18 1 38.193485 5.487842 
622 17 94 96.791465 32.017137 17 1 37.963338 5.464348 
623 17 94 97.986171 31.999285 17 1 38.344720 5.420424 
624 17 95 97.639535 32.139045 17 1 38.264799 5.435937 
625 17 93 97.247922 31.819174 17 1 38.190761 5.485986 
626 17 93 98.272352 31.962518 17 1 38.483912 5.557910 
627 17 94 97.302804 31.896165 17 1 38.140607 5.445508 
628 17 95 97.166396 31.864796 18 1 38.153438 5.625977 
629 17 96 97.395023 32.016207 18 1 38.218709 5.563721 
630 17 92 97.301788 31.829794 17 1 38.276975 5.466385 
631 17 92 96.522195 31.726069 17 1 37.947171 5.302246 
632 17 94 96.527396 32.048253 18 1 38.119087 5.331543 
633 17 93 96.004017 31.775690 17 1 37.921798 5.437430 
634 17 94 96.002773 32.070141 18 1 38.083166 5.444922 
635 17 93 95.975896 31.916004 17 1 37.950553 5.467411 
636 17 94 96.499795 31.963283 18 1 38.453543 5.573975 
637 17 94 96.216914 32.052966 18 1 38.371208 5.448340 
638 17 93 95.501756 32.020484 17 1 38.088563 5.491030 
639 17 94 96.626013 32.172300 18 1 38.664511 5.646973 
640 17 93 95.663273 32.042968 17 1 38.302408 5.378711 
641 17 93 95.488777 31.899793 17 1 38.333415 5.461593 
642 17 92 95.331015 31.912140 17 1 38.338390 5.363672 
643 17 93 95.932034 32.088184 17 1 38.696256 5.466553 
644 17 93 95.030824 31.940375 17 1 38.370150 5.297796 
645 17 93 95.392359 31.969032 17 1 38.555376 5.390625 
646 17 93 95.094483 32.029585 17 1 38.507586 5.331971 
647 17 96 95.296576 31.937422 18 1 38.641827 5.476904 
648 17 94 94.553495 31.944684 17 1 38.407921 5.622580 
649 17 94 95.290613 31.915190 17 1 38.594257 5.650391 
650 18 98 95.250176 32.097392 18 1 38.794176 5.849951 
651 17 95 94.739916 31.951590 18 1 38.629428 5.703467 
652 17 94 95.081662 31.823863 17 1 38.960158 5.807812 
653 17 95 94.337543 31.900160 18 1 38.532174 5.934787 
654 17 95 94.519125 31.693036 18 1 38.648651 5.977148 
655 17 93 94.462916 31.839908 17 1 38.677751 5.826660 
656 17 94 94.492763 31.732922 17 1 38.719373 5.640060 
657 18 97 94.133333 31.879481 18 1 38.597490 5.746212 
658 17 95 93.826581 31.724097 17 1 38.473937 5.662137 
659 17 94 94.771287 31.822734 17 1 38.784695 5.677344 
660 17 95 94.357335 31.760707 17 1 38.542491 5.900391 
661 17 94 94.346473 31.676196 17 1 38.611051 5.865444 
662 16 91 93.996046 31.720157 17 1 38.429314 5.790641 
663 17 95 94.829877 31.794952 17 1 38.664151 5.972437 
664 17 94 94.639807 31.913297 17 1 38.574698 5.877051 
665 17 95 94.921410 31.870444 17 1 38.658337 5.907852 
666 17 96 95.150853 31.805748 17 1 38.802198 5.886816 
667 17 95 95.144417 31.886151 17 1 38.620326 5.845801 
668 17 96 95.236975 31.903268 17 1 38.769290 5.618662 
669 17 95 95.088075 31.867281 17 1 38.590357 5.693506 
670 17 96 95.614116 31.980021 18 1 38.790140 5.643311 
671 17 95 96.139065 32.072749 17 1 38.799155 5.553711 
672 17 95 96.193739 32.077047 17 1 38.883869 5.550879 
673 17 98 95.809745 31.920463 18 1 38.795912 5.548019 
674 17 94 95.564325 31.948268 17 1 38.494022 5.311914 
675 17 95 96.131069 31.926346 17 1 38.808772 5.603027 
676 17 95 95.873828 32.030090 17 1 38.594866 5.718604 
677 17 95 96.024192 31.947933 18 1 38.798596 5.602539 
678 16 94 96.588555 32.023626 17 1 38.920460 5.597168 
679 16 92 96.121278 31.806223 17 1 38.824088 5.368583 
680 17 94 96.086183 31.871857 17 1 38.822704 5.526367 
681 17 94 96.067275 32.034359 17 1 38.861517 5.592773 
682 17 94 96.676875 32.050992 18 1 39.175943 5.699951 
683 16 93 96.332510 31.812296 17 1 39.134373 5.733789 
684 16 93 96.284689 31.932823 17 1 39.190580 5.502441 
685 16 93 96.752668 31.861770 17 1 39.421572 5.522461 
686 17 94 95.997041 31.842243 18 1 39.177739 5.401367 
687 16 93 96.657327 31.812917 17 1 39.653113 5.493652 
688 16 91 95.471054 31.646470 17 1 39.350924 5.417969 
689 17 94 96.717941 31.929149 17 1 39.909380 5.358398 
690 16 93 95.621589 31.567211 17 1 39.734662 5.401855 
691 16 92 95.315123 31.705340 17 1 39.636701 5.431641 
692 16 93 95.989969 31.665571 17 1 40.082236 5.358887 
693 17 96 96.132233 31.645427 18 1 40.250934 5.382812 
694 17 96 95.831276 31.680383 18 1 40.128191 5.418701 
695 16 94 96.240221 31.849114 17 1 40.329499 5.370117 
696 17 95 95.850712 31.766412 18 1 40.431072 5.456543 
697 16 93 95.803954 31.701651 17 1 40.592266 5.585449 
698 17 95 95.934999 31.714322 18 1 40.840501 5.625977 
699 16 93 95.246455 31.654398 17 1 40.666360 5.441406 
700 16 94 95.740599 31.791953 17 1 41.037227 5.496094 
701 17 97 95.655714 31.607752 18 1 41.142167 5.599707 
702 16 95 95.398815 31.563819 17 1 41.119535 5.571289 
703 16 94 95.846585 31.682767 17 1 41.409288 5.440430 
704 16 95 94.832593 31.621711 17 1 41.120568 5.220703 
705 17 95 95.422016 31.656293 18 1 41.641721 5.314453 
706 16 93 95.367384 31.624391 17 1 41.521293 5.344238 
707 16 93 95.402620 31.561637 17 1 41.760513 5.483398 
708 16 94 95.225546 31.615520 17 1 41.732022 5.520996 
709 17 95 95.277141 31.507955 18 1 41.807076 5.537598 
710 17 97 95.442469 31.488563 18 1 41.861235 5.584961 
711 16 94 95.118751 31.434801 17 1 41.823697 5.474609 
712 16 94 95.333371 31.620702 17 1 42.014280 5.313965 
713 16 94 95.586685 31.556644 17 1 42.124816 5.477051 
714 17 96 95.316026 31.328140 18 1 41.949497 5.594238 
715 16 93 95.303907 31.513445 17 1 42.060148 5.595215 
716 17 96 95.456917 31.510936 18 1 42.180819 5.748047 
717 16 93 94.276597 31.291914 17 0 41.592090 5.638672 
718 17 95 95.040651 31.435764 18 1 41.989918 5.515137 
719 16 94 95.924893 31.540083 17 1 42.369909 5.521484 
720 16 94 95.798511 31.325935 17 1 42.218385 5.639648 
721 16 94 95.055335 31.263358 17 1 41.951307 5.445312 
722 16 92 94.665215 31.064000 17 1 41.818171 5.560547 
723 17 94 95.711546 31.286411 17 1 42.229567 5.605957 
724 17 94 95.429916 31.258121 17 1 41.984821 5.608398 
725 16 94 95.214093 31.174107 17 1 41.911810 5.398926 
726 17 96 94.595426 31.150838 18 1 41.762914 5.438330 
727 16 95 95.755652 31.174510 17 1 42.233610 5.490234 
728 16 95 95.104215 30.962181 17 1 41.886000 5.351074 
729 16 94 95.619482 31.141786 17 1 42.194748 5.407227 
730 16 92 95.316755 31.100741 17 1 42.016448 5.268066 
731 16 94 95.343794 30.994452 17 1 41.983054 5.291992 
732 16 94 96.204029 31.212162 17 1 42.379065 5.299072 
733 16 94 96.231173 31.112684 17 1 42.398908 5.283203 
734 16 94 94.856811 31.063371 17 1 41.859792 5.176270 
735 16 93 95.693253 31.001098 17 1 42.200110 5.302734 
736 16 93 95.970020 30.825632 17 1 42.163437 5.519531 
737 16 93 96.017990 31.047893 17 1 42.151732 5.379883 
738 16 94 95.595775 30.905055 17 1 42.083765 5.464844 
739 17 95 96.145125 30.957101 17 1 42.306183 5.324902 
740 16 92 95.642225 30.705671 17 1 41.912564 5.361816 
741 17 96 96.614343 31.000425 18 1 42.490170 5.466309 
742 17 96 96.851265 30.905108 18 1 42.538066 5.478027 
743 16 93 95.861810 30.975077 17 1 42.163015 5.422363 
744 17 95 95.943491 30.923699 18 1 42.313858 5.510254 
745 16 94 95.955068 30.831077 17 1 42.345809 5.349121 
746 17 94 95.666115 30.796044 18 1 42.159850 5.382812 
747 17 94 95.606676 30.931009 17 1 42.038787 5.378906 
748 16 93 96.119696 30.844764 17 1 42.493056 5.391113 
749 17 95 96.427413 31.015153 18 1 42.698095 5.161377 
750 17 93 95.734928 30.932426 17 1 42.118727 5.387207 
751 17 95 95.852877 31.015952 18 1 42.342041 5.502441 
752 16 92 95.778401 30.864834 17 1 42.331139 5.464844 
753 16 92 96.118660 30.868590 17 1 42.558965 5.425781 
754 16 94 96.006519 30.862526 17 1 42.423064 5.430176 
755 16 92 96.143266 30.817275 17 1 42.382849 5.491699 
756 17 94 95.637694 30.731053 17 1 42.282591 5.620117 
757 16 91 95.372693 30.610461 17 0 42.076149 5.375977 
758 17 94 95.943656 30.770339 18 1 42.309431 5.678613 
759 16 91 95.344829 30.528282 17 1 42.130344 5.586426 
760 17 96 96.180491 30.660068 18 1 42.439278 5.430176 
761 17 95 96.215448 30.805228 18 1 42.478541 5.606934 
762 16 93 96.569954 30.872000 17 1 42.680021 5.637939 
763 17 94 96.499456 30.842863 18 1 42.588209 5.404297 
764 16 92 96.258112 30.765108 17 1 42.478882 5.423926 
765 16 91 96.524879 30.855181 17 1 42.533003 5.452148 
766 17 93 96.057198 30.769010 18 1 42.376223 5.475830 
767 16 91 95.640494 30.903761 17 1 42.120095 5.529785 
768 17 92 96.241291 31.033671 17 1 42.318899 5.573730 
769 16 90 96.530210 30.835326 17 1 42.563337 5.630859 
770 17 93 97.225561 30.883214 18 1 42.698641 5.521729 
771 17 91 96.214301 30.724016 17 1 42.375297 5.511719 
772 17 90 97.146181 30.838350 17 1 42.685748 5.738281 
773 17 90 96.926007 30.962362 18 1 42.706856 5.785645 
774 17 92 97.118808 30.713960 18 1 42.691672 5.791211 
775 16 88 97.235268 30.803913 17 1 42.611290 5.347893 
776 17 91 96.929710 30.875063 18 1 42.470161 5.437486 
777 16 88 97.185155 30.799005 17 1 42.624535 5.449219 
778 16 87 96.877493 30.570109 17 1 42.355062 5.361328 
779 16 86 96.941861 30.806602 17 1 42.462607 5.286621 
780 16 87 96.952613 30.677079 17 1 42.571293 5.435059 
781 16 86 97.033056 30.602816 17 1 42.595242 5.529297 
782 16 87 98.021613 30.699763 17 1 43.020227 5.392578 
783 16 88 98.257548 30.707156 17 1 43.072169 5.426953 
784 16 88 97.757317 30.766455 17 1 42.766274 5.376953 
785 16 88 97.619459 30.620174 17 1 42.924299 5.428223 
786 17 88 97.532091 30.438474 17 1 42.714404 5.507324 
787 17 90 98.032083 30.354628 18 1 43.045580 5.693848 
788 17 88 97.654677 30.395901 18 1 42.971552 5.840088 
789 17 89 97.116771 30.253541 18 1 42.753693 5.699707 
790 17 89 98.176315 30.436525 18 1 43.212855 5.576172 
791 17 86 96.879188 30.174492 17 1 42.633609 5.646833 
792 17 86 97.958906 30.282687 17 1 43.036661 5.776367 
793 17 85 97.898604 30.247946 17 1 43.026329 5.676660 
794 17 86 97.750052 30.187660 17 1 42.956018 5.632324 
795 17 86 98.142169 30.120926 18 1 43.103367 5.729980 
796 17 87 97.743912 29.927398 18 1 42.934566 5.784180 
797 16 85 98.336845 30.002359 17 1 43.223380 5.711719 
798 16 85 97.551097 29.788742 17 1 43.021251 5.651367 
799 17 88 97.699590 29.834036 18 1 42.901939 5.822266 
800 16 84 98.537497 29.759686 17 1 43.351959 5.790527 
801 17 85 97.520574 29.657047 17 1 42.836699 5.743701 
802 16 83 97.921813 29.782710 17 1 42.979939 5.758789 
803 17 85 98.030548 29.512827 18 1 43.030314 5.963135 
804 16 84 98.474019 29.520093 17 1 43.308138 6.098926 
805 17 85 98.664667 29.428132 17 1 43.472410 5.909082 
806 16 83 97.959995 29.495538 17 1 43.215171 5.894043 
807 17 85 97.820003 29.358522 18 1 43.111599 6.079590 
808 17 84 98.280389 29.324005 18 1 43.298827 5.874023 
809 16 82 98.140885 29.210139 17 1 43.350442 6.187988 
810 17 82 98.826424 29.162413 17 1 43.519139 6.060547 
811 17 82 98.517787 29.093723 18 1 43.354330 6.150900 
812 17 83 98.750098 29.142781 18 1 43.614700 6.067871 
813 17 83 98.178925 28.903245 18 1 43.395647 6.177720 
814 17 83 98.709894 28.770604 18 1 43.512495 6.315430 
815 17 82 97.873599 28.937774 18 1 43.227868 6.087402 
816 17 82 98.300639 28.936022 18 1 43.386841 6.122266 
817 17 82 98.328216 28.873009 18 1 43.523005 6.005046 
818 17 82 98.734539 28.768852 18 1 43.521148 6.021582 
819 16 81 98.068288 28.694930 17 1 43.433078 5.986816 
820 16 81 98.059357 28.727171 17 1 43.241461 5.801758 
821 17 82 98.003347 28.774275 18 1 43.328955 5.815332 
822 17 81 97.723467 28.709931 18 1 43.178246 5.733496 
823 17 81 98.582053 28.944637 18 1 43.556175 5.875000 
824 17 81 98.595512 28.885584 18 1 43.606379 6.094238 
825 17 83 99.139991 29.000015 18 1 43.904926 6.112395 
826 17 81 98.304207 28.894337 18 1 43.534982 6.106445 
827 17 80 98.144717 28.691748 17 1 43.370585 6.114258 
828 17 80 98.869079 28.937520 18 1 43.786095 6.145996 
829 17 83 98.799572 28.840402 18 1 43.722521 6.068115 
830 17 80 98.682533 28.905828 18 1 43.690978 6.010672 
831 17 80 98.563577 29.056964 18 1 43.678975 6.069092 
832 17 80 98.783483 29.074649 18 1 43.954787 6.101074 
833 17 79 98.053756 28.802092 18 1 43.482520 6.076855 
834 17 79 98.825939 29.070129 18 1 43.827585 5.907129 
835 17 81 99.251934 29.085354 18 1 44.054792 6.110742 
836 17 80 98.661802 29.122378 18 1 43.690106 5.754883 
837 17 80 98.166284 29.031864 18 1 43.413705 5.691688 
838 17 81 99.013423 29.055682 18 1 43.867957 5.655859 
839 17 80 98.804698 28.978840 18 1 43.748939 5.740304 
840 17 80 98.567392 28.876564 18 1 43.546024 5.789062 
841 17 80 99.058450 28.961027 18 1 43.545723 5.600000 
842 17 82 99.213755 28.949281 18 1 43.862285 5.773975 
843 17 82 99.147460 29.182972 18 1 43.736690 5.836426 
844 17 80 98.882497 28.962405 18 1 43.582066 5.594727 
845 17 81 98.289780 28.938332 18 1 43.314624 5.837744 
846 17 80 98.584600 28.953637 18 1 43.469904 5.823193 
847 17 81 98.712380 28.982768 18 1 43.425057 5.870117 
848 17 83 99.354488 29.006997 18 1 43.659687 6.013672 
849 17 83 99.338615 28.997925 18 1 43.476377 5.931152 
850 17 82 98.948979 28.940413 18 1 43.350522 5.923828 
851 17 83 99.965044 29.072907 18 1 43.825188 6.054688 
852 17 80 99.475482 29.058571 18 1 43.486446 5.681152 
853 17 84 99.221991 28.960696 18 1 43.402856 5.852539 
854 17 82 99.084662 28.925830 18 1 43.374912 5.869629 
855 17 84 99.492751 29.009538 18 1 43.609321 5.906250 
856 17 82 99.376162 29.079603 18 1 43.528754 5.614502 
857 17 84 99.598006 29.022361 18 1 43.573455 5.830078 
858 17 84 99.013247 28.849487 18 1 43.507688 6.208412 
859 17 84 98.558275 28.803414 18 1 43.270945 6.128906 
860 17 83 99.333393 29.093025 18 0 43.590290 6.047852 
861 17 83 98.865024 28.904412 18 0 43.467488 6.126709 
862 17 84 99.585285 29.146938 18 0 43.781855 5.971191 
863 17 85 98.541518 28.991070 18 1 43.438052 6.067139 
864 18 86 98.927699 28.987970 19 1 43.601695 5.929199 
865 17 85 98.408899 29.180197 18 1 43.507703 6.086914 
866 17 83 98.028028 28.922971 18 0 43.391897 5.982422 
867 17 86 98.783461 29.164204 18 1 43.797092 6.186523 
868 18 86 98.517112 29.120898 19 1 43.551918 6.121582 
869 17 86 98.751026 29.206674 18 1 43.811769 6.019531 
870 17 84 98.659098 29.158227 18 0 43.812947 6.123047 
871 17 83 97.537294 28.935602 18 0 43.388591 5.852051 
872 17 85 98.092956 29.249314 18 1 43.755382 5.926270 
873 17 85 98.398908 29.225084 18 1 43.952085 6.048828 
874 17 85 97.906236 29.128227 18 0 43.709749 5.816895 
875 18 85 98.944885 29.373233 19 1 44.264277 5.926758 
876 18 86 98.008732 29.306408 19 1 43.893651 5.809570 
877 17 85 98.465218 29.251097 18 1 44.103374 5.903809 
878 17 85 98.314204 29.223294 18 1 44.089493 5.782227 
879 18 85 97.850704 29.279871 19 1 43.819503 5.803223 
880 17 85 98.145115 29.269954 18 1 44.113810 5.892578 
881 17 84 97.662365 29.240917 18 0 43.809984 5.963379 
882 17 85 97.684075 29.381988 18 1 43.919364 6.008301 
883 17 83 97.690470 29.284093 18 1 44.010506 5.795166 
884 18 85 97.819784 29.285358 18 1 43.957341 5.871094 
885 17 83 97.968926 29.456709 18 0 44.110708 5.771484 
886 18 86 97.953854 29.279314 19 1 44.043332 6.008789 
887 17 83 97.830981 29.140099 18 0 43.995221 5.660645 
888 18 87 98.655587 29.417903 19 1 44.435873 5.858154 
889 17 85 98.160487 29.253752 18 0 44.231359 5.603027 
890 17 85 97.930677 29.518961 18 1 44.084646 5.611816 
891 18 85 98.266416 29.370950 19 1 44.258836 5.480957 
892 17 84 97.936887 29.413024 18 0 44.123490 5.375000 
893 18 87 98.531892 29.441563 19 1 44.464763 5.518848 
894 17 85 98.334718 29.338209 18 0 44.273953 5.463867 
895 18 85 97.948195 29.311798 19 1 44.330966 5.515137 
896 17 84 97.577623 29.169879 18 1 44.267053 5.348145 
897 17 85 98.681920 29.446675 18 0 44.644731 5.457520 
898 18 85 98.431509 29.383147 18 0 44.581334 5.532715 
899 18 85 98.238720 29.489665 18 1 44.437077 5.578418 
900 18 86 98.109282 29.619859 19 1 44.376454 5.676758 
901 18 85 98.349230 29.407832 19 1 44.640339 5.734863 
902 18 85 98.017359 29.381731 19 1 44.467028 5.643555 
903 18 85 98.645717 29.354684 19 1 44.840058 5.604004 
904 18 85 98.332389 29.366721 19 1 44.662055 5.791992 
905 18 86 98.231789 29.442927 19 1 44.633329 5.915039 
906 18 87 97.571679 29.077242 19 1 44.467246 5.736328 
907 18 86 97.299664 29.321756 19 1 44.178420 5.767383 
908 18 88 98.147637 29.230191 19 1 44.744622 5.906738 
909 17 85 98.163669 29.272619 18 1 44.739603 5.839355 
910 18 88 98.027516 29.350144 19 1 44.706345 5.839355 
911 18 87 97.940002 29.097172 19 1 44.581365 5.769043 
912 18 88 97.554250 29.212516 19 1 44.572615 5.913330 
913 18 88 97.504088 28.930419 19 1 44.517118 6.027832 
914 18 88 98.318296 29.142076 19 1 44.935075 5.978027 
915 18 87 98.071154 29.145502 19 1 44.867835 5.953125 
916 18 86 97.812724 29.030767 19 1 44.556310 5.779785 
917 18 87 97.743262 29.081709 19 1 44.757265 5.805664 
918 18 88 97.222291 28.918108 19 1 44.533640 5.852539 
919 18 87 97.294946 28.931149 19 1 44.400195 5.851562 
920 18 88 97.368114 28.832540 19 1 44.509100 5.779297 
921 18 86 97.514604 28.791984 19 1 44.599471 5.962646 
922 18 88 97.501166 28.795934 19 1 44.536799 6.073730 
923 19 89 98.420004 28.808028 20 1 44.886295 5.780273 
924 18 87 97.603493 28.626328 19 1 44.474086 5.670410 
925 18 87 97.385667 28.633616 19 1 44.329193 5.822266 
926 18 88 97.664483 28.842358 19 1 44.597329 6.074219 
927 19 88 98.156729 28.746523 20 1 44.749342 5.916992 
928 19 88 98.509835 28.985717 20 1 44.761065 5.922363 
929 18 87 97.846325 28.904070 19 1 44.610991 6.001953 
930 19 89 98.246736 28.860755 20 1 44.697243 5.812012 
931 18 86 97.105862 28.822959 19 1 44.243554 5.652832 
932 18 88 97.515779 28.954833 19 1 44.366944 5.788477 
933 18 85 97.852906 28.885419 19 0 44.523862 5.657227 
934 18 84 97.112382 28.762126 19 0 44.200208 5.762695 
935 18 87 97.473266 28.843413 19 1 44.379747 6.036133 
936 19 88 98.031610 29.081265 20 1 44.589501 5.957031 
937 18 87 97.347286 28.845169 19 1 44.401350 5.871484 
938 18 86 97.399936 28.824354 19 0 44.514819 5.678711 
939 18 87 96.758175 28.804078 19 1 44.208729 5.589355 
940 19 89 97.254295 28.814614 20 1 44.317957 5.774902 
941 18 86 97.413343 28.829395 19 0 44.399028 5.770508 
942 19 87 97.832951 28.953924 20 1 44.604953 5.761963 
943 19 87 98.243907 28.870186 20 1 44.708714 5.775879 
944 19 87 97.308969 28.819443 19 1 44.342505 5.835938 
945 19 87 97.968930 28.981689 19 1 44.621099 5.812500 
946 19 88 97.963621 28.890312 20 1 44.785505 5.995996 
947 19 88 97.686143 28.861732 20 1 44.403749 5.842285 
948 18 85 96.695489 28.708789 19 1 44.076818 5.565430 
949 18 87 97.766605 28.896882 19 1 44.514536 5.562305 
950 18 86 97.693026 28.887942 19 1 44.519179 5.591309 
951 18 87 97.697740 28.886073 19 1 44.433963 5.376953 
952 18 87 97.344519 28.762680 19 1 44.395586 5.187012 
953 19 88 97.674505 28.870534 20 1 44.528703 5.226562 
954 18 85 97.605049 28.813454 19 1 44.537420 5.237793 
955 19 88 98.136345 28.903931 19 1 44.694624 5.534912 
956 18 86 97.595922 28.824086 19 1 44.452936 5.553125 
957 18 87 97.040470 28.739005 19 1 44.230027 5.638184 
958 19 89 97.973256 28.916591 20 1 44.580659 5.483887 
959 18 87 96.902920 28.694866 19 1 44.143723 5.562988 
960 19 88 97.632573 28.733890 20 1 44.631901 5.725098 
961 19 88 97.713639 28.828274 20 1 44.447578 5.831055 
962 19 89 97.828050 28.849741 20 1 44.636674 5.663644 
963 18 87 96.967473 28.636543 19 1 44.157094 5.740723 
964 19 88 97.687613 28.984020 19 1 44.605033 5.727295 
965 18 87 97.696533 28.875117 19 1 44.460974 5.630371 
966 18 87 97.248484 28.786516 19 1 44.304587 5.549805 
967 18 86 96.716887 28.876405 19 1 44.086718 5.475098 
968 18 87 97.717871 28.969460 19 1 44.495433 5.463135 
969 18 85 97.584455 28.949419 19 1 44.442601 5.274414 
970 18 86 97.500580 28.979272 19 1 44.254198 5.360352 
971 18 86 97.763617 29.051145 19 1 44.346856 5.326660 
972 18 86 97.931923 29.049516 19 1 44.516147 5.428223 
973 18 86 97.965322 28.979082 19 1 44.598923 5.476074 
974 18 84 97.498602 29.123362 19 1 44.412678 5.516357 
975 19 86 98.596177 29.143145 20 1 44.839031 5.392090 
976 18 85 97.809768 29.054399 19 1 44.612627 5.216797 
977 18 83 97.383546 28.727002 19 1 44.294406 5.288086 
978 18 84 98.116823 29.085665 19 1 44.637785 5.436035 
979 18 85 97.465218 28.964191 19 1 44.384211 5.499023 
980 18 84 97.833946 29.137626 19 1 44.492216 5.705566 
981 18 84 97.402244 29.068214 19 1 44.482411 5.536621 
982 18 85 97.735157 29.004797 19 1 44.576301 5.648535 
983 19 86 98.468521 29.078543 20 1 44.785223 5.620117 
984 19 85 97.640969 28.994579 19 1 44.334404 5.523438 
985 19 86 98.007239 29.051140 20 1 44.630277 5.399902 
986 18 84 98.007390 29.152864 19 1 44.513239 5.375977 
987 18 85 97.227314 29.127007 19 1 44.088003 5.374268 
988 18 84 97.720249 29.157751 19 1 44.368881 5.260645 
989 18 85 97.470910 29.142671 19 1 44.400134 5.236572 
990 18 84 97.626082 29.180536 19 1 44.460404 5.435059 
991 18 85 98.000666 29.108096 19 1 44.515880 5.449707 
992 19 85 97.815370 29.145984 19 1 44.335087 5.574219 
993 18 85 97.767722 29.191845 19 1 44.509486 5.327148 
994 19 86 97.202534 29.106062 20 1 44.160654 5.415527 
995 19 85 96.700380 29.166197 20 1 43.945494 5.553223 
996 19 86 97.251583 29.231091 20 1 44.245279 5.435547 
997 19 85 97.369036 29.252936 19 1 44.208764 5.407227 
998 19 85 97.495418 29.159334 20 1 44.195343 5.442627 
999 19 85 97.274027 29.416638 20 1 44.087409 5.550586 
1000 19 87 97.905111 29.192647 20 1 44.396903 5.634521 
